2024-09-05 19:15:09.115,system,INFO,Start rsu module.
2024-09-05 19:15:09.115,system,INFO,Run VehicleSocket modules process
2024-09-05 19:15:09.116,system,INFO,MY BIND IP: ('192.168.11.200', 63112)
2024-09-05 19:15:09.117,system,INFO,Run ObuSocket modules process
2024-09-05 19:15:09.117,system,INFO,Run MiddleWare Process.
2024-09-05 19:15:09.118,system,INFO,MY BIND IP: ('192.168.11.200', 63112)
2024-09-05 19:15:09.118,system,INFO,MY BIND IP: ('192.168.11.200', 63114)
2024-09-05 19:15:09.119,system,INFO,MY BIND IP: ('localhost', 28000)
2024-09-05 19:15:09.120,system,INFO,VehicleSocket::connect_remote,Connecting ('localhost', 20000)...
2024-09-05 19:15:12.122,system,INFO,MY BIND IP: ('localhost', 28000)
2024-09-05 19:15:12.132,system,INFO,VehicleSocket::connect_remote,Connecting ('localhost', 20000)...
2024-09-05 19:15:15.134,system,INFO,MY BIND IP: ('localhost', 28000)
2024-09-05 19:15:15.134,system,INFO,VehicleSocket::connect_remote,Connecting ('localhost', 20000)...
2024-09-05 19:15:18.136,system,INFO,MY BIND IP: ('localhost', 28000)
2024-09-05 19:15:18.136,system,INFO,VehicleSocket::connect_remote,Connecting ('localhost', 20000)...
2024-09-05 19:15:21.138,system,INFO,MY BIND IP: ('localhost', 28000)
2024-09-05 19:15:21.138,system,INFO,VehicleSocket::connect_remote,Connecting ('localhost', 20000)...
2024-09-05 19:15:24.140,system,INFO,MY BIND IP: ('localhost', 28000)
2024-09-05 19:15:24.141,system,INFO,VehicleSocket::connect_remote,Connecting ('localhost', 20000)...
2024-09-05 19:15:27.143,system,INFO,MY BIND IP: ('localhost', 28000)
2024-09-05 19:15:27.143,system,INFO,VehicleSocket::connect_remote,Connecting ('localhost', 20000)...
2024-09-05 19:15:27.655,system,INFO,VehicleSocket::connect_remote,Connected VehicleSocket socket.
2024-09-05 19:15:33.851,system,INFO,MY BIND IP: ('localhost', 28000)
2024-09-05 19:15:33.851,system,INFO,VehicleSocket::connect_remote,Connecting ('localhost', 20000)...
2024-09-05 19:15:36.853,system,INFO,MY BIND IP: ('localhost', 28000)
2024-09-05 19:15:36.854,system,INFO,VehicleSocket::connect_remote,Connecting ('localhost', 20000)...
2024-09-05 19:15:39.855,system,INFO,MY BIND IP: ('localhost', 28000)
2024-09-05 19:15:39.855,system,INFO,VehicleSocket::connect_remote,Connecting ('localhost', 20000)...
2024-09-05 19:15:42.858,system,INFO,MY BIND IP: ('localhost', 28000)
2024-09-05 19:15:42.858,system,INFO,VehicleSocket::connect_remote,Connecting ('localhost', 20000)...
2024-09-05 19:15:45.860,system,INFO,MY BIND IP: ('localhost', 28000)
2024-09-05 19:15:45.860,system,INFO,VehicleSocket::connect_remote,Connecting ('localhost', 20000)...
2024-09-05 19:15:48.862,system,INFO,MY BIND IP: ('localhost', 28000)
2024-09-05 19:15:48.862,system,INFO,VehicleSocket::connect_remote,Connecting ('localhost', 20000)...
2024-09-05 19:15:51.864,system,INFO,MY BIND IP: ('localhost', 28000)
2024-09-05 19:15:51.864,system,INFO,VehicleSocket::connect_remote,Connecting ('localhost', 20000)...
2024-09-05 19:15:54.867,system,INFO,MY BIND IP: ('localhost', 28000)
2024-09-05 19:15:54.867,system,INFO,VehicleSocket::connect_remote,Connecting ('localhost', 20000)...
2024-09-05 19:15:57.868,system,INFO,MY BIND IP: ('localhost', 28000)
2024-09-05 19:15:57.868,system,INFO,VehicleSocket::connect_remote,Connecting ('localhost', 20000)...
2024-09-05 19:16:00.870,system,INFO,MY BIND IP: ('localhost', 28000)
2024-09-05 19:16:00.870,system,INFO,VehicleSocket::connect_remote,Connecting ('localhost', 20000)...
2024-09-05 19:16:01.882,system,INFO,VehicleSocket::connect_remote,Connected VehicleSocket socket.
2024-09-05 19:16:04.043,system,INFO,MY BIND IP: ('localhost', 28000)
2024-09-05 19:16:04.043,system,INFO,VehicleSocket::connect_remote,Connecting ('localhost', 20000)...
2024-09-05 19:16:07.045,system,INFO,MY BIND IP: ('localhost', 28000)
2024-09-05 19:16:07.045,system,INFO,VehicleSocket::connect_remote,Connecting ('localhost', 20000)...
2024-09-05 19:16:10.047,system,INFO,MY BIND IP: ('localhost', 28000)
2024-09-05 19:16:10.047,system,INFO,VehicleSocket::connect_remote,Connecting ('localhost', 20000)...
2024-09-05 19:16:13.049,system,INFO,MY BIND IP: ('localhost', 28000)
2024-09-05 19:16:13.049,system,INFO,VehicleSocket::connect_remote,Connecting ('localhost', 20000)...
2024-09-05 19:16:16.050,system,INFO,MY BIND IP: ('localhost', 28000)
2024-09-05 19:16:16.050,system,INFO,VehicleSocket::connect_remote,Connecting ('localhost', 20000)...
2024-09-05 19:16:19.053,system,INFO,MY BIND IP: ('localhost', 28000)
2024-09-05 19:16:19.053,system,INFO,VehicleSocket::connect_remote,Connecting ('localhost', 20000)...
2024-09-05 19:16:22.055,system,INFO,MY BIND IP: ('localhost', 28000)
2024-09-05 19:16:22.055,system,INFO,VehicleSocket::connect_remote,Connecting ('localhost', 20000)...
2024-09-05 19:16:25.057,system,INFO,MY BIND IP: ('localhost', 28000)
2024-09-05 19:16:25.057,system,INFO,VehicleSocket::connect_remote,Connecting ('localhost', 20000)...
2024-09-05 19:16:28.059,system,INFO,MY BIND IP: ('localhost', 28000)
2024-09-05 19:16:28.060,system,INFO,VehicleSocket::connect_remote,Connecting ('localhost', 20000)...
2024-09-05 19:16:31.062,system,INFO,MY BIND IP: ('localhost', 28000)
2024-09-05 19:16:31.062,system,INFO,VehicleSocket::connect_remote,Connecting ('localhost', 20000)...
2024-09-05 19:16:34.064,system,INFO,MY BIND IP: ('localhost', 28000)
2024-09-05 19:16:34.064,system,INFO,VehicleSocket::connect_remote,Connecting ('localhost', 20000)...
2024-09-05 19:16:37.066,system,INFO,MY BIND IP: ('localhost', 28000)
2024-09-05 19:16:37.066,system,INFO,VehicleSocket::connect_remote,Connecting ('localhost', 20000)...
2024-09-05 19:16:40.068,system,INFO,MY BIND IP: ('localhost', 28000)
2024-09-05 19:16:40.068,system,INFO,VehicleSocket::connect_remote,Connecting ('localhost', 20000)...
2024-09-05 19:16:43.071,system,INFO,MY BIND IP: ('localhost', 28000)
2024-09-05 19:16:43.072,system,INFO,VehicleSocket::connect_remote,Connecting ('localhost', 20000)...
2024-09-05 19:16:46.073,system,INFO,MY BIND IP: ('localhost', 28000)
2024-09-05 19:16:46.074,system,INFO,VehicleSocket::connect_remote,Connecting ('localhost', 20000)...
2024-09-05 19:16:49.076,system,INFO,MY BIND IP: ('localhost', 28000)
2024-09-05 19:16:49.076,system,INFO,VehicleSocket::connect_remote,Connecting ('localhost', 20000)...
2024-09-05 19:16:52.078,system,INFO,MY BIND IP: ('localhost', 28000)
2024-09-05 19:16:52.079,system,INFO,VehicleSocket::connect_remote,Connecting ('localhost', 20000)...
2024-09-05 19:16:55.081,system,INFO,MY BIND IP: ('localhost', 28000)
2024-09-05 19:16:55.082,system,INFO,VehicleSocket::connect_remote,Connecting ('localhost', 20000)...
2024-09-05 19:16:58.084,system,INFO,MY BIND IP: ('localhost', 28000)
2024-09-05 19:16:58.084,system,INFO,VehicleSocket::connect_remote,Connecting ('localhost', 20000)...
2024-09-05 19:17:01.086,system,INFO,MY BIND IP: ('localhost', 28000)
2024-09-05 19:17:01.086,system,INFO,VehicleSocket::connect_remote,Connecting ('localhost', 20000)...
2024-09-05 19:17:04.089,system,INFO,MY BIND IP: ('localhost', 28000)
2024-09-05 19:17:04.090,system,INFO,VehicleSocket::connect_remote,Connecting ('localhost', 20000)...
2024-09-05 19:17:07.091,system,INFO,MY BIND IP: ('localhost', 28000)
2024-09-05 19:17:07.091,system,INFO,VehicleSocket::connect_remote,Connecting ('localhost', 20000)...
2024-09-05 19:17:10.094,system,INFO,MY BIND IP: ('localhost', 28000)
2024-09-05 19:17:10.094,system,INFO,VehicleSocket::connect_remote,Connecting ('localhost', 20000)...
2024-09-05 19:17:13.096,system,INFO,MY BIND IP: ('localhost', 28000)
2024-09-05 19:17:13.096,system,INFO,VehicleSocket::connect_remote,Connecting ('localhost', 20000)...
2024-09-05 19:17:16.098,system,INFO,MY BIND IP: ('localhost', 28000)
2024-09-05 19:17:16.098,system,INFO,VehicleSocket::connect_remote,Connecting ('localhost', 20000)...
2024-09-05 19:17:19.100,system,INFO,MY BIND IP: ('localhost', 28000)
2024-09-05 19:17:19.100,system,INFO,VehicleSocket::connect_remote,Connecting ('localhost', 20000)...
2024-09-05 19:17:22.102,system,INFO,MY BIND IP: ('localhost', 28000)
2024-09-05 19:17:22.102,system,INFO,VehicleSocket::connect_remote,Connecting ('localhost', 20000)...
2024-09-05 19:17:25.105,system,INFO,MY BIND IP: ('localhost', 28000)
2024-09-05 19:17:25.106,system,INFO,VehicleSocket::connect_remote,Connecting ('localhost', 20000)...
2024-09-05 19:17:28.107,system,INFO,MY BIND IP: ('localhost', 28000)
2024-09-05 19:17:28.107,system,INFO,VehicleSocket::connect_remote,Connecting ('localhost', 20000)...
2024-09-05 19:17:31.109,system,INFO,MY BIND IP: ('localhost', 28000)
2024-09-05 19:17:31.110,system,INFO,VehicleSocket::connect_remote,Connecting ('localhost', 20000)...
2024-09-05 19:17:34.111,system,INFO,MY BIND IP: ('localhost', 28000)
2024-09-05 19:17:34.111,system,INFO,VehicleSocket::connect_remote,Connecting ('localhost', 20000)...
2024-09-05 19:17:37.113,system,INFO,MY BIND IP: ('localhost', 28000)
2024-09-05 19:17:37.113,system,INFO,VehicleSocket::connect_remote,Connecting ('localhost', 20000)...
2024-09-05 19:17:40.116,system,INFO,MY BIND IP: ('localhost', 28000)
2024-09-05 19:17:40.116,system,INFO,VehicleSocket::connect_remote,Connecting ('localhost', 20000)...
2024-09-05 19:17:43.118,system,INFO,MY BIND IP: ('localhost', 28000)
2024-09-05 19:17:43.119,system,INFO,VehicleSocket::connect_remote,Connecting ('localhost', 20000)...
2024-09-05 19:17:46.122,system,INFO,MY BIND IP: ('localhost', 28000)
2024-09-05 19:17:46.123,system,INFO,VehicleSocket::connect_remote,Connecting ('localhost', 20000)...
2024-09-05 19:17:49.125,system,INFO,MY BIND IP: ('localhost', 28000)
2024-09-05 19:17:49.126,system,INFO,VehicleSocket::connect_remote,Connecting ('localhost', 20000)...
2024-09-05 19:17:52.127,system,INFO,MY BIND IP: ('localhost', 28000)
2024-09-05 19:17:52.127,system,INFO,VehicleSocket::connect_remote,Connecting ('localhost', 20000)...
2024-09-05 19:17:55.129,system,INFO,MY BIND IP: ('localhost', 28000)
2024-09-05 19:17:55.129,system,INFO,VehicleSocket::connect_remote,Connecting ('localhost', 20000)...
2024-09-05 19:17:58.131,system,INFO,MY BIND IP: ('localhost', 28000)
2024-09-05 19:17:58.131,system,INFO,VehicleSocket::connect_remote,Connecting ('localhost', 20000)...
2024-09-05 19:18:01.134,system,INFO,MY BIND IP: ('localhost', 28000)
2024-09-05 19:18:01.134,system,INFO,VehicleSocket::connect_remote,Connecting ('localhost', 20000)...
2024-09-05 19:18:04.136,system,INFO,MY BIND IP: ('localhost', 28000)
2024-09-05 19:18:04.136,system,INFO,VehicleSocket::connect_remote,Connecting ('localhost', 20000)...
2024-09-05 19:18:07.138,system,INFO,MY BIND IP: ('localhost', 28000)
2024-09-05 19:18:07.138,system,INFO,VehicleSocket::connect_remote,Connecting ('localhost', 20000)...
2024-09-05 19:18:10.141,system,INFO,MY BIND IP: ('localhost', 28000)
2024-09-05 19:18:10.141,system,INFO,VehicleSocket::connect_remote,Connecting ('localhost', 20000)...
2024-09-05 19:18:13.142,system,INFO,MY BIND IP: ('localhost', 28000)
2024-09-05 19:18:13.142,system,INFO,VehicleSocket::connect_remote,Connecting ('localhost', 20000)...
2024-09-05 19:18:16.144,system,INFO,MY BIND IP: ('localhost', 28000)
2024-09-05 19:18:16.144,system,INFO,VehicleSocket::connect_remote,Connecting ('localhost', 20000)...
2024-09-05 19:18:19.146,system,INFO,MY BIND IP: ('localhost', 28000)
2024-09-05 19:18:19.146,system,INFO,VehicleSocket::connect_remote,Connecting ('localhost', 20000)...
2024-09-05 19:18:22.149,system,INFO,MY BIND IP: ('localhost', 28000)
2024-09-05 19:18:22.149,system,INFO,VehicleSocket::connect_remote,Connecting ('localhost', 20000)...
2024-09-05 19:18:25.152,system,INFO,MY BIND IP: ('localhost', 28000)
2024-09-05 19:18:25.153,system,INFO,VehicleSocket::connect_remote,Connecting ('localhost', 20000)...
2024-09-05 19:18:28.154,system,INFO,MY BIND IP: ('localhost', 28000)
2024-09-05 19:18:28.154,system,INFO,VehicleSocket::connect_remote,Connecting ('localhost', 20000)...
2024-09-05 19:18:31.156,system,INFO,MY BIND IP: ('localhost', 28000)
2024-09-05 19:18:31.156,system,INFO,VehicleSocket::connect_remote,Connecting ('localhost', 20000)...
2024-09-05 19:18:31.167,system,INFO,VehicleSocket::connect_remote,Connected VehicleSocket socket.
2024-09-05 19:19:03.888,system,INFO,MY BIND IP: ('localhost', 28000)
2024-09-05 19:19:03.888,system,INFO,VehicleSocket::connect_remote,Connecting ('localhost', 20000)...
2024-09-05 19:19:06.890,system,INFO,MY BIND IP: ('localhost', 28000)
2024-09-05 19:19:06.891,system,INFO,VehicleSocket::connect_remote,Connecting ('localhost', 20000)...
2024-09-05 19:19:09.893,system,INFO,MY BIND IP: ('localhost', 28000)
2024-09-05 19:19:09.893,system,INFO,VehicleSocket::connect_remote,Connecting ('localhost', 20000)...
2024-09-05 19:19:12.896,system,INFO,MY BIND IP: ('localhost', 28000)
2024-09-05 19:19:12.896,system,INFO,VehicleSocket::connect_remote,Connecting ('localhost', 20000)...
2024-09-05 19:19:15.898,system,INFO,MY BIND IP: ('localhost', 28000)
2024-09-05 19:19:15.898,system,INFO,VehicleSocket::connect_remote,Connecting ('localhost', 20000)...
2024-09-05 19:19:18.900,system,INFO,MY BIND IP: ('localhost', 28000)
2024-09-05 19:19:18.900,system,INFO,VehicleSocket::connect_remote,Connecting ('localhost', 20000)...
2024-09-05 19:19:21.902,system,INFO,MY BIND IP: ('localhost', 28000)
2024-09-05 19:19:21.902,system,INFO,VehicleSocket::connect_remote,Connecting ('localhost', 20000)...
2024-09-05 19:19:24.904,system,INFO,MY BIND IP: ('localhost', 28000)
2024-09-05 19:19:24.904,system,INFO,VehicleSocket::connect_remote,Connecting ('localhost', 20000)...
2024-09-05 19:19:27.906,system,INFO,MY BIND IP: ('localhost', 28000)
2024-09-05 19:19:27.906,system,INFO,VehicleSocket::connect_remote,Connecting ('localhost', 20000)...
2024-09-05 19:19:30.908,system,INFO,MY BIND IP: ('localhost', 28000)
2024-09-05 19:19:30.909,system,INFO,VehicleSocket::connect_remote,Connecting ('localhost', 20000)...
2024-09-05 19:19:33.911,system,INFO,MY BIND IP: ('localhost', 28000)
2024-09-05 19:19:33.911,system,INFO,VehicleSocket::connect_remote,Connecting ('localhost', 20000)...
2024-09-05 19:19:36.913,system,INFO,MY BIND IP: ('localhost', 28000)
2024-09-05 19:19:36.913,system,INFO,VehicleSocket::connect_remote,Connecting ('localhost', 20000)...
2024-09-05 19:19:39.915,system,INFO,MY BIND IP: ('localhost', 28000)
2024-09-05 19:19:39.916,system,INFO,VehicleSocket::connect_remote,Connecting ('localhost', 20000)...
2024-09-05 19:19:42.917,system,INFO,MY BIND IP: ('localhost', 28000)
2024-09-05 19:19:42.917,system,INFO,VehicleSocket::connect_remote,Connecting ('localhost', 20000)...
2024-09-05 19:19:45.920,system,INFO,MY BIND IP: ('localhost', 28000)
2024-09-05 19:19:45.920,system,INFO,VehicleSocket::connect_remote,Connecting ('localhost', 20000)...
2024-09-05 19:19:48.922,system,INFO,MY BIND IP: ('localhost', 28000)
2024-09-05 19:19:48.922,system,INFO,VehicleSocket::connect_remote,Connecting ('localhost', 20000)...
2024-09-05 19:19:51.925,system,INFO,MY BIND IP: ('localhost', 28000)
2024-09-05 19:19:51.925,system,INFO,VehicleSocket::connect_remote,Connecting ('localhost', 20000)...
2024-09-05 19:19:54.927,system,INFO,MY BIND IP: ('localhost', 28000)
2024-09-05 19:19:54.927,system,INFO,VehicleSocket::connect_remote,Connecting ('localhost', 20000)...
2024-09-05 19:19:57.930,system,INFO,MY BIND IP: ('localhost', 28000)
2024-09-05 19:19:57.930,system,INFO,VehicleSocket::connect_remote,Connecting ('localhost', 20000)...
2024-09-05 19:20:00.933,system,INFO,MY BIND IP: ('localhost', 28000)
2024-09-05 19:20:00.934,system,INFO,VehicleSocket::connect_remote,Connecting ('localhost', 20000)...
2024-09-05 19:20:03.936,system,INFO,MY BIND IP: ('localhost', 28000)
2024-09-05 19:20:03.937,system,INFO,VehicleSocket::connect_remote,Connecting ('localhost', 20000)...
2024-09-05 19:20:06.943,system,INFO,MY BIND IP: ('localhost', 28000)
2024-09-05 19:20:06.943,system,INFO,VehicleSocket::connect_remote,Connecting ('localhost', 20000)...
2024-09-05 19:20:09.945,system,INFO,MY BIND IP: ('localhost', 28000)
2024-09-05 19:20:09.945,system,INFO,VehicleSocket::connect_remote,Connecting ('localhost', 20000)...
2024-09-05 19:20:12.948,system,INFO,MY BIND IP: ('localhost', 28000)
2024-09-05 19:20:12.948,system,INFO,VehicleSocket::connect_remote,Connecting ('localhost', 20000)...
2024-09-05 19:20:15.950,system,INFO,MY BIND IP: ('localhost', 28000)
2024-09-05 19:20:15.950,system,INFO,VehicleSocket::connect_remote,Connecting ('localhost', 20000)...
2024-09-05 19:20:18.952,system,INFO,MY BIND IP: ('localhost', 28000)
2024-09-05 19:20:18.952,system,INFO,VehicleSocket::connect_remote,Connecting ('localhost', 20000)...
2024-09-05 19:20:21.954,system,INFO,MY BIND IP: ('localhost', 28000)
2024-09-05 19:20:21.954,system,INFO,VehicleSocket::connect_remote,Connecting ('localhost', 20000)...
2024-09-05 19:20:24.956,system,INFO,MY BIND IP: ('localhost', 28000)
2024-09-05 19:20:24.956,system,INFO,VehicleSocket::connect_remote,Connecting ('localhost', 20000)...
2024-09-05 19:20:24.968,system,INFO,VehicleSocket::connect_remote,Connected VehicleSocket socket.
2024-09-05 19:20:31.366,system,INFO,MY BIND IP: ('localhost', 28000)
2024-09-05 19:20:31.366,system,INFO,VehicleSocket::connect_remote,Connecting ('localhost', 20000)...
2024-09-05 19:20:34.368,system,INFO,MY BIND IP: ('localhost', 28000)
2024-09-05 19:20:34.368,system,INFO,VehicleSocket::connect_remote,Connecting ('localhost', 20000)...
2024-09-05 19:20:37.370,system,INFO,MY BIND IP: ('localhost', 28000)
2024-09-05 19:20:37.371,system,INFO,VehicleSocket::connect_remote,Connecting ('localhost', 20000)...
2024-09-05 19:20:40.372,system,INFO,MY BIND IP: ('localhost', 28000)
2024-09-05 19:20:40.372,system,INFO,VehicleSocket::connect_remote,Connecting ('localhost', 20000)...
2024-09-05 19:20:43.374,system,INFO,MY BIND IP: ('localhost', 28000)
2024-09-05 19:20:43.374,system,INFO,VehicleSocket::connect_remote,Connecting ('localhost', 20000)...
2024-09-05 19:20:46.375,system,INFO,MY BIND IP: ('localhost', 28000)
2024-09-05 19:20:46.376,system,INFO,VehicleSocket::connect_remote,Connecting ('localhost', 20000)...
2024-09-05 19:20:49.377,system,INFO,MY BIND IP: ('localhost', 28000)
2024-09-05 19:20:49.377,system,INFO,VehicleSocket::connect_remote,Connecting ('localhost', 20000)...
2024-09-05 19:20:52.379,system,INFO,MY BIND IP: ('localhost', 28000)
2024-09-05 19:20:52.379,system,INFO,VehicleSocket::connect_remote,Connecting ('localhost', 20000)...
2024-09-05 19:20:55.381,system,INFO,MY BIND IP: ('localhost', 28000)
2024-09-05 19:20:55.381,system,INFO,VehicleSocket::connect_remote,Connecting ('localhost', 20000)...
2024-09-05 19:20:58.383,system,INFO,MY BIND IP: ('localhost', 28000)
2024-09-05 19:20:58.384,system,INFO,VehicleSocket::connect_remote,Connecting ('localhost', 20000)...
2024-09-05 19:21:01.386,system,INFO,MY BIND IP: ('localhost', 28000)
2024-09-05 19:21:01.386,system,INFO,VehicleSocket::connect_remote,Connecting ('localhost', 20000)...
2024-09-05 19:21:04.389,system,INFO,MY BIND IP: ('localhost', 28000)
2024-09-05 19:21:04.389,system,INFO,VehicleSocket::connect_remote,Connecting ('localhost', 20000)...
2024-09-05 19:21:07.392,system,INFO,MY BIND IP: ('localhost', 28000)
2024-09-05 19:21:07.393,system,INFO,VehicleSocket::connect_remote,Connecting ('localhost', 20000)...
2024-09-05 19:21:10.395,system,INFO,MY BIND IP: ('localhost', 28000)
2024-09-05 19:21:10.395,system,INFO,VehicleSocket::connect_remote,Connecting ('localhost', 20000)...
2024-09-05 19:21:13.397,system,INFO,MY BIND IP: ('localhost', 28000)
2024-09-05 19:21:13.397,system,INFO,VehicleSocket::connect_remote,Connecting ('localhost', 20000)...
2024-09-05 19:21:16.400,system,INFO,MY BIND IP: ('localhost', 28000)
2024-09-05 19:21:16.401,system,INFO,VehicleSocket::connect_remote,Connecting ('localhost', 20000)...
2024-09-05 19:21:19.401,system,INFO,MY BIND IP: ('localhost', 28000)
2024-09-05 19:21:19.401,system,INFO,VehicleSocket::connect_remote,Connecting ('localhost', 20000)...
2024-09-05 19:21:19.413,system,INFO,VehicleSocket::connect_remote,Connected VehicleSocket socket.
2024-09-05 19:25:16.519,system,INFO,MY BIND IP: ('localhost', 28000)
2024-09-05 19:25:16.519,system,INFO,VehicleSocket::connect_remote,Connecting ('localhost', 20000)...
2024-09-05 19:25:19.521,system,INFO,MY BIND IP: ('localhost', 28000)
2024-09-05 19:25:19.521,system,INFO,VehicleSocket::connect_remote,Connecting ('localhost', 20000)...
2024-09-05 19:25:22.524,system,INFO,MY BIND IP: ('localhost', 28000)
2024-09-05 19:25:22.524,system,INFO,VehicleSocket::connect_remote,Connecting ('localhost', 20000)...
2024-09-05 19:25:25.526,system,INFO,MY BIND IP: ('localhost', 28000)
2024-09-05 19:25:25.526,system,INFO,VehicleSocket::connect_remote,Connecting ('localhost', 20000)...
2024-09-05 19:25:28.528,system,INFO,MY BIND IP: ('localhost', 28000)
2024-09-05 19:25:28.528,system,INFO,VehicleSocket::connect_remote,Connecting ('localhost', 20000)...
2024-09-05 19:25:31.530,system,INFO,MY BIND IP: ('localhost', 28000)
2024-09-05 19:25:31.530,system,INFO,VehicleSocket::connect_remote,Connecting ('localhost', 20000)...
2024-09-05 19:25:34.533,system,INFO,MY BIND IP: ('localhost', 28000)
2024-09-05 19:25:34.534,system,INFO,VehicleSocket::connect_remote,Connecting ('localhost', 20000)...
2024-09-05 19:25:37.559,system,INFO,MY BIND IP: ('localhost', 28000)
2024-09-05 19:25:37.559,system,INFO,VehicleSocket::connect_remote,Connecting ('localhost', 20000)...
2024-09-05 19:25:40.561,system,INFO,MY BIND IP: ('localhost', 28000)
2024-09-05 19:25:40.561,system,INFO,VehicleSocket::connect_remote,Connecting ('localhost', 20000)...
2024-09-05 19:25:43.563,system,INFO,MY BIND IP: ('localhost', 28000)
2024-09-05 19:25:43.563,system,INFO,VehicleSocket::connect_remote,Connecting ('localhost', 20000)...
2024-09-05 19:25:46.565,system,INFO,MY BIND IP: ('localhost', 28000)
2024-09-05 19:25:46.565,system,INFO,VehicleSocket::connect_remote,Connecting ('localhost', 20000)...
2024-09-05 19:25:49.568,system,INFO,MY BIND IP: ('localhost', 28000)
2024-09-05 19:25:49.568,system,INFO,VehicleSocket::connect_remote,Connecting ('localhost', 20000)...
2024-09-05 19:25:52.580,system,INFO,MY BIND IP: ('localhost', 28000)
2024-09-05 19:25:52.580,system,INFO,VehicleSocket::connect_remote,Connecting ('localhost', 20000)...
2024-09-05 19:25:55.582,system,INFO,MY BIND IP: ('localhost', 28000)
2024-09-05 19:25:55.582,system,INFO,VehicleSocket::connect_remote,Connecting ('localhost', 20000)...
2024-09-05 19:25:58.584,system,INFO,MY BIND IP: ('localhost', 28000)
2024-09-05 19:25:58.584,system,INFO,VehicleSocket::connect_remote,Connecting ('localhost', 20000)...
2024-09-05 19:26:01.586,system,INFO,MY BIND IP: ('localhost', 28000)
2024-09-05 19:26:01.586,system,INFO,VehicleSocket::connect_remote,Connecting ('localhost', 20000)...
2024-09-05 19:26:04.588,system,INFO,MY BIND IP: ('localhost', 28000)
2024-09-05 19:26:04.589,system,INFO,VehicleSocket::connect_remote,Connecting ('localhost', 20000)...
2024-09-05 19:26:07.591,system,INFO,MY BIND IP: ('localhost', 28000)
2024-09-05 19:26:07.591,system,INFO,VehicleSocket::connect_remote,Connecting ('localhost', 20000)...
2024-09-05 19:26:10.592,system,INFO,MY BIND IP: ('localhost', 28000)
2024-09-05 19:26:10.592,system,INFO,VehicleSocket::connect_remote,Connecting ('localhost', 20000)...
2024-09-05 19:26:13.595,system,INFO,MY BIND IP: ('localhost', 28000)
2024-09-05 19:26:13.595,system,INFO,VehicleSocket::connect_remote,Connecting ('localhost', 20000)...
2024-09-05 19:26:16.597,system,INFO,MY BIND IP: ('localhost', 28000)
2024-09-05 19:26:16.597,system,INFO,VehicleSocket::connect_remote,Connecting ('localhost', 20000)...
2024-09-05 19:26:19.600,system,INFO,MY BIND IP: ('localhost', 28000)
2024-09-05 19:26:19.600,system,INFO,VehicleSocket::connect_remote,Connecting ('localhost', 20000)...
2024-09-05 19:26:22.602,system,INFO,MY BIND IP: ('localhost', 28000)
2024-09-05 19:26:22.602,system,INFO,VehicleSocket::connect_remote,Connecting ('localhost', 20000)...
2024-09-05 19:26:25.604,system,INFO,MY BIND IP: ('localhost', 28000)
2024-09-05 19:26:25.604,system,INFO,VehicleSocket::connect_remote,Connecting ('localhost', 20000)...
2024-09-05 19:26:28.607,system,INFO,MY BIND IP: ('localhost', 28000)
2024-09-05 19:26:28.607,system,INFO,VehicleSocket::connect_remote,Connecting ('localhost', 20000)...
2024-09-05 19:26:31.610,system,INFO,MY BIND IP: ('localhost', 28000)
2024-09-05 19:26:31.610,system,INFO,VehicleSocket::connect_remote,Connecting ('localhost', 20000)...
