2024-10-15 11:08:00.877,system,INFO,Start rsu module.
2024-10-15 11:08:00.877,system,INFO,Run VehicleSocket modules process
2024-10-15 11:08:00.879,system,INFO,MY BIND IP: ('192.168.11.200', 63112)
2024-10-15 11:08:00.880,system,INFO,Run ObuSocket modules process
2024-10-15 11:08:00.880,system,INFO,Run MiddleWare Process.
2024-10-15 11:08:00.881,system,INFO,MY BIND IP: ('192.168.11.200', 63112)
2024-10-15 11:08:00.881,system,INFO,MY BIND IP: ('192.168.11.200', 63114)
2024-10-15 11:08:00.882,system,INFO,MY BIND IP: ('localhost', 28000)
2024-10-15 11:08:00.883,system,INFO,VehicleSocket::connect_remote,Connecting ('localhost', 20000)...
2024-10-15 11:08:00.884,system,INFO,VehicleSocket::connect_remote,Connected VehicleSocket socket.
2024-10-15 11:26:18.790,system,INFO,MY BIND IP: ('localhost', 28000)
2024-10-15 11:26:18.790,system,INFO,VehicleSocket::connect_remote,Connecting ('localhost', 20000)...
2024-10-15 11:26:21.793,system,INFO,MY BIND IP: ('localhost', 28000)
2024-10-15 11:26:21.793,system,INFO,VehicleSocket::connect_remote,Connecting ('localhost', 20000)...
2024-10-15 11:26:24.794,system,INFO,MY BIND IP: ('localhost', 28000)
2024-10-15 11:26:24.795,system,INFO,VehicleSocket::connect_remote,Connecting ('localhost', 20000)...
2024-10-15 11:26:27.798,system,INFO,MY BIND IP: ('localhost', 28000)
2024-10-15 11:26:27.799,system,INFO,VehicleSocket::connect_remote,Connecting ('localhost', 20000)...
2024-10-15 11:26:30.801,system,INFO,MY BIND IP: ('localhost', 28000)
2024-10-15 11:26:30.802,system,INFO,VehicleSocket::connect_remote,Connecting ('localhost', 20000)...
2024-10-15 11:26:33.805,system,INFO,MY BIND IP: ('localhost', 28000)
2024-10-15 11:26:33.806,system,INFO,VehicleSocket::connect_remote,Connecting ('localhost', 20000)...
2024-10-15 11:26:36.809,system,INFO,MY BIND IP: ('localhost', 28000)
2024-10-15 11:26:36.810,system,INFO,VehicleSocket::connect_remote,Connecting ('localhost', 20000)...
2024-10-15 11:26:39.812,system,INFO,MY BIND IP: ('localhost', 28000)
2024-10-15 11:26:39.813,system,INFO,VehicleSocket::connect_remote,Connecting ('localhost', 20000)...
2024-10-15 11:26:42.815,system,INFO,MY BIND IP: ('localhost', 28000)
2024-10-15 11:26:42.816,system,INFO,VehicleSocket::connect_remote,Connecting ('localhost', 20000)...
2024-10-15 11:26:42.827,system,INFO,VehicleSocket::connect_remote,Connected VehicleSocket socket.
