2024-10-16 09:35:43.840,system,INFO,Start rsu module.
2024-10-16 09:35:43.840,system,INFO,Run VehicleSocket modules process
2024-10-16 09:35:43.842,system,INFO,MY BIND IP: ('192.168.11.200', 63112)
2024-10-16 09:35:43.843,system,INFO,Run ObuSocket modules process
2024-10-16 09:35:43.843,system,INFO,Run MiddleWare Process.
2024-10-16 09:35:43.844,system,INFO,MY BIND IP: ('192.168.11.200', 63112)
2024-10-16 09:35:43.844,system,INFO,MY BIND IP: ('192.168.11.200', 63114)
2024-10-16 09:35:43.845,system,INFO,MY BIND IP: ('localhost', 28000)
2024-10-16 09:35:43.846,system,INFO,VehicleSocket::connect_remote,Connecting ('localhost', 20000)...
2024-10-16 09:35:43.847,system,INFO,VehicleSocket::connect_remote,Connected VehicleSocket socket.
2024-10-16 09:56:53.432,system,INFO,MY BIND IP: ('localhost', 28000)
2024-10-16 09:56:53.432,system,INFO,VehicleSocket::connect_remote,Connecting ('localhost', 20000)...
2024-10-16 09:56:56.435,system,INFO,MY BIND IP: ('localhost', 28000)
2024-10-16 09:56:56.436,system,INFO,VehicleSocket::connect_remote,Connecting ('localhost', 20000)...
2024-10-16 09:56:59.438,system,INFO,MY BIND IP: ('localhost', 28000)
2024-10-16 09:56:59.439,system,INFO,VehicleSocket::connect_remote,Connecting ('localhost', 20000)...
2024-10-16 09:57:02.440,system,INFO,MY BIND IP: ('localhost', 28000)
2024-10-16 09:57:02.441,system,INFO,VehicleSocket::connect_remote,Connecting ('localhost', 20000)...
2024-10-16 09:57:05.443,system,INFO,MY BIND IP: ('localhost', 28000)
2024-10-16 09:57:05.444,system,INFO,VehicleSocket::connect_remote,Connecting ('localhost', 20000)...
2024-10-16 09:57:08.447,system,INFO,MY BIND IP: ('localhost', 28000)
2024-10-16 09:57:08.448,system,INFO,VehicleSocket::connect_remote,Connecting ('localhost', 20000)...
2024-10-16 09:57:11.449,system,INFO,MY BIND IP: ('localhost', 28000)
2024-10-16 09:57:11.451,system,INFO,VehicleSocket::connect_remote,Connecting ('localhost', 20000)...
2024-10-16 09:57:14.454,system,INFO,MY BIND IP: ('localhost', 28000)
2024-10-16 09:57:14.455,system,INFO,VehicleSocket::connect_remote,Connecting ('localhost', 20000)...
2024-10-16 09:57:17.457,system,INFO,MY BIND IP: ('localhost', 28000)
2024-10-16 09:57:17.458,system,INFO,VehicleSocket::connect_remote,Connecting ('localhost', 20000)...
2024-10-16 09:57:20.458,system,INFO,MY BIND IP: ('localhost', 28000)
2024-10-16 09:57:20.459,system,INFO,VehicleSocket::connect_remote,Connecting ('localhost', 20000)...
2024-10-16 09:57:23.463,system,INFO,MY BIND IP: ('localhost', 28000)
2024-10-16 09:57:23.464,system,INFO,VehicleSocket::connect_remote,Connecting ('localhost', 20000)...
2024-10-16 09:57:26.466,system,INFO,MY BIND IP: ('localhost', 28000)
2024-10-16 09:57:26.467,system,INFO,VehicleSocket::connect_remote,Connecting ('localhost', 20000)...
2024-10-16 09:57:29.469,system,INFO,MY BIND IP: ('localhost', 28000)
2024-10-16 09:57:29.470,system,INFO,VehicleSocket::connect_remote,Connecting ('localhost', 20000)...
2024-10-16 09:57:32.473,system,INFO,MY BIND IP: ('localhost', 28000)
2024-10-16 09:57:32.474,system,INFO,VehicleSocket::connect_remote,Connecting ('localhost', 20000)...
2024-10-16 09:57:35.476,system,INFO,MY BIND IP: ('localhost', 28000)
2024-10-16 09:57:35.477,system,INFO,VehicleSocket::connect_remote,Connecting ('localhost', 20000)...
2024-10-16 09:57:38.479,system,INFO,MY BIND IP: ('localhost', 28000)
2024-10-16 09:57:38.483,system,INFO,VehicleSocket::connect_remote,Connecting ('localhost', 20000)...
2024-10-16 09:57:41.485,system,INFO,MY BIND IP: ('localhost', 28000)
2024-10-16 09:57:41.486,system,INFO,VehicleSocket::connect_remote,Connecting ('localhost', 20000)...
2024-10-16 09:57:44.489,system,INFO,MY BIND IP: ('localhost', 28000)
2024-10-16 09:57:44.490,system,INFO,VehicleSocket::connect_remote,Connecting ('localhost', 20000)...
2024-10-16 09:57:47.492,system,INFO,MY BIND IP: ('localhost', 28000)
2024-10-16 09:57:47.493,system,INFO,VehicleSocket::connect_remote,Connecting ('localhost', 20000)...
2024-10-16 09:57:50.495,system,INFO,MY BIND IP: ('localhost', 28000)
2024-10-16 09:57:50.496,system,INFO,VehicleSocket::connect_remote,Connecting ('localhost', 20000)...
2024-10-16 09:57:53.498,system,INFO,MY BIND IP: ('localhost', 28000)
2024-10-16 09:57:53.499,system,INFO,VehicleSocket::connect_remote,Connecting ('localhost', 20000)...
2024-10-16 09:57:56.501,system,INFO,MY BIND IP: ('localhost', 28000)
2024-10-16 09:57:56.502,system,INFO,VehicleSocket::connect_remote,Connecting ('localhost', 20000)...
2024-10-16 09:57:59.504,system,INFO,MY BIND IP: ('localhost', 28000)
2024-10-16 09:57:59.505,system,INFO,VehicleSocket::connect_remote,Connecting ('localhost', 20000)...
2024-10-16 09:58:02.529,system,INFO,MY BIND IP: ('localhost', 28000)
2024-10-16 09:58:02.530,system,INFO,VehicleSocket::connect_remote,Connecting ('localhost', 20000)...
2024-10-16 09:58:05.533,system,INFO,MY BIND IP: ('localhost', 28000)
2024-10-16 09:58:05.534,system,INFO,VehicleSocket::connect_remote,Connecting ('localhost', 20000)...
2024-10-16 09:58:08.535,system,INFO,MY BIND IP: ('localhost', 28000)
2024-10-16 09:58:08.536,system,INFO,VehicleSocket::connect_remote,Connecting ('localhost', 20000)...
2024-10-16 09:58:11.538,system,INFO,MY BIND IP: ('localhost', 28000)
2024-10-16 09:58:11.539,system,INFO,VehicleSocket::connect_remote,Connecting ('localhost', 20000)...
2024-10-16 09:58:14.541,system,INFO,MY BIND IP: ('localhost', 28000)
2024-10-16 09:58:14.542,system,INFO,VehicleSocket::connect_remote,Connecting ('localhost', 20000)...
2024-10-16 09:58:17.545,system,INFO,MY BIND IP: ('localhost', 28000)
2024-10-16 09:58:17.546,system,INFO,VehicleSocket::connect_remote,Connecting ('localhost', 20000)...
2024-10-16 09:58:20.548,system,INFO,MY BIND IP: ('localhost', 28000)
2024-10-16 09:58:20.549,system,INFO,VehicleSocket::connect_remote,Connecting ('localhost', 20000)...
2024-10-16 09:58:23.551,system,INFO,MY BIND IP: ('localhost', 28000)
2024-10-16 09:58:23.552,system,INFO,VehicleSocket::connect_remote,Connecting ('localhost', 20000)...
2024-10-16 09:58:26.554,system,INFO,MY BIND IP: ('localhost', 28000)
2024-10-16 09:58:26.555,system,INFO,VehicleSocket::connect_remote,Connecting ('localhost', 20000)...
2024-10-16 09:58:29.558,system,INFO,MY BIND IP: ('localhost', 28000)
2024-10-16 09:58:29.559,system,INFO,VehicleSocket::connect_remote,Connecting ('localhost', 20000)...
2024-10-16 09:58:32.562,system,INFO,MY BIND IP: ('localhost', 28000)
2024-10-16 09:58:32.563,system,INFO,VehicleSocket::connect_remote,Connecting ('localhost', 20000)...
2024-10-16 09:58:35.565,system,INFO,MY BIND IP: ('localhost', 28000)
2024-10-16 09:58:35.566,system,INFO,VehicleSocket::connect_remote,Connecting ('localhost', 20000)...
2024-10-16 09:58:38.567,system,INFO,MY BIND IP: ('localhost', 28000)
2024-10-16 09:58:38.568,system,INFO,VehicleSocket::connect_remote,Connecting ('localhost', 20000)...
2024-10-16 09:58:41.571,system,INFO,MY BIND IP: ('localhost', 28000)
2024-10-16 09:58:41.571,system,INFO,VehicleSocket::connect_remote,Connecting ('localhost', 20000)...
2024-10-16 09:58:44.574,system,INFO,MY BIND IP: ('localhost', 28000)
2024-10-16 09:58:44.574,system,INFO,VehicleSocket::connect_remote,Connecting ('localhost', 20000)...
2024-10-16 09:58:47.577,system,INFO,MY BIND IP: ('localhost', 28000)
2024-10-16 09:58:47.578,system,INFO,VehicleSocket::connect_remote,Connecting ('localhost', 20000)...
2024-10-16 09:58:50.580,system,INFO,MY BIND IP: ('localhost', 28000)
2024-10-16 09:58:50.581,system,INFO,VehicleSocket::connect_remote,Connecting ('localhost', 20000)...
2024-10-16 09:58:53.582,system,INFO,MY BIND IP: ('localhost', 28000)
2024-10-16 09:58:53.583,system,INFO,VehicleSocket::connect_remote,Connecting ('localhost', 20000)...
2024-10-16 09:58:56.586,system,INFO,MY BIND IP: ('localhost', 28000)
2024-10-16 09:58:56.587,system,INFO,VehicleSocket::connect_remote,Connecting ('localhost', 20000)...
2024-10-16 09:58:59.588,system,INFO,MY BIND IP: ('localhost', 28000)
2024-10-16 09:58:59.589,system,INFO,VehicleSocket::connect_remote,Connecting ('localhost', 20000)...
2024-10-16 09:59:02.591,system,INFO,MY BIND IP: ('localhost', 28000)
2024-10-16 09:59:02.592,system,INFO,VehicleSocket::connect_remote,Connecting ('localhost', 20000)...
2024-10-16 09:59:05.594,system,INFO,MY BIND IP: ('localhost', 28000)
2024-10-16 09:59:05.595,system,INFO,VehicleSocket::connect_remote,Connecting ('localhost', 20000)...
2024-10-16 09:59:08.598,system,INFO,MY BIND IP: ('localhost', 28000)
2024-10-16 09:59:08.598,system,INFO,VehicleSocket::connect_remote,Connecting ('localhost', 20000)...
2024-10-16 09:59:11.601,system,INFO,MY BIND IP: ('localhost', 28000)
2024-10-16 09:59:11.602,system,INFO,VehicleSocket::connect_remote,Connecting ('localhost', 20000)...
2024-10-16 09:59:14.603,system,INFO,MY BIND IP: ('localhost', 28000)
2024-10-16 09:59:14.604,system,INFO,VehicleSocket::connect_remote,Connecting ('localhost', 20000)...
2024-10-16 09:59:17.607,system,INFO,MY BIND IP: ('localhost', 28000)
2024-10-16 09:59:17.608,system,INFO,VehicleSocket::connect_remote,Connecting ('localhost', 20000)...
2024-10-16 09:59:20.611,system,INFO,MY BIND IP: ('localhost', 28000)
2024-10-16 09:59:20.612,system,INFO,VehicleSocket::connect_remote,Connecting ('localhost', 20000)...
2024-10-16 09:59:23.614,system,INFO,MY BIND IP: ('localhost', 28000)
2024-10-16 09:59:23.615,system,INFO,VehicleSocket::connect_remote,Connecting ('localhost', 20000)...
2024-10-16 09:59:26.617,system,INFO,MY BIND IP: ('localhost', 28000)
2024-10-16 09:59:26.617,system,INFO,VehicleSocket::connect_remote,Connecting ('localhost', 20000)...
2024-10-16 09:59:29.620,system,INFO,MY BIND IP: ('localhost', 28000)
2024-10-16 09:59:29.621,system,INFO,VehicleSocket::connect_remote,Connecting ('localhost', 20000)...
2024-10-16 09:59:32.624,system,INFO,MY BIND IP: ('localhost', 28000)
2024-10-16 09:59:32.626,system,INFO,VehicleSocket::connect_remote,Connecting ('localhost', 20000)...
2024-10-16 09:59:35.627,system,INFO,MY BIND IP: ('localhost', 28000)
2024-10-16 09:59:35.628,system,INFO,VehicleSocket::connect_remote,Connecting ('localhost', 20000)...
2024-10-16 09:59:38.631,system,INFO,MY BIND IP: ('localhost', 28000)
2024-10-16 09:59:38.632,system,INFO,VehicleSocket::connect_remote,Connecting ('localhost', 20000)...
2024-10-16 09:59:41.634,system,INFO,MY BIND IP: ('localhost', 28000)
2024-10-16 09:59:41.635,system,INFO,VehicleSocket::connect_remote,Connecting ('localhost', 20000)...
2024-10-16 09:59:44.637,system,INFO,MY BIND IP: ('localhost', 28000)
2024-10-16 09:59:44.638,system,INFO,VehicleSocket::connect_remote,Connecting ('localhost', 20000)...
2024-10-16 09:59:47.640,system,INFO,MY BIND IP: ('localhost', 28000)
2024-10-16 09:59:47.641,system,INFO,VehicleSocket::connect_remote,Connecting ('localhost', 20000)...
2024-10-16 09:59:50.643,system,INFO,MY BIND IP: ('localhost', 28000)
2024-10-16 09:59:50.643,system,INFO,VehicleSocket::connect_remote,Connecting ('localhost', 20000)...
2024-10-16 09:59:53.647,system,INFO,MY BIND IP: ('localhost', 28000)
2024-10-16 09:59:53.648,system,INFO,VehicleSocket::connect_remote,Connecting ('localhost', 20000)...
2024-10-16 09:59:56.649,system,INFO,MY BIND IP: ('localhost', 28000)
2024-10-16 09:59:56.650,system,INFO,VehicleSocket::connect_remote,Connecting ('localhost', 20000)...
2024-10-16 09:59:59.652,system,INFO,MY BIND IP: ('localhost', 28000)
2024-10-16 09:59:59.653,system,INFO,VehicleSocket::connect_remote,Connecting ('localhost', 20000)...
2024-10-16 10:00:02.655,system,INFO,MY BIND IP: ('localhost', 28000)
2024-10-16 10:00:02.656,system,INFO,VehicleSocket::connect_remote,Connecting ('localhost', 20000)...
2024-10-16 10:00:05.658,system,INFO,MY BIND IP: ('localhost', 28000)
2024-10-16 10:00:05.659,system,INFO,VehicleSocket::connect_remote,Connecting ('localhost', 20000)...
2024-10-16 10:00:08.662,system,INFO,MY BIND IP: ('localhost', 28000)
2024-10-16 10:00:08.663,system,INFO,VehicleSocket::connect_remote,Connecting ('localhost', 20000)...
2024-10-16 10:00:11.665,system,INFO,MY BIND IP: ('localhost', 28000)
2024-10-16 10:00:11.666,system,INFO,VehicleSocket::connect_remote,Connecting ('localhost', 20000)...
2024-10-16 10:00:14.668,system,INFO,MY BIND IP: ('localhost', 28000)
2024-10-16 10:00:14.671,system,INFO,VehicleSocket::connect_remote,Connecting ('localhost', 20000)...
2024-10-16 10:00:17.673,system,INFO,MY BIND IP: ('localhost', 28000)
2024-10-16 10:00:17.674,system,INFO,VehicleSocket::connect_remote,Connecting ('localhost', 20000)...
2024-10-16 10:00:20.676,system,INFO,MY BIND IP: ('localhost', 28000)
2024-10-16 10:00:20.677,system,INFO,VehicleSocket::connect_remote,Connecting ('localhost', 20000)...
2024-10-16 10:00:23.679,system,INFO,MY BIND IP: ('localhost', 28000)
2024-10-16 10:00:23.680,system,INFO,VehicleSocket::connect_remote,Connecting ('localhost', 20000)...
2024-10-16 10:00:26.682,system,INFO,MY BIND IP: ('localhost', 28000)
2024-10-16 10:00:26.683,system,INFO,VehicleSocket::connect_remote,Connecting ('localhost', 20000)...
2024-10-16 10:00:29.686,system,INFO,MY BIND IP: ('localhost', 28000)
2024-10-16 10:00:29.687,system,INFO,VehicleSocket::connect_remote,Connecting ('localhost', 20000)...
2024-10-16 10:00:32.689,system,INFO,MY BIND IP: ('localhost', 28000)
2024-10-16 10:00:32.690,system,INFO,VehicleSocket::connect_remote,Connecting ('localhost', 20000)...
2024-10-16 10:00:35.692,system,INFO,MY BIND IP: ('localhost', 28000)
2024-10-16 10:00:35.693,system,INFO,VehicleSocket::connect_remote,Connecting ('localhost', 20000)...
2024-10-16 10:00:38.695,system,INFO,MY BIND IP: ('localhost', 28000)
2024-10-16 10:00:38.696,system,INFO,VehicleSocket::connect_remote,Connecting ('localhost', 20000)...
2024-10-16 10:00:41.698,system,INFO,MY BIND IP: ('localhost', 28000)
2024-10-16 10:00:41.700,system,INFO,VehicleSocket::connect_remote,Connecting ('localhost', 20000)...
2024-10-16 10:00:44.702,system,INFO,MY BIND IP: ('localhost', 28000)
2024-10-16 10:00:44.703,system,INFO,VehicleSocket::connect_remote,Connecting ('localhost', 20000)...
2024-10-16 10:00:47.705,system,INFO,MY BIND IP: ('localhost', 28000)
2024-10-16 10:00:47.706,system,INFO,VehicleSocket::connect_remote,Connecting ('localhost', 20000)...
2024-10-16 10:00:50.708,system,INFO,MY BIND IP: ('localhost', 28000)
2024-10-16 10:00:50.709,system,INFO,VehicleSocket::connect_remote,Connecting ('localhost', 20000)...
2024-10-16 10:00:53.711,system,INFO,MY BIND IP: ('localhost', 28000)
2024-10-16 10:00:53.712,system,INFO,VehicleSocket::connect_remote,Connecting ('localhost', 20000)...
2024-10-16 10:00:56.715,system,INFO,MY BIND IP: ('localhost', 28000)
2024-10-16 10:00:56.716,system,INFO,VehicleSocket::connect_remote,Connecting ('localhost', 20000)...
2024-10-16 10:00:59.718,system,INFO,MY BIND IP: ('localhost', 28000)
2024-10-16 10:00:59.718,system,INFO,VehicleSocket::connect_remote,Connecting ('localhost', 20000)...
2024-10-16 10:01:02.722,system,INFO,MY BIND IP: ('localhost', 28000)
2024-10-16 10:01:02.723,system,INFO,VehicleSocket::connect_remote,Connecting ('localhost', 20000)...
2024-10-16 10:01:05.736,system,INFO,MY BIND IP: ('localhost', 28000)
2024-10-16 10:01:05.737,system,INFO,VehicleSocket::connect_remote,Connecting ('localhost', 20000)...
2024-10-16 10:01:08.739,system,INFO,MY BIND IP: ('localhost', 28000)
2024-10-16 10:01:08.740,system,INFO,VehicleSocket::connect_remote,Connecting ('localhost', 20000)...
2024-10-16 10:01:11.743,system,INFO,MY BIND IP: ('localhost', 28000)
2024-10-16 10:01:11.744,system,INFO,VehicleSocket::connect_remote,Connecting ('localhost', 20000)...
2024-10-16 10:01:14.746,system,INFO,MY BIND IP: ('localhost', 28000)
2024-10-16 10:01:14.746,system,INFO,VehicleSocket::connect_remote,Connecting ('localhost', 20000)...
2024-10-16 10:01:17.749,system,INFO,MY BIND IP: ('localhost', 28000)
2024-10-16 10:01:17.750,system,INFO,VehicleSocket::connect_remote,Connecting ('localhost', 20000)...
2024-10-16 10:01:20.752,system,INFO,MY BIND IP: ('localhost', 28000)
2024-10-16 10:01:20.753,system,INFO,VehicleSocket::connect_remote,Connecting ('localhost', 20000)...
2024-10-16 10:01:23.756,system,INFO,MY BIND IP: ('localhost', 28000)
2024-10-16 10:01:23.757,system,INFO,VehicleSocket::connect_remote,Connecting ('localhost', 20000)...
2024-10-16 10:01:26.759,system,INFO,MY BIND IP: ('localhost', 28000)
2024-10-16 10:01:26.760,system,INFO,VehicleSocket::connect_remote,Connecting ('localhost', 20000)...
2024-10-16 10:01:29.761,system,INFO,MY BIND IP: ('localhost', 28000)
2024-10-16 10:01:29.762,system,INFO,VehicleSocket::connect_remote,Connecting ('localhost', 20000)...
2024-10-16 10:01:32.765,system,INFO,MY BIND IP: ('localhost', 28000)
2024-10-16 10:01:32.766,system,INFO,VehicleSocket::connect_remote,Connecting ('localhost', 20000)...
2024-10-16 10:01:35.767,system,INFO,MY BIND IP: ('localhost', 28000)
2024-10-16 10:01:35.768,system,INFO,VehicleSocket::connect_remote,Connecting ('localhost', 20000)...
2024-10-16 10:01:38.771,system,INFO,MY BIND IP: ('localhost', 28000)
2024-10-16 10:01:38.772,system,INFO,VehicleSocket::connect_remote,Connecting ('localhost', 20000)...
2024-10-16 10:01:41.774,system,INFO,MY BIND IP: ('localhost', 28000)
2024-10-16 10:01:41.775,system,INFO,VehicleSocket::connect_remote,Connecting ('localhost', 20000)...
2024-10-16 10:01:44.776,system,INFO,MY BIND IP: ('localhost', 28000)
2024-10-16 10:01:44.778,system,INFO,VehicleSocket::connect_remote,Connecting ('localhost', 20000)...
2024-10-16 10:01:47.780,system,INFO,MY BIND IP: ('localhost', 28000)
2024-10-16 10:01:47.781,system,INFO,VehicleSocket::connect_remote,Connecting ('localhost', 20000)...
2024-10-16 10:01:50.783,system,INFO,MY BIND IP: ('localhost', 28000)
2024-10-16 10:01:50.784,system,INFO,VehicleSocket::connect_remote,Connecting ('localhost', 20000)...
2024-10-16 10:01:53.786,system,INFO,MY BIND IP: ('localhost', 28000)
2024-10-16 10:01:53.787,system,INFO,VehicleSocket::connect_remote,Connecting ('localhost', 20000)...
2024-10-16 10:01:56.789,system,INFO,MY BIND IP: ('localhost', 28000)
2024-10-16 10:01:56.790,system,INFO,VehicleSocket::connect_remote,Connecting ('localhost', 20000)...
2024-10-16 10:01:59.792,system,INFO,MY BIND IP: ('localhost', 28000)
2024-10-16 10:01:59.796,system,INFO,VehicleSocket::connect_remote,Connecting ('localhost', 20000)...
2024-10-16 10:02:02.798,system,INFO,MY BIND IP: ('localhost', 28000)
2024-10-16 10:02:02.799,system,INFO,VehicleSocket::connect_remote,Connecting ('localhost', 20000)...
2024-10-16 10:02:05.802,system,INFO,MY BIND IP: ('localhost', 28000)
2024-10-16 10:02:05.803,system,INFO,VehicleSocket::connect_remote,Connecting ('localhost', 20000)...
2024-10-16 10:02:08.805,system,INFO,MY BIND IP: ('localhost', 28000)
2024-10-16 10:02:08.806,system,INFO,VehicleSocket::connect_remote,Connecting ('localhost', 20000)...
2024-10-16 10:02:11.808,system,INFO,MY BIND IP: ('localhost', 28000)
2024-10-16 10:02:11.809,system,INFO,VehicleSocket::connect_remote,Connecting ('localhost', 20000)...
2024-10-16 10:02:14.811,system,INFO,MY BIND IP: ('localhost', 28000)
2024-10-16 10:02:14.811,system,INFO,VehicleSocket::connect_remote,Connecting ('localhost', 20000)...
2024-10-16 10:02:17.814,system,INFO,MY BIND IP: ('localhost', 28000)
2024-10-16 10:02:17.815,system,INFO,VehicleSocket::connect_remote,Connecting ('localhost', 20000)...
2024-10-16 10:02:20.828,system,INFO,MY BIND IP: ('localhost', 28000)
2024-10-16 10:02:20.829,system,INFO,VehicleSocket::connect_remote,Connecting ('localhost', 20000)...
2024-10-16 10:02:23.830,system,INFO,MY BIND IP: ('localhost', 28000)
2024-10-16 10:02:23.831,system,INFO,VehicleSocket::connect_remote,Connecting ('localhost', 20000)...
2024-10-16 10:02:26.833,system,INFO,MY BIND IP: ('localhost', 28000)
2024-10-16 10:02:26.834,system,INFO,VehicleSocket::connect_remote,Connecting ('localhost', 20000)...
2024-10-16 10:02:29.838,system,INFO,MY BIND IP: ('localhost', 28000)
2024-10-16 10:02:29.839,system,INFO,VehicleSocket::connect_remote,Connecting ('localhost', 20000)...
2024-10-16 10:02:29.840,system,INFO,VehicleSocket::connect_remote,Connected VehicleSocket socket.
2024-10-16 10:22:44.647,system,INFO,MY BIND IP: ('localhost', 28000)
2024-10-16 10:22:44.648,system,INFO,VehicleSocket::connect_remote,Connecting ('localhost', 20000)...
2024-10-16 10:22:47.650,system,INFO,MY BIND IP: ('localhost', 28000)
2024-10-16 10:22:47.651,system,INFO,VehicleSocket::connect_remote,Connecting ('localhost', 20000)...
2024-10-16 10:22:50.654,system,INFO,MY BIND IP: ('localhost', 28000)
2024-10-16 10:22:50.655,system,INFO,VehicleSocket::connect_remote,Connecting ('localhost', 20000)...
2024-10-16 10:22:53.657,system,INFO,MY BIND IP: ('localhost', 28000)
2024-10-16 10:22:53.658,system,INFO,VehicleSocket::connect_remote,Connecting ('localhost', 20000)...
2024-10-16 10:22:56.659,system,INFO,MY BIND IP: ('localhost', 28000)
2024-10-16 10:22:56.660,system,INFO,VehicleSocket::connect_remote,Connecting ('localhost', 20000)...
2024-10-16 10:22:59.662,system,INFO,MY BIND IP: ('localhost', 28000)
2024-10-16 10:22:59.662,system,INFO,VehicleSocket::connect_remote,Connecting ('localhost', 20000)...
2024-10-16 10:23:02.666,system,INFO,MY BIND IP: ('localhost', 28000)
2024-10-16 10:23:02.667,system,INFO,VehicleSocket::connect_remote,Connecting ('localhost', 20000)...
2024-10-16 10:23:05.668,system,INFO,MY BIND IP: ('localhost', 28000)
2024-10-16 10:23:05.669,system,INFO,VehicleSocket::connect_remote,Connecting ('localhost', 20000)...
2024-10-16 10:23:08.672,system,INFO,MY BIND IP: ('localhost', 28000)
2024-10-16 10:23:08.673,system,INFO,VehicleSocket::connect_remote,Connecting ('localhost', 20000)...
2024-10-16 10:23:11.675,system,INFO,MY BIND IP: ('localhost', 28000)
2024-10-16 10:23:11.676,system,INFO,VehicleSocket::connect_remote,Connecting ('localhost', 20000)...
2024-10-16 10:23:14.678,system,INFO,MY BIND IP: ('localhost', 28000)
2024-10-16 10:23:14.679,system,INFO,VehicleSocket::connect_remote,Connecting ('localhost', 20000)...
2024-10-16 10:23:17.682,system,INFO,MY BIND IP: ('localhost', 28000)
2024-10-16 10:23:17.683,system,INFO,VehicleSocket::connect_remote,Connecting ('localhost', 20000)...
2024-10-16 10:23:20.685,system,INFO,MY BIND IP: ('localhost', 28000)
2024-10-16 10:23:20.685,system,INFO,VehicleSocket::connect_remote,Connecting ('localhost', 20000)...
2024-10-16 10:23:23.688,system,INFO,MY BIND IP: ('localhost', 28000)
2024-10-16 10:23:23.689,system,INFO,VehicleSocket::connect_remote,Connecting ('localhost', 20000)...
2024-10-16 10:23:26.691,system,INFO,MY BIND IP: ('localhost', 28000)
2024-10-16 10:23:26.691,system,INFO,VehicleSocket::connect_remote,Connecting ('localhost', 20000)...
2024-10-16 10:23:29.693,system,INFO,MY BIND IP: ('localhost', 28000)
2024-10-16 10:23:29.693,system,INFO,VehicleSocket::connect_remote,Connecting ('localhost', 20000)...
2024-10-16 10:23:32.695,system,INFO,MY BIND IP: ('localhost', 28000)
2024-10-16 10:23:32.696,system,INFO,VehicleSocket::connect_remote,Connecting ('localhost', 20000)...
2024-10-16 10:23:35.699,system,INFO,MY BIND IP: ('localhost', 28000)
2024-10-16 10:23:35.700,system,INFO,VehicleSocket::connect_remote,Connecting ('localhost', 20000)...
2024-10-16 10:23:38.703,system,INFO,MY BIND IP: ('localhost', 28000)
2024-10-16 10:23:38.704,system,INFO,VehicleSocket::connect_remote,Connecting ('localhost', 20000)...
2024-10-16 10:23:41.706,system,INFO,MY BIND IP: ('localhost', 28000)
2024-10-16 10:23:41.707,system,INFO,VehicleSocket::connect_remote,Connecting ('localhost', 20000)...
2024-10-16 10:23:44.709,system,INFO,MY BIND IP: ('localhost', 28000)
2024-10-16 10:23:44.710,system,INFO,VehicleSocket::connect_remote,Connecting ('localhost', 20000)...
2024-10-16 10:23:47.712,system,INFO,MY BIND IP: ('localhost', 28000)
2024-10-16 10:23:47.713,system,INFO,VehicleSocket::connect_remote,Connecting ('localhost', 20000)...
2024-10-16 10:23:50.715,system,INFO,MY BIND IP: ('localhost', 28000)
2024-10-16 10:23:50.716,system,INFO,VehicleSocket::connect_remote,Connecting ('localhost', 20000)...
2024-10-16 10:23:53.717,system,INFO,MY BIND IP: ('localhost', 28000)
2024-10-16 10:23:53.718,system,INFO,VehicleSocket::connect_remote,Connecting ('localhost', 20000)...
2024-10-16 10:23:56.721,system,INFO,MY BIND IP: ('localhost', 28000)
2024-10-16 10:23:56.722,system,INFO,VehicleSocket::connect_remote,Connecting ('localhost', 20000)...
2024-10-16 10:23:59.724,system,INFO,MY BIND IP: ('localhost', 28000)
2024-10-16 10:23:59.725,system,INFO,VehicleSocket::connect_remote,Connecting ('localhost', 20000)...
2024-10-16 10:24:02.727,system,INFO,MY BIND IP: ('localhost', 28000)
2024-10-16 10:24:02.728,system,INFO,VehicleSocket::connect_remote,Connecting ('localhost', 20000)...
2024-10-16 10:24:05.730,system,INFO,MY BIND IP: ('localhost', 28000)
2024-10-16 10:24:05.731,system,INFO,VehicleSocket::connect_remote,Connecting ('localhost', 20000)...
