2024-09-05 19:31:43.733,system,INFO,Start rsu module.
2024-09-05 19:31:43.733,system,INFO,Run VehicleSocket modules process
2024-09-05 19:31:43.734,system,INFO,MY BIND IP: ('192.168.11.200', 63112)
2024-09-05 19:31:43.734,system,INFO,Run ObuSocket modules process
2024-09-05 19:31:43.734,system,INFO,Run MiddleWare Process.
2024-09-05 19:31:43.735,system,INFO,MY BIND IP: ('192.168.11.200', 63112)
2024-09-05 19:31:43.736,system,INFO,MY BIND IP: ('192.168.11.200', 63114)
2024-09-05 19:31:43.736,system,INFO,MY BIND IP: ('localhost', 28000)
2024-09-05 19:31:43.737,system,INFO,VehicleSocket::connect_remote,Connecting ('localhost', 20000)...
2024-09-05 19:31:46.739,system,INFO,MY BIND IP: ('localhost', 28000)
2024-09-05 19:31:46.749,system,INFO,VehicleSocket::connect_remote,Connecting ('localhost', 20000)...
2024-09-05 19:31:49.750,system,INFO,MY BIND IP: ('localhost', 28000)
2024-09-05 19:31:49.750,system,INFO,VehicleSocket::connect_remote,Connecting ('localhost', 20000)...
2024-09-05 19:31:52.752,system,INFO,MY BIND IP: ('localhost', 28000)
2024-09-05 19:31:52.752,system,INFO,VehicleSocket::connect_remote,Connecting ('localhost', 20000)...
2024-09-05 19:31:55.754,system,INFO,MY BIND IP: ('localhost', 28000)
2024-09-05 19:31:55.754,system,INFO,VehicleSocket::connect_remote,Connecting ('localhost', 20000)...
2024-09-05 19:31:55.766,system,INFO,VehicleSocket::connect_remote,Connected VehicleSocket socket.
2024-09-05 19:32:01.764,system,INFO,MY BIND IP: ('localhost', 28000)
2024-09-05 19:32:01.765,system,INFO,VehicleSocket::connect_remote,Connecting ('localhost', 20000)...
2024-09-05 19:32:04.766,system,INFO,MY BIND IP: ('localhost', 28000)
2024-09-05 19:32:04.767,system,INFO,VehicleSocket::connect_remote,Connecting ('localhost', 20000)...
2024-09-05 19:32:07.769,system,INFO,MY BIND IP: ('localhost', 28000)
2024-09-05 19:32:07.769,system,INFO,VehicleSocket::connect_remote,Connecting ('localhost', 20000)...
2024-09-05 19:32:10.771,system,INFO,MY BIND IP: ('localhost', 28000)
2024-09-05 19:32:10.772,system,INFO,VehicleSocket::connect_remote,Connecting ('localhost', 20000)...
2024-09-05 19:32:13.774,system,INFO,MY BIND IP: ('localhost', 28000)
2024-09-05 19:32:13.774,system,INFO,VehicleSocket::connect_remote,Connecting ('localhost', 20000)...
2024-09-05 19:32:16.776,system,INFO,MY BIND IP: ('localhost', 28000)
2024-09-05 19:32:16.776,system,INFO,VehicleSocket::connect_remote,Connecting ('localhost', 20000)...
2024-09-05 19:32:19.778,system,INFO,MY BIND IP: ('localhost', 28000)
2024-09-05 19:32:19.778,system,INFO,VehicleSocket::connect_remote,Connecting ('localhost', 20000)...
2024-09-05 19:32:22.780,system,INFO,MY BIND IP: ('localhost', 28000)
2024-09-05 19:32:22.781,system,INFO,VehicleSocket::connect_remote,Connecting ('localhost', 20000)...
2024-09-05 19:32:25.783,system,INFO,MY BIND IP: ('localhost', 28000)
2024-09-05 19:32:25.783,system,INFO,VehicleSocket::connect_remote,Connecting ('localhost', 20000)...
2024-09-05 19:32:28.785,system,INFO,MY BIND IP: ('localhost', 28000)
2024-09-05 19:32:28.785,system,INFO,VehicleSocket::connect_remote,Connecting ('localhost', 20000)...
2024-09-05 19:32:31.788,system,INFO,MY BIND IP: ('localhost', 28000)
2024-09-05 19:32:31.788,system,INFO,VehicleSocket::connect_remote,Connecting ('localhost', 20000)...
2024-09-05 19:32:34.790,system,INFO,MY BIND IP: ('localhost', 28000)
2024-09-05 19:32:34.790,system,INFO,VehicleSocket::connect_remote,Connecting ('localhost', 20000)...
2024-09-05 19:32:34.801,system,INFO,VehicleSocket::connect_remote,Connected VehicleSocket socket.
2024-09-05 19:37:14.027,system,INFO,MY BIND IP: ('localhost', 28000)
2024-09-05 19:37:14.027,system,INFO,VehicleSocket::connect_remote,Connecting ('localhost', 20000)...
