2024-10-15 11:39:41.118,system,INFO,Start rsu module.
2024-10-15 11:39:41.118,system,INFO,Run VehicleSocket modules process
2024-10-15 11:39:41.119,system,INFO,MY BIND IP: ('192.168.11.200', 63112)
2024-10-15 11:39:41.120,system,INFO,Run ObuSocket modules process
2024-10-15 11:39:41.120,system,INFO,Run MiddleWare Process.
2024-10-15 11:39:41.120,system,INFO,MY BIND IP: ('192.168.11.200', 63112)
2024-10-15 11:39:41.121,system,INFO,MY BIND IP: ('192.168.11.200', 63114)
2024-10-15 11:39:41.121,system,INFO,MY BIND IP: ('localhost', 28000)
2024-10-15 11:39:41.122,system,INFO,VehicleSocket::connect_remote,Connecting ('localhost', 20000)...
2024-10-15 11:39:41.123,system,INFO,VehicleSocket::connect_remote,Connected VehicleSocket socket.
2024-10-15 11:43:38.331,system,INFO,MY BIND IP: ('localhost', 28000)
2024-10-15 11:43:38.331,system,INFO,VehicleSocket::connect_remote,Connecting ('localhost', 20000)...
2024-10-15 11:43:41.334,system,INFO,MY BIND IP: ('localhost', 28000)
2024-10-15 11:43:41.335,system,INFO,VehicleSocket::connect_remote,Connecting ('localhost', 20000)...
2024-10-15 11:43:44.338,system,INFO,MY BIND IP: ('localhost', 28000)
2024-10-15 11:43:44.339,system,INFO,VehicleSocket::connect_remote,Connecting ('localhost', 20000)...
2024-10-15 11:43:47.342,system,INFO,MY BIND IP: ('localhost', 28000)
2024-10-15 11:43:47.343,system,INFO,VehicleSocket::connect_remote,Connecting ('localhost', 20000)...
2024-10-15 11:43:50.345,system,INFO,MY BIND IP: ('localhost', 28000)
2024-10-15 11:43:50.346,system,INFO,VehicleSocket::connect_remote,Connecting ('localhost', 20000)...
2024-10-15 11:43:50.858,system,INFO,VehicleSocket::connect_remote,Connected VehicleSocket socket.
2024-10-15 11:51:03.879,system,INFO,MY BIND IP: ('localhost', 28000)
2024-10-15 11:51:03.881,system,INFO,VehicleSocket::connect_remote,Connecting ('localhost', 20000)...
2024-10-15 11:51:06.883,system,INFO,MY BIND IP: ('localhost', 28000)
2024-10-15 11:51:06.885,system,INFO,VehicleSocket::connect_remote,Connecting ('localhost', 20000)...
2024-10-15 11:51:09.885,system,INFO,MY BIND IP: ('localhost', 28000)
2024-10-15 11:51:09.886,system,INFO,VehicleSocket::connect_remote,Connecting ('localhost', 20000)...
2024-10-15 11:51:12.909,system,INFO,MY BIND IP: ('localhost', 28000)
2024-10-15 11:51:12.910,system,INFO,VehicleSocket::connect_remote,Connecting ('localhost', 20000)...
2024-10-15 11:51:12.922,system,INFO,VehicleSocket::connect_remote,Connected VehicleSocket socket.
