2024-09-05 18:11:05.781,system,INFO,Start rsu module.
2024-09-05 18:11:05.781,system,INFO,Run VehicleSocket modules process
2024-09-05 18:11:05.782,system,INFO,MY BIND IP: ('192.168.11.200', 63112)
2024-09-05 18:11:05.783,system,INFO,Run ObuSocket modules process
2024-09-05 18:11:05.783,system,INFO,Run MiddleWare Process.
2024-09-05 18:11:05.784,system,INFO,MY BIND IP: ('192.168.11.200', 63112)
2024-09-05 18:11:05.784,system,INFO,MY BIND IP: ('192.168.11.200', 63114)
2024-09-05 18:11:05.785,system,INFO,MY BIND IP: ('localhost', 28000)
2024-09-05 18:11:05.785,system,INFO,VehicleSocket::connect_remote,Connecting ('localhost', 20000)...
2024-09-05 18:11:05.786,system,INFO,VehicleSocket::connect_remote,Connected VehicleSocket socket.
2024-09-05 18:16:35.629,system,INFO,MY BIND IP: ('localhost', 28000)
2024-09-05 18:16:35.629,system,INFO,VehicleSocket::connect_remote,Connecting ('localhost', 20000)...
2024-09-05 18:16:38.632,system,INFO,MY BIND IP: ('localhost', 28000)
2024-09-05 18:16:38.633,system,INFO,VehicleSocket::connect_remote,Connecting ('localhost', 20000)...
2024-09-05 18:16:41.635,system,INFO,MY BIND IP: ('localhost', 28000)
2024-09-05 18:16:41.635,system,INFO,VehicleSocket::connect_remote,Connecting ('localhost', 20000)...
2024-09-05 18:16:44.637,system,INFO,MY BIND IP: ('localhost', 28000)
2024-09-05 18:16:44.637,system,INFO,VehicleSocket::connect_remote,Connecting ('localhost', 20000)...
2024-09-05 18:16:47.640,system,INFO,MY BIND IP: ('localhost', 28000)
2024-09-05 18:16:47.641,system,INFO,VehicleSocket::connect_remote,Connecting ('localhost', 20000)...
2024-09-05 18:16:50.642,system,INFO,MY BIND IP: ('localhost', 28000)
2024-09-05 18:16:50.643,system,INFO,VehicleSocket::connect_remote,Connecting ('localhost', 20000)...
2024-09-05 18:16:53.644,system,INFO,MY BIND IP: ('localhost', 28000)
2024-09-05 18:16:53.644,system,INFO,VehicleSocket::connect_remote,Connecting ('localhost', 20000)...
2024-09-05 18:16:56.647,system,INFO,MY BIND IP: ('localhost', 28000)
2024-09-05 18:16:56.647,system,INFO,VehicleSocket::connect_remote,Connecting ('localhost', 20000)...
2024-09-05 18:16:59.650,system,INFO,MY BIND IP: ('localhost', 28000)
2024-09-05 18:16:59.651,system,INFO,VehicleSocket::connect_remote,Connecting ('localhost', 20000)...
2024-09-05 18:17:02.651,system,INFO,MY BIND IP: ('localhost', 28000)
2024-09-05 18:17:02.651,system,INFO,VehicleSocket::connect_remote,Connecting ('localhost', 20000)...
2024-09-05 18:17:05.654,system,INFO,MY BIND IP: ('localhost', 28000)
2024-09-05 18:17:05.654,system,INFO,VehicleSocket::connect_remote,Connecting ('localhost', 20000)...
2024-09-05 18:17:08.656,system,INFO,MY BIND IP: ('localhost', 28000)
2024-09-05 18:17:08.656,system,INFO,VehicleSocket::connect_remote,Connecting ('localhost', 20000)...
2024-09-05 18:17:11.658,system,INFO,MY BIND IP: ('localhost', 28000)
2024-09-05 18:17:11.658,system,INFO,VehicleSocket::connect_remote,Connecting ('localhost', 20000)...
