2024-11-12 13:04:53.547,system,INFO,Start rsu module.
2024-11-12 13:04:53.547,system,INFO,Run VehicleSocket modules process
2024-11-12 13:04:53.549,system,INFO,MY BIND IP: ('192.168.11.200', 63112)
2024-11-12 13:04:53.549,system,INFO,Run ObuSocket modules process
2024-11-12 13:04:53.550,system,INFO,Run MiddleWare Process.
2024-11-12 13:04:53.550,system,INFO,MY BIND IP: ('192.168.11.200', 63112)
2024-11-12 13:04:53.551,system,INFO,MY BIND IP: ('192.168.11.200', 63114)
2024-11-12 13:04:53.551,system,INFO,MY BIND IP: ('localhost', 28000)
2024-11-12 13:04:53.552,system,INFO,VehicleSocket::connect_remote,Connecting ('localhost', 20000)...
2024-11-12 13:04:53.563,system,INFO,VehicleSocket::connect_remote,Connected VehicleSocket socket.
2024-11-12 13:36:04.859,system,INFO,MY BIND IP: ('localhost', 28000)
2024-11-12 13:36:04.860,system,INFO,VehicleSocket::connect_remote,Connecting ('localhost', 20000)...
2024-11-12 13:36:07.861,system,INFO,MY BIND IP: ('localhost', 28000)
2024-11-12 13:36:07.861,system,INFO,VehicleSocket::connect_remote,Connecting ('localhost', 20000)...
2024-11-12 13:36:10.863,system,INFO,MY BIND IP: ('localhost', 28000)
2024-11-12 13:36:10.864,system,INFO,VehicleSocket::connect_remote,Connecting ('localhost', 20000)...
2024-11-12 13:36:13.866,system,INFO,MY BIND IP: ('localhost', 28000)
2024-11-12 13:36:13.867,system,INFO,VehicleSocket::connect_remote,Connecting ('localhost', 20000)...
2024-11-12 13:36:16.869,system,INFO,MY BIND IP: ('localhost', 28000)
2024-11-12 13:36:16.870,system,INFO,VehicleSocket::connect_remote,Connecting ('localhost', 20000)...
2024-11-12 13:36:19.872,system,INFO,MY BIND IP: ('localhost', 28000)
2024-11-12 13:36:19.873,system,INFO,VehicleSocket::connect_remote,Connecting ('localhost', 20000)...
2024-11-12 13:36:22.886,system,INFO,MY BIND IP: ('localhost', 28000)
2024-11-12 13:36:22.887,system,INFO,VehicleSocket::connect_remote,Connecting ('localhost', 20000)...
2024-11-12 13:36:25.888,system,INFO,MY BIND IP: ('localhost', 28000)
2024-11-12 13:36:25.888,system,INFO,VehicleSocket::connect_remote,Connecting ('localhost', 20000)...
2024-11-12 13:36:28.889,system,INFO,MY BIND IP: ('localhost', 28000)
2024-11-12 13:36:28.889,system,INFO,VehicleSocket::connect_remote,Connecting ('localhost', 20000)...
2024-11-12 13:36:31.891,system,INFO,MY BIND IP: ('localhost', 28000)
2024-11-12 13:36:31.893,system,INFO,VehicleSocket::connect_remote,Connecting ('localhost', 20000)...
2024-11-12 13:36:34.897,system,INFO,MY BIND IP: ('localhost', 28000)
2024-11-12 13:36:34.898,system,INFO,VehicleSocket::connect_remote,Connecting ('localhost', 20000)...
2024-11-12 13:36:37.900,system,INFO,MY BIND IP: ('localhost', 28000)
2024-11-12 13:36:37.901,system,INFO,VehicleSocket::connect_remote,Connecting ('localhost', 20000)...
2024-11-12 13:36:40.902,system,INFO,MY BIND IP: ('localhost', 28000)
2024-11-12 13:36:40.904,system,INFO,VehicleSocket::connect_remote,Connecting ('localhost', 20000)...
2024-11-12 13:36:43.906,system,INFO,MY BIND IP: ('localhost', 28000)
2024-11-12 13:36:43.907,system,INFO,VehicleSocket::connect_remote,Connecting ('localhost', 20000)...
2024-11-12 13:36:46.908,system,INFO,MY BIND IP: ('localhost', 28000)
2024-11-12 13:36:46.908,system,INFO,VehicleSocket::connect_remote,Connecting ('localhost', 20000)...
2024-11-12 13:36:49.911,system,INFO,MY BIND IP: ('localhost', 28000)
2024-11-12 13:36:49.911,system,INFO,VehicleSocket::connect_remote,Connecting ('localhost', 20000)...
2024-11-12 13:36:52.912,system,INFO,MY BIND IP: ('localhost', 28000)
2024-11-12 13:36:52.913,system,INFO,VehicleSocket::connect_remote,Connecting ('localhost', 20000)...
2024-11-12 13:36:55.914,system,INFO,MY BIND IP: ('localhost', 28000)
2024-11-12 13:36:55.914,system,INFO,VehicleSocket::connect_remote,Connecting ('localhost', 20000)...
2024-11-12 13:36:58.917,system,INFO,MY BIND IP: ('localhost', 28000)
2024-11-12 13:36:58.919,system,INFO,VehicleSocket::connect_remote,Connecting ('localhost', 20000)...
2024-11-12 13:37:01.923,system,INFO,MY BIND IP: ('localhost', 28000)
2024-11-12 13:37:01.923,system,INFO,VehicleSocket::connect_remote,Connecting ('localhost', 20000)...
2024-11-12 13:37:04.925,system,INFO,MY BIND IP: ('localhost', 28000)
2024-11-12 13:37:04.925,system,INFO,VehicleSocket::connect_remote,Connecting ('localhost', 20000)...
2024-11-12 13:37:07.928,system,INFO,MY BIND IP: ('localhost', 28000)
2024-11-12 13:37:07.928,system,INFO,VehicleSocket::connect_remote,Connecting ('localhost', 20000)...
2024-11-12 13:37:10.929,system,INFO,MY BIND IP: ('localhost', 28000)
2024-11-12 13:37:10.929,system,INFO,VehicleSocket::connect_remote,Connecting ('localhost', 20000)...
2024-11-12 13:37:13.930,system,INFO,MY BIND IP: ('localhost', 28000)
2024-11-12 13:37:13.930,system,INFO,VehicleSocket::connect_remote,Connecting ('localhost', 20000)...
2024-11-12 13:37:16.932,system,INFO,MY BIND IP: ('localhost', 28000)
2024-11-12 13:37:16.932,system,INFO,VehicleSocket::connect_remote,Connecting ('localhost', 20000)...
2024-11-12 13:37:19.934,system,INFO,MY BIND IP: ('localhost', 28000)
2024-11-12 13:37:19.936,system,INFO,VehicleSocket::connect_remote,Connecting ('localhost', 20000)...
2024-11-12 13:37:22.940,system,INFO,MY BIND IP: ('localhost', 28000)
2024-11-12 13:37:22.942,system,INFO,VehicleSocket::connect_remote,Connecting ('localhost', 20000)...
2024-11-12 13:37:25.946,system,INFO,MY BIND IP: ('localhost', 28000)
2024-11-12 13:37:25.948,system,INFO,VehicleSocket::connect_remote,Connecting ('localhost', 20000)...
2024-11-12 13:37:28.952,system,INFO,MY BIND IP: ('localhost', 28000)
2024-11-12 13:37:28.953,system,INFO,VehicleSocket::connect_remote,Connecting ('localhost', 20000)...
2024-11-12 13:37:31.956,system,INFO,MY BIND IP: ('localhost', 28000)
2024-11-12 13:37:31.957,system,INFO,VehicleSocket::connect_remote,Connecting ('localhost', 20000)...
2024-11-12 13:37:34.957,system,INFO,MY BIND IP: ('localhost', 28000)
2024-11-12 13:37:34.958,system,INFO,VehicleSocket::connect_remote,Connecting ('localhost', 20000)...
2024-11-12 13:37:34.972,system,INFO,VehicleSocket::connect_remote,Connected VehicleSocket socket.
