2024-10-14 13:59:05.770,system,INFO,Start rsu module.
2024-10-14 13:59:05.770,system,INFO,Run VehicleSocket modules process
2024-10-14 13:59:05.772,system,INFO,MY BIND IP: ('192.168.11.200', 63112)
2024-10-14 13:59:05.772,system,INFO,Run ObuSocket modules process
2024-10-14 13:59:05.772,system,INFO,Run MiddleWare Process.
2024-10-14 13:59:05.774,system,INFO,MY BIND IP: ('192.168.11.200', 63112)
2024-10-14 13:59:05.774,system,INFO,MY BIND IP: ('192.168.11.200', 63114)
2024-10-14 13:59:05.775,system,INFO,MY BIND IP: ('localhost', 28000)
2024-10-14 13:59:05.776,system,INFO,VehicleSocket::connect_remote,Connecting ('localhost', 20000)...
2024-10-14 13:59:05.777,system,INFO,VehicleSocket::connect_remote,Connected VehicleSocket socket.
2024-10-14 14:13:57.230,system,INFO,MY BIND IP: ('localhost', 28000)
2024-10-14 14:13:57.230,system,INFO,VehicleSocket::connect_remote,Connecting ('localhost', 20000)...
2024-10-14 14:14:00.232,system,INFO,MY BIND IP: ('localhost', 28000)
2024-10-14 14:14:00.232,system,INFO,VehicleSocket::connect_remote,Connecting ('localhost', 20000)...
2024-10-14 14:14:03.234,system,INFO,MY BIND IP: ('localhost', 28000)
2024-10-14 14:14:03.234,system,INFO,VehicleSocket::connect_remote,Connecting ('localhost', 20000)...
2024-10-14 14:14:06.235,system,INFO,MY BIND IP: ('localhost', 28000)
2024-10-14 14:14:06.235,system,INFO,VehicleSocket::connect_remote,Connecting ('localhost', 20000)...
2024-10-14 14:14:06.236,system,INFO,VehicleSocket::connect_remote,Connected VehicleSocket socket.
2024-10-14 14:16:36.308,system,INFO,MY BIND IP: ('localhost', 28000)
2024-10-14 14:16:36.308,system,INFO,VehicleSocket::connect_remote,Connecting ('localhost', 20000)...
2024-10-14 14:16:39.311,system,INFO,MY BIND IP: ('localhost', 28000)
2024-10-14 14:16:39.311,system,INFO,VehicleSocket::connect_remote,Connecting ('localhost', 20000)...
2024-10-14 14:16:42.313,system,INFO,MY BIND IP: ('localhost', 28000)
2024-10-14 14:16:42.313,system,INFO,VehicleSocket::connect_remote,Connecting ('localhost', 20000)...
2024-10-14 14:16:45.316,system,INFO,MY BIND IP: ('localhost', 28000)
2024-10-14 14:16:45.316,system,INFO,VehicleSocket::connect_remote,Connecting ('localhost', 20000)...
2024-10-14 14:16:48.318,system,INFO,MY BIND IP: ('localhost', 28000)
2024-10-14 14:16:48.318,system,INFO,VehicleSocket::connect_remote,Connecting ('localhost', 20000)...
2024-10-14 14:16:51.319,system,INFO,MY BIND IP: ('localhost', 28000)
2024-10-14 14:16:51.319,system,INFO,VehicleSocket::connect_remote,Connecting ('localhost', 20000)...
2024-10-14 14:16:54.322,system,INFO,MY BIND IP: ('localhost', 28000)
2024-10-14 14:16:54.323,system,INFO,VehicleSocket::connect_remote,Connecting ('localhost', 20000)...
2024-10-14 14:16:57.325,system,INFO,MY BIND IP: ('localhost', 28000)
2024-10-14 14:16:57.325,system,INFO,VehicleSocket::connect_remote,Connecting ('localhost', 20000)...
2024-10-14 14:17:00.328,system,INFO,MY BIND IP: ('localhost', 28000)
2024-10-14 14:17:00.328,system,INFO,VehicleSocket::connect_remote,Connecting ('localhost', 20000)...
2024-10-14 14:17:03.329,system,INFO,MY BIND IP: ('localhost', 28000)
2024-10-14 14:17:03.329,system,INFO,VehicleSocket::connect_remote,Connecting ('localhost', 20000)...
2024-10-14 14:17:06.331,system,INFO,MY BIND IP: ('localhost', 28000)
2024-10-14 14:17:06.331,system,INFO,VehicleSocket::connect_remote,Connecting ('localhost', 20000)...
2024-10-14 14:17:09.333,system,INFO,MY BIND IP: ('localhost', 28000)
2024-10-14 14:17:09.333,system,INFO,VehicleSocket::connect_remote,Connecting ('localhost', 20000)...
2024-10-14 14:17:12.336,system,INFO,MY BIND IP: ('localhost', 28000)
2024-10-14 14:17:12.336,system,INFO,VehicleSocket::connect_remote,Connecting ('localhost', 20000)...
2024-10-14 14:17:15.338,system,INFO,MY BIND IP: ('localhost', 28000)
2024-10-14 14:17:15.338,system,INFO,VehicleSocket::connect_remote,Connecting ('localhost', 20000)...
2024-10-14 14:17:18.340,system,INFO,MY BIND IP: ('localhost', 28000)
2024-10-14 14:17:18.341,system,INFO,VehicleSocket::connect_remote,Connecting ('localhost', 20000)...
2024-10-14 14:17:21.342,system,INFO,MY BIND IP: ('localhost', 28000)
2024-10-14 14:17:21.342,system,INFO,VehicleSocket::connect_remote,Connecting ('localhost', 20000)...
2024-10-14 14:17:24.344,system,INFO,MY BIND IP: ('localhost', 28000)
2024-10-14 14:17:24.344,system,INFO,VehicleSocket::connect_remote,Connecting ('localhost', 20000)...
2024-10-14 14:17:27.345,system,INFO,MY BIND IP: ('localhost', 28000)
2024-10-14 14:17:27.345,system,INFO,VehicleSocket::connect_remote,Connecting ('localhost', 20000)...
2024-10-14 14:17:30.347,system,INFO,MY BIND IP: ('localhost', 28000)
2024-10-14 14:17:30.347,system,INFO,VehicleSocket::connect_remote,Connecting ('localhost', 20000)...
2024-10-14 14:17:33.350,system,INFO,MY BIND IP: ('localhost', 28000)
2024-10-14 14:17:33.351,system,INFO,VehicleSocket::connect_remote,Connecting ('localhost', 20000)...
2024-10-14 14:17:36.352,system,INFO,MY BIND IP: ('localhost', 28000)
2024-10-14 14:17:36.352,system,INFO,VehicleSocket::connect_remote,Connecting ('localhost', 20000)...
2024-10-14 14:17:39.364,system,INFO,MY BIND IP: ('localhost', 28000)
2024-10-14 14:17:39.364,system,INFO,VehicleSocket::connect_remote,Connecting ('localhost', 20000)...
2024-10-14 14:17:42.366,system,INFO,MY BIND IP: ('localhost', 28000)
2024-10-14 14:17:42.367,system,INFO,VehicleSocket::connect_remote,Connecting ('localhost', 20000)...
2024-10-14 14:17:45.367,system,INFO,MY BIND IP: ('localhost', 28000)
2024-10-14 14:17:45.367,system,INFO,VehicleSocket::connect_remote,Connecting ('localhost', 20000)...
2024-10-14 14:17:48.370,system,INFO,MY BIND IP: ('localhost', 28000)
2024-10-14 14:17:48.370,system,INFO,VehicleSocket::connect_remote,Connecting ('localhost', 20000)...
2024-10-14 14:17:51.371,system,INFO,MY BIND IP: ('localhost', 28000)
2024-10-14 14:17:51.371,system,INFO,VehicleSocket::connect_remote,Connecting ('localhost', 20000)...
2024-10-14 14:17:54.374,system,INFO,MY BIND IP: ('localhost', 28000)
2024-10-14 14:17:54.374,system,INFO,VehicleSocket::connect_remote,Connecting ('localhost', 20000)...
2024-10-14 14:17:57.386,system,INFO,MY BIND IP: ('localhost', 28000)
2024-10-14 14:17:57.386,system,INFO,VehicleSocket::connect_remote,Connecting ('localhost', 20000)...
2024-10-14 14:18:00.388,system,INFO,MY BIND IP: ('localhost', 28000)
2024-10-14 14:18:00.389,system,INFO,VehicleSocket::connect_remote,Connecting ('localhost', 20000)...
2024-10-14 14:18:03.390,system,INFO,MY BIND IP: ('localhost', 28000)
2024-10-14 14:18:03.390,system,INFO,VehicleSocket::connect_remote,Connecting ('localhost', 20000)...
2024-10-14 14:18:06.393,system,INFO,MY BIND IP: ('localhost', 28000)
2024-10-14 14:18:06.393,system,INFO,VehicleSocket::connect_remote,Connecting ('localhost', 20000)...
2024-10-14 14:18:09.395,system,INFO,MY BIND IP: ('localhost', 28000)
2024-10-14 14:18:09.395,system,INFO,VehicleSocket::connect_remote,Connecting ('localhost', 20000)...
2024-10-14 14:18:12.397,system,INFO,MY BIND IP: ('localhost', 28000)
2024-10-14 14:18:12.397,system,INFO,VehicleSocket::connect_remote,Connecting ('localhost', 20000)...
2024-10-14 14:18:15.400,system,INFO,MY BIND IP: ('localhost', 28000)
2024-10-14 14:18:15.400,system,INFO,VehicleSocket::connect_remote,Connecting ('localhost', 20000)...
2024-10-14 14:18:18.402,system,INFO,MY BIND IP: ('localhost', 28000)
2024-10-14 14:18:18.402,system,INFO,VehicleSocket::connect_remote,Connecting ('localhost', 20000)...
2024-10-14 14:18:21.423,system,INFO,MY BIND IP: ('localhost', 28000)
2024-10-14 14:18:21.423,system,INFO,VehicleSocket::connect_remote,Connecting ('localhost', 20000)...
2024-10-14 14:18:24.426,system,INFO,MY BIND IP: ('localhost', 28000)
2024-10-14 14:18:24.426,system,INFO,VehicleSocket::connect_remote,Connecting ('localhost', 20000)...
2024-10-14 14:18:27.427,system,INFO,MY BIND IP: ('localhost', 28000)
2024-10-14 14:18:27.427,system,INFO,VehicleSocket::connect_remote,Connecting ('localhost', 20000)...
2024-10-14 14:18:30.430,system,INFO,MY BIND IP: ('localhost', 28000)
2024-10-14 14:18:30.430,system,INFO,VehicleSocket::connect_remote,Connecting ('localhost', 20000)...
2024-10-14 14:18:33.432,system,INFO,MY BIND IP: ('localhost', 28000)
2024-10-14 14:18:33.432,system,INFO,VehicleSocket::connect_remote,Connecting ('localhost', 20000)...
2024-10-14 14:18:36.445,system,INFO,MY BIND IP: ('localhost', 28000)
2024-10-14 14:18:36.445,system,INFO,VehicleSocket::connect_remote,Connecting ('localhost', 20000)...
2024-10-14 14:18:39.447,system,INFO,MY BIND IP: ('localhost', 28000)
2024-10-14 14:18:39.448,system,INFO,VehicleSocket::connect_remote,Connecting ('localhost', 20000)...
2024-10-14 14:18:42.449,system,INFO,MY BIND IP: ('localhost', 28000)
2024-10-14 14:18:42.449,system,INFO,VehicleSocket::connect_remote,Connecting ('localhost', 20000)...
2024-10-14 14:18:45.451,system,INFO,MY BIND IP: ('localhost', 28000)
2024-10-14 14:18:45.451,system,INFO,VehicleSocket::connect_remote,Connecting ('localhost', 20000)...
2024-10-14 14:18:48.453,system,INFO,MY BIND IP: ('localhost', 28000)
2024-10-14 14:18:48.453,system,INFO,VehicleSocket::connect_remote,Connecting ('localhost', 20000)...
2024-10-14 14:18:51.455,system,INFO,MY BIND IP: ('localhost', 28000)
2024-10-14 14:18:51.455,system,INFO,VehicleSocket::connect_remote,Connecting ('localhost', 20000)...
2024-10-14 14:18:54.457,system,INFO,MY BIND IP: ('localhost', 28000)
2024-10-14 14:18:54.457,system,INFO,VehicleSocket::connect_remote,Connecting ('localhost', 20000)...
2024-10-14 14:18:57.459,system,INFO,MY BIND IP: ('localhost', 28000)
2024-10-14 14:18:57.459,system,INFO,VehicleSocket::connect_remote,Connecting ('localhost', 20000)...
2024-10-14 14:19:00.461,system,INFO,MY BIND IP: ('localhost', 28000)
2024-10-14 14:19:00.461,system,INFO,VehicleSocket::connect_remote,Connecting ('localhost', 20000)...
2024-10-14 14:19:03.463,system,INFO,MY BIND IP: ('localhost', 28000)
2024-10-14 14:19:03.463,system,INFO,VehicleSocket::connect_remote,Connecting ('localhost', 20000)...
2024-10-14 14:19:06.465,system,INFO,MY BIND IP: ('localhost', 28000)
2024-10-14 14:19:06.466,system,INFO,VehicleSocket::connect_remote,Connecting ('localhost', 20000)...
2024-10-14 14:19:09.467,system,INFO,MY BIND IP: ('localhost', 28000)
2024-10-14 14:19:09.467,system,INFO,VehicleSocket::connect_remote,Connecting ('localhost', 20000)...
2024-10-14 14:19:12.469,system,INFO,MY BIND IP: ('localhost', 28000)
2024-10-14 14:19:12.469,system,INFO,VehicleSocket::connect_remote,Connecting ('localhost', 20000)...
2024-10-14 14:19:15.472,system,INFO,MY BIND IP: ('localhost', 28000)
2024-10-14 14:19:15.472,system,INFO,VehicleSocket::connect_remote,Connecting ('localhost', 20000)...
2024-10-14 14:19:18.474,system,INFO,MY BIND IP: ('localhost', 28000)
2024-10-14 14:19:18.474,system,INFO,VehicleSocket::connect_remote,Connecting ('localhost', 20000)...
2024-10-14 14:19:21.476,system,INFO,MY BIND IP: ('localhost', 28000)
2024-10-14 14:19:21.476,system,INFO,VehicleSocket::connect_remote,Connecting ('localhost', 20000)...
2024-10-14 14:19:24.478,system,INFO,MY BIND IP: ('localhost', 28000)
2024-10-14 14:19:24.478,system,INFO,VehicleSocket::connect_remote,Connecting ('localhost', 20000)...
2024-10-14 14:19:27.481,system,INFO,MY BIND IP: ('localhost', 28000)
2024-10-14 14:19:27.481,system,INFO,VehicleSocket::connect_remote,Connecting ('localhost', 20000)...
2024-10-14 14:19:30.483,system,INFO,MY BIND IP: ('localhost', 28000)
2024-10-14 14:19:30.484,system,INFO,VehicleSocket::connect_remote,Connecting ('localhost', 20000)...
2024-10-14 14:19:33.485,system,INFO,MY BIND IP: ('localhost', 28000)
2024-10-14 14:19:33.485,system,INFO,VehicleSocket::connect_remote,Connecting ('localhost', 20000)...
2024-10-14 14:19:36.488,system,INFO,MY BIND IP: ('localhost', 28000)
2024-10-14 14:19:36.489,system,INFO,VehicleSocket::connect_remote,Connecting ('localhost', 20000)...
2024-10-14 14:19:39.491,system,INFO,MY BIND IP: ('localhost', 28000)
2024-10-14 14:19:39.492,system,INFO,VehicleSocket::connect_remote,Connecting ('localhost', 20000)...
2024-10-14 14:19:42.494,system,INFO,MY BIND IP: ('localhost', 28000)
2024-10-14 14:19:42.494,system,INFO,VehicleSocket::connect_remote,Connecting ('localhost', 20000)...
2024-10-14 14:19:45.496,system,INFO,MY BIND IP: ('localhost', 28000)
2024-10-14 14:19:45.496,system,INFO,VehicleSocket::connect_remote,Connecting ('localhost', 20000)...
2024-10-14 14:19:48.497,system,INFO,MY BIND IP: ('localhost', 28000)
2024-10-14 14:19:48.497,system,INFO,VehicleSocket::connect_remote,Connecting ('localhost', 20000)...
2024-10-14 14:19:51.510,system,INFO,MY BIND IP: ('localhost', 28000)
2024-10-14 14:19:51.510,system,INFO,VehicleSocket::connect_remote,Connecting ('localhost', 20000)...
2024-10-14 14:19:54.512,system,INFO,MY BIND IP: ('localhost', 28000)
2024-10-14 14:19:54.512,system,INFO,VehicleSocket::connect_remote,Connecting ('localhost', 20000)...
2024-10-14 14:19:57.513,system,INFO,MY BIND IP: ('localhost', 28000)
2024-10-14 14:19:57.513,system,INFO,VehicleSocket::connect_remote,Connecting ('localhost', 20000)...
2024-10-14 14:20:00.516,system,INFO,MY BIND IP: ('localhost', 28000)
2024-10-14 14:20:00.516,system,INFO,VehicleSocket::connect_remote,Connecting ('localhost', 20000)...
2024-10-14 14:20:03.529,system,INFO,MY BIND IP: ('localhost', 28000)
2024-10-14 14:20:03.529,system,INFO,VehicleSocket::connect_remote,Connecting ('localhost', 20000)...
2024-10-14 14:20:06.531,system,INFO,MY BIND IP: ('localhost', 28000)
2024-10-14 14:20:06.531,system,INFO,VehicleSocket::connect_remote,Connecting ('localhost', 20000)...
2024-10-14 14:20:09.533,system,INFO,MY BIND IP: ('localhost', 28000)
2024-10-14 14:20:09.533,system,INFO,VehicleSocket::connect_remote,Connecting ('localhost', 20000)...
2024-10-14 14:20:12.536,system,INFO,MY BIND IP: ('localhost', 28000)
2024-10-14 14:20:12.536,system,INFO,VehicleSocket::connect_remote,Connecting ('localhost', 20000)...
2024-10-14 14:20:15.538,system,INFO,MY BIND IP: ('localhost', 28000)
2024-10-14 14:20:15.538,system,INFO,VehicleSocket::connect_remote,Connecting ('localhost', 20000)...
2024-10-14 14:20:18.539,system,INFO,MY BIND IP: ('localhost', 28000)
2024-10-14 14:20:18.539,system,INFO,VehicleSocket::connect_remote,Connecting ('localhost', 20000)...
2024-10-14 14:20:21.541,system,INFO,MY BIND IP: ('localhost', 28000)
2024-10-14 14:20:21.541,system,INFO,VehicleSocket::connect_remote,Connecting ('localhost', 20000)...
2024-10-14 14:20:24.543,system,INFO,MY BIND IP: ('localhost', 28000)
2024-10-14 14:20:24.543,system,INFO,VehicleSocket::connect_remote,Connecting ('localhost', 20000)...
2024-10-14 14:20:27.545,system,INFO,MY BIND IP: ('localhost', 28000)
2024-10-14 14:20:27.545,system,INFO,VehicleSocket::connect_remote,Connecting ('localhost', 20000)...
2024-10-14 14:20:30.547,system,INFO,MY BIND IP: ('localhost', 28000)
2024-10-14 14:20:30.547,system,INFO,VehicleSocket::connect_remote,Connecting ('localhost', 20000)...
2024-10-14 14:20:33.559,system,INFO,MY BIND IP: ('localhost', 28000)
2024-10-14 14:20:33.559,system,INFO,VehicleSocket::connect_remote,Connecting ('localhost', 20000)...
2024-10-14 14:20:36.561,system,INFO,MY BIND IP: ('localhost', 28000)
2024-10-14 14:20:36.561,system,INFO,VehicleSocket::connect_remote,Connecting ('localhost', 20000)...
2024-10-14 14:20:39.563,system,INFO,MY BIND IP: ('localhost', 28000)
2024-10-14 14:20:39.563,system,INFO,VehicleSocket::connect_remote,Connecting ('localhost', 20000)...
2024-10-14 14:20:42.565,system,INFO,MY BIND IP: ('localhost', 28000)
2024-10-14 14:20:42.565,system,INFO,VehicleSocket::connect_remote,Connecting ('localhost', 20000)...
2024-10-14 14:20:45.567,system,INFO,MY BIND IP: ('localhost', 28000)
2024-10-14 14:20:45.567,system,INFO,VehicleSocket::connect_remote,Connecting ('localhost', 20000)...
2024-10-14 14:20:48.569,system,INFO,MY BIND IP: ('localhost', 28000)
2024-10-14 14:20:48.569,system,INFO,VehicleSocket::connect_remote,Connecting ('localhost', 20000)...
2024-10-14 14:20:51.571,system,INFO,MY BIND IP: ('localhost', 28000)
2024-10-14 14:20:51.571,system,INFO,VehicleSocket::connect_remote,Connecting ('localhost', 20000)...
2024-10-14 14:20:54.572,system,INFO,MY BIND IP: ('localhost', 28000)
2024-10-14 14:20:54.572,system,INFO,VehicleSocket::connect_remote,Connecting ('localhost', 20000)...
2024-10-14 14:20:57.575,system,INFO,MY BIND IP: ('localhost', 28000)
2024-10-14 14:20:57.576,system,INFO,VehicleSocket::connect_remote,Connecting ('localhost', 20000)...
2024-10-14 14:21:00.578,system,INFO,MY BIND IP: ('localhost', 28000)
2024-10-14 14:21:00.578,system,INFO,VehicleSocket::connect_remote,Connecting ('localhost', 20000)...
2024-10-14 14:21:03.580,system,INFO,MY BIND IP: ('localhost', 28000)
2024-10-14 14:21:03.580,system,INFO,VehicleSocket::connect_remote,Connecting ('localhost', 20000)...
2024-10-14 14:21:06.582,system,INFO,MY BIND IP: ('localhost', 28000)
2024-10-14 14:21:06.582,system,INFO,VehicleSocket::connect_remote,Connecting ('localhost', 20000)...
2024-10-14 14:21:09.584,system,INFO,MY BIND IP: ('localhost', 28000)
2024-10-14 14:21:09.584,system,INFO,VehicleSocket::connect_remote,Connecting ('localhost', 20000)...
2024-10-14 14:21:12.585,system,INFO,MY BIND IP: ('localhost', 28000)
2024-10-14 14:21:12.585,system,INFO,VehicleSocket::connect_remote,Connecting ('localhost', 20000)...
2024-10-14 14:21:15.588,system,INFO,MY BIND IP: ('localhost', 28000)
2024-10-14 14:21:15.589,system,INFO,VehicleSocket::connect_remote,Connecting ('localhost', 20000)...
2024-10-14 14:21:18.590,system,INFO,MY BIND IP: ('localhost', 28000)
2024-10-14 14:21:18.591,system,INFO,VehicleSocket::connect_remote,Connecting ('localhost', 20000)...
2024-10-14 14:21:21.593,system,INFO,MY BIND IP: ('localhost', 28000)
2024-10-14 14:21:21.594,system,INFO,VehicleSocket::connect_remote,Connecting ('localhost', 20000)...
