2024-09-06 11:08:43.477,system,INFO,Start rsu module.
2024-09-06 11:08:43.477,system,INFO,Run VehicleSocket modules process
2024-09-06 11:08:43.478,system,INFO,MY BIND IP: ('192.168.11.200', 63112)
2024-09-06 11:08:43.478,system,INFO,Run ObuSocket modules process
2024-09-06 11:08:43.478,system,INFO,Run MiddleWare Process.
2024-09-06 11:08:43.479,system,INFO,MY BIND IP: ('192.168.11.200', 63112)
2024-09-06 11:08:43.480,system,INFO,MY BIND IP: ('192.168.11.200', 63114)
2024-09-06 11:08:43.480,system,INFO,MY BIND IP: ('localhost', 28000)
2024-09-06 11:08:43.481,system,INFO,VehicleSocket::connect_remote,Connecting ('localhost', 20000)...
2024-09-06 11:08:46.493,system,INFO,MY BIND IP: ('localhost', 28000)
2024-09-06 11:08:46.502,system,INFO,VehicleSocket::connect_remote,Connecting ('localhost', 20000)...
2024-09-06 11:08:49.503,system,INFO,MY BIND IP: ('localhost', 28000)
2024-09-06 11:08:49.503,system,INFO,VehicleSocket::connect_remote,Connecting ('localhost', 20000)...
2024-09-06 11:08:52.506,system,INFO,MY BIND IP: ('localhost', 28000)
2024-09-06 11:08:52.507,system,INFO,VehicleSocket::connect_remote,Connecting ('localhost', 20000)...
2024-09-06 11:08:55.508,system,INFO,MY BIND IP: ('localhost', 28000)
2024-09-06 11:08:55.509,system,INFO,VehicleSocket::connect_remote,Connecting ('localhost', 20000)...
2024-09-06 11:08:58.511,system,INFO,MY BIND IP: ('localhost', 28000)
2024-09-06 11:08:58.511,system,INFO,VehicleSocket::connect_remote,Connecting ('localhost', 20000)...
2024-09-06 11:09:01.513,system,INFO,MY BIND IP: ('localhost', 28000)
2024-09-06 11:09:01.513,system,INFO,VehicleSocket::connect_remote,Connecting ('localhost', 20000)...
2024-09-06 11:09:01.525,system,INFO,VehicleSocket::connect_remote,Connected VehicleSocket socket.
