2024-09-05 18:53:55.611,system,INFO,Start rsu module.
2024-09-05 18:53:55.611,system,INFO,Run VehicleSocket modules process
2024-09-05 18:53:55.613,system,INFO,MY BIND IP: ('192.168.11.200', 63112)
2024-09-05 18:53:55.613,system,INFO,Run ObuSocket modules process
2024-09-05 18:53:55.614,system,INFO,Run MiddleWare Process.
2024-09-05 18:53:55.615,system,INFO,MY BIND IP: ('192.168.11.200', 63112)
2024-09-05 18:53:55.615,system,INFO,MY BIND IP: ('192.168.11.200', 63114)
2024-09-05 18:53:55.616,system,INFO,MY BIND IP: ('localhost', 28000)
2024-09-05 18:53:55.616,system,INFO,VehicleSocket::connect_remote,Connecting ('localhost', 20000)...
2024-09-05 18:53:58.618,system,INFO,MY BIND IP: ('localhost', 28000)
2024-09-05 18:53:58.627,system,INFO,VehicleSocket::connect_remote,Connecting ('localhost', 20000)...
2024-09-05 18:54:01.628,system,INFO,MY BIND IP: ('localhost', 28000)
2024-09-05 18:54:01.628,system,INFO,VehicleSocket::connect_remote,Connecting ('localhost', 20000)...
2024-09-05 18:54:04.631,system,INFO,MY BIND IP: ('localhost', 28000)
2024-09-05 18:54:04.631,system,INFO,VehicleSocket::connect_remote,Connecting ('localhost', 20000)...
2024-09-05 18:54:07.633,system,INFO,MY BIND IP: ('localhost', 28000)
2024-09-05 18:54:07.633,system,INFO,VehicleSocket::connect_remote,Connecting ('localhost', 20000)...
2024-09-05 18:54:10.635,system,INFO,MY BIND IP: ('localhost', 28000)
2024-09-05 18:54:10.635,system,INFO,VehicleSocket::connect_remote,Connecting ('localhost', 20000)...
2024-09-05 18:54:13.647,system,INFO,MY BIND IP: ('localhost', 28000)
2024-09-05 18:54:13.647,system,INFO,VehicleSocket::connect_remote,Connecting ('localhost', 20000)...
2024-09-05 18:54:16.650,system,INFO,MY BIND IP: ('localhost', 28000)
2024-09-05 18:54:16.650,system,INFO,VehicleSocket::connect_remote,Connecting ('localhost', 20000)...
2024-09-05 18:54:19.652,system,INFO,MY BIND IP: ('localhost', 28000)
2024-09-05 18:54:19.652,system,INFO,VehicleSocket::connect_remote,Connecting ('localhost', 20000)...
2024-09-05 18:54:22.654,system,INFO,MY BIND IP: ('localhost', 28000)
2024-09-05 18:54:22.654,system,INFO,VehicleSocket::connect_remote,Connecting ('localhost', 20000)...
2024-09-05 18:54:25.658,system,INFO,MY BIND IP: ('localhost', 28000)
2024-09-05 18:54:25.658,system,INFO,VehicleSocket::connect_remote,Connecting ('localhost', 20000)...
2024-09-05 18:54:28.671,system,INFO,MY BIND IP: ('localhost', 28000)
2024-09-05 18:54:28.672,system,INFO,VehicleSocket::connect_remote,Connecting ('localhost', 20000)...
2024-09-05 18:54:31.673,system,INFO,MY BIND IP: ('localhost', 28000)
2024-09-05 18:54:31.674,system,INFO,VehicleSocket::connect_remote,Connecting ('localhost', 20000)...
2024-09-05 18:54:34.675,system,INFO,MY BIND IP: ('localhost', 28000)
2024-09-05 18:54:34.675,system,INFO,VehicleSocket::connect_remote,Connecting ('localhost', 20000)...
2024-09-05 18:54:37.677,system,INFO,MY BIND IP: ('localhost', 28000)
2024-09-05 18:54:37.677,system,INFO,VehicleSocket::connect_remote,Connecting ('localhost', 20000)...
2024-09-05 18:54:40.680,system,INFO,MY BIND IP: ('localhost', 28000)
2024-09-05 18:54:40.680,system,INFO,VehicleSocket::connect_remote,Connecting ('localhost', 20000)...
2024-09-05 18:54:40.691,system,INFO,VehicleSocket::connect_remote,Connected VehicleSocket socket.
2024-09-05 18:57:53.517,system,INFO,MY BIND IP: ('localhost', 28000)
2024-09-05 18:57:53.517,system,INFO,VehicleSocket::connect_remote,Connecting ('localhost', 20000)...
2024-09-05 18:57:56.519,system,INFO,MY BIND IP: ('localhost', 28000)
2024-09-05 18:57:56.519,system,INFO,VehicleSocket::connect_remote,Connecting ('localhost', 20000)...
2024-09-05 18:57:59.521,system,INFO,MY BIND IP: ('localhost', 28000)
2024-09-05 18:57:59.521,system,INFO,VehicleSocket::connect_remote,Connecting ('localhost', 20000)...
2024-09-05 18:58:02.524,system,INFO,MY BIND IP: ('localhost', 28000)
2024-09-05 18:58:02.524,system,INFO,VehicleSocket::connect_remote,Connecting ('localhost', 20000)...
2024-09-05 18:58:05.526,system,INFO,MY BIND IP: ('localhost', 28000)
2024-09-05 18:58:05.526,system,INFO,VehicleSocket::connect_remote,Connecting ('localhost', 20000)...
2024-09-05 18:58:08.529,system,INFO,MY BIND IP: ('localhost', 28000)
2024-09-05 18:58:08.530,system,INFO,VehicleSocket::connect_remote,Connecting ('localhost', 20000)...
2024-09-05 18:58:11.531,system,INFO,MY BIND IP: ('localhost', 28000)
2024-09-05 18:58:11.531,system,INFO,VehicleSocket::connect_remote,Connecting ('localhost', 20000)...
2024-09-05 18:58:14.534,system,INFO,MY BIND IP: ('localhost', 28000)
2024-09-05 18:58:14.534,system,INFO,VehicleSocket::connect_remote,Connecting ('localhost', 20000)...
2024-09-05 18:58:17.536,system,INFO,MY BIND IP: ('localhost', 28000)
2024-09-05 18:58:17.536,system,INFO,VehicleSocket::connect_remote,Connecting ('localhost', 20000)...
2024-09-05 18:58:20.538,system,INFO,MY BIND IP: ('localhost', 28000)
2024-09-05 18:58:20.538,system,INFO,VehicleSocket::connect_remote,Connecting ('localhost', 20000)...
2024-09-05 18:58:20.550,system,INFO,VehicleSocket::connect_remote,Connected VehicleSocket socket.
2024-09-05 18:58:56.773,system,INFO,MY BIND IP: ('localhost', 28000)
2024-09-05 18:58:56.774,system,INFO,VehicleSocket::connect_remote,Connecting ('localhost', 20000)...
2024-09-05 18:58:59.775,system,INFO,MY BIND IP: ('localhost', 28000)
2024-09-05 18:58:59.775,system,INFO,VehicleSocket::connect_remote,Connecting ('localhost', 20000)...
2024-09-05 18:59:02.778,system,INFO,MY BIND IP: ('localhost', 28000)
2024-09-05 18:59:02.779,system,INFO,VehicleSocket::connect_remote,Connecting ('localhost', 20000)...
2024-09-05 18:59:05.780,system,INFO,MY BIND IP: ('localhost', 28000)
2024-09-05 18:59:05.780,system,INFO,VehicleSocket::connect_remote,Connecting ('localhost', 20000)...
2024-09-05 18:59:08.782,system,INFO,MY BIND IP: ('localhost', 28000)
2024-09-05 18:59:08.783,system,INFO,VehicleSocket::connect_remote,Connecting ('localhost', 20000)...
2024-09-05 18:59:11.784,system,INFO,MY BIND IP: ('localhost', 28000)
2024-09-05 18:59:11.784,system,INFO,VehicleSocket::connect_remote,Connecting ('localhost', 20000)...
2024-09-05 18:59:14.787,system,INFO,MY BIND IP: ('localhost', 28000)
2024-09-05 18:59:14.787,system,INFO,VehicleSocket::connect_remote,Connecting ('localhost', 20000)...
2024-09-05 18:59:17.789,system,INFO,MY BIND IP: ('localhost', 28000)
2024-09-05 18:59:17.789,system,INFO,VehicleSocket::connect_remote,Connecting ('localhost', 20000)...
2024-09-05 18:59:20.791,system,INFO,MY BIND IP: ('localhost', 28000)
2024-09-05 18:59:20.791,system,INFO,VehicleSocket::connect_remote,Connecting ('localhost', 20000)...
2024-09-05 18:59:23.793,system,INFO,MY BIND IP: ('localhost', 28000)
2024-09-05 18:59:23.793,system,INFO,VehicleSocket::connect_remote,Connecting ('localhost', 20000)...
2024-09-05 18:59:26.795,system,INFO,MY BIND IP: ('localhost', 28000)
2024-09-05 18:59:26.796,system,INFO,VehicleSocket::connect_remote,Connecting ('localhost', 20000)...
2024-09-05 18:59:29.801,system,INFO,MY BIND IP: ('localhost', 28000)
2024-09-05 18:59:29.801,system,INFO,VehicleSocket::connect_remote,Connecting ('localhost', 20000)...
2024-09-05 18:59:32.803,system,INFO,MY BIND IP: ('localhost', 28000)
2024-09-05 18:59:32.803,system,INFO,VehicleSocket::connect_remote,Connecting ('localhost', 20000)...
2024-09-05 18:59:35.806,system,INFO,MY BIND IP: ('localhost', 28000)
2024-09-05 18:59:35.806,system,INFO,VehicleSocket::connect_remote,Connecting ('localhost', 20000)...
2024-09-05 18:59:38.808,system,INFO,MY BIND IP: ('localhost', 28000)
2024-09-05 18:59:38.809,system,INFO,VehicleSocket::connect_remote,Connecting ('localhost', 20000)...
2024-09-05 18:59:41.810,system,INFO,MY BIND IP: ('localhost', 28000)
2024-09-05 18:59:41.810,system,INFO,VehicleSocket::connect_remote,Connecting ('localhost', 20000)...
2024-09-05 18:59:44.812,system,INFO,MY BIND IP: ('localhost', 28000)
2024-09-05 18:59:44.812,system,INFO,VehicleSocket::connect_remote,Connecting ('localhost', 20000)...
2024-09-05 18:59:47.834,system,INFO,MY BIND IP: ('localhost', 28000)
2024-09-05 18:59:47.834,system,INFO,VehicleSocket::connect_remote,Connecting ('localhost', 20000)...
2024-09-05 18:59:50.836,system,INFO,MY BIND IP: ('localhost', 28000)
2024-09-05 18:59:50.836,system,INFO,VehicleSocket::connect_remote,Connecting ('localhost', 20000)...
2024-09-05 18:59:53.838,system,INFO,MY BIND IP: ('localhost', 28000)
2024-09-05 18:59:53.838,system,INFO,VehicleSocket::connect_remote,Connecting ('localhost', 20000)...
2024-09-05 18:59:56.841,system,INFO,MY BIND IP: ('localhost', 28000)
2024-09-05 18:59:56.841,system,INFO,VehicleSocket::connect_remote,Connecting ('localhost', 20000)...
2024-09-05 18:59:59.843,system,INFO,MY BIND IP: ('localhost', 28000)
2024-09-05 18:59:59.844,system,INFO,VehicleSocket::connect_remote,Connecting ('localhost', 20000)...
2024-09-05 19:00:02.846,system,INFO,MY BIND IP: ('localhost', 28000)
2024-09-05 19:00:02.846,system,INFO,VehicleSocket::connect_remote,Connecting ('localhost', 20000)...
2024-09-05 19:00:05.848,system,INFO,MY BIND IP: ('localhost', 28000)
2024-09-05 19:00:05.848,system,INFO,VehicleSocket::connect_remote,Connecting ('localhost', 20000)...
2024-09-05 19:00:08.850,system,INFO,MY BIND IP: ('localhost', 28000)
2024-09-05 19:00:08.850,system,INFO,VehicleSocket::connect_remote,Connecting ('localhost', 20000)...
2024-09-05 19:00:11.852,system,INFO,MY BIND IP: ('localhost', 28000)
2024-09-05 19:00:11.852,system,INFO,VehicleSocket::connect_remote,Connecting ('localhost', 20000)...
2024-09-05 19:00:14.855,system,INFO,MY BIND IP: ('localhost', 28000)
2024-09-05 19:00:14.855,system,INFO,VehicleSocket::connect_remote,Connecting ('localhost', 20000)...
2024-09-05 19:00:17.857,system,INFO,MY BIND IP: ('localhost', 28000)
2024-09-05 19:00:17.857,system,INFO,VehicleSocket::connect_remote,Connecting ('localhost', 20000)...
2024-09-05 19:00:20.860,system,INFO,MY BIND IP: ('localhost', 28000)
2024-09-05 19:00:20.860,system,INFO,VehicleSocket::connect_remote,Connecting ('localhost', 20000)...
