2024-09-09 11:27:58.840,system,INFO,Start rsu module.
2024-09-09 11:27:58.840,system,INFO,Run VehicleSocket modules process
2024-09-09 11:27:58.841,system,INFO,MY BIND IP: ('192.168.11.200', 63112)
2024-09-09 11:27:58.841,system,INFO,Run ObuSocket modules process
2024-09-09 11:27:58.841,system,INFO,Run MiddleWare Process.
2024-09-09 11:27:58.842,system,INFO,MY BIND IP: ('192.168.11.200', 63112)
2024-09-09 11:27:58.843,system,INFO,MY BIND IP: ('192.168.11.200', 63114)
2024-09-09 11:27:58.843,system,INFO,MY BIND IP: ('localhost', 28000)
2024-09-09 11:27:58.843,system,INFO,VehicleSocket::connect_remote,Connecting ('localhost', 20000)...
2024-09-09 11:27:58.844,system,INFO,VehicleSocket::connect_remote,Connected VehicleSocket socket.
2024-09-09 11:42:54.026,system,INFO,MY BIND IP: ('localhost', 28000)
2024-09-09 11:42:54.027,system,INFO,VehicleSocket::connect_remote,Connecting ('localhost', 20000)...
2024-09-09 11:42:57.029,system,INFO,MY BIND IP: ('localhost', 28000)
2024-09-09 11:42:57.029,system,INFO,VehicleSocket::connect_remote,Connecting ('localhost', 20000)...
2024-09-09 11:43:00.031,system,INFO,MY BIND IP: ('localhost', 28000)
2024-09-09 11:43:00.031,system,INFO,VehicleSocket::connect_remote,Connecting ('localhost', 20000)...
2024-09-09 11:43:03.032,system,INFO,MY BIND IP: ('localhost', 28000)
2024-09-09 11:43:03.032,system,INFO,VehicleSocket::connect_remote,Connecting ('localhost', 20000)...
2024-09-09 11:43:06.034,system,INFO,MY BIND IP: ('localhost', 28000)
2024-09-09 11:43:06.035,system,INFO,VehicleSocket::connect_remote,Connecting ('localhost', 20000)...
2024-09-09 11:43:09.036,system,INFO,MY BIND IP: ('localhost', 28000)
2024-09-09 11:43:09.037,system,INFO,VehicleSocket::connect_remote,Connecting ('localhost', 20000)...
2024-09-09 11:43:12.038,system,INFO,MY BIND IP: ('localhost', 28000)
2024-09-09 11:43:12.039,system,INFO,VehicleSocket::connect_remote,Connecting ('localhost', 20000)...
2024-09-09 11:43:15.041,system,INFO,MY BIND IP: ('localhost', 28000)
2024-09-09 11:43:15.042,system,INFO,VehicleSocket::connect_remote,Connecting ('localhost', 20000)...
2024-09-09 11:43:18.044,system,INFO,MY BIND IP: ('localhost', 28000)
2024-09-09 11:43:18.045,system,INFO,VehicleSocket::connect_remote,Connecting ('localhost', 20000)...
2024-09-09 11:43:21.054,system,INFO,MY BIND IP: ('localhost', 28000)
2024-09-09 11:43:21.054,system,INFO,VehicleSocket::connect_remote,Connecting ('localhost', 20000)...
2024-09-09 11:43:24.056,system,INFO,MY BIND IP: ('localhost', 28000)
2024-09-09 11:43:24.057,system,INFO,VehicleSocket::connect_remote,Connecting ('localhost', 20000)...
2024-09-09 11:43:27.058,system,INFO,MY BIND IP: ('localhost', 28000)
2024-09-09 11:43:27.059,system,INFO,VehicleSocket::connect_remote,Connecting ('localhost', 20000)...
2024-09-09 11:43:30.062,system,INFO,MY BIND IP: ('localhost', 28000)
2024-09-09 11:43:30.063,system,INFO,VehicleSocket::connect_remote,Connecting ('localhost', 20000)...
2024-09-09 11:43:33.065,system,INFO,MY BIND IP: ('localhost', 28000)
2024-09-09 11:43:33.066,system,INFO,VehicleSocket::connect_remote,Connecting ('localhost', 20000)...
2024-09-09 11:43:36.067,system,INFO,MY BIND IP: ('localhost', 28000)
2024-09-09 11:43:36.068,system,INFO,VehicleSocket::connect_remote,Connecting ('localhost', 20000)...
2024-09-09 11:43:39.071,system,INFO,MY BIND IP: ('localhost', 28000)
2024-09-09 11:43:39.072,system,INFO,VehicleSocket::connect_remote,Connecting ('localhost', 20000)...
2024-09-09 11:43:42.074,system,INFO,MY BIND IP: ('localhost', 28000)
2024-09-09 11:43:42.075,system,INFO,VehicleSocket::connect_remote,Connecting ('localhost', 20000)...
2024-09-09 11:43:45.077,system,INFO,MY BIND IP: ('localhost', 28000)
2024-09-09 11:43:45.078,system,INFO,VehicleSocket::connect_remote,Connecting ('localhost', 20000)...
2024-09-09 11:43:48.079,system,INFO,MY BIND IP: ('localhost', 28000)
2024-09-09 11:43:48.081,system,INFO,VehicleSocket::connect_remote,Connecting ('localhost', 20000)...
2024-09-09 11:43:51.083,system,INFO,MY BIND IP: ('localhost', 28000)
2024-09-09 11:43:51.084,system,INFO,VehicleSocket::connect_remote,Connecting ('localhost', 20000)...
2024-09-09 11:43:54.085,system,INFO,MY BIND IP: ('localhost', 28000)
2024-09-09 11:43:54.085,system,INFO,VehicleSocket::connect_remote,Connecting ('localhost', 20000)...
2024-09-09 11:43:57.086,system,INFO,MY BIND IP: ('localhost', 28000)
2024-09-09 11:43:57.087,system,INFO,VehicleSocket::connect_remote,Connecting ('localhost', 20000)...
2024-09-09 11:44:00.088,system,INFO,MY BIND IP: ('localhost', 28000)
2024-09-09 11:44:00.089,system,INFO,VehicleSocket::connect_remote,Connecting ('localhost', 20000)...
2024-09-09 11:44:03.090,system,INFO,MY BIND IP: ('localhost', 28000)
2024-09-09 11:44:03.091,system,INFO,VehicleSocket::connect_remote,Connecting ('localhost', 20000)...
2024-09-09 11:44:06.093,system,INFO,MY BIND IP: ('localhost', 28000)
2024-09-09 11:44:06.093,system,INFO,VehicleSocket::connect_remote,Connecting ('localhost', 20000)...
2024-09-09 11:44:09.095,system,INFO,MY BIND IP: ('localhost', 28000)
2024-09-09 11:44:09.096,system,INFO,VehicleSocket::connect_remote,Connecting ('localhost', 20000)...
2024-09-09 11:44:12.099,system,INFO,MY BIND IP: ('localhost', 28000)
2024-09-09 11:44:12.100,system,INFO,VehicleSocket::connect_remote,Connecting ('localhost', 20000)...
2024-09-09 11:44:15.101,system,INFO,MY BIND IP: ('localhost', 28000)
2024-09-09 11:44:15.101,system,INFO,VehicleSocket::connect_remote,Connecting ('localhost', 20000)...
2024-09-09 11:44:18.104,system,INFO,MY BIND IP: ('localhost', 28000)
2024-09-09 11:44:18.104,system,INFO,VehicleSocket::connect_remote,Connecting ('localhost', 20000)...
2024-09-09 11:44:21.106,system,INFO,MY BIND IP: ('localhost', 28000)
2024-09-09 11:44:21.106,system,INFO,VehicleSocket::connect_remote,Connecting ('localhost', 20000)...
2024-09-09 11:44:24.108,system,INFO,MY BIND IP: ('localhost', 28000)
2024-09-09 11:44:24.109,system,INFO,VehicleSocket::connect_remote,Connecting ('localhost', 20000)...
2024-09-09 11:44:27.109,system,INFO,MY BIND IP: ('localhost', 28000)
2024-09-09 11:44:27.109,system,INFO,VehicleSocket::connect_remote,Connecting ('localhost', 20000)...
2024-09-09 11:44:30.111,system,INFO,MY BIND IP: ('localhost', 28000)
2024-09-09 11:44:30.112,system,INFO,VehicleSocket::connect_remote,Connecting ('localhost', 20000)...
2024-09-09 11:44:33.113,system,INFO,MY BIND IP: ('localhost', 28000)
2024-09-09 11:44:33.113,system,INFO,VehicleSocket::connect_remote,Connecting ('localhost', 20000)...
2024-09-09 11:44:36.115,system,INFO,MY BIND IP: ('localhost', 28000)
2024-09-09 11:44:36.116,system,INFO,VehicleSocket::connect_remote,Connecting ('localhost', 20000)...
2024-09-09 11:44:39.117,system,INFO,MY BIND IP: ('localhost', 28000)
2024-09-09 11:44:39.118,system,INFO,VehicleSocket::connect_remote,Connecting ('localhost', 20000)...
2024-09-09 11:44:42.119,system,INFO,MY BIND IP: ('localhost', 28000)
2024-09-09 11:44:42.120,system,INFO,VehicleSocket::connect_remote,Connecting ('localhost', 20000)...
2024-09-09 11:44:45.122,system,INFO,MY BIND IP: ('localhost', 28000)
2024-09-09 11:44:45.122,system,INFO,VehicleSocket::connect_remote,Connecting ('localhost', 20000)...
2024-09-09 11:44:48.124,system,INFO,MY BIND IP: ('localhost', 28000)
2024-09-09 11:44:48.125,system,INFO,VehicleSocket::connect_remote,Connecting ('localhost', 20000)...
2024-09-09 11:44:51.126,system,INFO,MY BIND IP: ('localhost', 28000)
2024-09-09 11:44:51.127,system,INFO,VehicleSocket::connect_remote,Connecting ('localhost', 20000)...
2024-09-09 11:44:54.129,system,INFO,MY BIND IP: ('localhost', 28000)
2024-09-09 11:44:54.130,system,INFO,VehicleSocket::connect_remote,Connecting ('localhost', 20000)...
2024-09-09 11:44:57.131,system,INFO,MY BIND IP: ('localhost', 28000)
2024-09-09 11:44:57.131,system,INFO,VehicleSocket::connect_remote,Connecting ('localhost', 20000)...
2024-09-09 11:45:00.133,system,INFO,MY BIND IP: ('localhost', 28000)
2024-09-09 11:45:00.134,system,INFO,VehicleSocket::connect_remote,Connecting ('localhost', 20000)...
2024-09-09 11:45:03.135,system,INFO,MY BIND IP: ('localhost', 28000)
2024-09-09 11:45:03.135,system,INFO,VehicleSocket::connect_remote,Connecting ('localhost', 20000)...
2024-09-09 11:45:06.139,system,INFO,MY BIND IP: ('localhost', 28000)
2024-09-09 11:45:06.140,system,INFO,VehicleSocket::connect_remote,Connecting ('localhost', 20000)...
2024-09-09 11:45:09.141,system,INFO,MY BIND IP: ('localhost', 28000)
2024-09-09 11:45:09.142,system,INFO,VehicleSocket::connect_remote,Connecting ('localhost', 20000)...
2024-09-09 11:45:12.143,system,INFO,MY BIND IP: ('localhost', 28000)
2024-09-09 11:45:12.144,system,INFO,VehicleSocket::connect_remote,Connecting ('localhost', 20000)...
2024-09-09 11:45:15.146,system,INFO,MY BIND IP: ('localhost', 28000)
2024-09-09 11:45:15.147,system,INFO,VehicleSocket::connect_remote,Connecting ('localhost', 20000)...
2024-09-09 11:45:18.148,system,INFO,MY BIND IP: ('localhost', 28000)
2024-09-09 11:45:18.149,system,INFO,VehicleSocket::connect_remote,Connecting ('localhost', 20000)...
2024-09-09 11:45:21.151,system,INFO,MY BIND IP: ('localhost', 28000)
2024-09-09 11:45:21.152,system,INFO,VehicleSocket::connect_remote,Connecting ('localhost', 20000)...
2024-09-09 11:45:24.155,system,INFO,MY BIND IP: ('localhost', 28000)
2024-09-09 11:45:24.156,system,INFO,VehicleSocket::connect_remote,Connecting ('localhost', 20000)...
2024-09-09 11:45:27.158,system,INFO,MY BIND IP: ('localhost', 28000)
2024-09-09 11:45:27.159,system,INFO,VehicleSocket::connect_remote,Connecting ('localhost', 20000)...
2024-09-09 11:45:30.161,system,INFO,MY BIND IP: ('localhost', 28000)
2024-09-09 11:45:30.162,system,INFO,VehicleSocket::connect_remote,Connecting ('localhost', 20000)...
2024-09-09 11:45:33.163,system,INFO,MY BIND IP: ('localhost', 28000)
2024-09-09 11:45:33.164,system,INFO,VehicleSocket::connect_remote,Connecting ('localhost', 20000)...
2024-09-09 11:45:36.165,system,INFO,MY BIND IP: ('localhost', 28000)
2024-09-09 11:45:36.166,system,INFO,VehicleSocket::connect_remote,Connecting ('localhost', 20000)...
2024-09-09 11:45:39.170,system,INFO,MY BIND IP: ('localhost', 28000)
2024-09-09 11:45:39.171,system,INFO,VehicleSocket::connect_remote,Connecting ('localhost', 20000)...
2024-09-09 11:45:42.173,system,INFO,MY BIND IP: ('localhost', 28000)
2024-09-09 11:45:42.174,system,INFO,VehicleSocket::connect_remote,Connecting ('localhost', 20000)...
2024-09-09 11:45:45.175,system,INFO,MY BIND IP: ('localhost', 28000)
2024-09-09 11:45:45.176,system,INFO,VehicleSocket::connect_remote,Connecting ('localhost', 20000)...
2024-09-09 11:45:48.177,system,INFO,MY BIND IP: ('localhost', 28000)
2024-09-09 11:45:48.178,system,INFO,VehicleSocket::connect_remote,Connecting ('localhost', 20000)...
2024-09-09 11:45:51.180,system,INFO,MY BIND IP: ('localhost', 28000)
2024-09-09 11:45:51.181,system,INFO,VehicleSocket::connect_remote,Connecting ('localhost', 20000)...
2024-09-09 11:45:54.182,system,INFO,MY BIND IP: ('localhost', 28000)
2024-09-09 11:45:54.182,system,INFO,VehicleSocket::connect_remote,Connecting ('localhost', 20000)...
2024-09-09 11:45:57.185,system,INFO,MY BIND IP: ('localhost', 28000)
2024-09-09 11:45:57.185,system,INFO,VehicleSocket::connect_remote,Connecting ('localhost', 20000)...
2024-09-09 11:46:00.187,system,INFO,MY BIND IP: ('localhost', 28000)
2024-09-09 11:46:00.188,system,INFO,VehicleSocket::connect_remote,Connecting ('localhost', 20000)...
2024-09-09 11:46:03.190,system,INFO,MY BIND IP: ('localhost', 28000)
2024-09-09 11:46:03.190,system,INFO,VehicleSocket::connect_remote,Connecting ('localhost', 20000)...
2024-09-09 11:46:06.192,system,INFO,MY BIND IP: ('localhost', 28000)
2024-09-09 11:46:06.192,system,INFO,VehicleSocket::connect_remote,Connecting ('localhost', 20000)...
2024-09-09 11:46:09.195,system,INFO,MY BIND IP: ('localhost', 28000)
2024-09-09 11:46:09.196,system,INFO,VehicleSocket::connect_remote,Connecting ('localhost', 20000)...
2024-09-09 11:46:12.197,system,INFO,MY BIND IP: ('localhost', 28000)
2024-09-09 11:46:12.198,system,INFO,VehicleSocket::connect_remote,Connecting ('localhost', 20000)...
2024-09-09 11:46:15.200,system,INFO,MY BIND IP: ('localhost', 28000)
2024-09-09 11:46:15.201,system,INFO,VehicleSocket::connect_remote,Connecting ('localhost', 20000)...
2024-09-09 11:46:18.202,system,INFO,MY BIND IP: ('localhost', 28000)
2024-09-09 11:46:18.203,system,INFO,VehicleSocket::connect_remote,Connecting ('localhost', 20000)...
2024-09-09 11:46:21.204,system,INFO,MY BIND IP: ('localhost', 28000)
2024-09-09 11:46:21.204,system,INFO,VehicleSocket::connect_remote,Connecting ('localhost', 20000)...
2024-09-09 11:46:24.207,system,INFO,MY BIND IP: ('localhost', 28000)
2024-09-09 11:46:24.208,system,INFO,VehicleSocket::connect_remote,Connecting ('localhost', 20000)...
2024-09-09 11:46:27.209,system,INFO,MY BIND IP: ('localhost', 28000)
2024-09-09 11:46:27.209,system,INFO,VehicleSocket::connect_remote,Connecting ('localhost', 20000)...
2024-09-09 11:46:30.211,system,INFO,MY BIND IP: ('localhost', 28000)
2024-09-09 11:46:30.212,system,INFO,VehicleSocket::connect_remote,Connecting ('localhost', 20000)...
2024-09-09 11:46:33.214,system,INFO,MY BIND IP: ('localhost', 28000)
2024-09-09 11:46:33.214,system,INFO,VehicleSocket::connect_remote,Connecting ('localhost', 20000)...
2024-09-09 11:46:36.216,system,INFO,MY BIND IP: ('localhost', 28000)
2024-09-09 11:46:36.217,system,INFO,VehicleSocket::connect_remote,Connecting ('localhost', 20000)...
2024-09-09 11:46:39.220,system,INFO,MY BIND IP: ('localhost', 28000)
2024-09-09 11:46:39.221,system,INFO,VehicleSocket::connect_remote,Connecting ('localhost', 20000)...
2024-09-09 11:46:42.221,system,INFO,MY BIND IP: ('localhost', 28000)
2024-09-09 11:46:42.222,system,INFO,VehicleSocket::connect_remote,Connecting ('localhost', 20000)...
2024-09-09 11:46:45.224,system,INFO,MY BIND IP: ('localhost', 28000)
2024-09-09 11:46:45.225,system,INFO,VehicleSocket::connect_remote,Connecting ('localhost', 20000)...
2024-09-09 11:46:48.226,system,INFO,MY BIND IP: ('localhost', 28000)
2024-09-09 11:46:48.227,system,INFO,VehicleSocket::connect_remote,Connecting ('localhost', 20000)...
2024-09-09 11:46:51.234,system,INFO,MY BIND IP: ('localhost', 28000)
2024-09-09 11:46:51.235,system,INFO,VehicleSocket::connect_remote,Connecting ('localhost', 20000)...
2024-09-09 11:46:54.236,system,INFO,MY BIND IP: ('localhost', 28000)
2024-09-09 11:46:54.237,system,INFO,VehicleSocket::connect_remote,Connecting ('localhost', 20000)...
2024-09-09 11:46:57.237,system,INFO,MY BIND IP: ('localhost', 28000)
2024-09-09 11:46:57.237,system,INFO,VehicleSocket::connect_remote,Connecting ('localhost', 20000)...
2024-09-09 11:47:00.239,system,INFO,MY BIND IP: ('localhost', 28000)
2024-09-09 11:47:00.240,system,INFO,VehicleSocket::connect_remote,Connecting ('localhost', 20000)...
2024-09-09 11:47:03.241,system,INFO,MY BIND IP: ('localhost', 28000)
2024-09-09 11:47:03.241,system,INFO,VehicleSocket::connect_remote,Connecting ('localhost', 20000)...
2024-09-09 11:47:06.244,system,INFO,MY BIND IP: ('localhost', 28000)
2024-09-09 11:47:06.245,system,INFO,VehicleSocket::connect_remote,Connecting ('localhost', 20000)...
2024-09-09 11:47:09.246,system,INFO,MY BIND IP: ('localhost', 28000)
2024-09-09 11:47:09.247,system,INFO,VehicleSocket::connect_remote,Connecting ('localhost', 20000)...
2024-09-09 11:47:12.248,system,INFO,MY BIND IP: ('localhost', 28000)
2024-09-09 11:47:12.249,system,INFO,VehicleSocket::connect_remote,Connecting ('localhost', 20000)...
2024-09-09 11:47:15.251,system,INFO,MY BIND IP: ('localhost', 28000)
2024-09-09 11:47:15.252,system,INFO,VehicleSocket::connect_remote,Connecting ('localhost', 20000)...
2024-09-09 11:47:18.253,system,INFO,MY BIND IP: ('localhost', 28000)
2024-09-09 11:47:18.254,system,INFO,VehicleSocket::connect_remote,Connecting ('localhost', 20000)...
2024-09-09 11:47:21.255,system,INFO,MY BIND IP: ('localhost', 28000)
2024-09-09 11:47:21.256,system,INFO,VehicleSocket::connect_remote,Connecting ('localhost', 20000)...
2024-09-09 11:47:24.257,system,INFO,MY BIND IP: ('localhost', 28000)
2024-09-09 11:47:24.258,system,INFO,VehicleSocket::connect_remote,Connecting ('localhost', 20000)...
2024-09-09 11:47:27.260,system,INFO,MY BIND IP: ('localhost', 28000)
2024-09-09 11:47:27.261,system,INFO,VehicleSocket::connect_remote,Connecting ('localhost', 20000)...
2024-09-09 11:47:30.263,system,INFO,MY BIND IP: ('localhost', 28000)
2024-09-09 11:47:30.264,system,INFO,VehicleSocket::connect_remote,Connecting ('localhost', 20000)...
2024-09-09 11:47:33.265,system,INFO,MY BIND IP: ('localhost', 28000)
2024-09-09 11:47:33.265,system,INFO,VehicleSocket::connect_remote,Connecting ('localhost', 20000)...
2024-09-09 11:47:36.267,system,INFO,MY BIND IP: ('localhost', 28000)
2024-09-09 11:47:36.268,system,INFO,VehicleSocket::connect_remote,Connecting ('localhost', 20000)...
2024-09-09 11:47:39.269,system,INFO,MY BIND IP: ('localhost', 28000)
2024-09-09 11:47:39.269,system,INFO,VehicleSocket::connect_remote,Connecting ('localhost', 20000)...
2024-09-09 11:47:42.271,system,INFO,MY BIND IP: ('localhost', 28000)
2024-09-09 11:47:42.272,system,INFO,VehicleSocket::connect_remote,Connecting ('localhost', 20000)...
2024-09-09 11:47:45.273,system,INFO,MY BIND IP: ('localhost', 28000)
2024-09-09 11:47:45.274,system,INFO,VehicleSocket::connect_remote,Connecting ('localhost', 20000)...
2024-09-09 11:47:48.275,system,INFO,MY BIND IP: ('localhost', 28000)
2024-09-09 11:47:48.276,system,INFO,VehicleSocket::connect_remote,Connecting ('localhost', 20000)...
2024-09-09 11:47:51.278,system,INFO,MY BIND IP: ('localhost', 28000)
2024-09-09 11:47:51.279,system,INFO,VehicleSocket::connect_remote,Connecting ('localhost', 20000)...
2024-09-09 11:47:54.279,system,INFO,MY BIND IP: ('localhost', 28000)
2024-09-09 11:47:54.280,system,INFO,VehicleSocket::connect_remote,Connecting ('localhost', 20000)...
2024-09-09 11:47:57.282,system,INFO,MY BIND IP: ('localhost', 28000)
2024-09-09 11:47:57.283,system,INFO,VehicleSocket::connect_remote,Connecting ('localhost', 20000)...
2024-09-09 11:48:00.284,system,INFO,MY BIND IP: ('localhost', 28000)
2024-09-09 11:48:00.285,system,INFO,VehicleSocket::connect_remote,Connecting ('localhost', 20000)...
2024-09-09 11:48:03.287,system,INFO,MY BIND IP: ('localhost', 28000)
2024-09-09 11:48:03.288,system,INFO,VehicleSocket::connect_remote,Connecting ('localhost', 20000)...
2024-09-09 11:48:06.289,system,INFO,MY BIND IP: ('localhost', 28000)
2024-09-09 11:48:06.290,system,INFO,VehicleSocket::connect_remote,Connecting ('localhost', 20000)...
2024-09-09 11:48:09.292,system,INFO,MY BIND IP: ('localhost', 28000)
2024-09-09 11:48:09.293,system,INFO,VehicleSocket::connect_remote,Connecting ('localhost', 20000)...
2024-09-09 11:48:12.295,system,INFO,MY BIND IP: ('localhost', 28000)
2024-09-09 11:48:12.296,system,INFO,VehicleSocket::connect_remote,Connecting ('localhost', 20000)...
2024-09-09 11:48:15.298,system,INFO,MY BIND IP: ('localhost', 28000)
2024-09-09 11:48:15.299,system,INFO,VehicleSocket::connect_remote,Connecting ('localhost', 20000)...
2024-09-09 11:48:18.300,system,INFO,MY BIND IP: ('localhost', 28000)
2024-09-09 11:48:18.301,system,INFO,VehicleSocket::connect_remote,Connecting ('localhost', 20000)...
2024-09-09 11:48:21.303,system,INFO,MY BIND IP: ('localhost', 28000)
2024-09-09 11:48:21.304,system,INFO,VehicleSocket::connect_remote,Connecting ('localhost', 20000)...
2024-09-09 11:48:24.305,system,INFO,MY BIND IP: ('localhost', 28000)
2024-09-09 11:48:24.306,system,INFO,VehicleSocket::connect_remote,Connecting ('localhost', 20000)...
2024-09-09 11:48:27.307,system,INFO,MY BIND IP: ('localhost', 28000)
2024-09-09 11:48:27.307,system,INFO,VehicleSocket::connect_remote,Connecting ('localhost', 20000)...
2024-09-09 11:48:30.310,system,INFO,MY BIND IP: ('localhost', 28000)
2024-09-09 11:48:30.311,system,INFO,VehicleSocket::connect_remote,Connecting ('localhost', 20000)...
2024-09-09 11:48:33.311,system,INFO,MY BIND IP: ('localhost', 28000)
2024-09-09 11:48:33.311,system,INFO,VehicleSocket::connect_remote,Connecting ('localhost', 20000)...
2024-09-09 11:48:36.314,system,INFO,MY BIND IP: ('localhost', 28000)
2024-09-09 11:48:36.315,system,INFO,VehicleSocket::connect_remote,Connecting ('localhost', 20000)...
2024-09-09 11:48:39.316,system,INFO,MY BIND IP: ('localhost', 28000)
2024-09-09 11:48:39.316,system,INFO,VehicleSocket::connect_remote,Connecting ('localhost', 20000)...
2024-09-09 11:48:42.318,system,INFO,MY BIND IP: ('localhost', 28000)
2024-09-09 11:48:42.319,system,INFO,VehicleSocket::connect_remote,Connecting ('localhost', 20000)...
2024-09-09 11:48:45.321,system,INFO,MY BIND IP: ('localhost', 28000)
2024-09-09 11:48:45.321,system,INFO,VehicleSocket::connect_remote,Connecting ('localhost', 20000)...
2024-09-09 11:48:48.324,system,INFO,MY BIND IP: ('localhost', 28000)
2024-09-09 11:48:48.325,system,INFO,VehicleSocket::connect_remote,Connecting ('localhost', 20000)...
2024-09-09 11:48:51.325,system,INFO,MY BIND IP: ('localhost', 28000)
2024-09-09 11:48:51.326,system,INFO,VehicleSocket::connect_remote,Connecting ('localhost', 20000)...
2024-09-09 11:48:54.327,system,INFO,MY BIND IP: ('localhost', 28000)
2024-09-09 11:48:54.329,system,INFO,VehicleSocket::connect_remote,Connecting ('localhost', 20000)...
2024-09-09 11:48:57.331,system,INFO,MY BIND IP: ('localhost', 28000)
2024-09-09 11:48:57.331,system,INFO,VehicleSocket::connect_remote,Connecting ('localhost', 20000)...
2024-09-09 11:49:00.334,system,INFO,MY BIND IP: ('localhost', 28000)
2024-09-09 11:49:00.334,system,INFO,VehicleSocket::connect_remote,Connecting ('localhost', 20000)...
2024-09-09 11:49:03.336,system,INFO,MY BIND IP: ('localhost', 28000)
2024-09-09 11:49:03.336,system,INFO,VehicleSocket::connect_remote,Connecting ('localhost', 20000)...
2024-09-09 11:49:06.338,system,INFO,MY BIND IP: ('localhost', 28000)
2024-09-09 11:49:06.339,system,INFO,VehicleSocket::connect_remote,Connecting ('localhost', 20000)...
2024-09-09 11:49:09.341,system,INFO,MY BIND IP: ('localhost', 28000)
2024-09-09 11:49:09.342,system,INFO,VehicleSocket::connect_remote,Connecting ('localhost', 20000)...
2024-09-09 11:49:12.342,system,INFO,MY BIND IP: ('localhost', 28000)
2024-09-09 11:49:12.343,system,INFO,VehicleSocket::connect_remote,Connecting ('localhost', 20000)...
2024-09-09 11:49:15.345,system,INFO,MY BIND IP: ('localhost', 28000)
2024-09-09 11:49:15.346,system,INFO,VehicleSocket::connect_remote,Connecting ('localhost', 20000)...
2024-09-09 11:49:18.348,system,INFO,MY BIND IP: ('localhost', 28000)
2024-09-09 11:49:18.349,system,INFO,VehicleSocket::connect_remote,Connecting ('localhost', 20000)...
2024-09-09 11:49:21.350,system,INFO,MY BIND IP: ('localhost', 28000)
2024-09-09 11:49:21.351,system,INFO,VehicleSocket::connect_remote,Connecting ('localhost', 20000)...
2024-09-09 11:49:24.352,system,INFO,MY BIND IP: ('localhost', 28000)
2024-09-09 11:49:24.353,system,INFO,VehicleSocket::connect_remote,Connecting ('localhost', 20000)...
2024-09-09 11:49:27.354,system,INFO,MY BIND IP: ('localhost', 28000)
2024-09-09 11:49:27.355,system,INFO,VehicleSocket::connect_remote,Connecting ('localhost', 20000)...
2024-09-09 11:49:30.357,system,INFO,MY BIND IP: ('localhost', 28000)
2024-09-09 11:49:30.358,system,INFO,VehicleSocket::connect_remote,Connecting ('localhost', 20000)...
2024-09-09 11:49:33.359,system,INFO,MY BIND IP: ('localhost', 28000)
2024-09-09 11:49:33.360,system,INFO,VehicleSocket::connect_remote,Connecting ('localhost', 20000)...
2024-09-09 11:49:36.362,system,INFO,MY BIND IP: ('localhost', 28000)
2024-09-09 11:49:36.363,system,INFO,VehicleSocket::connect_remote,Connecting ('localhost', 20000)...
2024-09-09 11:49:39.364,system,INFO,MY BIND IP: ('localhost', 28000)
2024-09-09 11:49:39.365,system,INFO,VehicleSocket::connect_remote,Connecting ('localhost', 20000)...
2024-09-09 11:49:42.366,system,INFO,MY BIND IP: ('localhost', 28000)
2024-09-09 11:49:42.367,system,INFO,VehicleSocket::connect_remote,Connecting ('localhost', 20000)...
2024-09-09 11:49:45.368,system,INFO,MY BIND IP: ('localhost', 28000)
2024-09-09 11:49:45.369,system,INFO,VehicleSocket::connect_remote,Connecting ('localhost', 20000)...
2024-09-09 11:49:48.370,system,INFO,MY BIND IP: ('localhost', 28000)
2024-09-09 11:49:48.371,system,INFO,VehicleSocket::connect_remote,Connecting ('localhost', 20000)...
2024-09-09 11:49:51.372,system,INFO,MY BIND IP: ('localhost', 28000)
2024-09-09 11:49:51.373,system,INFO,VehicleSocket::connect_remote,Connecting ('localhost', 20000)...
2024-09-09 11:49:54.375,system,INFO,MY BIND IP: ('localhost', 28000)
2024-09-09 11:49:54.376,system,INFO,VehicleSocket::connect_remote,Connecting ('localhost', 20000)...
2024-09-09 11:49:57.378,system,INFO,MY BIND IP: ('localhost', 28000)
2024-09-09 11:49:57.379,system,INFO,VehicleSocket::connect_remote,Connecting ('localhost', 20000)...
2024-09-09 11:50:00.380,system,INFO,MY BIND IP: ('localhost', 28000)
2024-09-09 11:50:00.381,system,INFO,VehicleSocket::connect_remote,Connecting ('localhost', 20000)...
2024-09-09 11:50:03.383,system,INFO,MY BIND IP: ('localhost', 28000)
2024-09-09 11:50:03.384,system,INFO,VehicleSocket::connect_remote,Connecting ('localhost', 20000)...
2024-09-09 11:50:06.385,system,INFO,MY BIND IP: ('localhost', 28000)
2024-09-09 11:50:06.386,system,INFO,VehicleSocket::connect_remote,Connecting ('localhost', 20000)...
2024-09-09 11:50:09.386,system,INFO,MY BIND IP: ('localhost', 28000)
2024-09-09 11:50:09.387,system,INFO,VehicleSocket::connect_remote,Connecting ('localhost', 20000)...
2024-09-09 11:50:12.389,system,INFO,MY BIND IP: ('localhost', 28000)
2024-09-09 11:50:12.390,system,INFO,VehicleSocket::connect_remote,Connecting ('localhost', 20000)...
2024-09-09 11:50:15.392,system,INFO,MY BIND IP: ('localhost', 28000)
2024-09-09 11:50:15.393,system,INFO,VehicleSocket::connect_remote,Connecting ('localhost', 20000)...
2024-09-09 11:50:18.394,system,INFO,MY BIND IP: ('localhost', 28000)
2024-09-09 11:50:18.395,system,INFO,VehicleSocket::connect_remote,Connecting ('localhost', 20000)...
2024-09-09 11:50:21.396,system,INFO,MY BIND IP: ('localhost', 28000)
2024-09-09 11:50:21.397,system,INFO,VehicleSocket::connect_remote,Connecting ('localhost', 20000)...
2024-09-09 11:50:24.398,system,INFO,MY BIND IP: ('localhost', 28000)
2024-09-09 11:50:24.399,system,INFO,VehicleSocket::connect_remote,Connecting ('localhost', 20000)...
2024-09-09 11:50:27.400,system,INFO,MY BIND IP: ('localhost', 28000)
2024-09-09 11:50:27.401,system,INFO,VehicleSocket::connect_remote,Connecting ('localhost', 20000)...
2024-09-09 11:50:30.403,system,INFO,MY BIND IP: ('localhost', 28000)
2024-09-09 11:50:30.404,system,INFO,VehicleSocket::connect_remote,Connecting ('localhost', 20000)...
2024-09-09 11:50:33.405,system,INFO,MY BIND IP: ('localhost', 28000)
2024-09-09 11:50:33.405,system,INFO,VehicleSocket::connect_remote,Connecting ('localhost', 20000)...
2024-09-09 11:50:36.407,system,INFO,MY BIND IP: ('localhost', 28000)
2024-09-09 11:50:36.408,system,INFO,VehicleSocket::connect_remote,Connecting ('localhost', 20000)...
2024-09-09 11:50:39.410,system,INFO,MY BIND IP: ('localhost', 28000)
2024-09-09 11:50:39.410,system,INFO,VehicleSocket::connect_remote,Connecting ('localhost', 20000)...
2024-09-09 11:50:42.412,system,INFO,MY BIND IP: ('localhost', 28000)
2024-09-09 11:50:42.413,system,INFO,VehicleSocket::connect_remote,Connecting ('localhost', 20000)...
2024-09-09 11:50:45.414,system,INFO,MY BIND IP: ('localhost', 28000)
2024-09-09 11:50:45.415,system,INFO,VehicleSocket::connect_remote,Connecting ('localhost', 20000)...
2024-09-09 11:50:48.418,system,INFO,MY BIND IP: ('localhost', 28000)
2024-09-09 11:50:48.419,system,INFO,VehicleSocket::connect_remote,Connecting ('localhost', 20000)...
2024-09-09 11:50:51.421,system,INFO,MY BIND IP: ('localhost', 28000)
2024-09-09 11:50:51.421,system,INFO,VehicleSocket::connect_remote,Connecting ('localhost', 20000)...
2024-09-09 11:50:54.423,system,INFO,MY BIND IP: ('localhost', 28000)
2024-09-09 11:50:54.424,system,INFO,VehicleSocket::connect_remote,Connecting ('localhost', 20000)...
2024-09-09 11:50:57.426,system,INFO,MY BIND IP: ('localhost', 28000)
2024-09-09 11:50:57.427,system,INFO,VehicleSocket::connect_remote,Connecting ('localhost', 20000)...
2024-09-09 11:51:00.428,system,INFO,MY BIND IP: ('localhost', 28000)
2024-09-09 11:51:00.429,system,INFO,VehicleSocket::connect_remote,Connecting ('localhost', 20000)...
2024-09-09 11:51:03.430,system,INFO,MY BIND IP: ('localhost', 28000)
2024-09-09 11:51:03.430,system,INFO,VehicleSocket::connect_remote,Connecting ('localhost', 20000)...
2024-09-09 11:51:06.433,system,INFO,MY BIND IP: ('localhost', 28000)
2024-09-09 11:51:06.434,system,INFO,VehicleSocket::connect_remote,Connecting ('localhost', 20000)...
2024-09-09 11:51:09.435,system,INFO,MY BIND IP: ('localhost', 28000)
2024-09-09 11:51:09.436,system,INFO,VehicleSocket::connect_remote,Connecting ('localhost', 20000)...
2024-09-09 11:51:12.437,system,INFO,MY BIND IP: ('localhost', 28000)
2024-09-09 11:51:12.438,system,INFO,VehicleSocket::connect_remote,Connecting ('localhost', 20000)...
2024-09-09 11:51:15.439,system,INFO,MY BIND IP: ('localhost', 28000)
2024-09-09 11:51:15.440,system,INFO,VehicleSocket::connect_remote,Connecting ('localhost', 20000)...
2024-09-09 11:51:18.441,system,INFO,MY BIND IP: ('localhost', 28000)
2024-09-09 11:51:18.441,system,INFO,VehicleSocket::connect_remote,Connecting ('localhost', 20000)...
2024-09-09 11:51:21.443,system,INFO,MY BIND IP: ('localhost', 28000)
2024-09-09 11:51:21.444,system,INFO,VehicleSocket::connect_remote,Connecting ('localhost', 20000)...
2024-09-09 11:51:24.447,system,INFO,MY BIND IP: ('localhost', 28000)
2024-09-09 11:51:24.448,system,INFO,VehicleSocket::connect_remote,Connecting ('localhost', 20000)...
2024-09-09 11:51:27.450,system,INFO,MY BIND IP: ('localhost', 28000)
2024-09-09 11:51:27.452,system,INFO,VehicleSocket::connect_remote,Connecting ('localhost', 20000)...
2024-09-09 11:51:30.454,system,INFO,MY BIND IP: ('localhost', 28000)
2024-09-09 11:51:30.455,system,INFO,VehicleSocket::connect_remote,Connecting ('localhost', 20000)...
2024-09-09 11:51:33.457,system,INFO,MY BIND IP: ('localhost', 28000)
2024-09-09 11:51:33.458,system,INFO,VehicleSocket::connect_remote,Connecting ('localhost', 20000)...
2024-09-09 11:51:36.460,system,INFO,MY BIND IP: ('localhost', 28000)
2024-09-09 11:51:36.461,system,INFO,VehicleSocket::connect_remote,Connecting ('localhost', 20000)...
2024-09-09 11:51:39.461,system,INFO,MY BIND IP: ('localhost', 28000)
2024-09-09 11:51:39.462,system,INFO,VehicleSocket::connect_remote,Connecting ('localhost', 20000)...
2024-09-09 11:51:42.464,system,INFO,MY BIND IP: ('localhost', 28000)
2024-09-09 11:51:42.465,system,INFO,VehicleSocket::connect_remote,Connecting ('localhost', 20000)...
2024-09-09 11:51:45.468,system,INFO,MY BIND IP: ('localhost', 28000)
2024-09-09 11:51:45.469,system,INFO,VehicleSocket::connect_remote,Connecting ('localhost', 20000)...
2024-09-09 11:51:48.471,system,INFO,MY BIND IP: ('localhost', 28000)
2024-09-09 11:51:48.472,system,INFO,VehicleSocket::connect_remote,Connecting ('localhost', 20000)...
2024-09-09 11:51:51.473,system,INFO,MY BIND IP: ('localhost', 28000)
2024-09-09 11:51:51.474,system,INFO,VehicleSocket::connect_remote,Connecting ('localhost', 20000)...
2024-09-09 11:51:54.475,system,INFO,MY BIND IP: ('localhost', 28000)
2024-09-09 11:51:54.476,system,INFO,VehicleSocket::connect_remote,Connecting ('localhost', 20000)...
2024-09-09 11:51:57.477,system,INFO,MY BIND IP: ('localhost', 28000)
2024-09-09 11:51:57.478,system,INFO,VehicleSocket::connect_remote,Connecting ('localhost', 20000)...
2024-09-09 11:52:00.479,system,INFO,MY BIND IP: ('localhost', 28000)
2024-09-09 11:52:00.480,system,INFO,VehicleSocket::connect_remote,Connecting ('localhost', 20000)...
2024-09-09 11:52:03.483,system,INFO,MY BIND IP: ('localhost', 28000)
2024-09-09 11:52:03.484,system,INFO,VehicleSocket::connect_remote,Connecting ('localhost', 20000)...
2024-09-09 11:52:06.486,system,INFO,MY BIND IP: ('localhost', 28000)
2024-09-09 11:52:06.487,system,INFO,VehicleSocket::connect_remote,Connecting ('localhost', 20000)...
2024-09-09 11:52:09.489,system,INFO,MY BIND IP: ('localhost', 28000)
2024-09-09 11:52:09.490,system,INFO,VehicleSocket::connect_remote,Connecting ('localhost', 20000)...
2024-09-09 11:52:12.490,system,INFO,MY BIND IP: ('localhost', 28000)
2024-09-09 11:52:12.491,system,INFO,VehicleSocket::connect_remote,Connecting ('localhost', 20000)...
2024-09-09 11:52:15.493,system,INFO,MY BIND IP: ('localhost', 28000)
2024-09-09 11:52:15.494,system,INFO,VehicleSocket::connect_remote,Connecting ('localhost', 20000)...
2024-09-09 11:52:18.495,system,INFO,MY BIND IP: ('localhost', 28000)
2024-09-09 11:52:18.496,system,INFO,VehicleSocket::connect_remote,Connecting ('localhost', 20000)...
2024-09-09 11:52:21.498,system,INFO,MY BIND IP: ('localhost', 28000)
2024-09-09 11:52:21.499,system,INFO,VehicleSocket::connect_remote,Connecting ('localhost', 20000)...
2024-09-09 11:52:24.500,system,INFO,MY BIND IP: ('localhost', 28000)
2024-09-09 11:52:24.501,system,INFO,VehicleSocket::connect_remote,Connecting ('localhost', 20000)...
2024-09-09 11:52:27.503,system,INFO,MY BIND IP: ('localhost', 28000)
2024-09-09 11:52:27.503,system,INFO,VehicleSocket::connect_remote,Connecting ('localhost', 20000)...
2024-09-09 11:52:30.505,system,INFO,MY BIND IP: ('localhost', 28000)
2024-09-09 11:52:30.506,system,INFO,VehicleSocket::connect_remote,Connecting ('localhost', 20000)...
2024-09-09 11:52:33.506,system,INFO,MY BIND IP: ('localhost', 28000)
2024-09-09 11:52:33.507,system,INFO,VehicleSocket::connect_remote,Connecting ('localhost', 20000)...
2024-09-09 11:52:36.509,system,INFO,MY BIND IP: ('localhost', 28000)
2024-09-09 11:52:36.510,system,INFO,VehicleSocket::connect_remote,Connecting ('localhost', 20000)...
2024-09-09 11:52:39.524,system,INFO,MY BIND IP: ('localhost', 28000)
2024-09-09 11:52:39.525,system,INFO,VehicleSocket::connect_remote,Connecting ('localhost', 20000)...
2024-09-09 11:52:42.527,system,INFO,MY BIND IP: ('localhost', 28000)
2024-09-09 11:52:42.528,system,INFO,VehicleSocket::connect_remote,Connecting ('localhost', 20000)...
2024-09-09 11:52:45.529,system,INFO,MY BIND IP: ('localhost', 28000)
2024-09-09 11:52:45.530,system,INFO,VehicleSocket::connect_remote,Connecting ('localhost', 20000)...
2024-09-09 11:52:48.531,system,INFO,MY BIND IP: ('localhost', 28000)
2024-09-09 11:52:48.532,system,INFO,VehicleSocket::connect_remote,Connecting ('localhost', 20000)...
2024-09-09 11:52:51.534,system,INFO,MY BIND IP: ('localhost', 28000)
2024-09-09 11:52:51.535,system,INFO,VehicleSocket::connect_remote,Connecting ('localhost', 20000)...
2024-09-09 11:52:54.536,system,INFO,MY BIND IP: ('localhost', 28000)
2024-09-09 11:52:54.537,system,INFO,VehicleSocket::connect_remote,Connecting ('localhost', 20000)...
2024-09-09 11:52:57.538,system,INFO,MY BIND IP: ('localhost', 28000)
2024-09-09 11:52:57.538,system,INFO,VehicleSocket::connect_remote,Connecting ('localhost', 20000)...
2024-09-09 11:53:00.541,system,INFO,MY BIND IP: ('localhost', 28000)
2024-09-09 11:53:00.542,system,INFO,VehicleSocket::connect_remote,Connecting ('localhost', 20000)...
2024-09-09 11:53:03.544,system,INFO,MY BIND IP: ('localhost', 28000)
2024-09-09 11:53:03.546,system,INFO,VehicleSocket::connect_remote,Connecting ('localhost', 20000)...
2024-09-09 11:53:06.548,system,INFO,MY BIND IP: ('localhost', 28000)
2024-09-09 11:53:06.549,system,INFO,VehicleSocket::connect_remote,Connecting ('localhost', 20000)...
2024-09-09 11:53:09.551,system,INFO,MY BIND IP: ('localhost', 28000)
2024-09-09 11:53:09.552,system,INFO,VehicleSocket::connect_remote,Connecting ('localhost', 20000)...
2024-09-09 11:53:12.554,system,INFO,MY BIND IP: ('localhost', 28000)
2024-09-09 11:53:12.555,system,INFO,VehicleSocket::connect_remote,Connecting ('localhost', 20000)...
2024-09-09 11:53:15.557,system,INFO,MY BIND IP: ('localhost', 28000)
2024-09-09 11:53:15.558,system,INFO,VehicleSocket::connect_remote,Connecting ('localhost', 20000)...
2024-09-09 11:53:18.560,system,INFO,MY BIND IP: ('localhost', 28000)
2024-09-09 11:53:18.561,system,INFO,VehicleSocket::connect_remote,Connecting ('localhost', 20000)...
2024-09-09 11:53:21.563,system,INFO,MY BIND IP: ('localhost', 28000)
2024-09-09 11:53:21.563,system,INFO,VehicleSocket::connect_remote,Connecting ('localhost', 20000)...
2024-09-09 11:53:24.566,system,INFO,MY BIND IP: ('localhost', 28000)
2024-09-09 11:53:24.567,system,INFO,VehicleSocket::connect_remote,Connecting ('localhost', 20000)...
2024-09-09 11:53:27.569,system,INFO,MY BIND IP: ('localhost', 28000)
2024-09-09 11:53:27.570,system,INFO,VehicleSocket::connect_remote,Connecting ('localhost', 20000)...
2024-09-09 11:53:30.572,system,INFO,MY BIND IP: ('localhost', 28000)
2024-09-09 11:53:30.578,system,INFO,VehicleSocket::connect_remote,Connecting ('localhost', 20000)...
2024-09-09 11:53:33.580,system,INFO,MY BIND IP: ('localhost', 28000)
2024-09-09 11:53:33.584,system,INFO,VehicleSocket::connect_remote,Connecting ('localhost', 20000)...
2024-09-09 11:53:36.588,system,INFO,MY BIND IP: ('localhost', 28000)
2024-09-09 11:53:36.589,system,INFO,VehicleSocket::connect_remote,Connecting ('localhost', 20000)...
2024-09-09 11:53:39.590,system,INFO,MY BIND IP: ('localhost', 28000)
2024-09-09 11:53:39.591,system,INFO,VehicleSocket::connect_remote,Connecting ('localhost', 20000)...
2024-09-09 11:53:42.593,system,INFO,MY BIND IP: ('localhost', 28000)
2024-09-09 11:53:42.594,system,INFO,VehicleSocket::connect_remote,Connecting ('localhost', 20000)...
2024-09-09 11:53:45.595,system,INFO,MY BIND IP: ('localhost', 28000)
2024-09-09 11:53:45.596,system,INFO,VehicleSocket::connect_remote,Connecting ('localhost', 20000)...
2024-09-09 11:53:48.597,system,INFO,MY BIND IP: ('localhost', 28000)
2024-09-09 11:53:48.598,system,INFO,VehicleSocket::connect_remote,Connecting ('localhost', 20000)...
2024-09-09 11:53:51.599,system,INFO,MY BIND IP: ('localhost', 28000)
2024-09-09 11:53:51.600,system,INFO,VehicleSocket::connect_remote,Connecting ('localhost', 20000)...
2024-09-09 11:53:54.721,system,INFO,MY BIND IP: ('localhost', 28000)
2024-09-09 11:53:54.721,system,INFO,VehicleSocket::connect_remote,Connecting ('localhost', 20000)...
2024-09-09 11:53:57.723,system,INFO,MY BIND IP: ('localhost', 28000)
2024-09-09 11:53:57.723,system,INFO,VehicleSocket::connect_remote,Connecting ('localhost', 20000)...
2024-09-09 11:54:00.726,system,INFO,MY BIND IP: ('localhost', 28000)
2024-09-09 11:54:00.727,system,INFO,VehicleSocket::connect_remote,Connecting ('localhost', 20000)...
2024-09-09 11:54:03.728,system,INFO,MY BIND IP: ('localhost', 28000)
2024-09-09 11:54:03.729,system,INFO,VehicleSocket::connect_remote,Connecting ('localhost', 20000)...
2024-09-09 11:54:03.739,system,INFO,VehicleSocket::connect_remote,Connected VehicleSocket socket.
2024-09-09 12:02:42.095,system,INFO,MY BIND IP: ('localhost', 28000)
2024-09-09 12:02:42.098,system,INFO,VehicleSocket::connect_remote,Connecting ('localhost', 20000)...
