2024-11-11 15:28:41.588,system,INFO,Start rsu module.
2024-11-11 15:28:41.588,system,INFO,Run VehicleSocket modules process
2024-11-11 15:28:41.590,system,INFO,MY BIND IP: ('192.168.11.200', 63112)
2024-11-11 15:28:41.591,system,INFO,Run ObuSocket modules process
2024-11-11 15:28:41.591,system,INFO,Run MiddleWare Process.
2024-11-11 15:28:41.592,system,INFO,MY BIND IP: ('192.168.11.200', 63112)
2024-11-11 15:28:41.593,system,INFO,MY BIND IP: ('192.168.11.200', 63114)
2024-11-11 15:28:41.593,system,INFO,MY BIND IP: ('localhost', 28000)
2024-11-11 15:28:41.594,system,INFO,VehicleSocket::connect_remote,Connecting ('localhost', 20000)...
2024-11-11 15:28:41.595,system,INFO,VehicleSocket::connect_remote,Connected VehicleSocket socket.
2024-11-11 15:29:33.924,system,INFO,MY BIND IP: ('localhost', 28000)
2024-11-11 15:29:33.925,system,INFO,VehicleSocket::connect_remote,Connecting ('localhost', 20000)...
2024-11-11 15:29:36.928,system,INFO,MY BIND IP: ('localhost', 28000)
2024-11-11 15:29:36.929,system,INFO,VehicleSocket::connect_remote,Connecting ('localhost', 20000)...
2024-11-11 15:29:36.943,system,INFO,VehicleSocket::connect_remote,Connected VehicleSocket socket.
2024-11-11 15:32:04.724,system,ERROR,msg_type:2,'NoneType' object is not callable
2024-11-11 15:32:04.823,system,ERROR,msg_type:2,'NoneType' object is not callable
2024-11-11 15:32:04.930,system,ERROR,msg_type:2,'NoneType' object is not callable
2024-11-11 15:32:04.978,system,ERROR,msg_type:2,'NoneType' object is not callable
2024-11-11 15:32:05.089,system,ERROR,msg_type:2,'NoneType' object is not callable
2024-11-11 15:32:05.243,system,ERROR,msg_type:2,'NoneType' object is not callable
2024-11-11 15:32:05.334,system,ERROR,msg_type:2,'NoneType' object is not callable
2024-11-11 15:32:05.409,system,ERROR,msg_type:2,'NoneType' object is not callable
2024-11-11 15:32:06.914,system,ERROR,msg_type:2,'NoneType' object is not callable
2024-11-11 15:32:07.046,system,ERROR,msg_type:2,'NoneType' object is not callable
2024-11-11 15:32:07.108,system,ERROR,msg_type:2,'NoneType' object is not callable
2024-11-11 15:32:07.201,system,ERROR,msg_type:2,'NoneType' object is not callable
2024-11-11 15:32:07.352,system,ERROR,msg_type:2,'NoneType' object is not callable
2024-11-11 15:32:07.424,system,ERROR,msg_type:2,'NoneType' object is not callable
2024-11-11 15:32:07.500,system,ERROR,msg_type:2,'NoneType' object is not callable
2024-11-11 15:32:07.651,system,ERROR,msg_type:2,'NoneType' object is not callable
2024-11-11 15:32:07.710,system,ERROR,msg_type:2,'NoneType' object is not callable
2024-11-11 15:32:07.868,system,ERROR,msg_type:2,'NoneType' object is not callable
2024-11-11 15:32:07.909,system,ERROR,msg_type:2,'NoneType' object is not callable
2024-11-11 15:32:08.022,system,ERROR,msg_type:2,'NoneType' object is not callable
2024-11-11 15:32:08.163,system,ERROR,msg_type:2,'NoneType' object is not callable
2024-11-11 15:32:08.200,system,ERROR,msg_type:2,'NoneType' object is not callable
2024-11-11 15:32:08.332,system,ERROR,msg_type:2,'NoneType' object is not callable
2024-11-11 15:32:08.473,system,ERROR,msg_type:2,'NoneType' object is not callable
2024-11-11 15:32:08.562,system,ERROR,msg_type:2,'NoneType' object is not callable
2024-11-11 15:32:08.629,system,ERROR,msg_type:2,'NoneType' object is not callable
2024-11-11 15:32:08.710,system,ERROR,msg_type:2,'NoneType' object is not callable
2024-11-11 15:32:08.888,system,ERROR,msg_type:2,'NoneType' object is not callable
2024-11-11 15:32:08.942,system,ERROR,msg_type:2,'NoneType' object is not callable
2024-11-11 15:32:09.044,system,ERROR,msg_type:2,'NoneType' object is not callable
2024-11-11 15:32:09.149,system,ERROR,msg_type:2,'NoneType' object is not callable
2024-11-11 15:32:09.249,system,ERROR,msg_type:2,'NoneType' object is not callable
2024-11-11 15:32:09.330,system,ERROR,msg_type:2,'NoneType' object is not callable
2024-11-11 15:32:09.420,system,ERROR,msg_type:2,'NoneType' object is not callable
2024-11-11 15:32:09.573,system,ERROR,msg_type:2,'NoneType' object is not callable
2024-11-11 15:32:09.635,system,ERROR,msg_type:2,'NoneType' object is not callable
2024-11-11 15:32:09.747,system,ERROR,msg_type:2,'NoneType' object is not callable
2024-11-11 15:32:09.827,system,ERROR,msg_type:2,'NoneType' object is not callable
2024-11-11 15:32:09.964,system,ERROR,msg_type:2,'NoneType' object is not callable
2024-11-11 15:32:10.090,system,ERROR,msg_type:2,'NoneType' object is not callable
2024-11-11 15:32:10.154,system,ERROR,msg_type:2,'NoneType' object is not callable
2024-11-11 15:32:10.305,system,ERROR,msg_type:2,'NoneType' object is not callable
2024-11-11 15:32:10.379,system,ERROR,msg_type:2,'NoneType' object is not callable
2024-11-11 15:32:10.483,system,ERROR,msg_type:2,'NoneType' object is not callable
2024-11-11 15:32:10.597,system,ERROR,msg_type:2,'NoneType' object is not callable
2024-11-11 15:32:10.664,system,ERROR,msg_type:2,'NoneType' object is not callable
2024-11-11 15:32:10.787,system,ERROR,msg_type:2,'NoneType' object is not callable
2024-11-11 15:32:10.980,system,ERROR,msg_type:2,'NoneType' object is not callable
2024-11-11 15:32:11.038,system,ERROR,msg_type:2,'NoneType' object is not callable
2024-11-11 15:32:11.131,system,ERROR,msg_type:2,'NoneType' object is not callable
2024-11-11 15:32:11.266,system,ERROR,msg_type:2,'NoneType' object is not callable
2024-11-11 15:32:11.359,system,ERROR,msg_type:2,'NoneType' object is not callable
2024-11-11 15:32:11.467,system,ERROR,msg_type:2,'NoneType' object is not callable
2024-11-11 15:32:11.592,system,ERROR,msg_type:2,'NoneType' object is not callable
2024-11-11 15:32:11.704,system,ERROR,msg_type:2,'NoneType' object is not callable
2024-11-11 15:32:11.803,system,ERROR,msg_type:2,'NoneType' object is not callable
2024-11-11 15:32:11.886,system,ERROR,msg_type:2,'NoneType' object is not callable
2024-11-11 15:32:12.077,system,ERROR,msg_type:2,'NoneType' object is not callable
2024-11-11 15:32:12.193,system,ERROR,msg_type:2,'NoneType' object is not callable
2024-11-11 15:32:12.299,system,ERROR,msg_type:2,'NoneType' object is not callable
2024-11-11 15:32:12.353,system,ERROR,msg_type:2,'NoneType' object is not callable
2024-11-11 15:32:12.486,system,ERROR,msg_type:2,'NoneType' object is not callable
2024-11-11 15:32:12.574,system,ERROR,msg_type:2,'NoneType' object is not callable
2024-11-11 15:32:12.654,system,ERROR,msg_type:2,'NoneType' object is not callable
2024-11-11 15:32:12.805,system,ERROR,msg_type:2,'NoneType' object is not callable
2024-11-11 15:32:12.851,system,ERROR,msg_type:2,'NoneType' object is not callable
2024-11-11 15:32:13.021,system,ERROR,msg_type:2,'NoneType' object is not callable
2024-11-11 15:32:14.645,system,ERROR,msg_type:2,'NoneType' object is not callable
2024-11-11 15:32:14.686,system,ERROR,msg_type:2,'NoneType' object is not callable
2024-11-11 15:32:14.837,system,ERROR,msg_type:2,'NoneType' object is not callable
2024-11-11 15:32:15.335,system,ERROR,msg_type:2,'NoneType' object is not callable
2024-11-11 15:32:15.452,system,ERROR,msg_type:2,'NoneType' object is not callable
2024-11-11 15:32:15.513,system,ERROR,msg_type:2,'NoneType' object is not callable
2024-11-11 15:32:15.654,system,ERROR,msg_type:2,'NoneType' object is not callable
2024-11-11 15:32:15.704,system,ERROR,msg_type:2,'NoneType' object is not callable
2024-11-11 15:32:15.825,system,ERROR,msg_type:2,'NoneType' object is not callable
2024-11-11 15:32:15.987,system,ERROR,msg_type:2,'NoneType' object is not callable
2024-11-11 15:32:16.051,system,ERROR,msg_type:2,'NoneType' object is not callable
2024-11-11 15:36:22.624,system,ERROR,msg_type:2,'NoneType' object is not callable
2024-11-11 15:36:22.747,system,ERROR,msg_type:2,'NoneType' object is not callable
2024-11-11 15:36:22.865,system,ERROR,msg_type:2,'NoneType' object is not callable
2024-11-11 15:36:22.946,system,ERROR,msg_type:2,'NoneType' object is not callable
2024-11-11 15:36:23.067,system,ERROR,msg_type:2,'NoneType' object is not callable
2024-11-11 15:36:23.142,system,ERROR,msg_type:2,'NoneType' object is not callable
2024-11-11 15:36:23.239,system,ERROR,msg_type:2,'NoneType' object is not callable
2024-11-11 15:36:23.333,system,ERROR,msg_type:2,'NoneType' object is not callable
2024-11-11 15:36:23.477,system,ERROR,msg_type:2,'NoneType' object is not callable
2024-11-11 15:36:23.556,system,ERROR,msg_type:2,'NoneType' object is not callable
2024-11-11 15:36:23.654,system,ERROR,msg_type:2,'NoneType' object is not callable
2024-11-11 15:36:23.762,system,ERROR,msg_type:2,'NoneType' object is not callable
2024-11-11 15:36:23.898,system,ERROR,msg_type:2,'NoneType' object is not callable
2024-11-11 15:36:24.006,system,ERROR,msg_type:2,'NoneType' object is not callable
2024-11-11 15:36:24.095,system,ERROR,msg_type:2,'NoneType' object is not callable
2024-11-11 15:36:24.165,system,ERROR,msg_type:2,'NoneType' object is not callable
2024-11-11 15:36:24.255,system,ERROR,msg_type:2,'NoneType' object is not callable
2024-11-11 15:36:24.388,system,ERROR,msg_type:2,'NoneType' object is not callable
2024-11-11 15:36:24.558,system,ERROR,msg_type:2,'NoneType' object is not callable
2024-11-11 15:36:24.700,system,ERROR,msg_type:2,'NoneType' object is not callable
2024-11-11 15:36:24.811,system,ERROR,msg_type:2,'NoneType' object is not callable
2024-11-11 15:36:24.997,system,ERROR,msg_type:2,'NoneType' object is not callable
2024-11-11 15:36:25.095,system,ERROR,msg_type:2,'NoneType' object is not callable
2024-11-11 15:36:25.198,system,ERROR,msg_type:2,'NoneType' object is not callable
2024-11-11 15:36:25.337,system,ERROR,msg_type:2,'NoneType' object is not callable
2024-11-11 15:36:25.377,system,ERROR,msg_type:2,'NoneType' object is not callable
2024-11-11 15:36:25.477,system,ERROR,msg_type:2,'NoneType' object is not callable
2024-11-11 15:36:25.579,system,ERROR,msg_type:2,'NoneType' object is not callable
2024-11-11 15:36:25.666,system,ERROR,msg_type:2,'NoneType' object is not callable
2024-11-11 15:36:25.803,system,ERROR,msg_type:2,'NoneType' object is not callable
2024-11-11 15:36:25.888,system,ERROR,msg_type:2,'NoneType' object is not callable
2024-11-11 15:36:25.971,system,ERROR,msg_type:2,'NoneType' object is not callable
2024-11-11 15:36:26.094,system,ERROR,msg_type:2,'NoneType' object is not callable
2024-11-11 15:36:26.221,system,ERROR,msg_type:2,'NoneType' object is not callable
2024-11-11 15:36:26.315,system,ERROR,msg_type:2,'NoneType' object is not callable
2024-11-11 15:36:26.373,system,ERROR,msg_type:2,'NoneType' object is not callable
2024-11-11 15:36:26.492,system,ERROR,msg_type:2,'NoneType' object is not callable
2024-11-11 15:36:26.601,system,ERROR,msg_type:2,'NoneType' object is not callable
2024-11-11 15:36:26.728,system,ERROR,msg_type:2,'NoneType' object is not callable
2024-11-11 15:36:26.926,system,ERROR,msg_type:2,'NoneType' object is not callable
2024-11-11 15:36:26.967,system,ERROR,msg_type:2,'NoneType' object is not callable
2024-11-11 15:36:27.136,system,ERROR,msg_type:2,'NoneType' object is not callable
2024-11-11 15:36:27.199,system,ERROR,msg_type:2,'NoneType' object is not callable
2024-11-11 15:36:27.415,system,ERROR,msg_type:2,'NoneType' object is not callable
2024-11-11 15:36:27.531,system,ERROR,msg_type:2,'NoneType' object is not callable
2024-11-11 15:36:29.925,system,ERROR,msg_type:2,'NoneType' object is not callable
2024-11-11 15:36:30.088,system,ERROR,msg_type:2,'NoneType' object is not callable
2024-11-11 15:36:30.167,system,ERROR,msg_type:2,'NoneType' object is not callable
2024-11-11 15:36:30.307,system,ERROR,msg_type:2,'NoneType' object is not callable
2024-11-11 15:36:30.342,system,ERROR,msg_type:2,'NoneType' object is not callable
2024-11-11 15:36:30.461,system,ERROR,msg_type:2,'NoneType' object is not callable
2024-11-11 15:36:30.503,system,ERROR,msg_type:2,'NoneType' object is not callable
2024-11-11 15:36:30.608,system,ERROR,msg_type:2,'NoneType' object is not callable
2024-11-11 15:36:30.745,system,ERROR,msg_type:2,'NoneType' object is not callable
2024-11-11 15:36:30.967,system,ERROR,msg_type:2,'NoneType' object is not callable
2024-11-11 15:36:31.056,system,ERROR,msg_type:2,'NoneType' object is not callable
2024-11-11 15:36:31.184,system,ERROR,msg_type:2,'NoneType' object is not callable
2024-11-11 15:36:31.222,system,ERROR,msg_type:2,'NoneType' object is not callable
2024-11-11 15:36:31.360,system,ERROR,msg_type:2,'NoneType' object is not callable
2024-11-11 15:36:31.471,system,ERROR,msg_type:2,'NoneType' object is not callable
2024-11-11 15:36:31.563,system,ERROR,msg_type:2,'NoneType' object is not callable
2024-11-11 15:36:31.787,system,ERROR,msg_type:2,'NoneType' object is not callable
2024-11-11 15:36:31.911,system,ERROR,msg_type:2,'NoneType' object is not callable
2024-11-11 15:36:31.963,system,ERROR,msg_type:2,'NoneType' object is not callable
2024-11-11 15:36:32.069,system,ERROR,msg_type:2,'NoneType' object is not callable
2024-11-11 15:36:32.144,system,ERROR,msg_type:2,'NoneType' object is not callable
2024-11-11 15:36:32.288,system,ERROR,msg_type:2,'NoneType' object is not callable
2024-11-11 15:36:32.464,system,ERROR,msg_type:2,'NoneType' object is not callable
2024-11-11 15:36:32.586,system,ERROR,msg_type:2,'NoneType' object is not callable
2024-11-11 15:36:32.664,system,ERROR,msg_type:2,'NoneType' object is not callable
2024-11-11 15:36:32.785,system,ERROR,msg_type:2,'NoneType' object is not callable
2024-11-11 15:36:32.893,system,ERROR,msg_type:2,'NoneType' object is not callable
2024-11-11 15:36:33.001,system,ERROR,msg_type:2,'NoneType' object is not callable
2024-11-11 15:36:33.042,system,ERROR,msg_type:2,'NoneType' object is not callable
2024-11-11 15:36:33.164,system,ERROR,msg_type:2,'NoneType' object is not callable
2024-11-11 15:38:07.923,system,ERROR,msg_type:2,'NoneType' object is not callable
2024-11-11 15:38:08.044,system,ERROR,msg_type:2,'NoneType' object is not callable
2024-11-11 15:38:08.127,system,ERROR,msg_type:2,'NoneType' object is not callable
2024-11-11 15:38:08.262,system,ERROR,msg_type:2,'NoneType' object is not callable
2024-11-11 15:38:08.331,system,ERROR,msg_type:2,'NoneType' object is not callable
2024-11-11 15:38:08.517,system,ERROR,msg_type:2,'NoneType' object is not callable
2024-11-11 15:38:08.564,system,ERROR,msg_type:2,'NoneType' object is not callable
2024-11-11 15:38:08.631,system,ERROR,msg_type:2,'NoneType' object is not callable
2024-11-11 15:38:08.741,system,ERROR,msg_type:2,'NoneType' object is not callable
2024-11-11 15:38:08.849,system,ERROR,msg_type:2,'NoneType' object is not callable
2024-11-11 15:38:08.971,system,ERROR,msg_type:2,'NoneType' object is not callable
2024-11-11 15:38:09.070,system,ERROR,msg_type:2,'NoneType' object is not callable
2024-11-11 15:38:09.154,system,ERROR,msg_type:2,'NoneType' object is not callable
2024-11-11 15:38:09.251,system,ERROR,msg_type:2,'NoneType' object is not callable
2024-11-11 15:38:09.396,system,ERROR,msg_type:2,'NoneType' object is not callable
2024-11-11 15:38:09.436,system,ERROR,msg_type:2,'NoneType' object is not callable
2024-11-11 15:38:09.578,system,ERROR,msg_type:2,'NoneType' object is not callable
2024-11-11 15:38:09.622,system,ERROR,msg_type:2,'NoneType' object is not callable
2024-11-11 15:38:09.750,system,ERROR,msg_type:2,'NoneType' object is not callable
2024-11-11 15:38:09.866,system,ERROR,msg_type:2,'NoneType' object is not callable
2024-11-11 15:38:09.990,system,ERROR,msg_type:2,'NoneType' object is not callable
2024-11-11 15:38:10.067,system,ERROR,msg_type:2,'NoneType' object is not callable
2024-11-11 15:38:10.141,system,ERROR,msg_type:2,'NoneType' object is not callable
2024-11-11 15:38:10.230,system,ERROR,msg_type:2,'NoneType' object is not callable
2024-11-11 15:38:10.344,system,ERROR,msg_type:2,'NoneType' object is not callable
2024-11-11 15:38:10.460,system,ERROR,msg_type:2,'NoneType' object is not callable
2024-11-11 15:38:10.598,system,ERROR,msg_type:2,'NoneType' object is not callable
2024-11-11 15:38:10.703,system,ERROR,msg_type:2,'NoneType' object is not callable
2024-11-11 15:38:10.763,system,ERROR,msg_type:2,'NoneType' object is not callable
2024-11-11 15:38:10.906,system,ERROR,msg_type:2,'NoneType' object is not callable
2024-11-11 15:38:10.991,system,ERROR,msg_type:2,'NoneType' object is not callable
2024-11-11 15:38:15.362,system,ERROR,msg_type:2,'NoneType' object is not callable
2024-11-11 15:38:16.749,system,ERROR,msg_type:2,'NoneType' object is not callable
2024-11-11 15:38:16.829,system,ERROR,msg_type:2,'NoneType' object is not callable
2024-11-11 15:38:16.942,system,ERROR,msg_type:2,'NoneType' object is not callable
2024-11-11 15:38:17.055,system,ERROR,msg_type:2,'NoneType' object is not callable
2024-11-11 15:38:17.210,system,ERROR,msg_type:2,'NoneType' object is not callable
2024-11-11 15:38:17.281,system,ERROR,msg_type:2,'NoneType' object is not callable
2024-11-11 15:38:17.335,system,ERROR,msg_type:2,'NoneType' object is not callable
2024-11-11 15:38:17.430,system,ERROR,msg_type:2,'NoneType' object is not callable
2024-11-11 15:38:17.974,system,ERROR,msg_type:2,'NoneType' object is not callable
2024-11-11 15:38:18.017,system,ERROR,msg_type:2,'NoneType' object is not callable
2024-11-11 15:38:18.162,system,ERROR,msg_type:2,'NoneType' object is not callable
2024-11-11 15:38:18.223,system,ERROR,msg_type:2,'NoneType' object is not callable
2024-11-11 15:38:18.329,system,ERROR,msg_type:2,'NoneType' object is not callable
2024-11-11 15:38:18.471,system,ERROR,msg_type:2,'NoneType' object is not callable
2024-11-11 15:38:18.548,system,ERROR,msg_type:2,'NoneType' object is not callable
2024-11-11 15:38:18.650,system,ERROR,msg_type:2,'NoneType' object is not callable
2024-11-11 15:38:18.730,system,ERROR,msg_type:2,'NoneType' object is not callable
2024-11-11 15:38:18.833,system,ERROR,msg_type:2,'NoneType' object is not callable
2024-11-11 15:38:18.988,system,ERROR,msg_type:2,'NoneType' object is not callable
2024-11-11 15:38:19.549,system,ERROR,msg_type:2,'NoneType' object is not callable
2024-11-11 15:38:19.668,system,ERROR,msg_type:2,'NoneType' object is not callable
2024-11-11 15:38:19.798,system,ERROR,msg_type:2,'NoneType' object is not callable
2024-11-11 15:38:19.854,system,ERROR,msg_type:2,'NoneType' object is not callable
2024-11-11 15:38:19.972,system,ERROR,msg_type:2,'NoneType' object is not callable
2024-11-11 15:38:20.104,system,ERROR,msg_type:2,'NoneType' object is not callable
2024-11-11 15:38:20.205,system,ERROR,msg_type:2,'NoneType' object is not callable
2024-11-11 15:38:20.287,system,ERROR,msg_type:2,'NoneType' object is not callable
2024-11-11 15:38:20.403,system,ERROR,msg_type:2,'NoneType' object is not callable
2024-11-11 15:38:20.472,system,ERROR,msg_type:2,'NoneType' object is not callable
2024-11-11 15:38:20.623,system,ERROR,msg_type:2,'NoneType' object is not callable
2024-11-11 15:38:20.666,system,ERROR,msg_type:2,'NoneType' object is not callable
2024-11-11 15:38:21.328,system,ERROR,msg_type:2,'NoneType' object is not callable
2024-11-11 15:38:21.419,system,ERROR,msg_type:2,'NoneType' object is not callable
2024-11-11 15:38:21.512,system,ERROR,msg_type:2,'NoneType' object is not callable
2024-11-11 15:38:21.599,system,ERROR,msg_type:2,'NoneType' object is not callable
2024-11-11 15:38:21.713,system,ERROR,msg_type:2,'NoneType' object is not callable
2024-11-11 15:38:21.797,system,ERROR,msg_type:2,'NoneType' object is not callable
2024-11-11 15:38:21.898,system,ERROR,msg_type:2,'NoneType' object is not callable
2024-11-11 15:38:21.992,system,ERROR,msg_type:2,'NoneType' object is not callable
2024-11-11 15:38:22.085,system,ERROR,msg_type:2,'NoneType' object is not callable
2024-11-11 15:38:22.250,system,ERROR,msg_type:2,'NoneType' object is not callable
2024-11-11 15:38:22.291,system,ERROR,msg_type:2,'NoneType' object is not callable
2024-11-11 15:38:22.423,system,ERROR,msg_type:2,'NoneType' object is not callable
2024-11-11 15:38:22.539,system,ERROR,msg_type:2,'NoneType' object is not callable
2024-11-11 15:38:22.622,system,ERROR,msg_type:2,'NoneType' object is not callable
2024-11-11 15:38:22.753,system,ERROR,msg_type:2,'NoneType' object is not callable
2024-11-11 15:38:22.801,system,ERROR,msg_type:2,'NoneType' object is not callable
2024-11-11 15:38:22.910,system,ERROR,msg_type:2,'NoneType' object is not callable
2024-11-11 15:38:23.032,system,ERROR,msg_type:2,'NoneType' object is not callable
2024-11-11 15:38:23.121,system,ERROR,msg_type:2,'NoneType' object is not callable
2024-11-11 15:38:23.194,system,ERROR,msg_type:2,'NoneType' object is not callable
2024-11-11 15:38:23.323,system,ERROR,msg_type:2,'NoneType' object is not callable
2024-11-11 15:38:23.445,system,ERROR,msg_type:2,'NoneType' object is not callable
2024-11-11 15:38:23.564,system,ERROR,msg_type:2,'NoneType' object is not callable
2024-11-11 15:38:23.603,system,ERROR,msg_type:2,'NoneType' object is not callable
2024-11-11 15:38:23.727,system,ERROR,msg_type:2,'NoneType' object is not callable
2024-11-11 15:38:23.830,system,ERROR,msg_type:2,'NoneType' object is not callable
2024-11-11 15:38:23.899,system,ERROR,msg_type:2,'NoneType' object is not callable
2024-11-11 15:38:24.058,system,ERROR,msg_type:2,'NoneType' object is not callable
2024-11-11 15:38:24.117,system,ERROR,msg_type:2,'NoneType' object is not callable
2024-11-11 15:42:33.522,system,ERROR,msg_type:2,'NoneType' object is not callable
2024-11-11 15:42:33.581,system,ERROR,msg_type:2,'NoneType' object is not callable
2024-11-11 15:42:33.726,system,ERROR,msg_type:2,'NoneType' object is not callable
2024-11-11 15:42:33.834,system,ERROR,msg_type:2,'NoneType' object is not callable
2024-11-11 15:42:33.886,system,ERROR,msg_type:2,'NoneType' object is not callable
2024-11-11 15:42:34.023,system,ERROR,msg_type:2,'NoneType' object is not callable
2024-11-11 15:42:34.100,system,ERROR,msg_type:2,'NoneType' object is not callable
2024-11-11 15:42:34.220,system,ERROR,msg_type:2,'NoneType' object is not callable
2024-11-11 15:42:34.438,system,ERROR,msg_type:2,'NoneType' object is not callable
2024-11-11 15:42:34.494,system,ERROR,msg_type:2,'NoneType' object is not callable
2024-11-11 15:42:34.576,system,ERROR,msg_type:2,'NoneType' object is not callable
2024-11-11 15:42:34.664,system,ERROR,msg_type:2,'NoneType' object is not callable
2024-11-11 15:42:34.828,system,ERROR,msg_type:2,'NoneType' object is not callable
2024-11-11 15:42:34.937,system,ERROR,msg_type:2,'NoneType' object is not callable
2024-11-11 15:42:35.062,system,ERROR,msg_type:2,'NoneType' object is not callable
2024-11-11 15:42:35.136,system,ERROR,msg_type:2,'NoneType' object is not callable
2024-11-11 15:42:35.203,system,ERROR,msg_type:2,'NoneType' object is not callable
2024-11-11 15:42:35.351,system,ERROR,msg_type:2,'NoneType' object is not callable
2024-11-11 15:42:35.406,system,ERROR,msg_type:2,'NoneType' object is not callable
2024-11-11 15:42:35.532,system,ERROR,msg_type:2,'NoneType' object is not callable
2024-11-11 15:42:35.653,system,ERROR,msg_type:2,'NoneType' object is not callable
2024-11-11 15:42:35.847,system,ERROR,msg_type:2,'NoneType' object is not callable
2024-11-11 15:42:35.907,system,ERROR,msg_type:2,'NoneType' object is not callable
2024-11-11 15:42:36.162,system,ERROR,msg_type:2,'NoneType' object is not callable
2024-11-11 15:42:36.242,system,ERROR,msg_type:2,'NoneType' object is not callable
2024-11-11 15:42:36.327,system,ERROR,msg_type:2,'NoneType' object is not callable
2024-11-11 15:42:36.458,system,ERROR,msg_type:2,'NoneType' object is not callable
2024-11-11 15:42:36.548,system,ERROR,msg_type:2,'NoneType' object is not callable
2024-11-11 15:42:36.637,system,ERROR,msg_type:2,'NoneType' object is not callable
2024-11-11 15:42:36.702,system,ERROR,msg_type:2,'NoneType' object is not callable
2024-11-11 15:42:36.858,system,ERROR,msg_type:2,'NoneType' object is not callable
2024-11-11 15:42:36.928,system,ERROR,msg_type:2,'NoneType' object is not callable
2024-11-11 15:42:37.032,system,ERROR,msg_type:2,'NoneType' object is not callable
2024-11-11 15:42:37.134,system,ERROR,msg_type:2,'NoneType' object is not callable
2024-11-11 15:42:37.255,system,ERROR,msg_type:2,'NoneType' object is not callable
2024-11-11 15:42:37.341,system,ERROR,msg_type:2,'NoneType' object is not callable
2024-11-11 15:42:37.412,system,ERROR,msg_type:2,'NoneType' object is not callable
2024-11-11 15:42:37.568,system,ERROR,msg_type:2,'NoneType' object is not callable
2024-11-11 15:42:37.678,system,ERROR,msg_type:2,'NoneType' object is not callable
2024-11-11 15:42:37.719,system,ERROR,msg_type:2,'NoneType' object is not callable
2024-11-11 15:42:37.835,system,ERROR,msg_type:2,'NoneType' object is not callable
2024-11-11 15:42:37.987,system,ERROR,msg_type:2,'NoneType' object is not callable
2024-11-11 15:42:38.058,system,ERROR,msg_type:2,'NoneType' object is not callable
2024-11-11 15:42:38.155,system,ERROR,msg_type:2,'NoneType' object is not callable
2024-11-11 15:42:38.275,system,ERROR,msg_type:2,'NoneType' object is not callable
2024-11-11 15:42:38.333,system,ERROR,msg_type:2,'NoneType' object is not callable
2024-11-11 15:42:38.436,system,ERROR,msg_type:2,'NoneType' object is not callable
2024-11-11 15:42:38.565,system,ERROR,msg_type:2,'NoneType' object is not callable
2024-11-11 15:42:38.669,system,ERROR,msg_type:2,'NoneType' object is not callable
2024-11-11 15:42:38.731,system,ERROR,msg_type:2,'NoneType' object is not callable
2024-11-11 15:42:38.884,system,ERROR,msg_type:2,'NoneType' object is not callable
2024-11-11 15:42:39.074,system,ERROR,msg_type:2,'NoneType' object is not callable
2024-11-11 15:42:39.179,system,ERROR,msg_type:2,'NoneType' object is not callable
2024-11-11 15:42:39.280,system,ERROR,msg_type:2,'NoneType' object is not callable
2024-11-11 15:42:39.386,system,ERROR,msg_type:2,'NoneType' object is not callable
2024-11-11 15:42:39.444,system,ERROR,msg_type:2,'NoneType' object is not callable
2024-11-11 15:42:39.567,system,ERROR,msg_type:2,'NoneType' object is not callable
2024-11-11 15:42:39.668,system,ERROR,msg_type:2,'NoneType' object is not callable
2024-11-11 15:42:39.785,system,ERROR,msg_type:2,'NoneType' object is not callable
2024-11-11 15:42:39.928,system,ERROR,msg_type:2,'NoneType' object is not callable
2024-11-11 15:42:39.952,system,ERROR,msg_type:2,'NoneType' object is not callable
2024-11-11 15:42:40.094,system,ERROR,msg_type:2,'NoneType' object is not callable
2024-11-11 15:42:40.178,system,ERROR,msg_type:2,'NoneType' object is not callable
2024-11-11 15:42:40.275,system,ERROR,msg_type:2,'NoneType' object is not callable
2024-11-11 15:42:40.384,system,ERROR,msg_type:2,'NoneType' object is not callable
2024-11-11 15:42:40.469,system,ERROR,msg_type:2,'NoneType' object is not callable
2024-11-11 15:42:40.617,system,ERROR,msg_type:2,'NoneType' object is not callable
2024-11-11 15:42:40.711,system,ERROR,msg_type:2,'NoneType' object is not callable
2024-11-11 15:42:40.758,system,ERROR,msg_type:2,'NoneType' object is not callable
2024-11-11 15:42:40.889,system,ERROR,msg_type:2,'NoneType' object is not callable
2024-11-11 15:42:40.984,system,ERROR,msg_type:2,'NoneType' object is not callable
2024-11-11 15:42:41.106,system,ERROR,msg_type:2,'NoneType' object is not callable
2024-11-11 15:42:41.210,system,ERROR,msg_type:2,'NoneType' object is not callable
2024-11-11 15:42:41.297,system,ERROR,msg_type:2,'NoneType' object is not callable
2024-11-11 15:42:41.427,system,ERROR,msg_type:2,'NoneType' object is not callable
2024-11-11 15:42:41.521,system,ERROR,msg_type:2,'NoneType' object is not callable
2024-11-11 15:42:41.583,system,ERROR,msg_type:2,'NoneType' object is not callable
2024-11-11 15:42:41.687,system,ERROR,msg_type:2,'NoneType' object is not callable
2024-11-11 15:42:41.820,system,ERROR,msg_type:2,'NoneType' object is not callable
2024-11-11 15:42:41.894,system,ERROR,msg_type:2,'NoneType' object is not callable
2024-11-11 15:42:42.010,system,ERROR,msg_type:2,'NoneType' object is not callable
2024-11-11 15:42:42.119,system,ERROR,msg_type:2,'NoneType' object is not callable
2024-11-11 15:42:42.222,system,ERROR,msg_type:2,'NoneType' object is not callable
2024-11-11 15:42:42.287,system,ERROR,msg_type:2,'NoneType' object is not callable
2024-11-11 15:42:42.382,system,ERROR,msg_type:2,'NoneType' object is not callable
2024-11-11 15:42:42.531,system,ERROR,msg_type:2,'NoneType' object is not callable
2024-11-11 15:42:42.572,system,ERROR,msg_type:2,'NoneType' object is not callable
2024-11-11 15:42:42.750,system,ERROR,msg_type:2,'NoneType' object is not callable
2024-11-11 15:42:42.862,system,ERROR,msg_type:2,'NoneType' object is not callable
2024-11-11 15:42:42.904,system,ERROR,msg_type:2,'NoneType' object is not callable
2024-11-11 15:42:43.007,system,ERROR,msg_type:2,'NoneType' object is not callable
2024-11-11 15:42:43.086,system,ERROR,msg_type:2,'NoneType' object is not callable
2024-11-11 15:42:43.206,system,ERROR,msg_type:2,'NoneType' object is not callable
2024-11-11 15:42:43.296,system,ERROR,msg_type:2,'NoneType' object is not callable
2024-11-11 15:42:43.448,system,ERROR,msg_type:2,'NoneType' object is not callable
2024-11-11 15:42:43.538,system,ERROR,msg_type:2,'NoneType' object is not callable
2024-11-11 15:42:43.597,system,ERROR,msg_type:2,'NoneType' object is not callable
2024-11-11 15:42:43.701,system,ERROR,msg_type:2,'NoneType' object is not callable
2024-11-11 15:42:43.828,system,ERROR,msg_type:2,'NoneType' object is not callable
2024-11-11 15:42:43.921,system,ERROR,msg_type:2,'NoneType' object is not callable
2024-11-11 15:42:44.040,system,ERROR,msg_type:2,'NoneType' object is not callable
2024-11-11 15:42:44.114,system,ERROR,msg_type:2,'NoneType' object is not callable
2024-11-11 15:42:44.186,system,ERROR,msg_type:2,'NoneType' object is not callable
2024-11-11 15:42:44.292,system,ERROR,msg_type:2,'NoneType' object is not callable
2024-11-11 15:42:44.420,system,ERROR,msg_type:2,'NoneType' object is not callable
2024-11-11 15:42:44.509,system,ERROR,msg_type:2,'NoneType' object is not callable
2024-11-11 15:42:44.615,system,ERROR,msg_type:2,'NoneType' object is not callable
2024-11-11 15:43:55.207,system,ERROR,msg_type:2,'NoneType' object is not callable
2024-11-11 15:43:55.389,system,ERROR,msg_type:2,'NoneType' object is not callable
2024-11-11 15:43:55.428,system,ERROR,msg_type:2,'NoneType' object is not callable
2024-11-11 15:43:55.564,system,ERROR,msg_type:2,'NoneType' object is not callable
2024-11-11 15:43:55.714,system,ERROR,msg_type:2,'NoneType' object is not callable
2024-11-11 15:43:55.758,system,ERROR,msg_type:2,'NoneType' object is not callable
2024-11-11 15:43:55.888,system,ERROR,msg_type:2,'NoneType' object is not callable
2024-11-11 15:43:55.931,system,ERROR,msg_type:2,'NoneType' object is not callable
2024-11-11 15:43:56.020,system,ERROR,msg_type:2,'NoneType' object is not callable
2024-11-11 15:43:56.220,system,ERROR,msg_type:2,'NoneType' object is not callable
2024-11-11 15:43:56.282,system,ERROR,msg_type:2,'NoneType' object is not callable
2024-11-11 15:43:56.395,system,ERROR,msg_type:2,'NoneType' object is not callable
2024-11-11 15:43:56.438,system,ERROR,msg_type:2,'NoneType' object is not callable
2024-11-11 15:44:12.653,system,ERROR,msg_type:2,'NoneType' object is not callable
2024-11-11 15:44:12.718,system,ERROR,msg_type:2,'NoneType' object is not callable
2024-11-11 15:44:12.826,system,ERROR,msg_type:2,'NoneType' object is not callable
2024-11-11 15:44:13.011,system,ERROR,msg_type:2,'NoneType' object is not callable
2024-11-11 15:44:13.103,system,ERROR,msg_type:2,'NoneType' object is not callable
2024-11-11 15:44:13.165,system,ERROR,msg_type:2,'NoneType' object is not callable
2024-11-11 15:44:13.244,system,ERROR,msg_type:2,'NoneType' object is not callable
2024-11-11 15:44:13.328,system,ERROR,msg_type:2,'NoneType' object is not callable
2024-11-11 15:44:13.515,system,ERROR,msg_type:2,'NoneType' object is not callable
2024-11-11 15:44:13.577,system,ERROR,msg_type:2,'NoneType' object is not callable
2024-11-11 15:44:13.721,system,ERROR,msg_type:2,'NoneType' object is not callable
2024-11-11 15:44:13.926,system,ERROR,msg_type:2,'NoneType' object is not callable
2024-11-11 15:44:14.072,system,ERROR,msg_type:2,'NoneType' object is not callable
2024-11-11 15:44:16.491,system,ERROR,msg_type:2,'NoneType' object is not callable
2024-11-11 15:44:16.587,system,ERROR,msg_type:2,'NoneType' object is not callable
2024-11-11 15:44:16.715,system,ERROR,msg_type:2,'NoneType' object is not callable
2024-11-11 15:44:16.843,system,ERROR,msg_type:2,'NoneType' object is not callable
2024-11-11 15:44:16.935,system,ERROR,msg_type:2,'NoneType' object is not callable
2024-11-11 15:44:17.020,system,ERROR,msg_type:2,'NoneType' object is not callable
2024-11-11 15:44:17.099,system,ERROR,msg_type:2,'NoneType' object is not callable
2024-11-11 15:44:17.187,system,ERROR,msg_type:2,'NoneType' object is not callable
2024-11-11 15:44:17.356,system,ERROR,msg_type:2,'NoneType' object is not callable
2024-11-11 15:44:17.440,system,ERROR,msg_type:2,'NoneType' object is not callable
2024-11-11 15:44:17.485,system,ERROR,msg_type:2,'NoneType' object is not callable
2024-11-11 15:44:17.600,system,ERROR,msg_type:2,'NoneType' object is not callable
2024-11-11 15:44:17.699,system,ERROR,msg_type:2,'NoneType' object is not callable
2024-11-11 15:44:17.771,system,ERROR,msg_type:2,'NoneType' object is not callable
2024-11-11 15:44:17.907,system,ERROR,msg_type:2,'NoneType' object is not callable
2024-11-11 15:44:18.023,system,ERROR,msg_type:2,'NoneType' object is not callable
2024-11-11 15:44:18.137,system,ERROR,msg_type:2,'NoneType' object is not callable
2024-11-11 15:44:18.226,system,ERROR,msg_type:2,'NoneType' object is not callable
2024-11-11 15:44:18.313,system,ERROR,msg_type:2,'NoneType' object is not callable
2024-11-11 15:44:18.518,system,ERROR,msg_type:2,'NoneType' object is not callable
2024-11-11 15:44:18.598,system,ERROR,msg_type:2,'NoneType' object is not callable
2024-11-11 15:44:18.692,system,ERROR,msg_type:2,'NoneType' object is not callable
2024-11-11 15:44:18.781,system,ERROR,msg_type:2,'NoneType' object is not callable
2024-11-11 15:44:18.950,system,ERROR,msg_type:2,'NoneType' object is not callable
2024-11-11 15:44:19.038,system,ERROR,msg_type:2,'NoneType' object is not callable
2024-11-11 15:44:19.144,system,ERROR,msg_type:2,'NoneType' object is not callable
2024-11-11 15:44:19.221,system,ERROR,msg_type:2,'NoneType' object is not callable
2024-11-11 15:44:19.341,system,ERROR,msg_type:2,'NoneType' object is not callable
2024-11-11 15:44:19.395,system,ERROR,msg_type:2,'NoneType' object is not callable
2024-11-11 15:44:19.511,system,ERROR,msg_type:2,'NoneType' object is not callable
2024-11-11 15:44:19.660,system,ERROR,msg_type:2,'NoneType' object is not callable
2024-11-11 15:44:19.752,system,ERROR,msg_type:2,'NoneType' object is not callable
2024-11-11 15:44:19.822,system,ERROR,msg_type:2,'NoneType' object is not callable
2024-11-11 15:44:19.928,system,ERROR,msg_type:2,'NoneType' object is not callable
2024-11-11 15:44:20.025,system,ERROR,msg_type:2,'NoneType' object is not callable
2024-11-11 15:44:20.119,system,ERROR,msg_type:2,'NoneType' object is not callable
2024-11-11 15:44:20.203,system,ERROR,msg_type:2,'NoneType' object is not callable
2024-11-11 15:44:20.363,system,ERROR,msg_type:2,'NoneType' object is not callable
2024-11-11 15:44:20.446,system,ERROR,msg_type:2,'NoneType' object is not callable
2024-11-11 15:44:20.533,system,ERROR,msg_type:2,'NoneType' object is not callable
2024-11-11 15:44:20.612,system,ERROR,msg_type:2,'NoneType' object is not callable
2024-11-11 15:44:20.741,system,ERROR,msg_type:2,'NoneType' object is not callable
2024-11-11 15:44:20.809,system,ERROR,msg_type:2,'NoneType' object is not callable
2024-11-11 15:44:20.928,system,ERROR,msg_type:2,'NoneType' object is not callable
2024-11-11 15:44:21.021,system,ERROR,msg_type:2,'NoneType' object is not callable
2024-11-11 15:44:21.120,system,ERROR,msg_type:2,'NoneType' object is not callable
2024-11-11 15:44:21.303,system,ERROR,msg_type:2,'NoneType' object is not callable
2024-11-11 15:44:21.361,system,ERROR,msg_type:2,'NoneType' object is not callable
2024-11-11 15:44:21.460,system,ERROR,msg_type:2,'NoneType' object is not callable
2024-11-11 15:44:21.565,system,ERROR,msg_type:2,'NoneType' object is not callable
2024-11-11 15:44:21.640,system,ERROR,msg_type:2,'NoneType' object is not callable
2024-11-11 15:44:21.726,system,ERROR,msg_type:2,'NoneType' object is not callable
2024-11-11 15:44:21.878,system,ERROR,msg_type:2,'NoneType' object is not callable
2024-11-11 15:44:22.014,system,ERROR,msg_type:2,'NoneType' object is not callable
2024-11-11 15:44:22.093,system,ERROR,msg_type:2,'NoneType' object is not callable
2024-11-11 15:44:22.204,system,ERROR,msg_type:2,'NoneType' object is not callable
2024-11-11 15:44:22.310,system,ERROR,msg_type:2,'NoneType' object is not callable
2024-11-11 15:44:22.350,system,ERROR,msg_type:2,'NoneType' object is not callable
2024-11-11 15:44:22.459,system,ERROR,msg_type:2,'NoneType' object is not callable
2024-11-11 15:44:22.590,system,ERROR,msg_type:2,'NoneType' object is not callable
2024-11-11 15:44:22.631,system,ERROR,msg_type:2,'NoneType' object is not callable
2024-11-11 15:44:22.752,system,ERROR,msg_type:2,'NoneType' object is not callable
2024-11-11 15:44:22.849,system,ERROR,msg_type:2,'NoneType' object is not callable
2024-11-11 15:44:22.979,system,ERROR,msg_type:2,'NoneType' object is not callable
2024-11-11 15:44:23.084,system,ERROR,msg_type:2,'NoneType' object is not callable
2024-11-11 15:44:23.175,system,ERROR,msg_type:2,'NoneType' object is not callable
2024-11-11 15:44:23.304,system,ERROR,msg_type:2,'NoneType' object is not callable
2024-11-11 15:44:23.343,system,ERROR,msg_type:2,'NoneType' object is not callable
2024-11-11 15:44:23.474,system,ERROR,msg_type:2,'NoneType' object is not callable
2024-11-11 15:44:23.573,system,ERROR,msg_type:2,'NoneType' object is not callable
2024-11-11 15:44:23.643,system,ERROR,msg_type:2,'NoneType' object is not callable
2024-11-11 15:44:23.730,system,ERROR,msg_type:2,'NoneType' object is not callable
2024-11-11 15:44:23.868,system,ERROR,msg_type:2,'NoneType' object is not callable
2024-11-11 15:44:24.039,system,ERROR,msg_type:2,'NoneType' object is not callable
2024-11-11 15:44:24.139,system,ERROR,msg_type:2,'NoneType' object is not callable
2024-11-11 15:44:24.247,system,ERROR,msg_type:2,'NoneType' object is not callable
2024-11-11 15:44:24.294,system,ERROR,msg_type:2,'NoneType' object is not callable
2024-11-11 15:44:24.417,system,ERROR,msg_type:2,'NoneType' object is not callable
2024-11-11 15:44:24.458,system,ERROR,msg_type:2,'NoneType' object is not callable
2024-11-11 15:44:24.585,system,ERROR,msg_type:2,'NoneType' object is not callable
2024-11-11 15:44:24.719,system,ERROR,msg_type:2,'NoneType' object is not callable
2024-11-11 15:44:24.806,system,ERROR,msg_type:2,'NoneType' object is not callable
2024-11-11 15:44:24.861,system,ERROR,msg_type:2,'NoneType' object is not callable
2024-11-11 15:44:24.996,system,ERROR,msg_type:2,'NoneType' object is not callable
2024-11-11 15:44:25.083,system,ERROR,msg_type:2,'NoneType' object is not callable
2024-11-11 15:44:25.179,system,ERROR,msg_type:2,'NoneType' object is not callable
2024-11-11 15:44:25.286,system,ERROR,msg_type:2,'NoneType' object is not callable
2024-11-11 15:44:25.414,system,ERROR,msg_type:2,'NoneType' object is not callable
2024-11-11 15:44:25.475,system,ERROR,msg_type:2,'NoneType' object is not callable
2024-11-11 15:44:25.709,system,ERROR,msg_type:2,'NoneType' object is not callable
2024-11-11 15:44:25.812,system,ERROR,msg_type:2,'NoneType' object is not callable
2024-11-11 15:44:25.895,system,ERROR,msg_type:2,'NoneType' object is not callable
2024-11-11 15:44:26.003,system,ERROR,msg_type:2,'NoneType' object is not callable
2024-11-11 15:44:26.131,system,ERROR,msg_type:2,'NoneType' object is not callable
2024-11-11 15:44:26.172,system,ERROR,msg_type:2,'NoneType' object is not callable
2024-11-11 15:44:26.317,system,ERROR,msg_type:2,'NoneType' object is not callable
2024-11-11 15:44:26.406,system,ERROR,msg_type:2,'NoneType' object is not callable
2024-11-11 15:44:26.542,system,ERROR,msg_type:2,'NoneType' object is not callable
2024-11-11 15:44:26.575,system,ERROR,msg_type:2,'NoneType' object is not callable
2024-11-11 15:44:26.721,system,ERROR,msg_type:2,'NoneType' object is not callable
2024-11-11 15:44:26.825,system,ERROR,msg_type:2,'NoneType' object is not callable
2024-11-11 15:44:26.945,system,ERROR,msg_type:2,'NoneType' object is not callable
2024-11-11 15:44:27.006,system,ERROR,msg_type:2,'NoneType' object is not callable
2024-11-11 15:44:27.114,system,ERROR,msg_type:2,'NoneType' object is not callable
2024-11-11 15:44:27.194,system,ERROR,msg_type:2,'NoneType' object is not callable
2024-11-11 15:44:27.352,system,ERROR,msg_type:2,'NoneType' object is not callable
2024-11-11 15:44:27.448,system,ERROR,msg_type:2,'NoneType' object is not callable
2024-11-11 15:44:27.538,system,ERROR,msg_type:2,'NoneType' object is not callable
2024-11-11 15:44:27.649,system,ERROR,msg_type:2,'NoneType' object is not callable
2024-11-11 15:44:27.818,system,ERROR,msg_type:2,'NoneType' object is not callable
2024-11-11 15:44:27.964,system,ERROR,msg_type:2,'NoneType' object is not callable
2024-11-11 15:44:28.038,system,ERROR,msg_type:2,'NoneType' object is not callable
2024-11-11 15:44:28.151,system,ERROR,msg_type:2,'NoneType' object is not callable
2024-11-11 15:44:28.262,system,ERROR,msg_type:2,'NoneType' object is not callable
2024-11-11 15:44:28.307,system,ERROR,msg_type:2,'NoneType' object is not callable
2024-11-11 15:44:28.465,system,ERROR,msg_type:2,'NoneType' object is not callable
2024-11-11 15:44:28.505,system,ERROR,msg_type:2,'NoneType' object is not callable
2024-11-11 15:44:28.657,system,ERROR,msg_type:2,'NoneType' object is not callable
2024-11-11 15:44:28.697,system,ERROR,msg_type:2,'NoneType' object is not callable
2024-11-11 15:44:28.808,system,ERROR,msg_type:2,'NoneType' object is not callable
2024-11-11 15:44:28.962,system,ERROR,msg_type:2,'NoneType' object is not callable
2024-11-11 15:44:29.059,system,ERROR,msg_type:2,'NoneType' object is not callable
2024-11-11 15:44:29.134,system,ERROR,msg_type:2,'NoneType' object is not callable
2024-11-11 15:44:29.260,system,ERROR,msg_type:2,'NoneType' object is not callable
2024-11-11 15:44:29.372,system,ERROR,msg_type:2,'NoneType' object is not callable
2024-11-11 15:44:29.421,system,ERROR,msg_type:2,'NoneType' object is not callable
2024-11-11 15:44:29.522,system,ERROR,msg_type:2,'NoneType' object is not callable
2024-11-11 15:44:29.603,system,ERROR,msg_type:2,'NoneType' object is not callable
2024-11-11 15:44:29.743,system,ERROR,msg_type:2,'NoneType' object is not callable
2024-11-11 15:44:29.853,system,ERROR,msg_type:2,'NoneType' object is not callable
2024-11-11 15:44:29.953,system,ERROR,msg_type:2,'NoneType' object is not callable
2024-11-11 15:44:30.021,system,ERROR,msg_type:2,'NoneType' object is not callable
2024-11-11 15:44:30.165,system,ERROR,msg_type:2,'NoneType' object is not callable
2024-11-11 15:44:30.236,system,ERROR,msg_type:2,'NoneType' object is not callable
2024-11-11 15:44:30.422,system,ERROR,msg_type:2,'NoneType' object is not callable
2024-11-11 15:44:30.461,system,ERROR,msg_type:2,'NoneType' object is not callable
2024-11-11 15:44:30.543,system,ERROR,msg_type:2,'NoneType' object is not callable
2024-11-11 15:44:30.673,system,ERROR,msg_type:2,'NoneType' object is not callable
2024-11-11 15:44:30.778,system,ERROR,msg_type:2,'NoneType' object is not callable
2024-11-11 15:44:30.828,system,ERROR,msg_type:2,'NoneType' object is not callable
2024-11-11 15:44:31.015,system,ERROR,msg_type:2,'NoneType' object is not callable
2024-11-11 15:44:31.055,system,ERROR,msg_type:2,'NoneType' object is not callable
2024-11-11 15:44:31.183,system,ERROR,msg_type:2,'NoneType' object is not callable
2024-11-11 15:44:31.273,system,ERROR,msg_type:2,'NoneType' object is not callable
2024-11-11 15:44:31.335,system,ERROR,msg_type:2,'NoneType' object is not callable
2024-11-11 15:44:31.438,system,ERROR,msg_type:2,'NoneType' object is not callable
2024-11-11 15:44:31.531,system,ERROR,msg_type:2,'NoneType' object is not callable
2024-11-11 15:44:31.656,system,ERROR,msg_type:2,'NoneType' object is not callable
2024-11-11 15:44:31.735,system,ERROR,msg_type:2,'NoneType' object is not callable
2024-11-11 15:44:31.841,system,ERROR,msg_type:2,'NoneType' object is not callable
2024-11-11 15:44:31.926,system,ERROR,msg_type:2,'NoneType' object is not callable
2024-11-11 15:44:32.113,system,ERROR,msg_type:2,'NoneType' object is not callable
2024-11-11 15:44:32.183,system,ERROR,msg_type:2,'NoneType' object is not callable
2024-11-11 15:44:32.293,system,ERROR,msg_type:2,'NoneType' object is not callable
2024-11-11 15:44:32.334,system,ERROR,msg_type:2,'NoneType' object is not callable
2024-11-11 15:44:32.495,system,ERROR,msg_type:2,'NoneType' object is not callable
2024-11-11 15:44:32.542,system,ERROR,msg_type:2,'NoneType' object is not callable
2024-11-11 15:44:32.671,system,ERROR,msg_type:2,'NoneType' object is not callable
2024-11-11 15:44:32.751,system,ERROR,msg_type:2,'NoneType' object is not callable
2024-11-11 15:44:32.847,system,ERROR,msg_type:2,'NoneType' object is not callable
2024-11-11 15:44:32.987,system,ERROR,msg_type:2,'NoneType' object is not callable
2024-11-11 15:44:33.116,system,ERROR,msg_type:2,'NoneType' object is not callable
2024-11-11 15:44:33.185,system,ERROR,msg_type:2,'NoneType' object is not callable
2024-11-11 15:44:33.268,system,ERROR,msg_type:2,'NoneType' object is not callable
2024-11-11 15:44:33.401,system,ERROR,msg_type:2,'NoneType' object is not callable
2024-11-11 15:44:33.511,system,ERROR,msg_type:2,'NoneType' object is not callable
2024-11-11 15:44:33.605,system,ERROR,msg_type:2,'NoneType' object is not callable
2024-11-11 15:44:33.704,system,ERROR,msg_type:2,'NoneType' object is not callable
2024-11-11 15:44:33.788,system,ERROR,msg_type:2,'NoneType' object is not callable
2024-11-11 15:44:33.916,system,ERROR,msg_type:2,'NoneType' object is not callable
2024-11-11 15:44:33.967,system,ERROR,msg_type:2,'NoneType' object is not callable
2024-11-11 15:44:34.102,system,ERROR,msg_type:2,'NoneType' object is not callable
2024-11-11 15:44:34.184,system,ERROR,msg_type:2,'NoneType' object is not callable
2024-11-11 15:44:34.282,system,ERROR,msg_type:2,'NoneType' object is not callable
2024-11-11 15:44:34.419,system,ERROR,msg_type:2,'NoneType' object is not callable
2024-11-11 15:44:34.470,system,ERROR,msg_type:2,'NoneType' object is not callable
2024-11-11 15:44:34.592,system,ERROR,msg_type:2,'NoneType' object is not callable
2024-11-11 15:44:34.705,system,ERROR,msg_type:2,'NoneType' object is not callable
2024-11-11 15:44:34.810,system,ERROR,msg_type:2,'NoneType' object is not callable
2024-11-11 15:44:34.894,system,ERROR,msg_type:2,'NoneType' object is not callable
2024-11-11 15:44:35.015,system,ERROR,msg_type:2,'NoneType' object is not callable
2024-11-11 15:44:35.133,system,ERROR,msg_type:2,'NoneType' object is not callable
2024-11-11 15:44:35.207,system,ERROR,msg_type:2,'NoneType' object is not callable
2024-11-11 15:44:35.264,system,ERROR,msg_type:2,'NoneType' object is not callable
2024-11-11 15:44:35.402,system,ERROR,msg_type:2,'NoneType' object is not callable
2024-11-11 15:44:35.523,system,ERROR,msg_type:2,'NoneType' object is not callable
2024-11-11 15:44:35.633,system,ERROR,msg_type:2,'NoneType' object is not callable
2024-11-11 15:44:35.711,system,ERROR,msg_type:2,'NoneType' object is not callable
2024-11-11 15:44:35.846,system,ERROR,msg_type:2,'NoneType' object is not callable
2024-11-11 15:44:35.922,system,ERROR,msg_type:2,'NoneType' object is not callable
2024-11-11 15:44:35.988,system,ERROR,msg_type:2,'NoneType' object is not callable
2024-11-11 15:44:36.141,system,ERROR,msg_type:2,'NoneType' object is not callable
2024-11-11 15:44:36.214,system,ERROR,msg_type:2,'NoneType' object is not callable
2024-11-11 15:44:36.303,system,ERROR,msg_type:2,'NoneType' object is not callable
2024-11-11 15:44:36.403,system,ERROR,msg_type:2,'NoneType' object is not callable
2024-11-11 15:44:36.557,system,ERROR,msg_type:2,'NoneType' object is not callable
2024-11-11 15:44:36.652,system,ERROR,msg_type:2,'NoneType' object is not callable
2024-11-11 15:44:36.693,system,ERROR,msg_type:2,'NoneType' object is not callable
2024-11-11 15:44:36.860,system,ERROR,msg_type:2,'NoneType' object is not callable
2024-11-11 15:44:36.913,system,ERROR,msg_type:2,'NoneType' object is not callable
2024-11-11 15:44:36.995,system,ERROR,msg_type:2,'NoneType' object is not callable
2024-11-11 15:44:37.099,system,ERROR,msg_type:2,'NoneType' object is not callable
2024-11-11 15:44:37.198,system,ERROR,msg_type:2,'NoneType' object is not callable
2024-11-11 15:44:37.297,system,ERROR,msg_type:2,'NoneType' object is not callable
2024-11-11 15:44:37.420,system,ERROR,msg_type:2,'NoneType' object is not callable
2024-11-11 15:44:37.522,system,ERROR,msg_type:2,'NoneType' object is not callable
2024-11-11 15:44:37.636,system,ERROR,msg_type:2,'NoneType' object is not callable
2024-11-11 15:44:37.771,system,ERROR,msg_type:2,'NoneType' object is not callable
2024-11-11 15:44:37.867,system,ERROR,msg_type:2,'NoneType' object is not callable
2024-11-11 15:44:37.958,system,ERROR,msg_type:2,'NoneType' object is not callable
2024-11-11 15:44:38.004,system,ERROR,msg_type:2,'NoneType' object is not callable
2024-11-11 15:44:38.151,system,ERROR,msg_type:2,'NoneType' object is not callable
2024-11-11 15:44:38.239,system,ERROR,msg_type:2,'NoneType' object is not callable
2024-11-11 15:44:38.357,system,ERROR,msg_type:2,'NoneType' object is not callable
2024-11-11 15:44:38.415,system,ERROR,msg_type:2,'NoneType' object is not callable
2024-11-11 15:44:38.531,system,ERROR,msg_type:2,'NoneType' object is not callable
2024-11-11 15:44:38.647,system,ERROR,msg_type:2,'NoneType' object is not callable
2024-11-11 15:44:38.720,system,ERROR,msg_type:2,'NoneType' object is not callable
2024-11-11 15:44:38.910,system,ERROR,msg_type:2,'NoneType' object is not callable
2024-11-11 15:44:39.002,system,ERROR,msg_type:2,'NoneType' object is not callable
2024-11-11 15:44:39.042,system,ERROR,msg_type:2,'NoneType' object is not callable
2024-11-11 15:44:39.113,system,ERROR,msg_type:2,'NoneType' object is not callable
2024-11-11 15:44:39.238,system,ERROR,msg_type:2,'NoneType' object is not callable
2024-11-11 15:44:39.324,system,ERROR,msg_type:2,'NoneType' object is not callable
2024-11-11 15:44:39.462,system,ERROR,msg_type:2,'NoneType' object is not callable
2024-11-11 15:44:39.574,system,ERROR,msg_type:2,'NoneType' object is not callable
2024-11-11 15:44:39.629,system,ERROR,msg_type:2,'NoneType' object is not callable
2024-11-11 15:44:39.724,system,ERROR,msg_type:2,'NoneType' object is not callable
2024-11-11 15:44:39.922,system,ERROR,msg_type:2,'NoneType' object is not callable
2024-11-11 15:44:40.008,system,ERROR,msg_type:2,'NoneType' object is not callable
2024-11-11 15:44:40.072,system,ERROR,msg_type:2,'NoneType' object is not callable
2024-11-11 15:44:40.184,system,ERROR,msg_type:2,'NoneType' object is not callable
2024-11-11 15:44:40.267,system,ERROR,msg_type:2,'NoneType' object is not callable
2024-11-11 15:44:40.322,system,ERROR,msg_type:2,'NoneType' object is not callable
2024-11-11 15:44:40.446,system,ERROR,msg_type:2,'NoneType' object is not callable
2024-11-11 15:44:40.539,system,ERROR,msg_type:2,'NoneType' object is not callable
2024-11-11 15:44:40.659,system,ERROR,msg_type:2,'NoneType' object is not callable
2024-11-11 15:44:40.764,system,ERROR,msg_type:2,'NoneType' object is not callable
2024-11-11 15:44:40.919,system,ERROR,msg_type:2,'NoneType' object is not callable
2024-11-11 15:44:41.032,system,ERROR,msg_type:2,'NoneType' object is not callable
2024-11-11 15:44:41.108,system,ERROR,msg_type:2,'NoneType' object is not callable
2024-11-11 15:44:41.175,system,ERROR,msg_type:2,'NoneType' object is not callable
2024-11-11 15:44:41.283,system,ERROR,msg_type:2,'NoneType' object is not callable
2024-11-11 15:44:41.336,system,ERROR,msg_type:2,'NoneType' object is not callable
2024-11-11 15:44:41.437,system,ERROR,msg_type:2,'NoneType' object is not callable
2024-11-11 15:44:41.572,system,ERROR,msg_type:2,'NoneType' object is not callable
2024-11-11 15:44:41.685,system,ERROR,msg_type:2,'NoneType' object is not callable
2024-11-11 15:44:41.782,system,ERROR,msg_type:2,'NoneType' object is not callable
2024-11-11 15:44:41.920,system,ERROR,msg_type:2,'NoneType' object is not callable
2024-11-11 15:44:42.017,system,ERROR,msg_type:2,'NoneType' object is not callable
2024-11-11 15:44:42.098,system,ERROR,msg_type:2,'NoneType' object is not callable
2024-11-11 15:44:42.208,system,ERROR,msg_type:2,'NoneType' object is not callable
2024-11-11 15:44:42.323,system,ERROR,msg_type:2,'NoneType' object is not callable
2024-11-11 15:44:42.362,system,ERROR,msg_type:2,'NoneType' object is not callable
2024-11-11 15:44:42.521,system,ERROR,msg_type:2,'NoneType' object is not callable
2024-11-11 15:44:42.561,system,ERROR,msg_type:2,'NoneType' object is not callable
2024-11-11 15:44:42.692,system,ERROR,msg_type:2,'NoneType' object is not callable
2024-11-11 15:44:42.831,system,ERROR,msg_type:2,'NoneType' object is not callable
2024-11-11 15:44:42.881,system,ERROR,msg_type:2,'NoneType' object is not callable
2024-11-11 15:44:43.014,system,ERROR,msg_type:2,'NoneType' object is not callable
2024-11-11 15:44:43.061,system,ERROR,msg_type:2,'NoneType' object is not callable
2024-11-11 15:44:43.208,system,ERROR,msg_type:2,'NoneType' object is not callable
2024-11-11 15:44:43.321,system,ERROR,msg_type:2,'NoneType' object is not callable
2024-11-11 15:44:43.375,system,ERROR,msg_type:2,'NoneType' object is not callable
2024-11-11 15:44:43.512,system,ERROR,msg_type:2,'NoneType' object is not callable
2024-11-11 15:44:43.593,system,ERROR,msg_type:2,'NoneType' object is not callable
2024-11-11 15:44:43.700,system,ERROR,msg_type:2,'NoneType' object is not callable
2024-11-11 15:44:43.774,system,ERROR,msg_type:2,'NoneType' object is not callable
2024-11-11 15:44:43.892,system,ERROR,msg_type:2,'NoneType' object is not callable
2024-11-11 15:44:43.990,system,ERROR,msg_type:2,'NoneType' object is not callable
2024-11-11 15:44:44.072,system,ERROR,msg_type:2,'NoneType' object is not callable
2024-11-11 15:44:44.195,system,ERROR,msg_type:2,'NoneType' object is not callable
2024-11-11 15:44:44.327,system,ERROR,msg_type:2,'NoneType' object is not callable
2024-11-11 15:44:44.391,system,ERROR,msg_type:2,'NoneType' object is not callable
2024-11-11 15:44:44.542,system,ERROR,msg_type:2,'NoneType' object is not callable
2024-11-11 15:44:44.629,system,ERROR,msg_type:2,'NoneType' object is not callable
2024-11-11 15:44:44.693,system,ERROR,msg_type:2,'NoneType' object is not callable
2024-11-11 15:44:44.848,system,ERROR,msg_type:2,'NoneType' object is not callable
2024-11-11 15:44:44.914,system,ERROR,msg_type:2,'NoneType' object is not callable
2024-11-11 15:44:45.042,system,ERROR,msg_type:2,'NoneType' object is not callable
2024-11-11 15:44:45.122,system,ERROR,msg_type:2,'NoneType' object is not callable
2024-11-11 15:44:45.215,system,ERROR,msg_type:2,'NoneType' object is not callable
2024-11-11 15:44:45.303,system,ERROR,msg_type:2,'NoneType' object is not callable
2024-11-11 15:44:45.439,system,ERROR,msg_type:2,'NoneType' object is not callable
2024-11-11 15:44:45.557,system,ERROR,msg_type:2,'NoneType' object is not callable
2024-11-11 15:44:45.597,system,ERROR,msg_type:2,'NoneType' object is not callable
2024-11-11 15:44:45.745,system,ERROR,msg_type:2,'NoneType' object is not callable
2024-11-11 15:44:45.821,system,ERROR,msg_type:2,'NoneType' object is not callable
2024-11-11 15:44:45.948,system,ERROR,msg_type:2,'NoneType' object is not callable
2024-11-11 15:44:46.042,system,ERROR,msg_type:2,'NoneType' object is not callable
2024-11-11 15:44:46.134,system,ERROR,msg_type:2,'NoneType' object is not callable
2024-11-11 15:44:46.226,system,ERROR,msg_type:2,'NoneType' object is not callable
2024-11-11 15:44:46.337,system,ERROR,msg_type:2,'NoneType' object is not callable
2024-11-11 15:44:46.452,system,ERROR,msg_type:2,'NoneType' object is not callable
2024-11-11 15:44:46.560,system,ERROR,msg_type:2,'NoneType' object is not callable
2024-11-11 15:44:46.656,system,ERROR,msg_type:2,'NoneType' object is not callable
2024-11-11 15:44:46.743,system,ERROR,msg_type:2,'NoneType' object is not callable
2024-11-11 15:44:46.868,system,ERROR,msg_type:2,'NoneType' object is not callable
2024-11-11 15:44:46.971,system,ERROR,msg_type:2,'NoneType' object is not callable
2024-11-11 15:44:47.017,system,ERROR,msg_type:2,'NoneType' object is not callable
2024-11-11 15:44:47.110,system,ERROR,msg_type:2,'NoneType' object is not callable
2024-11-11 15:44:47.302,system,ERROR,msg_type:2,'NoneType' object is not callable
2024-11-11 15:44:47.389,system,ERROR,msg_type:2,'NoneType' object is not callable
2024-11-11 15:44:47.437,system,ERROR,msg_type:2,'NoneType' object is not callable
2024-11-11 15:44:47.559,system,ERROR,msg_type:2,'NoneType' object is not callable
2024-11-11 15:44:47.624,system,ERROR,msg_type:2,'NoneType' object is not callable
2024-11-11 15:44:47.748,system,ERROR,msg_type:2,'NoneType' object is not callable
2024-11-11 15:44:47.882,system,ERROR,msg_type:2,'NoneType' object is not callable
2024-11-11 15:44:47.963,system,ERROR,msg_type:2,'NoneType' object is not callable
2024-11-11 15:44:48.035,system,ERROR,msg_type:2,'NoneType' object is not callable
2024-11-11 15:44:48.185,system,ERROR,msg_type:2,'NoneType' object is not callable
2024-11-11 15:44:48.319,system,ERROR,msg_type:2,'NoneType' object is not callable
2024-11-11 15:44:48.359,system,ERROR,msg_type:2,'NoneType' object is not callable
2024-11-11 15:44:48.457,system,ERROR,msg_type:2,'NoneType' object is not callable
2024-11-11 15:44:48.520,system,ERROR,msg_type:2,'NoneType' object is not callable
2024-11-11 15:44:48.678,system,ERROR,msg_type:2,'NoneType' object is not callable
2024-11-11 15:44:48.746,system,ERROR,msg_type:2,'NoneType' object is not callable
2024-11-11 15:44:48.871,system,ERROR,msg_type:2,'NoneType' object is not callable
2024-11-11 15:44:48.978,system,ERROR,msg_type:2,'NoneType' object is not callable
2024-11-11 15:44:49.064,system,ERROR,msg_type:2,'NoneType' object is not callable
2024-11-11 15:44:49.176,system,ERROR,msg_type:2,'NoneType' object is not callable
2024-11-11 15:44:49.233,system,ERROR,msg_type:2,'NoneType' object is not callable
2024-11-11 15:44:49.328,system,ERROR,msg_type:2,'NoneType' object is not callable
2024-11-11 15:44:49.526,system,ERROR,msg_type:2,'NoneType' object is not callable
2024-11-11 15:44:49.599,system,ERROR,msg_type:2,'NoneType' object is not callable
2024-11-11 15:44:49.731,system,ERROR,msg_type:2,'NoneType' object is not callable
2024-11-11 15:44:49.785,system,ERROR,msg_type:2,'NoneType' object is not callable
2024-11-11 15:44:49.903,system,ERROR,msg_type:2,'NoneType' object is not callable
2024-11-11 15:44:50.018,system,ERROR,msg_type:2,'NoneType' object is not callable
2024-11-11 15:44:50.115,system,ERROR,msg_type:2,'NoneType' object is not callable
2024-11-11 15:44:50.154,system,ERROR,msg_type:2,'NoneType' object is not callable
2024-11-11 15:44:50.306,system,ERROR,msg_type:2,'NoneType' object is not callable
2024-11-11 15:44:50.384,system,ERROR,msg_type:2,'NoneType' object is not callable
2024-11-11 15:44:50.467,system,ERROR,msg_type:2,'NoneType' object is not callable
2024-11-11 15:44:50.535,system,ERROR,msg_type:2,'NoneType' object is not callable
2024-11-11 15:44:50.691,system,ERROR,msg_type:2,'NoneType' object is not callable
2024-11-11 15:44:50.778,system,ERROR,msg_type:2,'NoneType' object is not callable
2024-11-11 15:44:50.972,system,ERROR,msg_type:2,'NoneType' object is not callable
2024-11-11 15:44:51.112,system,ERROR,msg_type:2,'NoneType' object is not callable
2024-11-11 15:44:51.211,system,ERROR,msg_type:2,'NoneType' object is not callable
2024-11-11 15:44:51.317,system,ERROR,msg_type:2,'NoneType' object is not callable
2024-11-11 15:44:51.422,system,ERROR,msg_type:2,'NoneType' object is not callable
2024-11-11 15:44:51.508,system,ERROR,msg_type:2,'NoneType' object is not callable
2024-11-11 15:44:51.602,system,ERROR,msg_type:2,'NoneType' object is not callable
2024-11-11 15:44:51.677,system,ERROR,msg_type:2,'NoneType' object is not callable
2024-11-11 15:44:51.824,system,ERROR,msg_type:2,'NoneType' object is not callable
2024-11-11 15:44:51.868,system,ERROR,msg_type:2,'NoneType' object is not callable
2024-11-11 15:44:51.961,system,ERROR,msg_type:2,'NoneType' object is not callable
2024-11-11 15:44:52.131,system,ERROR,msg_type:2,'NoneType' object is not callable
2024-11-11 15:44:52.173,system,ERROR,msg_type:2,'NoneType' object is not callable
2024-11-11 15:44:52.308,system,ERROR,msg_type:2,'NoneType' object is not callable
2024-11-11 15:44:52.374,system,ERROR,msg_type:2,'NoneType' object is not callable
2024-11-11 15:44:52.541,system,ERROR,msg_type:2,'NoneType' object is not callable
2024-11-11 15:44:52.613,system,ERROR,msg_type:2,'NoneType' object is not callable
2024-11-11 15:44:52.725,system,ERROR,msg_type:2,'NoneType' object is not callable
2024-11-11 15:44:52.791,system,ERROR,msg_type:2,'NoneType' object is not callable
2024-11-11 15:44:52.905,system,ERROR,msg_type:2,'NoneType' object is not callable
2024-11-11 15:44:53.040,system,ERROR,msg_type:2,'NoneType' object is not callable
2024-11-11 15:44:53.116,system,ERROR,msg_type:2,'NoneType' object is not callable
2024-11-11 15:44:53.205,system,ERROR,msg_type:2,'NoneType' object is not callable
2024-11-11 15:44:53.334,system,ERROR,msg_type:2,'NoneType' object is not callable
2024-11-11 15:44:53.430,system,ERROR,msg_type:2,'NoneType' object is not callable
2024-11-11 15:44:53.541,system,ERROR,msg_type:2,'NoneType' object is not callable
2024-11-11 15:44:53.597,system,ERROR,msg_type:2,'NoneType' object is not callable
2024-11-11 15:44:53.722,system,ERROR,msg_type:2,'NoneType' object is not callable
2024-11-11 15:44:53.839,system,ERROR,msg_type:2,'NoneType' object is not callable
2024-11-11 15:44:53.914,system,ERROR,msg_type:2,'NoneType' object is not callable
2024-11-11 15:44:53.996,system,ERROR,msg_type:2,'NoneType' object is not callable
2024-11-11 15:44:54.106,system,ERROR,msg_type:2,'NoneType' object is not callable
2024-11-11 15:44:54.229,system,ERROR,msg_type:2,'NoneType' object is not callable
2024-11-11 15:44:54.309,system,ERROR,msg_type:2,'NoneType' object is not callable
2024-11-11 15:44:54.423,system,ERROR,msg_type:2,'NoneType' object is not callable
2024-11-11 15:44:54.528,system,ERROR,msg_type:2,'NoneType' object is not callable
2024-11-11 15:44:54.663,system,ERROR,msg_type:2,'NoneType' object is not callable
2024-11-11 15:44:54.757,system,ERROR,msg_type:2,'NoneType' object is not callable
2024-11-11 15:44:54.862,system,ERROR,msg_type:2,'NoneType' object is not callable
2024-11-11 15:44:54.917,system,ERROR,msg_type:2,'NoneType' object is not callable
2024-11-11 15:44:55.023,system,ERROR,msg_type:2,'NoneType' object is not callable
2024-11-11 15:44:55.151,system,ERROR,msg_type:2,'NoneType' object is not callable
2024-11-11 15:44:55.263,system,ERROR,msg_type:2,'NoneType' object is not callable
2024-11-11 15:44:55.505,system,ERROR,msg_type:2,'NoneType' object is not callable
2024-11-11 15:44:55.571,system,ERROR,msg_type:2,'NoneType' object is not callable
2024-11-11 15:44:55.610,system,ERROR,msg_type:2,'NoneType' object is not callable
2024-11-11 15:44:55.727,system,ERROR,msg_type:2,'NoneType' object is not callable
2024-11-11 15:44:55.858,system,ERROR,msg_type:2,'NoneType' object is not callable
2024-11-11 15:44:55.916,system,ERROR,msg_type:2,'NoneType' object is not callable
2024-11-11 15:44:56.074,system,ERROR,msg_type:2,'NoneType' object is not callable
2024-11-11 15:44:56.115,system,ERROR,msg_type:2,'NoneType' object is not callable
2024-11-11 15:44:56.268,system,ERROR,msg_type:2,'NoneType' object is not callable
2024-11-11 15:44:56.432,system,ERROR,msg_type:2,'NoneType' object is not callable
2024-11-11 15:44:56.576,system,ERROR,msg_type:2,'NoneType' object is not callable
2024-11-11 15:44:56.681,system,ERROR,msg_type:2,'NoneType' object is not callable
2024-11-11 15:44:56.809,system,ERROR,msg_type:2,'NoneType' object is not callable
2024-11-11 15:44:56.886,system,ERROR,msg_type:2,'NoneType' object is not callable
2024-11-11 15:44:56.984,system,ERROR,msg_type:2,'NoneType' object is not callable
2024-11-11 15:44:57.026,system,ERROR,msg_type:2,'NoneType' object is not callable
2024-11-11 15:44:57.130,system,ERROR,msg_type:2,'NoneType' object is not callable
2024-11-11 15:44:57.223,system,ERROR,msg_type:2,'NoneType' object is not callable
2024-11-11 15:44:57.384,system,ERROR,msg_type:2,'NoneType' object is not callable
2024-11-11 15:44:57.438,system,ERROR,msg_type:2,'NoneType' object is not callable
2024-11-11 15:44:57.541,system,ERROR,msg_type:2,'NoneType' object is not callable
2024-11-11 15:44:57.708,system,ERROR,msg_type:2,'NoneType' object is not callable
2024-11-11 15:44:57.801,system,ERROR,msg_type:2,'NoneType' object is not callable
2024-11-11 15:44:57.856,system,ERROR,msg_type:2,'NoneType' object is not callable
2024-11-11 15:44:57.974,system,ERROR,msg_type:2,'NoneType' object is not callable
2024-11-11 15:44:58.039,system,ERROR,msg_type:2,'NoneType' object is not callable
2024-11-11 15:44:58.154,system,ERROR,msg_type:2,'NoneType' object is not callable
2024-11-11 15:44:58.236,system,ERROR,msg_type:2,'NoneType' object is not callable
2024-11-11 15:44:58.329,system,ERROR,msg_type:2,'NoneType' object is not callable
2024-11-11 15:44:58.434,system,ERROR,msg_type:2,'NoneType' object is not callable
2024-11-11 15:44:58.636,system,ERROR,msg_type:2,'NoneType' object is not callable
2024-11-11 15:44:58.698,system,ERROR,msg_type:2,'NoneType' object is not callable
2024-11-11 15:44:58.797,system,ERROR,msg_type:2,'NoneType' object is not callable
2024-11-11 15:44:58.848,system,ERROR,msg_type:2,'NoneType' object is not callable
2024-11-11 15:44:58.954,system,ERROR,msg_type:2,'NoneType' object is not callable
2024-11-11 15:44:59.080,system,ERROR,msg_type:2,'NoneType' object is not callable
2024-11-11 15:44:59.143,system,ERROR,msg_type:2,'NoneType' object is not callable
2024-11-11 15:44:59.314,system,ERROR,msg_type:2,'NoneType' object is not callable
2024-11-11 15:44:59.371,system,ERROR,msg_type:2,'NoneType' object is not callable
2024-11-11 15:44:59.472,system,ERROR,msg_type:2,'NoneType' object is not callable
2024-11-11 15:44:59.575,system,ERROR,msg_type:2,'NoneType' object is not callable
2024-11-11 15:44:59.688,system,ERROR,msg_type:2,'NoneType' object is not callable
2024-11-11 15:44:59.784,system,ERROR,msg_type:2,'NoneType' object is not callable
2024-11-11 15:44:59.924,system,ERROR,msg_type:2,'NoneType' object is not callable
2024-11-11 15:45:00.022,system,ERROR,msg_type:2,'NoneType' object is not callable
2024-11-11 15:45:00.099,system,ERROR,msg_type:2,'NoneType' object is not callable
2024-11-11 15:45:00.199,system,ERROR,msg_type:2,'NoneType' object is not callable
2024-11-11 15:45:00.262,system,ERROR,msg_type:2,'NoneType' object is not callable
2024-11-11 15:45:00.385,system,ERROR,msg_type:2,'NoneType' object is not callable
2024-11-11 15:45:00.521,system,ERROR,msg_type:2,'NoneType' object is not callable
2024-11-11 15:45:00.613,system,ERROR,msg_type:2,'NoneType' object is not callable
2024-11-11 15:45:00.703,system,ERROR,msg_type:2,'NoneType' object is not callable
2024-11-11 15:45:00.804,system,ERROR,msg_type:2,'NoneType' object is not callable
2024-11-11 15:45:00.922,system,ERROR,msg_type:2,'NoneType' object is not callable
2024-11-11 15:45:00.965,system,ERROR,msg_type:2,'NoneType' object is not callable
2024-11-11 15:45:01.135,system,ERROR,msg_type:2,'NoneType' object is not callable
2024-11-11 15:45:01.238,system,ERROR,msg_type:2,'NoneType' object is not callable
2024-11-11 15:45:01.332,system,ERROR,msg_type:2,'NoneType' object is not callable
2024-11-11 15:45:01.388,system,ERROR,msg_type:2,'NoneType' object is not callable
2024-11-11 15:45:01.511,system,ERROR,msg_type:2,'NoneType' object is not callable
2024-11-11 15:45:01.630,system,ERROR,msg_type:2,'NoneType' object is not callable
2024-11-11 15:45:01.751,system,ERROR,msg_type:2,'NoneType' object is not callable
2024-11-11 15:45:01.807,system,ERROR,msg_type:2,'NoneType' object is not callable
2024-11-11 15:45:01.921,system,ERROR,msg_type:2,'NoneType' object is not callable
2024-11-11 15:45:02.017,system,ERROR,msg_type:2,'NoneType' object is not callable
2024-11-11 15:45:02.122,system,ERROR,msg_type:2,'NoneType' object is not callable
2024-11-11 15:45:02.237,system,ERROR,msg_type:2,'NoneType' object is not callable
2024-11-11 15:45:02.353,system,ERROR,msg_type:2,'NoneType' object is not callable
2024-11-11 15:45:02.393,system,ERROR,msg_type:2,'NoneType' object is not callable
2024-11-11 15:45:02.527,system,ERROR,msg_type:2,'NoneType' object is not callable
2024-11-11 15:45:02.634,system,ERROR,msg_type:2,'NoneType' object is not callable
2024-11-11 15:45:02.751,system,ERROR,msg_type:2,'NoneType' object is not callable
2024-11-11 15:45:02.800,system,ERROR,msg_type:2,'NoneType' object is not callable
2024-11-11 15:45:03.001,system,ERROR,msg_type:2,'NoneType' object is not callable
2024-11-11 15:45:03.129,system,ERROR,msg_type:2,'NoneType' object is not callable
2024-11-11 15:45:03.268,system,ERROR,msg_type:2,'NoneType' object is not callable
2024-11-11 15:45:03.327,system,ERROR,msg_type:2,'NoneType' object is not callable
2024-11-11 15:45:03.448,system,ERROR,msg_type:2,'NoneType' object is not callable
2024-11-11 15:45:03.546,system,ERROR,msg_type:2,'NoneType' object is not callable
2024-11-11 15:45:03.635,system,ERROR,msg_type:2,'NoneType' object is not callable
2024-11-11 15:45:03.734,system,ERROR,msg_type:2,'NoneType' object is not callable
2024-11-11 15:45:03.819,system,ERROR,msg_type:2,'NoneType' object is not callable
2024-11-11 15:45:03.937,system,ERROR,msg_type:2,'NoneType' object is not callable
2024-11-11 15:45:04.075,system,ERROR,msg_type:2,'NoneType' object is not callable
2024-11-11 15:45:04.180,system,ERROR,msg_type:2,'NoneType' object is not callable
2024-11-11 15:45:04.263,system,ERROR,msg_type:2,'NoneType' object is not callable
2024-11-11 15:45:04.342,system,ERROR,msg_type:2,'NoneType' object is not callable
2024-11-11 15:45:04.466,system,ERROR,msg_type:2,'NoneType' object is not callable
2024-11-11 15:45:04.533,system,ERROR,msg_type:2,'NoneType' object is not callable
2024-11-11 15:45:04.620,system,ERROR,msg_type:2,'NoneType' object is not callable
2024-11-11 15:45:04.774,system,ERROR,msg_type:2,'NoneType' object is not callable
2024-11-11 15:45:04.854,system,ERROR,msg_type:2,'NoneType' object is not callable
2024-11-11 15:45:04.914,system,ERROR,msg_type:2,'NoneType' object is not callable
2024-11-11 15:45:05.083,system,ERROR,msg_type:2,'NoneType' object is not callable
2024-11-11 15:45:05.209,system,ERROR,msg_type:2,'NoneType' object is not callable
2024-11-11 15:45:05.303,system,ERROR,msg_type:2,'NoneType' object is not callable
2024-11-11 15:45:05.393,system,ERROR,msg_type:2,'NoneType' object is not callable
2024-11-11 15:45:05.487,system,ERROR,msg_type:2,'NoneType' object is not callable
2024-11-11 15:45:05.563,system,ERROR,msg_type:2,'NoneType' object is not callable
2024-11-11 15:45:05.662,system,ERROR,msg_type:2,'NoneType' object is not callable
2024-11-11 15:45:05.749,system,ERROR,msg_type:2,'NoneType' object is not callable
2024-11-11 15:45:05.992,system,ERROR,msg_type:2,'NoneType' object is not callable
2024-11-11 15:45:06.032,system,ERROR,msg_type:2,'NoneType' object is not callable
2024-11-11 15:45:06.125,system,ERROR,msg_type:2,'NoneType' object is not callable
2024-11-11 15:45:06.274,system,ERROR,msg_type:2,'NoneType' object is not callable
2024-11-11 15:45:06.328,system,ERROR,msg_type:2,'NoneType' object is not callable
2024-11-11 15:45:06.455,system,ERROR,msg_type:2,'NoneType' object is not callable
2024-11-11 15:45:06.585,system,ERROR,msg_type:2,'NoneType' object is not callable
2024-11-11 15:45:06.688,system,ERROR,msg_type:2,'NoneType' object is not callable
2024-11-11 15:45:06.796,system,ERROR,msg_type:2,'NoneType' object is not callable
2024-11-11 15:45:06.928,system,ERROR,msg_type:2,'NoneType' object is not callable
2024-11-11 15:45:06.968,system,ERROR,msg_type:2,'NoneType' object is not callable
2024-11-11 15:45:07.119,system,ERROR,msg_type:2,'NoneType' object is not callable
2024-11-11 15:45:07.211,system,ERROR,msg_type:2,'NoneType' object is not callable
2024-11-11 15:45:07.265,system,ERROR,msg_type:2,'NoneType' object is not callable
2024-11-11 15:45:07.337,system,ERROR,msg_type:2,'NoneType' object is not callable
2024-11-11 15:45:07.524,system,ERROR,msg_type:2,'NoneType' object is not callable
2024-11-11 15:45:07.586,system,ERROR,msg_type:2,'NoneType' object is not callable
2024-11-11 15:45:07.680,system,ERROR,msg_type:2,'NoneType' object is not callable
2024-11-11 15:45:07.807,system,ERROR,msg_type:2,'NoneType' object is not callable
2024-11-11 15:45:07.910,system,ERROR,msg_type:2,'NoneType' object is not callable
2024-11-11 15:45:08.008,system,ERROR,msg_type:2,'NoneType' object is not callable
2024-11-11 15:45:08.085,system,ERROR,msg_type:2,'NoneType' object is not callable
2024-11-11 15:45:08.201,system,ERROR,msg_type:2,'NoneType' object is not callable
2024-11-11 15:45:08.315,system,ERROR,msg_type:2,'NoneType' object is not callable
2024-11-11 15:45:08.399,system,ERROR,msg_type:2,'NoneType' object is not callable
2024-11-11 15:45:08.521,system,ERROR,msg_type:2,'NoneType' object is not callable
2024-11-11 15:45:08.608,system,ERROR,msg_type:2,'NoneType' object is not callable
2024-11-11 15:45:08.688,system,ERROR,msg_type:2,'NoneType' object is not callable
2024-11-11 15:45:08.815,system,ERROR,msg_type:2,'NoneType' object is not callable
2024-11-11 15:45:08.898,system,ERROR,msg_type:2,'NoneType' object is not callable
2024-11-11 15:45:08.961,system,ERROR,msg_type:2,'NoneType' object is not callable
2024-11-11 15:45:09.129,system,ERROR,msg_type:2,'NoneType' object is not callable
2024-11-11 15:45:09.180,system,ERROR,msg_type:2,'NoneType' object is not callable
2024-11-11 15:45:09.266,system,ERROR,msg_type:2,'NoneType' object is not callable
2024-11-11 15:45:09.420,system,ERROR,msg_type:2,'NoneType' object is not callable
2024-11-11 15:45:09.503,system,ERROR,msg_type:2,'NoneType' object is not callable
2024-11-11 15:45:09.579,system,ERROR,msg_type:2,'NoneType' object is not callable
2024-11-11 15:45:09.704,system,ERROR,msg_type:2,'NoneType' object is not callable
2024-11-11 15:45:09.803,system,ERROR,msg_type:2,'NoneType' object is not callable
2024-11-11 15:45:09.918,system,ERROR,msg_type:2,'NoneType' object is not callable
2024-11-11 15:45:10.001,system,ERROR,msg_type:2,'NoneType' object is not callable
2024-11-11 15:45:10.101,system,ERROR,msg_type:2,'NoneType' object is not callable
2024-11-11 15:45:10.240,system,ERROR,msg_type:2,'NoneType' object is not callable
2024-11-11 15:45:10.316,system,ERROR,msg_type:2,'NoneType' object is not callable
2024-11-11 15:45:10.399,system,ERROR,msg_type:2,'NoneType' object is not callable
2024-11-11 15:45:10.525,system,ERROR,msg_type:2,'NoneType' object is not callable
2024-11-11 15:45:10.638,system,ERROR,msg_type:2,'NoneType' object is not callable
2024-11-11 15:45:10.678,system,ERROR,msg_type:2,'NoneType' object is not callable
2024-11-11 15:45:10.856,system,ERROR,msg_type:2,'NoneType' object is not callable
2024-11-11 15:45:10.899,system,ERROR,msg_type:2,'NoneType' object is not callable
2024-11-11 15:45:11.018,system,ERROR,msg_type:2,'NoneType' object is not callable
2024-11-11 15:45:11.077,system,ERROR,msg_type:2,'NoneType' object is not callable
2024-11-11 15:45:11.254,system,ERROR,msg_type:2,'NoneType' object is not callable
2024-11-11 15:45:11.327,system,ERROR,msg_type:2,'NoneType' object is not callable
2024-11-11 15:45:11.410,system,ERROR,msg_type:2,'NoneType' object is not callable
2024-11-11 15:45:11.487,system,ERROR,msg_type:2,'NoneType' object is not callable
2024-11-11 15:45:11.658,system,ERROR,msg_type:2,'NoneType' object is not callable
2024-11-11 15:45:11.725,system,ERROR,msg_type:2,'NoneType' object is not callable
2024-11-11 15:45:11.858,system,ERROR,msg_type:2,'NoneType' object is not callable
2024-11-11 15:45:11.919,system,ERROR,msg_type:2,'NoneType' object is not callable
2024-11-11 15:45:12.034,system,ERROR,msg_type:2,'NoneType' object is not callable
2024-11-11 15:45:12.144,system,ERROR,msg_type:2,'NoneType' object is not callable
2024-11-11 15:45:12.252,system,ERROR,msg_type:2,'NoneType' object is not callable
2024-11-11 15:45:12.366,system,ERROR,msg_type:2,'NoneType' object is not callable
2024-11-11 15:45:12.427,system,ERROR,msg_type:2,'NoneType' object is not callable
2024-11-11 15:45:12.539,system,ERROR,msg_type:2,'NoneType' object is not callable
2024-11-11 15:45:12.627,system,ERROR,msg_type:2,'NoneType' object is not callable
2024-11-11 15:45:12.716,system,ERROR,msg_type:2,'NoneType' object is not callable
2024-11-11 15:45:12.844,system,ERROR,msg_type:2,'NoneType' object is not callable
2024-11-11 15:45:12.914,system,ERROR,msg_type:2,'NoneType' object is not callable
2024-11-11 15:45:13.152,system,ERROR,msg_type:2,'NoneType' object is not callable
2024-11-11 15:45:13.276,system,ERROR,msg_type:2,'NoneType' object is not callable
2024-11-11 15:45:13.347,system,ERROR,msg_type:2,'NoneType' object is not callable
2024-11-11 15:45:13.418,system,ERROR,msg_type:2,'NoneType' object is not callable
2024-11-11 15:45:13.507,system,ERROR,msg_type:2,'NoneType' object is not callable
2024-11-11 15:45:13.685,system,ERROR,msg_type:2,'NoneType' object is not callable
2024-11-11 15:45:13.728,system,ERROR,msg_type:2,'NoneType' object is not callable
2024-11-11 15:45:13.944,system,ERROR,msg_type:2,'NoneType' object is not callable
2024-11-11 15:45:14.020,system,ERROR,msg_type:2,'NoneType' object is not callable
2024-11-11 15:45:14.211,system,ERROR,msg_type:2,'NoneType' object is not callable
2024-11-11 15:45:14.278,system,ERROR,msg_type:2,'NoneType' object is not callable
2024-11-11 15:45:14.394,system,ERROR,msg_type:2,'NoneType' object is not callable
2024-11-11 15:45:14.491,system,ERROR,msg_type:2,'NoneType' object is not callable
2024-11-11 15:45:14.570,system,ERROR,msg_type:2,'NoneType' object is not callable
2024-11-11 15:45:14.659,system,ERROR,msg_type:2,'NoneType' object is not callable
2024-11-11 15:45:14.794,system,ERROR,msg_type:2,'NoneType' object is not callable
2024-11-11 15:45:14.841,system,ERROR,msg_type:2,'NoneType' object is not callable
2024-11-11 15:45:14.938,system,ERROR,msg_type:2,'NoneType' object is not callable
2024-11-11 15:45:15.336,system,ERROR,msg_type:2,'NoneType' object is not callable
2024-11-11 15:45:15.410,system,ERROR,msg_type:2,'NoneType' object is not callable
2024-11-11 15:45:15.503,system,ERROR,msg_type:2,'NoneType' object is not callable
2024-11-11 15:45:15.573,system,ERROR,msg_type:2,'NoneType' object is not callable
2024-11-11 15:45:15.689,system,ERROR,msg_type:2,'NoneType' object is not callable
2024-11-11 15:45:15.757,system,ERROR,msg_type:2,'NoneType' object is not callable
2024-11-11 15:45:15.945,system,ERROR,msg_type:2,'NoneType' object is not callable
2024-11-11 15:45:16.020,system,ERROR,msg_type:2,'NoneType' object is not callable
2024-11-11 15:45:16.114,system,ERROR,msg_type:2,'NoneType' object is not callable
2024-11-11 15:45:16.173,system,ERROR,msg_type:2,'NoneType' object is not callable
2024-11-11 15:45:16.270,system,ERROR,msg_type:2,'NoneType' object is not callable
2024-11-11 15:45:16.383,system,ERROR,msg_type:2,'NoneType' object is not callable
2024-11-11 15:45:16.490,system,ERROR,msg_type:2,'NoneType' object is not callable
2024-11-11 15:45:16.588,system,ERROR,msg_type:2,'NoneType' object is not callable
2024-11-11 15:45:16.677,system,ERROR,msg_type:2,'NoneType' object is not callable
2024-11-11 15:45:16.788,system,ERROR,msg_type:2,'NoneType' object is not callable
2024-11-11 15:45:16.852,system,ERROR,msg_type:2,'NoneType' object is not callable
2024-11-11 15:45:16.961,system,ERROR,msg_type:2,'NoneType' object is not callable
2024-11-11 15:45:17.106,system,ERROR,msg_type:2,'NoneType' object is not callable
2024-11-11 15:45:17.202,system,ERROR,msg_type:2,'NoneType' object is not callable
2024-11-11 15:45:17.338,system,ERROR,msg_type:2,'NoneType' object is not callable
2024-11-11 15:45:17.408,system,ERROR,msg_type:2,'NoneType' object is not callable
2024-11-11 15:45:17.519,system,ERROR,msg_type:2,'NoneType' object is not callable
2024-11-11 15:45:17.634,system,ERROR,msg_type:2,'NoneType' object is not callable
2024-11-11 15:45:17.707,system,ERROR,msg_type:2,'NoneType' object is not callable
2024-11-11 15:45:17.795,system,ERROR,msg_type:2,'NoneType' object is not callable
2024-11-11 15:45:17.935,system,ERROR,msg_type:2,'NoneType' object is not callable
2024-11-11 15:45:18.042,system,ERROR,msg_type:2,'NoneType' object is not callable
2024-11-11 15:45:18.090,system,ERROR,msg_type:2,'NoneType' object is not callable
2024-11-11 15:45:18.244,system,ERROR,msg_type:2,'NoneType' object is not callable
2024-11-11 15:45:18.309,system,ERROR,msg_type:2,'NoneType' object is not callable
2024-11-11 15:45:18.447,system,ERROR,msg_type:2,'NoneType' object is not callable
2024-11-11 15:45:18.488,system,ERROR,msg_type:2,'NoneType' object is not callable
2024-11-11 15:45:18.601,system,ERROR,msg_type:2,'NoneType' object is not callable
2024-11-11 15:45:18.750,system,ERROR,msg_type:2,'NoneType' object is not callable
2024-11-11 15:45:18.819,system,ERROR,msg_type:2,'NoneType' object is not callable
2024-11-11 15:45:18.937,system,ERROR,msg_type:2,'NoneType' object is not callable
2024-11-11 15:45:19.040,system,ERROR,msg_type:2,'NoneType' object is not callable
2024-11-11 15:45:19.141,system,ERROR,msg_type:2,'NoneType' object is not callable
2024-11-11 15:45:19.208,system,ERROR,msg_type:2,'NoneType' object is not callable
2024-11-11 15:45:19.295,system,ERROR,msg_type:2,'NoneType' object is not callable
2024-11-11 15:45:19.398,system,ERROR,msg_type:2,'NoneType' object is not callable
2024-11-11 15:45:19.501,system,ERROR,msg_type:2,'NoneType' object is not callable
2024-11-11 15:45:19.661,system,ERROR,msg_type:2,'NoneType' object is not callable
2024-11-11 15:45:19.719,system,ERROR,msg_type:2,'NoneType' object is not callable
2024-11-11 15:45:19.854,system,ERROR,msg_type:2,'NoneType' object is not callable
2024-11-11 15:45:19.961,system,ERROR,msg_type:2,'NoneType' object is not callable
2024-11-11 15:45:20.002,system,ERROR,msg_type:2,'NoneType' object is not callable
2024-11-11 15:45:20.149,system,ERROR,msg_type:2,'NoneType' object is not callable
2024-11-11 15:45:20.235,system,ERROR,msg_type:2,'NoneType' object is not callable
2024-11-11 15:45:20.342,system,ERROR,msg_type:2,'NoneType' object is not callable
2024-11-11 15:45:20.387,system,ERROR,msg_type:2,'NoneType' object is not callable
2024-11-11 15:45:20.534,system,ERROR,msg_type:2,'NoneType' object is not callable
2024-11-11 15:45:20.631,system,ERROR,msg_type:2,'NoneType' object is not callable
2024-11-11 15:45:20.753,system,ERROR,msg_type:2,'NoneType' object is not callable
2024-11-11 15:45:20.823,system,ERROR,msg_type:2,'NoneType' object is not callable
2024-11-11 15:45:20.917,system,ERROR,msg_type:2,'NoneType' object is not callable
2024-11-11 15:45:21.022,system,ERROR,msg_type:2,'NoneType' object is not callable
2024-11-11 15:45:21.124,system,ERROR,msg_type:2,'NoneType' object is not callable
2024-11-11 15:45:21.272,system,ERROR,msg_type:2,'NoneType' object is not callable
2024-11-11 15:45:21.312,system,ERROR,msg_type:2,'NoneType' object is not callable
2024-11-11 15:45:21.408,system,ERROR,msg_type:2,'NoneType' object is not callable
2024-11-11 15:45:21.552,system,ERROR,msg_type:2,'NoneType' object is not callable
2024-11-11 15:45:21.651,system,ERROR,msg_type:2,'NoneType' object is not callable
2024-11-11 15:45:21.870,system,ERROR,msg_type:2,'NoneType' object is not callable
2024-11-11 15:45:21.919,system,ERROR,msg_type:2,'NoneType' object is not callable
2024-11-11 15:45:22.030,system,ERROR,msg_type:2,'NoneType' object is not callable
2024-11-11 15:45:22.208,system,ERROR,msg_type:2,'NoneType' object is not callable
