2024-10-15 13:48:04.736,system,INFO,Start rsu module.
2024-10-15 13:48:04.737,system,INFO,Run VehicleSocket modules process
2024-10-15 13:48:04.739,system,INFO,MY BIND IP: ('192.168.11.200', 63112)
2024-10-15 13:48:04.740,system,INFO,Run ObuSocket modules process
2024-10-15 13:48:04.740,system,INFO,Run MiddleWare Process.
2024-10-15 13:48:04.740,system,INFO,MY BIND IP: ('192.168.11.200', 63112)
2024-10-15 13:48:04.741,system,INFO,MY BIND IP: ('192.168.11.200', 63114)
2024-10-15 13:48:04.742,system,INFO,MY BIND IP: ('localhost', 28000)
2024-10-15 13:48:04.742,system,INFO,VehicleSocket::connect_remote,Connecting ('localhost', 20000)...
2024-10-15 13:48:07.754,system,INFO,MY BIND IP: ('localhost', 28000)
2024-10-15 13:48:07.764,system,INFO,VehicleSocket::connect_remote,Connecting ('localhost', 20000)...
2024-10-15 13:48:10.765,system,INFO,MY BIND IP: ('localhost', 28000)
2024-10-15 13:48:10.766,system,INFO,VehicleSocket::connect_remote,Connecting ('localhost', 20000)...
2024-10-15 13:48:13.767,system,INFO,MY BIND IP: ('localhost', 28000)
2024-10-15 13:48:13.767,system,INFO,VehicleSocket::connect_remote,Connecting ('localhost', 20000)...
2024-10-15 13:48:13.779,system,INFO,VehicleSocket::connect_remote,Connected VehicleSocket socket.
2024-10-15 14:06:34.675,system,INFO,MY BIND IP: ('localhost', 28000)
2024-10-15 14:06:34.676,system,INFO,VehicleSocket::connect_remote,Connecting ('localhost', 20000)...
2024-10-15 14:06:37.678,system,INFO,MY BIND IP: ('localhost', 28000)
2024-10-15 14:06:37.679,system,INFO,VehicleSocket::connect_remote,Connecting ('localhost', 20000)...
2024-10-15 14:06:40.682,system,INFO,MY BIND IP: ('localhost', 28000)
2024-10-15 14:06:40.683,system,INFO,VehicleSocket::connect_remote,Connecting ('localhost', 20000)...
2024-10-15 14:06:43.686,system,INFO,MY BIND IP: ('localhost', 28000)
2024-10-15 14:06:43.687,system,INFO,VehicleSocket::connect_remote,Connecting ('localhost', 20000)...
2024-10-15 14:06:43.698,system,INFO,VehicleSocket::connect_remote,Connected VehicleSocket socket.
2024-10-15 14:19:38.678,system,INFO,MY BIND IP: ('localhost', 28000)
2024-10-15 14:19:38.679,system,INFO,VehicleSocket::connect_remote,Connecting ('localhost', 20000)...
2024-10-15 14:19:41.681,system,INFO,MY BIND IP: ('localhost', 28000)
2024-10-15 14:19:41.682,system,INFO,VehicleSocket::connect_remote,Connecting ('localhost', 20000)...
2024-10-15 14:19:44.684,system,INFO,MY BIND IP: ('localhost', 28000)
2024-10-15 14:19:44.685,system,INFO,VehicleSocket::connect_remote,Connecting ('localhost', 20000)...
2024-10-15 14:19:44.697,system,INFO,VehicleSocket::connect_remote,Connected VehicleSocket socket.
2024-10-15 14:38:45.910,system,INFO,MY BIND IP: ('localhost', 28000)
2024-10-15 14:38:45.911,system,INFO,VehicleSocket::connect_remote,Connecting ('localhost', 20000)...
2024-10-15 14:38:48.913,system,INFO,MY BIND IP: ('localhost', 28000)
2024-10-15 14:38:48.914,system,INFO,VehicleSocket::connect_remote,Connecting ('localhost', 20000)...
2024-10-15 14:38:51.916,system,INFO,MY BIND IP: ('localhost', 28000)
2024-10-15 14:38:51.918,system,INFO,VehicleSocket::connect_remote,Connecting ('localhost', 20000)...
2024-10-15 14:38:54.921,system,INFO,MY BIND IP: ('localhost', 28000)
2024-10-15 14:38:54.922,system,INFO,VehicleSocket::connect_remote,Connecting ('localhost', 20000)...
2024-10-15 14:38:54.933,system,INFO,VehicleSocket::connect_remote,Connected VehicleSocket socket.
2024-10-15 14:42:21.280,system,INFO,MY BIND IP: ('localhost', 28000)
2024-10-15 14:42:21.283,system,INFO,VehicleSocket::connect_remote,Connecting ('localhost', 20000)...
2024-10-15 14:42:24.284,system,INFO,MY BIND IP: ('localhost', 28000)
2024-10-15 14:42:24.285,system,INFO,VehicleSocket::connect_remote,Connecting ('localhost', 20000)...
2024-10-15 14:42:27.287,system,INFO,MY BIND IP: ('localhost', 28000)
2024-10-15 14:42:27.288,system,INFO,VehicleSocket::connect_remote,Connecting ('localhost', 20000)...
2024-10-15 14:42:27.300,system,INFO,VehicleSocket::connect_remote,Connected VehicleSocket socket.
2024-10-15 15:01:00.334,system,INFO,MY BIND IP: ('localhost', 28000)
2024-10-15 15:01:00.335,system,INFO,VehicleSocket::connect_remote,Connecting ('localhost', 20000)...
2024-10-15 15:01:03.337,system,INFO,MY BIND IP: ('localhost', 28000)
2024-10-15 15:01:03.338,system,INFO,VehicleSocket::connect_remote,Connecting ('localhost', 20000)...
2024-10-15 15:01:06.340,system,INFO,MY BIND IP: ('localhost', 28000)
2024-10-15 15:01:06.341,system,INFO,VehicleSocket::connect_remote,Connecting ('localhost', 20000)...
2024-10-15 15:01:09.343,system,INFO,MY BIND IP: ('localhost', 28000)
2024-10-15 15:01:09.357,system,INFO,VehicleSocket::connect_remote,Connecting ('localhost', 20000)...
2024-10-15 15:01:12.361,system,INFO,MY BIND IP: ('localhost', 28000)
2024-10-15 15:01:12.362,system,INFO,VehicleSocket::connect_remote,Connecting ('localhost', 20000)...
2024-10-15 15:01:15.364,system,INFO,MY BIND IP: ('localhost', 28000)
2024-10-15 15:01:15.365,system,INFO,VehicleSocket::connect_remote,Connecting ('localhost', 20000)...
2024-10-15 15:01:18.367,system,INFO,MY BIND IP: ('localhost', 28000)
2024-10-15 15:01:18.368,system,INFO,VehicleSocket::connect_remote,Connecting ('localhost', 20000)...
2024-10-15 15:01:21.370,system,INFO,MY BIND IP: ('localhost', 28000)
2024-10-15 15:01:21.371,system,INFO,VehicleSocket::connect_remote,Connecting ('localhost', 20000)...
2024-10-15 15:01:24.373,system,INFO,MY BIND IP: ('localhost', 28000)
2024-10-15 15:01:24.374,system,INFO,VehicleSocket::connect_remote,Connecting ('localhost', 20000)...
2024-10-15 15:01:27.376,system,INFO,MY BIND IP: ('localhost', 28000)
2024-10-15 15:01:27.377,system,INFO,VehicleSocket::connect_remote,Connecting ('localhost', 20000)...
2024-10-15 15:01:30.380,system,INFO,MY BIND IP: ('localhost', 28000)
2024-10-15 15:01:30.381,system,INFO,VehicleSocket::connect_remote,Connecting ('localhost', 20000)...
2024-10-15 15:01:33.383,system,INFO,MY BIND IP: ('localhost', 28000)
2024-10-15 15:01:33.384,system,INFO,VehicleSocket::connect_remote,Connecting ('localhost', 20000)...
2024-10-15 15:01:36.386,system,INFO,MY BIND IP: ('localhost', 28000)
2024-10-15 15:01:36.387,system,INFO,VehicleSocket::connect_remote,Connecting ('localhost', 20000)...
2024-10-15 15:01:39.391,system,INFO,MY BIND IP: ('localhost', 28000)
2024-10-15 15:01:39.392,system,INFO,VehicleSocket::connect_remote,Connecting ('localhost', 20000)...
2024-10-15 15:01:42.394,system,INFO,MY BIND IP: ('localhost', 28000)
2024-10-15 15:01:42.395,system,INFO,VehicleSocket::connect_remote,Connecting ('localhost', 20000)...
2024-10-15 15:01:45.397,system,INFO,MY BIND IP: ('localhost', 28000)
2024-10-15 15:01:45.398,system,INFO,VehicleSocket::connect_remote,Connecting ('localhost', 20000)...
2024-10-15 15:01:48.400,system,INFO,MY BIND IP: ('localhost', 28000)
2024-10-15 15:01:48.401,system,INFO,VehicleSocket::connect_remote,Connecting ('localhost', 20000)...
2024-10-15 15:01:51.403,system,INFO,MY BIND IP: ('localhost', 28000)
2024-10-15 15:01:51.404,system,INFO,VehicleSocket::connect_remote,Connecting ('localhost', 20000)...
2024-10-15 15:01:54.407,system,INFO,MY BIND IP: ('localhost', 28000)
2024-10-15 15:01:54.409,system,INFO,VehicleSocket::connect_remote,Connecting ('localhost', 20000)...
2024-10-15 15:01:57.410,system,INFO,MY BIND IP: ('localhost', 28000)
2024-10-15 15:01:57.411,system,INFO,VehicleSocket::connect_remote,Connecting ('localhost', 20000)...
2024-10-15 15:02:00.414,system,INFO,MY BIND IP: ('localhost', 28000)
2024-10-15 15:02:00.415,system,INFO,VehicleSocket::connect_remote,Connecting ('localhost', 20000)...
2024-10-15 15:02:03.419,system,INFO,MY BIND IP: ('localhost', 28000)
2024-10-15 15:02:03.420,system,INFO,VehicleSocket::connect_remote,Connecting ('localhost', 20000)...
2024-10-15 15:02:06.422,system,INFO,MY BIND IP: ('localhost', 28000)
2024-10-15 15:02:06.424,system,INFO,VehicleSocket::connect_remote,Connecting ('localhost', 20000)...
2024-10-15 15:02:09.446,system,INFO,MY BIND IP: ('localhost', 28000)
2024-10-15 15:02:09.447,system,INFO,VehicleSocket::connect_remote,Connecting ('localhost', 20000)...
2024-10-15 15:02:12.449,system,INFO,MY BIND IP: ('localhost', 28000)
2024-10-15 15:02:12.451,system,INFO,VehicleSocket::connect_remote,Connecting ('localhost', 20000)...
2024-10-15 15:02:15.453,system,INFO,MY BIND IP: ('localhost', 28000)
2024-10-15 15:02:15.455,system,INFO,VehicleSocket::connect_remote,Connecting ('localhost', 20000)...
2024-10-15 15:02:18.457,system,INFO,MY BIND IP: ('localhost', 28000)
2024-10-15 15:02:18.458,system,INFO,VehicleSocket::connect_remote,Connecting ('localhost', 20000)...
2024-10-15 15:02:21.460,system,INFO,MY BIND IP: ('localhost', 28000)
2024-10-15 15:02:21.461,system,INFO,VehicleSocket::connect_remote,Connecting ('localhost', 20000)...
2024-10-15 15:02:24.463,system,INFO,MY BIND IP: ('localhost', 28000)
2024-10-15 15:02:24.464,system,INFO,VehicleSocket::connect_remote,Connecting ('localhost', 20000)...
2024-10-15 15:02:27.466,system,INFO,MY BIND IP: ('localhost', 28000)
2024-10-15 15:02:27.467,system,INFO,VehicleSocket::connect_remote,Connecting ('localhost', 20000)...
2024-10-15 15:02:30.470,system,INFO,MY BIND IP: ('localhost', 28000)
2024-10-15 15:02:30.471,system,INFO,VehicleSocket::connect_remote,Connecting ('localhost', 20000)...
2024-10-15 15:02:33.473,system,INFO,MY BIND IP: ('localhost', 28000)
2024-10-15 15:02:33.475,system,INFO,VehicleSocket::connect_remote,Connecting ('localhost', 20000)...
2024-10-15 15:02:36.488,system,INFO,MY BIND IP: ('localhost', 28000)
2024-10-15 15:02:36.489,system,INFO,VehicleSocket::connect_remote,Connecting ('localhost', 20000)...
2024-10-15 15:02:39.492,system,INFO,MY BIND IP: ('localhost', 28000)
2024-10-15 15:02:39.493,system,INFO,VehicleSocket::connect_remote,Connecting ('localhost', 20000)...
2024-10-15 15:02:42.495,system,INFO,MY BIND IP: ('localhost', 28000)
2024-10-15 15:02:42.496,system,INFO,VehicleSocket::connect_remote,Connecting ('localhost', 20000)...
2024-10-15 15:02:45.497,system,INFO,MY BIND IP: ('localhost', 28000)
2024-10-15 15:02:45.498,system,INFO,VehicleSocket::connect_remote,Connecting ('localhost', 20000)...
2024-10-15 15:02:48.501,system,INFO,MY BIND IP: ('localhost', 28000)
2024-10-15 15:02:48.502,system,INFO,VehicleSocket::connect_remote,Connecting ('localhost', 20000)...
2024-10-15 15:02:51.514,system,INFO,MY BIND IP: ('localhost', 28000)
2024-10-15 15:02:51.515,system,INFO,VehicleSocket::connect_remote,Connecting ('localhost', 20000)...
2024-10-15 15:02:54.517,system,INFO,MY BIND IP: ('localhost', 28000)
2024-10-15 15:02:54.518,system,INFO,VehicleSocket::connect_remote,Connecting ('localhost', 20000)...
2024-10-15 15:02:57.521,system,INFO,MY BIND IP: ('localhost', 28000)
2024-10-15 15:02:57.521,system,INFO,VehicleSocket::connect_remote,Connecting ('localhost', 20000)...
2024-10-15 15:03:00.524,system,INFO,MY BIND IP: ('localhost', 28000)
2024-10-15 15:03:00.525,system,INFO,VehicleSocket::connect_remote,Connecting ('localhost', 20000)...
2024-10-15 15:03:03.526,system,INFO,MY BIND IP: ('localhost', 28000)
2024-10-15 15:03:03.527,system,INFO,VehicleSocket::connect_remote,Connecting ('localhost', 20000)...
2024-10-15 15:03:06.529,system,INFO,MY BIND IP: ('localhost', 28000)
2024-10-15 15:03:06.530,system,INFO,VehicleSocket::connect_remote,Connecting ('localhost', 20000)...
2024-10-15 15:03:09.532,system,INFO,MY BIND IP: ('localhost', 28000)
2024-10-15 15:03:09.533,system,INFO,VehicleSocket::connect_remote,Connecting ('localhost', 20000)...
2024-10-15 15:03:12.535,system,INFO,MY BIND IP: ('localhost', 28000)
2024-10-15 15:03:12.536,system,INFO,VehicleSocket::connect_remote,Connecting ('localhost', 20000)...
2024-10-15 15:03:15.539,system,INFO,MY BIND IP: ('localhost', 28000)
2024-10-15 15:03:15.540,system,INFO,VehicleSocket::connect_remote,Connecting ('localhost', 20000)...
2024-10-15 15:03:18.542,system,INFO,MY BIND IP: ('localhost', 28000)
2024-10-15 15:03:18.543,system,INFO,VehicleSocket::connect_remote,Connecting ('localhost', 20000)...
2024-10-15 15:03:21.546,system,INFO,MY BIND IP: ('localhost', 28000)
2024-10-15 15:03:21.548,system,INFO,VehicleSocket::connect_remote,Connecting ('localhost', 20000)...
2024-10-15 15:03:24.549,system,INFO,MY BIND IP: ('localhost', 28000)
2024-10-15 15:03:24.551,system,INFO,VehicleSocket::connect_remote,Connecting ('localhost', 20000)...
2024-10-15 15:03:27.554,system,INFO,MY BIND IP: ('localhost', 28000)
2024-10-15 15:03:27.555,system,INFO,VehicleSocket::connect_remote,Connecting ('localhost', 20000)...
2024-10-15 15:03:30.557,system,INFO,MY BIND IP: ('localhost', 28000)
2024-10-15 15:03:30.558,system,INFO,VehicleSocket::connect_remote,Connecting ('localhost', 20000)...
2024-10-15 15:03:33.560,system,INFO,MY BIND IP: ('localhost', 28000)
2024-10-15 15:03:33.561,system,INFO,VehicleSocket::connect_remote,Connecting ('localhost', 20000)...
2024-10-15 15:03:36.563,system,INFO,MY BIND IP: ('localhost', 28000)
2024-10-15 15:03:36.564,system,INFO,VehicleSocket::connect_remote,Connecting ('localhost', 20000)...
2024-10-15 15:03:36.576,system,INFO,VehicleSocket::connect_remote,Connected VehicleSocket socket.
2024-10-15 15:19:39.514,system,INFO,MY BIND IP: ('localhost', 28000)
2024-10-15 15:19:39.515,system,INFO,VehicleSocket::connect_remote,Connecting ('localhost', 20000)...
2024-10-15 15:19:42.517,system,INFO,MY BIND IP: ('localhost', 28000)
2024-10-15 15:19:42.518,system,INFO,VehicleSocket::connect_remote,Connecting ('localhost', 20000)...
2024-10-15 15:19:45.521,system,INFO,MY BIND IP: ('localhost', 28000)
2024-10-15 15:19:45.522,system,INFO,VehicleSocket::connect_remote,Connecting ('localhost', 20000)...
2024-10-15 15:19:48.524,system,INFO,MY BIND IP: ('localhost', 28000)
2024-10-15 15:19:48.525,system,INFO,VehicleSocket::connect_remote,Connecting ('localhost', 20000)...
2024-10-15 15:19:51.527,system,INFO,MY BIND IP: ('localhost', 28000)
2024-10-15 15:19:51.528,system,INFO,VehicleSocket::connect_remote,Connecting ('localhost', 20000)...
2024-10-15 15:19:54.530,system,INFO,MY BIND IP: ('localhost', 28000)
2024-10-15 15:19:54.531,system,INFO,VehicleSocket::connect_remote,Connecting ('localhost', 20000)...
2024-10-15 15:19:57.534,system,INFO,MY BIND IP: ('localhost', 28000)
2024-10-15 15:19:57.535,system,INFO,VehicleSocket::connect_remote,Connecting ('localhost', 20000)...
2024-10-15 15:20:00.537,system,INFO,MY BIND IP: ('localhost', 28000)
2024-10-15 15:20:00.538,system,INFO,VehicleSocket::connect_remote,Connecting ('localhost', 20000)...
2024-10-15 15:20:03.541,system,INFO,MY BIND IP: ('localhost', 28000)
2024-10-15 15:20:03.542,system,INFO,VehicleSocket::connect_remote,Connecting ('localhost', 20000)...
2024-10-15 15:20:06.544,system,INFO,MY BIND IP: ('localhost', 28000)
2024-10-15 15:20:06.545,system,INFO,VehicleSocket::connect_remote,Connecting ('localhost', 20000)...
2024-10-15 15:20:09.546,system,INFO,MY BIND IP: ('localhost', 28000)
2024-10-15 15:20:09.547,system,INFO,VehicleSocket::connect_remote,Connecting ('localhost', 20000)...
2024-10-15 15:20:12.549,system,INFO,MY BIND IP: ('localhost', 28000)
2024-10-15 15:20:12.551,system,INFO,VehicleSocket::connect_remote,Connecting ('localhost', 20000)...
2024-10-15 15:20:15.554,system,INFO,MY BIND IP: ('localhost', 28000)
2024-10-15 15:20:15.554,system,INFO,VehicleSocket::connect_remote,Connecting ('localhost', 20000)...
2024-10-15 15:20:18.557,system,INFO,MY BIND IP: ('localhost', 28000)
2024-10-15 15:20:18.558,system,INFO,VehicleSocket::connect_remote,Connecting ('localhost', 20000)...
2024-10-15 15:20:21.560,system,INFO,MY BIND IP: ('localhost', 28000)
2024-10-15 15:20:21.561,system,INFO,VehicleSocket::connect_remote,Connecting ('localhost', 20000)...
2024-10-15 15:20:24.564,system,INFO,MY BIND IP: ('localhost', 28000)
2024-10-15 15:20:24.565,system,INFO,VehicleSocket::connect_remote,Connecting ('localhost', 20000)...
2024-10-15 15:20:27.566,system,INFO,MY BIND IP: ('localhost', 28000)
2024-10-15 15:20:27.567,system,INFO,VehicleSocket::connect_remote,Connecting ('localhost', 20000)...
2024-10-15 15:20:30.569,system,INFO,MY BIND IP: ('localhost', 28000)
2024-10-15 15:20:30.570,system,INFO,VehicleSocket::connect_remote,Connecting ('localhost', 20000)...
2024-10-15 15:20:33.572,system,INFO,MY BIND IP: ('localhost', 28000)
2024-10-15 15:20:33.573,system,INFO,VehicleSocket::connect_remote,Connecting ('localhost', 20000)...
2024-10-15 15:20:36.575,system,INFO,MY BIND IP: ('localhost', 28000)
2024-10-15 15:20:36.576,system,INFO,VehicleSocket::connect_remote,Connecting ('localhost', 20000)...
2024-10-15 15:20:39.578,system,INFO,MY BIND IP: ('localhost', 28000)
2024-10-15 15:20:39.579,system,INFO,VehicleSocket::connect_remote,Connecting ('localhost', 20000)...
2024-10-15 15:20:42.580,system,INFO,MY BIND IP: ('localhost', 28000)
2024-10-15 15:20:42.581,system,INFO,VehicleSocket::connect_remote,Connecting ('localhost', 20000)...
2024-10-15 15:20:45.584,system,INFO,MY BIND IP: ('localhost', 28000)
2024-10-15 15:20:45.585,system,INFO,VehicleSocket::connect_remote,Connecting ('localhost', 20000)...
2024-10-15 15:20:48.587,system,INFO,MY BIND IP: ('localhost', 28000)
2024-10-15 15:20:48.588,system,INFO,VehicleSocket::connect_remote,Connecting ('localhost', 20000)...
2024-10-15 15:20:51.590,system,INFO,MY BIND IP: ('localhost', 28000)
2024-10-15 15:20:51.591,system,INFO,VehicleSocket::connect_remote,Connecting ('localhost', 20000)...
2024-10-15 15:20:54.593,system,INFO,MY BIND IP: ('localhost', 28000)
2024-10-15 15:20:54.594,system,INFO,VehicleSocket::connect_remote,Connecting ('localhost', 20000)...
2024-10-15 15:20:57.597,system,INFO,MY BIND IP: ('localhost', 28000)
2024-10-15 15:20:57.598,system,INFO,VehicleSocket::connect_remote,Connecting ('localhost', 20000)...
2024-10-15 15:21:00.600,system,INFO,MY BIND IP: ('localhost', 28000)
2024-10-15 15:21:00.601,system,INFO,VehicleSocket::connect_remote,Connecting ('localhost', 20000)...
2024-10-15 15:21:03.603,system,INFO,MY BIND IP: ('localhost', 28000)
2024-10-15 15:21:03.605,system,INFO,VehicleSocket::connect_remote,Connecting ('localhost', 20000)...
2024-10-15 15:21:06.607,system,INFO,MY BIND IP: ('localhost', 28000)
2024-10-15 15:21:06.608,system,INFO,VehicleSocket::connect_remote,Connecting ('localhost', 20000)...
2024-10-15 15:21:07.121,system,INFO,VehicleSocket::connect_remote,Connected VehicleSocket socket.
2024-10-15 15:24:00.534,system,INFO,MY BIND IP: ('localhost', 28000)
2024-10-15 15:24:00.535,system,INFO,VehicleSocket::connect_remote,Connecting ('localhost', 20000)...
2024-10-15 15:24:03.537,system,INFO,MY BIND IP: ('localhost', 28000)
2024-10-15 15:24:03.538,system,INFO,VehicleSocket::connect_remote,Connecting ('localhost', 20000)...
2024-10-15 15:24:06.539,system,INFO,MY BIND IP: ('localhost', 28000)
2024-10-15 15:24:06.539,system,INFO,VehicleSocket::connect_remote,Connecting ('localhost', 20000)...
2024-10-15 15:24:06.550,system,INFO,VehicleSocket::connect_remote,Connected VehicleSocket socket.
2024-10-15 15:26:50.234,system,INFO,MY BIND IP: ('localhost', 28000)
2024-10-15 15:26:50.234,system,INFO,VehicleSocket::connect_remote,Connecting ('localhost', 20000)...
2024-10-15 15:26:53.236,system,INFO,MY BIND IP: ('localhost', 28000)
2024-10-15 15:26:53.236,system,INFO,VehicleSocket::connect_remote,Connecting ('localhost', 20000)...
