2024-09-09 12:46:34.854,system,INFO,Start rsu module.
2024-09-09 12:46:34.854,system,INFO,Run VehicleSocket modules process
2024-09-09 12:46:34.855,system,INFO,MY BIND IP: ('192.168.11.200', 63112)
2024-09-09 12:46:34.856,system,INFO,Run ObuSocket modules process
2024-09-09 12:46:34.856,system,INFO,Run MiddleWare Process.
2024-09-09 12:46:34.857,system,INFO,MY BIND IP: ('192.168.11.200', 63112)
2024-09-09 12:46:34.857,system,INFO,MY BIND IP: ('192.168.11.200', 63114)
2024-09-09 12:46:34.857,system,INFO,MY BIND IP: ('localhost', 28000)
2024-09-09 12:46:34.858,system,INFO,VehicleSocket::connect_remote,Connecting ('localhost', 20000)...
2024-09-09 12:46:37.863,system,INFO,MY BIND IP: ('localhost', 28000)
2024-09-09 12:46:37.865,system,INFO,VehicleSocket::connect_remote,Connecting ('localhost', 20000)...
2024-09-09 12:46:40.868,system,INFO,MY BIND IP: ('localhost', 28000)
2024-09-09 12:46:40.868,system,INFO,VehicleSocket::connect_remote,Connecting ('localhost', 20000)...
2024-09-09 12:46:43.871,system,INFO,MY BIND IP: ('localhost', 28000)
2024-09-09 12:46:43.872,system,INFO,VehicleSocket::connect_remote,Connecting ('localhost', 20000)...
2024-09-09 12:46:46.874,system,INFO,MY BIND IP: ('localhost', 28000)
2024-09-09 12:46:46.874,system,INFO,VehicleSocket::connect_remote,Connecting ('localhost', 20000)...
2024-09-09 12:46:49.876,system,INFO,MY BIND IP: ('localhost', 28000)
2024-09-09 12:46:49.876,system,INFO,VehicleSocket::connect_remote,Connecting ('localhost', 20000)...
2024-09-09 12:46:49.887,system,INFO,VehicleSocket::connect_remote,Connected VehicleSocket socket.
2024-09-09 12:57:54.705,system,INFO,MY BIND IP: ('localhost', 28000)
2024-09-09 12:57:54.705,system,INFO,VehicleSocket::connect_remote,Connecting ('localhost', 20000)...
2024-09-09 12:57:57.707,system,INFO,MY BIND IP: ('localhost', 28000)
2024-09-09 12:57:57.707,system,INFO,VehicleSocket::connect_remote,Connecting ('localhost', 20000)...
2024-09-09 12:58:00.709,system,INFO,MY BIND IP: ('localhost', 28000)
2024-09-09 12:58:00.710,system,INFO,VehicleSocket::connect_remote,Connecting ('localhost', 20000)...
2024-09-09 12:58:03.712,system,INFO,MY BIND IP: ('localhost', 28000)
2024-09-09 12:58:03.713,system,INFO,VehicleSocket::connect_remote,Connecting ('localhost', 20000)...
2024-09-09 12:58:06.714,system,INFO,MY BIND IP: ('localhost', 28000)
2024-09-09 12:58:06.715,system,INFO,VehicleSocket::connect_remote,Connecting ('localhost', 20000)...
2024-09-09 12:58:09.715,system,INFO,MY BIND IP: ('localhost', 28000)
2024-09-09 12:58:09.716,system,INFO,VehicleSocket::connect_remote,Connecting ('localhost', 20000)...
2024-09-09 12:58:12.718,system,INFO,MY BIND IP: ('localhost', 28000)
2024-09-09 12:58:12.719,system,INFO,VehicleSocket::connect_remote,Connecting ('localhost', 20000)...
2024-09-09 12:58:15.720,system,INFO,MY BIND IP: ('localhost', 28000)
2024-09-09 12:58:15.720,system,INFO,VehicleSocket::connect_remote,Connecting ('localhost', 20000)...
2024-09-09 12:58:18.722,system,INFO,MY BIND IP: ('localhost', 28000)
2024-09-09 12:58:18.722,system,INFO,VehicleSocket::connect_remote,Connecting ('localhost', 20000)...
2024-09-09 12:58:21.724,system,INFO,MY BIND IP: ('localhost', 28000)
2024-09-09 12:58:21.724,system,INFO,VehicleSocket::connect_remote,Connecting ('localhost', 20000)...
2024-09-09 12:58:24.726,system,INFO,MY BIND IP: ('localhost', 28000)
2024-09-09 12:58:24.726,system,INFO,VehicleSocket::connect_remote,Connecting ('localhost', 20000)...
2024-09-09 12:58:27.727,system,INFO,MY BIND IP: ('localhost', 28000)
2024-09-09 12:58:27.727,system,INFO,VehicleSocket::connect_remote,Connecting ('localhost', 20000)...
2024-09-09 12:58:30.730,system,INFO,MY BIND IP: ('localhost', 28000)
2024-09-09 12:58:30.730,system,INFO,VehicleSocket::connect_remote,Connecting ('localhost', 20000)...
2024-09-09 12:58:33.732,system,INFO,MY BIND IP: ('localhost', 28000)
2024-09-09 12:58:33.732,system,INFO,VehicleSocket::connect_remote,Connecting ('localhost', 20000)...
2024-09-09 12:58:36.733,system,INFO,MY BIND IP: ('localhost', 28000)
2024-09-09 12:58:36.733,system,INFO,VehicleSocket::connect_remote,Connecting ('localhost', 20000)...
2024-09-09 12:58:39.735,system,INFO,MY BIND IP: ('localhost', 28000)
2024-09-09 12:58:39.735,system,INFO,VehicleSocket::connect_remote,Connecting ('localhost', 20000)...
2024-09-09 12:58:42.737,system,INFO,MY BIND IP: ('localhost', 28000)
2024-09-09 12:58:42.737,system,INFO,VehicleSocket::connect_remote,Connecting ('localhost', 20000)...
2024-09-09 12:58:45.740,system,INFO,MY BIND IP: ('localhost', 28000)
2024-09-09 12:58:45.740,system,INFO,VehicleSocket::connect_remote,Connecting ('localhost', 20000)...
2024-09-09 12:58:48.743,system,INFO,MY BIND IP: ('localhost', 28000)
2024-09-09 12:58:48.743,system,INFO,VehicleSocket::connect_remote,Connecting ('localhost', 20000)...
2024-09-09 12:58:51.745,system,INFO,MY BIND IP: ('localhost', 28000)
2024-09-09 12:58:51.746,system,INFO,VehicleSocket::connect_remote,Connecting ('localhost', 20000)...
2024-09-09 12:58:54.748,system,INFO,MY BIND IP: ('localhost', 28000)
2024-09-09 12:58:54.748,system,INFO,VehicleSocket::connect_remote,Connecting ('localhost', 20000)...
2024-09-09 12:58:57.750,system,INFO,MY BIND IP: ('localhost', 28000)
2024-09-09 12:58:57.751,system,INFO,VehicleSocket::connect_remote,Connecting ('localhost', 20000)...
2024-09-09 12:59:00.752,system,INFO,MY BIND IP: ('localhost', 28000)
2024-09-09 12:59:00.752,system,INFO,VehicleSocket::connect_remote,Connecting ('localhost', 20000)...
2024-09-09 12:59:03.755,system,INFO,MY BIND IP: ('localhost', 28000)
2024-09-09 12:59:03.755,system,INFO,VehicleSocket::connect_remote,Connecting ('localhost', 20000)...
2024-09-09 12:59:06.757,system,INFO,MY BIND IP: ('localhost', 28000)
2024-09-09 12:59:06.757,system,INFO,VehicleSocket::connect_remote,Connecting ('localhost', 20000)...
2024-09-09 12:59:09.759,system,INFO,MY BIND IP: ('localhost', 28000)
2024-09-09 12:59:09.759,system,INFO,VehicleSocket::connect_remote,Connecting ('localhost', 20000)...
2024-09-09 12:59:12.761,system,INFO,MY BIND IP: ('localhost', 28000)
2024-09-09 12:59:12.762,system,INFO,VehicleSocket::connect_remote,Connecting ('localhost', 20000)...
2024-09-09 12:59:15.764,system,INFO,MY BIND IP: ('localhost', 28000)
2024-09-09 12:59:15.764,system,INFO,VehicleSocket::connect_remote,Connecting ('localhost', 20000)...
2024-09-09 12:59:18.766,system,INFO,MY BIND IP: ('localhost', 28000)
2024-09-09 12:59:18.766,system,INFO,VehicleSocket::connect_remote,Connecting ('localhost', 20000)...
2024-09-09 12:59:21.768,system,INFO,MY BIND IP: ('localhost', 28000)
2024-09-09 12:59:21.768,system,INFO,VehicleSocket::connect_remote,Connecting ('localhost', 20000)...
2024-09-09 12:59:24.771,system,INFO,MY BIND IP: ('localhost', 28000)
2024-09-09 12:59:24.771,system,INFO,VehicleSocket::connect_remote,Connecting ('localhost', 20000)...
2024-09-09 12:59:27.773,system,INFO,MY BIND IP: ('localhost', 28000)
2024-09-09 12:59:27.773,system,INFO,VehicleSocket::connect_remote,Connecting ('localhost', 20000)...
2024-09-09 12:59:30.776,system,INFO,MY BIND IP: ('localhost', 28000)
2024-09-09 12:59:30.776,system,INFO,VehicleSocket::connect_remote,Connecting ('localhost', 20000)...
2024-09-09 12:59:33.778,system,INFO,MY BIND IP: ('localhost', 28000)
2024-09-09 12:59:33.778,system,INFO,VehicleSocket::connect_remote,Connecting ('localhost', 20000)...
2024-09-09 12:59:36.780,system,INFO,MY BIND IP: ('localhost', 28000)
2024-09-09 12:59:36.780,system,INFO,VehicleSocket::connect_remote,Connecting ('localhost', 20000)...
2024-09-09 12:59:39.783,system,INFO,MY BIND IP: ('localhost', 28000)
2024-09-09 12:59:39.783,system,INFO,VehicleSocket::connect_remote,Connecting ('localhost', 20000)...
2024-09-09 12:59:42.785,system,INFO,MY BIND IP: ('localhost', 28000)
2024-09-09 12:59:42.786,system,INFO,VehicleSocket::connect_remote,Connecting ('localhost', 20000)...
2024-09-09 12:59:45.787,system,INFO,MY BIND IP: ('localhost', 28000)
2024-09-09 12:59:45.787,system,INFO,VehicleSocket::connect_remote,Connecting ('localhost', 20000)...
2024-09-09 12:59:48.789,system,INFO,MY BIND IP: ('localhost', 28000)
2024-09-09 12:59:48.790,system,INFO,VehicleSocket::connect_remote,Connecting ('localhost', 20000)...
2024-09-09 12:59:51.791,system,INFO,MY BIND IP: ('localhost', 28000)
2024-09-09 12:59:51.791,system,INFO,VehicleSocket::connect_remote,Connecting ('localhost', 20000)...
