2024-09-09 10:30:26.393,system,INFO,Start rsu module.
2024-09-09 10:30:26.393,system,INFO,Run VehicleSocket modules process
2024-09-09 10:30:26.394,system,INFO,MY BIND IP: ('192.168.11.200', 63112)
2024-09-09 10:30:26.395,system,INFO,Run ObuSocket modules process
2024-09-09 10:30:26.395,system,INFO,Run MiddleWare Process.
2024-09-09 10:30:26.395,system,INFO,MY BIND IP: ('192.168.11.200', 63112)
2024-09-09 10:30:26.396,system,INFO,MY BIND IP: ('192.168.11.200', 63114)
2024-09-09 10:30:26.396,system,INFO,MY BIND IP: ('localhost', 28000)
2024-09-09 10:30:26.397,system,INFO,VehicleSocket::connect_remote,Connecting ('localhost', 20000)...
2024-09-09 10:30:26.398,system,INFO,VehicleSocket::connect_remote,Connected VehicleSocket socket.
2024-09-09 10:32:54.251,system,INFO,MY BIND IP: ('localhost', 28000)
2024-09-09 10:32:54.251,system,INFO,VehicleSocket::connect_remote,Connecting ('localhost', 20000)...
2024-09-09 10:32:57.254,system,INFO,MY BIND IP: ('localhost', 28000)
2024-09-09 10:32:57.254,system,INFO,VehicleSocket::connect_remote,Connecting ('localhost', 20000)...
2024-09-09 10:33:00.255,system,INFO,MY BIND IP: ('localhost', 28000)
2024-09-09 10:33:00.255,system,INFO,VehicleSocket::connect_remote,Connecting ('localhost', 20000)...
2024-09-09 10:33:03.257,system,INFO,MY BIND IP: ('localhost', 28000)
2024-09-09 10:33:03.257,system,INFO,VehicleSocket::connect_remote,Connecting ('localhost', 20000)...
2024-09-09 10:33:06.259,system,INFO,MY BIND IP: ('localhost', 28000)
2024-09-09 10:33:06.259,system,INFO,VehicleSocket::connect_remote,Connecting ('localhost', 20000)...
2024-09-09 10:33:09.261,system,INFO,MY BIND IP: ('localhost', 28000)
2024-09-09 10:33:09.261,system,INFO,VehicleSocket::connect_remote,Connecting ('localhost', 20000)...
2024-09-09 10:33:12.264,system,INFO,MY BIND IP: ('localhost', 28000)
2024-09-09 10:33:12.264,system,INFO,VehicleSocket::connect_remote,Connecting ('localhost', 20000)...
2024-09-09 10:33:15.266,system,INFO,MY BIND IP: ('localhost', 28000)
2024-09-09 10:33:15.267,system,INFO,VehicleSocket::connect_remote,Connecting ('localhost', 20000)...
2024-09-09 10:33:18.268,system,INFO,MY BIND IP: ('localhost', 28000)
2024-09-09 10:33:18.268,system,INFO,VehicleSocket::connect_remote,Connecting ('localhost', 20000)...
2024-09-09 10:33:21.270,system,INFO,MY BIND IP: ('localhost', 28000)
2024-09-09 10:33:21.271,system,INFO,VehicleSocket::connect_remote,Connecting ('localhost', 20000)...
2024-09-09 10:33:24.272,system,INFO,MY BIND IP: ('localhost', 28000)
2024-09-09 10:33:24.272,system,INFO,VehicleSocket::connect_remote,Connecting ('localhost', 20000)...
2024-09-09 10:33:27.275,system,INFO,MY BIND IP: ('localhost', 28000)
2024-09-09 10:33:27.275,system,INFO,VehicleSocket::connect_remote,Connecting ('localhost', 20000)...
2024-09-09 10:33:30.297,system,INFO,MY BIND IP: ('localhost', 28000)
2024-09-09 10:33:30.297,system,INFO,VehicleSocket::connect_remote,Connecting ('localhost', 20000)...
2024-09-09 10:33:33.298,system,INFO,MY BIND IP: ('localhost', 28000)
2024-09-09 10:33:33.298,system,INFO,VehicleSocket::connect_remote,Connecting ('localhost', 20000)...
2024-09-09 10:33:36.301,system,INFO,MY BIND IP: ('localhost', 28000)
2024-09-09 10:33:36.301,system,INFO,VehicleSocket::connect_remote,Connecting ('localhost', 20000)...
2024-09-09 10:33:39.304,system,INFO,MY BIND IP: ('localhost', 28000)
2024-09-09 10:33:39.304,system,INFO,VehicleSocket::connect_remote,Connecting ('localhost', 20000)...
2024-09-09 10:33:42.306,system,INFO,MY BIND IP: ('localhost', 28000)
2024-09-09 10:33:42.306,system,INFO,VehicleSocket::connect_remote,Connecting ('localhost', 20000)...
2024-09-09 10:33:45.308,system,INFO,MY BIND IP: ('localhost', 28000)
2024-09-09 10:33:45.308,system,INFO,VehicleSocket::connect_remote,Connecting ('localhost', 20000)...
2024-09-09 10:33:45.319,system,INFO,VehicleSocket::connect_remote,Connected VehicleSocket socket.
2024-09-09 10:46:09.279,system,INFO,MY BIND IP: ('localhost', 28000)
2024-09-09 10:46:09.279,system,INFO,VehicleSocket::connect_remote,Connecting ('localhost', 20000)...
2024-09-09 10:46:12.281,system,INFO,MY BIND IP: ('localhost', 28000)
2024-09-09 10:46:12.281,system,INFO,VehicleSocket::connect_remote,Connecting ('localhost', 20000)...
