2024-09-09 12:07:08.172,system,INFO,Start rsu module.
2024-09-09 12:07:08.172,system,INFO,Run VehicleSocket modules process
2024-09-09 12:07:08.173,system,INFO,MY BIND IP: ('192.168.11.200', 63112)
2024-09-09 12:07:08.174,system,INFO,Run ObuSocket modules process
2024-09-09 12:07:08.174,system,INFO,Run MiddleWare Process.
2024-09-09 12:07:08.175,system,INFO,MY BIND IP: ('192.168.11.200', 63112)
2024-09-09 12:07:08.175,system,INFO,MY BIND IP: ('192.168.11.200', 63114)
2024-09-09 12:07:08.176,system,INFO,MY BIND IP: ('localhost', 28000)
2024-09-09 12:07:08.177,system,INFO,VehicleSocket::connect_remote,Connecting ('localhost', 20000)...
2024-09-09 12:07:11.178,system,INFO,MY BIND IP: ('localhost', 28000)
2024-09-09 12:07:11.179,system,INFO,VehicleSocket::connect_remote,Connecting ('localhost', 20000)...
2024-09-09 12:07:14.180,system,INFO,MY BIND IP: ('localhost', 28000)
2024-09-09 12:07:14.180,system,INFO,VehicleSocket::connect_remote,Connecting ('localhost', 20000)...
2024-09-09 12:07:17.181,system,INFO,MY BIND IP: ('localhost', 28000)
2024-09-09 12:07:17.183,system,INFO,VehicleSocket::connect_remote,Connecting ('localhost', 20000)...
2024-09-09 12:07:20.185,system,INFO,MY BIND IP: ('localhost', 28000)
2024-09-09 12:07:20.185,system,INFO,VehicleSocket::connect_remote,Connecting ('localhost', 20000)...
2024-09-09 12:07:20.196,system,INFO,VehicleSocket::connect_remote,Connected VehicleSocket socket.
2024-09-09 12:12:43.330,system,INFO,MY BIND IP: ('localhost', 28000)
2024-09-09 12:12:43.330,system,INFO,VehicleSocket::connect_remote,Connecting ('localhost', 20000)...
2024-09-09 12:12:46.332,system,INFO,MY BIND IP: ('localhost', 28000)
2024-09-09 12:12:46.333,system,INFO,VehicleSocket::connect_remote,Connecting ('localhost', 20000)...
2024-09-09 12:12:49.334,system,INFO,MY BIND IP: ('localhost', 28000)
2024-09-09 12:12:49.335,system,INFO,VehicleSocket::connect_remote,Connecting ('localhost', 20000)...
2024-09-09 12:12:52.337,system,INFO,MY BIND IP: ('localhost', 28000)
2024-09-09 12:12:52.337,system,INFO,VehicleSocket::connect_remote,Connecting ('localhost', 20000)...
2024-09-09 12:12:55.340,system,INFO,MY BIND IP: ('localhost', 28000)
2024-09-09 12:12:55.341,system,INFO,VehicleSocket::connect_remote,Connecting ('localhost', 20000)...
2024-09-09 12:12:58.342,system,INFO,MY BIND IP: ('localhost', 28000)
2024-09-09 12:12:58.342,system,INFO,VehicleSocket::connect_remote,Connecting ('localhost', 20000)...
2024-09-09 12:13:01.345,system,INFO,MY BIND IP: ('localhost', 28000)
2024-09-09 12:13:01.346,system,INFO,VehicleSocket::connect_remote,Connecting ('localhost', 20000)...
2024-09-09 12:13:04.348,system,INFO,MY BIND IP: ('localhost', 28000)
2024-09-09 12:13:04.349,system,INFO,VehicleSocket::connect_remote,Connecting ('localhost', 20000)...
2024-09-09 12:13:04.360,system,INFO,VehicleSocket::connect_remote,Connected VehicleSocket socket.
2024-09-09 12:20:29.505,system,INFO,MY BIND IP: ('localhost', 28000)
2024-09-09 12:20:29.505,system,INFO,VehicleSocket::connect_remote,Connecting ('localhost', 20000)...
2024-09-09 12:20:32.507,system,INFO,MY BIND IP: ('localhost', 28000)
2024-09-09 12:20:32.507,system,INFO,VehicleSocket::connect_remote,Connecting ('localhost', 20000)...
2024-09-09 12:20:35.509,system,INFO,MY BIND IP: ('localhost', 28000)
2024-09-09 12:20:35.509,system,INFO,VehicleSocket::connect_remote,Connecting ('localhost', 20000)...
2024-09-09 12:20:38.511,system,INFO,MY BIND IP: ('localhost', 28000)
2024-09-09 12:20:38.512,system,INFO,VehicleSocket::connect_remote,Connecting ('localhost', 20000)...
2024-09-09 12:20:41.513,system,INFO,MY BIND IP: ('localhost', 28000)
2024-09-09 12:20:41.513,system,INFO,VehicleSocket::connect_remote,Connecting ('localhost', 20000)...
2024-09-09 12:20:44.515,system,INFO,MY BIND IP: ('localhost', 28000)
2024-09-09 12:20:44.515,system,INFO,VehicleSocket::connect_remote,Connecting ('localhost', 20000)...
2024-09-09 12:20:47.517,system,INFO,MY BIND IP: ('localhost', 28000)
2024-09-09 12:20:47.517,system,INFO,VehicleSocket::connect_remote,Connecting ('localhost', 20000)...
2024-09-09 12:20:50.520,system,INFO,MY BIND IP: ('localhost', 28000)
2024-09-09 12:20:50.520,system,INFO,VehicleSocket::connect_remote,Connecting ('localhost', 20000)...
2024-09-09 12:20:53.521,system,INFO,MY BIND IP: ('localhost', 28000)
2024-09-09 12:20:53.521,system,INFO,VehicleSocket::connect_remote,Connecting ('localhost', 20000)...
2024-09-09 12:20:56.523,system,INFO,MY BIND IP: ('localhost', 28000)
2024-09-09 12:20:56.523,system,INFO,VehicleSocket::connect_remote,Connecting ('localhost', 20000)...
2024-09-09 12:20:59.525,system,INFO,MY BIND IP: ('localhost', 28000)
2024-09-09 12:20:59.525,system,INFO,VehicleSocket::connect_remote,Connecting ('localhost', 20000)...
2024-09-09 12:21:02.528,system,INFO,MY BIND IP: ('localhost', 28000)
2024-09-09 12:21:02.528,system,INFO,VehicleSocket::connect_remote,Connecting ('localhost', 20000)...
2024-09-09 12:21:05.529,system,INFO,MY BIND IP: ('localhost', 28000)
2024-09-09 12:21:05.529,system,INFO,VehicleSocket::connect_remote,Connecting ('localhost', 20000)...
2024-09-09 12:21:08.532,system,INFO,MY BIND IP: ('localhost', 28000)
2024-09-09 12:21:08.532,system,INFO,VehicleSocket::connect_remote,Connecting ('localhost', 20000)...
2024-09-09 12:21:11.535,system,INFO,MY BIND IP: ('localhost', 28000)
2024-09-09 12:21:11.535,system,INFO,VehicleSocket::connect_remote,Connecting ('localhost', 20000)...
2024-09-09 12:21:14.536,system,INFO,MY BIND IP: ('localhost', 28000)
2024-09-09 12:21:14.536,system,INFO,VehicleSocket::connect_remote,Connecting ('localhost', 20000)...
2024-09-09 12:21:17.538,system,INFO,MY BIND IP: ('localhost', 28000)
2024-09-09 12:21:17.538,system,INFO,VehicleSocket::connect_remote,Connecting ('localhost', 20000)...
2024-09-09 12:21:20.541,system,INFO,MY BIND IP: ('localhost', 28000)
2024-09-09 12:21:20.541,system,INFO,VehicleSocket::connect_remote,Connecting ('localhost', 20000)...
2024-09-09 12:21:23.543,system,INFO,MY BIND IP: ('localhost', 28000)
2024-09-09 12:21:23.543,system,INFO,VehicleSocket::connect_remote,Connecting ('localhost', 20000)...
2024-09-09 12:21:26.545,system,INFO,MY BIND IP: ('localhost', 28000)
2024-09-09 12:21:26.545,system,INFO,VehicleSocket::connect_remote,Connecting ('localhost', 20000)...
2024-09-09 12:21:29.548,system,INFO,MY BIND IP: ('localhost', 28000)
2024-09-09 12:21:29.548,system,INFO,VehicleSocket::connect_remote,Connecting ('localhost', 20000)...
2024-09-09 12:21:32.550,system,INFO,MY BIND IP: ('localhost', 28000)
2024-09-09 12:21:32.550,system,INFO,VehicleSocket::connect_remote,Connecting ('localhost', 20000)...
2024-09-09 12:21:35.552,system,INFO,MY BIND IP: ('localhost', 28000)
2024-09-09 12:21:35.552,system,INFO,VehicleSocket::connect_remote,Connecting ('localhost', 20000)...
2024-09-09 12:21:38.554,system,INFO,MY BIND IP: ('localhost', 28000)
2024-09-09 12:21:38.554,system,INFO,VehicleSocket::connect_remote,Connecting ('localhost', 20000)...
2024-09-09 12:21:41.556,system,INFO,MY BIND IP: ('localhost', 28000)
2024-09-09 12:21:41.557,system,INFO,VehicleSocket::connect_remote,Connecting ('localhost', 20000)...
2024-09-09 12:21:44.558,system,INFO,MY BIND IP: ('localhost', 28000)
2024-09-09 12:21:44.559,system,INFO,VehicleSocket::connect_remote,Connecting ('localhost', 20000)...
2024-09-09 12:21:47.560,system,INFO,MY BIND IP: ('localhost', 28000)
2024-09-09 12:21:47.561,system,INFO,VehicleSocket::connect_remote,Connecting ('localhost', 20000)...
2024-09-09 12:21:50.562,system,INFO,MY BIND IP: ('localhost', 28000)
2024-09-09 12:21:50.562,system,INFO,VehicleSocket::connect_remote,Connecting ('localhost', 20000)...
2024-09-09 12:21:53.564,system,INFO,MY BIND IP: ('localhost', 28000)
2024-09-09 12:21:53.564,system,INFO,VehicleSocket::connect_remote,Connecting ('localhost', 20000)...
2024-09-09 12:21:56.566,system,INFO,MY BIND IP: ('localhost', 28000)
2024-09-09 12:21:56.566,system,INFO,VehicleSocket::connect_remote,Connecting ('localhost', 20000)...
2024-09-09 12:21:59.568,system,INFO,MY BIND IP: ('localhost', 28000)
2024-09-09 12:21:59.568,system,INFO,VehicleSocket::connect_remote,Connecting ('localhost', 20000)...
2024-09-09 12:22:02.571,system,INFO,MY BIND IP: ('localhost', 28000)
2024-09-09 12:22:02.571,system,INFO,VehicleSocket::connect_remote,Connecting ('localhost', 20000)...
2024-09-09 12:22:05.573,system,INFO,MY BIND IP: ('localhost', 28000)
2024-09-09 12:22:05.574,system,INFO,VehicleSocket::connect_remote,Connecting ('localhost', 20000)...
2024-09-09 12:22:08.576,system,INFO,MY BIND IP: ('localhost', 28000)
2024-09-09 12:22:08.576,system,INFO,VehicleSocket::connect_remote,Connecting ('localhost', 20000)...
2024-09-09 12:22:11.578,system,INFO,MY BIND IP: ('localhost', 28000)
2024-09-09 12:22:11.578,system,INFO,VehicleSocket::connect_remote,Connecting ('localhost', 20000)...
2024-09-09 12:22:14.580,system,INFO,MY BIND IP: ('localhost', 28000)
2024-09-09 12:22:14.580,system,INFO,VehicleSocket::connect_remote,Connecting ('localhost', 20000)...
2024-09-09 12:22:17.582,system,INFO,MY BIND IP: ('localhost', 28000)
2024-09-09 12:22:17.582,system,INFO,VehicleSocket::connect_remote,Connecting ('localhost', 20000)...
2024-09-09 12:22:20.584,system,INFO,MY BIND IP: ('localhost', 28000)
2024-09-09 12:22:20.584,system,INFO,VehicleSocket::connect_remote,Connecting ('localhost', 20000)...
2024-09-09 12:22:23.587,system,INFO,MY BIND IP: ('localhost', 28000)
2024-09-09 12:22:23.587,system,INFO,VehicleSocket::connect_remote,Connecting ('localhost', 20000)...
2024-09-09 12:22:26.589,system,INFO,MY BIND IP: ('localhost', 28000)
2024-09-09 12:22:26.589,system,INFO,VehicleSocket::connect_remote,Connecting ('localhost', 20000)...
2024-09-09 12:22:29.591,system,INFO,MY BIND IP: ('localhost', 28000)
2024-09-09 12:22:29.591,system,INFO,VehicleSocket::connect_remote,Connecting ('localhost', 20000)...
2024-09-09 12:22:32.593,system,INFO,MY BIND IP: ('localhost', 28000)
2024-09-09 12:22:32.593,system,INFO,VehicleSocket::connect_remote,Connecting ('localhost', 20000)...
2024-09-09 12:22:35.596,system,INFO,MY BIND IP: ('localhost', 28000)
2024-09-09 12:22:35.597,system,INFO,VehicleSocket::connect_remote,Connecting ('localhost', 20000)...
2024-09-09 12:22:38.598,system,INFO,MY BIND IP: ('localhost', 28000)
2024-09-09 12:22:38.598,system,INFO,VehicleSocket::connect_remote,Connecting ('localhost', 20000)...
2024-09-09 12:22:41.600,system,INFO,MY BIND IP: ('localhost', 28000)
2024-09-09 12:22:41.600,system,INFO,VehicleSocket::connect_remote,Connecting ('localhost', 20000)...
2024-09-09 12:22:44.602,system,INFO,MY BIND IP: ('localhost', 28000)
2024-09-09 12:22:44.602,system,INFO,VehicleSocket::connect_remote,Connecting ('localhost', 20000)...
