2024-11-11 16:38:23.018,system,INFO,Start rsu module.
2024-11-11 16:38:23.018,system,INFO,Run VehicleSocket modules process
2024-11-11 16:38:23.019,system,INFO,MY BIND IP: ('192.168.11.200', 63112)
2024-11-11 16:38:23.020,system,INFO,Run ObuSocket modules process
2024-11-11 16:38:23.020,system,INFO,Run MiddleWare Process.
2024-11-11 16:38:23.021,system,INFO,MY BIND IP: ('192.168.11.200', 63112)
2024-11-11 16:38:23.021,system,INFO,MY BIND IP: ('192.168.11.200', 63114)
2024-11-11 16:38:23.021,system,INFO,MY BIND IP: ('localhost', 28000)
2024-11-11 16:38:23.022,system,INFO,VehicleSocket::connect_remote,Connecting ('localhost', 20000)...
2024-11-11 16:38:26.024,system,INFO,MY BIND IP: ('localhost', 28000)
2024-11-11 16:38:26.024,system,INFO,VehicleSocket::connect_remote,Connecting ('localhost', 20000)...
2024-11-11 16:38:29.025,system,INFO,MY BIND IP: ('localhost', 28000)
2024-11-11 16:38:29.026,system,INFO,VehicleSocket::connect_remote,Connecting ('localhost', 20000)...
2024-11-11 16:38:32.029,system,INFO,MY BIND IP: ('localhost', 28000)
2024-11-11 16:38:32.030,system,INFO,VehicleSocket::connect_remote,Connecting ('localhost', 20000)...
2024-11-11 16:38:35.032,system,INFO,MY BIND IP: ('localhost', 28000)
2024-11-11 16:38:35.032,system,INFO,VehicleSocket::connect_remote,Connecting ('localhost', 20000)...
2024-11-11 16:38:35.045,system,INFO,VehicleSocket::connect_remote,Connected VehicleSocket socket.
2024-11-11 17:16:53.288,system,INFO,MY BIND IP: ('localhost', 28000)
2024-11-11 17:16:53.289,system,INFO,VehicleSocket::connect_remote,Connecting ('localhost', 20000)...
2024-11-11 17:16:56.293,system,INFO,MY BIND IP: ('localhost', 28000)
2024-11-11 17:16:56.294,system,INFO,VehicleSocket::connect_remote,Connecting ('localhost', 20000)...
2024-11-11 17:16:59.295,system,INFO,MY BIND IP: ('localhost', 28000)
2024-11-11 17:16:59.297,system,INFO,VehicleSocket::connect_remote,Connecting ('localhost', 20000)...
2024-11-11 17:17:02.300,system,INFO,MY BIND IP: ('localhost', 28000)
2024-11-11 17:17:02.301,system,INFO,VehicleSocket::connect_remote,Connecting ('localhost', 20000)...
2024-11-11 17:17:05.302,system,INFO,MY BIND IP: ('localhost', 28000)
2024-11-11 17:17:05.302,system,INFO,VehicleSocket::connect_remote,Connecting ('localhost', 20000)...
2024-11-11 17:17:08.305,system,INFO,MY BIND IP: ('localhost', 28000)
2024-11-11 17:17:08.305,system,INFO,VehicleSocket::connect_remote,Connecting ('localhost', 20000)...
2024-11-11 17:17:11.307,system,INFO,MY BIND IP: ('localhost', 28000)
2024-11-11 17:17:11.308,system,INFO,VehicleSocket::connect_remote,Connecting ('localhost', 20000)...
2024-11-11 17:17:14.309,system,INFO,MY BIND IP: ('localhost', 28000)
2024-11-11 17:17:14.311,system,INFO,VehicleSocket::connect_remote,Connecting ('localhost', 20000)...
2024-11-11 17:17:17.316,system,INFO,MY BIND IP: ('localhost', 28000)
2024-11-11 17:17:17.317,system,INFO,VehicleSocket::connect_remote,Connecting ('localhost', 20000)...
2024-11-11 17:17:20.320,system,INFO,MY BIND IP: ('localhost', 28000)
2024-11-11 17:17:20.321,system,INFO,VehicleSocket::connect_remote,Connecting ('localhost', 20000)...
2024-11-11 17:17:23.322,system,INFO,MY BIND IP: ('localhost', 28000)
2024-11-11 17:17:23.323,system,INFO,VehicleSocket::connect_remote,Connecting ('localhost', 20000)...
2024-11-11 17:17:26.323,system,INFO,MY BIND IP: ('localhost', 28000)
2024-11-11 17:17:26.324,system,INFO,VehicleSocket::connect_remote,Connecting ('localhost', 20000)...
2024-11-11 17:17:29.327,system,INFO,MY BIND IP: ('localhost', 28000)
2024-11-11 17:17:29.329,system,INFO,VehicleSocket::connect_remote,Connecting ('localhost', 20000)...
2024-11-11 17:17:32.345,system,INFO,MY BIND IP: ('localhost', 28000)
2024-11-11 17:17:32.348,system,INFO,VehicleSocket::connect_remote,Connecting ('localhost', 20000)...
2024-11-11 17:17:35.353,system,INFO,MY BIND IP: ('localhost', 28000)
2024-11-11 17:17:35.356,system,INFO,VehicleSocket::connect_remote,Connecting ('localhost', 20000)...
2024-11-11 17:17:38.359,system,INFO,MY BIND IP: ('localhost', 28000)
2024-11-11 17:17:38.360,system,INFO,VehicleSocket::connect_remote,Connecting ('localhost', 20000)...
2024-11-11 17:17:41.373,system,INFO,MY BIND IP: ('localhost', 28000)
2024-11-11 17:17:41.374,system,INFO,VehicleSocket::connect_remote,Connecting ('localhost', 20000)...
2024-11-11 17:17:44.377,system,INFO,MY BIND IP: ('localhost', 28000)
2024-11-11 17:17:44.379,system,INFO,VehicleSocket::connect_remote,Connecting ('localhost', 20000)...
2024-11-11 17:17:47.383,system,INFO,MY BIND IP: ('localhost', 28000)
2024-11-11 17:17:47.384,system,INFO,VehicleSocket::connect_remote,Connecting ('localhost', 20000)...
2024-11-11 17:17:50.384,system,INFO,MY BIND IP: ('localhost', 28000)
2024-11-11 17:17:50.385,system,INFO,VehicleSocket::connect_remote,Connecting ('localhost', 20000)...
2024-11-11 17:17:53.386,system,INFO,MY BIND IP: ('localhost', 28000)
2024-11-11 17:17:53.387,system,INFO,VehicleSocket::connect_remote,Connecting ('localhost', 20000)...
2024-11-11 17:17:56.389,system,INFO,MY BIND IP: ('localhost', 28000)
2024-11-11 17:17:56.390,system,INFO,VehicleSocket::connect_remote,Connecting ('localhost', 20000)...
2024-11-11 17:17:59.393,system,INFO,MY BIND IP: ('localhost', 28000)
2024-11-11 17:17:59.394,system,INFO,VehicleSocket::connect_remote,Connecting ('localhost', 20000)...
2024-11-11 17:18:02.396,system,INFO,MY BIND IP: ('localhost', 28000)
2024-11-11 17:18:02.398,system,INFO,VehicleSocket::connect_remote,Connecting ('localhost', 20000)...
2024-11-11 17:18:05.402,system,INFO,MY BIND IP: ('localhost', 28000)
2024-11-11 17:18:05.404,system,INFO,VehicleSocket::connect_remote,Connecting ('localhost', 20000)...
2024-11-11 17:18:08.408,system,INFO,MY BIND IP: ('localhost', 28000)
2024-11-11 17:18:08.409,system,INFO,VehicleSocket::connect_remote,Connecting ('localhost', 20000)...
2024-11-11 17:18:11.411,system,INFO,MY BIND IP: ('localhost', 28000)
2024-11-11 17:18:11.413,system,INFO,VehicleSocket::connect_remote,Connecting ('localhost', 20000)...
2024-11-11 17:18:14.414,system,INFO,MY BIND IP: ('localhost', 28000)
2024-11-11 17:18:14.415,system,INFO,VehicleSocket::connect_remote,Connecting ('localhost', 20000)...
2024-11-11 17:18:17.417,system,INFO,MY BIND IP: ('localhost', 28000)
2024-11-11 17:18:17.419,system,INFO,VehicleSocket::connect_remote,Connecting ('localhost', 20000)...
2024-11-11 17:18:20.420,system,INFO,MY BIND IP: ('localhost', 28000)
2024-11-11 17:18:20.421,system,INFO,VehicleSocket::connect_remote,Connecting ('localhost', 20000)...
2024-11-11 17:18:23.424,system,INFO,MY BIND IP: ('localhost', 28000)
2024-11-11 17:18:23.425,system,INFO,VehicleSocket::connect_remote,Connecting ('localhost', 20000)...
2024-11-11 17:18:26.426,system,INFO,MY BIND IP: ('localhost', 28000)
2024-11-11 17:18:26.426,system,INFO,VehicleSocket::connect_remote,Connecting ('localhost', 20000)...
2024-11-11 17:18:29.428,system,INFO,MY BIND IP: ('localhost', 28000)
2024-11-11 17:18:29.429,system,INFO,VehicleSocket::connect_remote,Connecting ('localhost', 20000)...
2024-11-11 17:18:32.431,system,INFO,MY BIND IP: ('localhost', 28000)
2024-11-11 17:18:32.432,system,INFO,VehicleSocket::connect_remote,Connecting ('localhost', 20000)...
2024-11-11 17:18:35.433,system,INFO,MY BIND IP: ('localhost', 28000)
2024-11-11 17:18:35.434,system,INFO,VehicleSocket::connect_remote,Connecting ('localhost', 20000)...
2024-11-11 17:18:38.436,system,INFO,MY BIND IP: ('localhost', 28000)
2024-11-11 17:18:38.437,system,INFO,VehicleSocket::connect_remote,Connecting ('localhost', 20000)...
2024-11-11 17:18:41.439,system,INFO,MY BIND IP: ('localhost', 28000)
2024-11-11 17:18:41.440,system,INFO,VehicleSocket::connect_remote,Connecting ('localhost', 20000)...
2024-11-11 17:18:44.442,system,INFO,MY BIND IP: ('localhost', 28000)
2024-11-11 17:18:44.443,system,INFO,VehicleSocket::connect_remote,Connecting ('localhost', 20000)...
2024-11-11 17:18:47.456,system,INFO,MY BIND IP: ('localhost', 28000)
2024-11-11 17:18:47.460,system,INFO,VehicleSocket::connect_remote,Connecting ('localhost', 20000)...
2024-11-11 17:18:50.462,system,INFO,MY BIND IP: ('localhost', 28000)
2024-11-11 17:18:50.464,system,INFO,VehicleSocket::connect_remote,Connecting ('localhost', 20000)...
2024-11-11 17:18:53.465,system,INFO,MY BIND IP: ('localhost', 28000)
2024-11-11 17:18:53.466,system,INFO,VehicleSocket::connect_remote,Connecting ('localhost', 20000)...
2024-11-11 17:18:56.469,system,INFO,MY BIND IP: ('localhost', 28000)
2024-11-11 17:18:56.471,system,INFO,VehicleSocket::connect_remote,Connecting ('localhost', 20000)...
2024-11-11 17:18:59.475,system,INFO,MY BIND IP: ('localhost', 28000)
2024-11-11 17:18:59.476,system,INFO,VehicleSocket::connect_remote,Connecting ('localhost', 20000)...
2024-11-11 17:19:02.477,system,INFO,MY BIND IP: ('localhost', 28000)
2024-11-11 17:19:02.478,system,INFO,VehicleSocket::connect_remote,Connecting ('localhost', 20000)...
2024-11-11 17:19:05.480,system,INFO,MY BIND IP: ('localhost', 28000)
2024-11-11 17:19:05.481,system,INFO,VehicleSocket::connect_remote,Connecting ('localhost', 20000)...
2024-11-11 17:19:08.483,system,INFO,MY BIND IP: ('localhost', 28000)
2024-11-11 17:19:08.484,system,INFO,VehicleSocket::connect_remote,Connecting ('localhost', 20000)...
2024-11-11 17:19:11.485,system,INFO,MY BIND IP: ('localhost', 28000)
2024-11-11 17:19:11.486,system,INFO,VehicleSocket::connect_remote,Connecting ('localhost', 20000)...
2024-11-11 17:19:14.488,system,INFO,MY BIND IP: ('localhost', 28000)
2024-11-11 17:19:14.488,system,INFO,VehicleSocket::connect_remote,Connecting ('localhost', 20000)...
2024-11-11 17:19:17.490,system,INFO,MY BIND IP: ('localhost', 28000)
2024-11-11 17:19:17.491,system,INFO,VehicleSocket::connect_remote,Connecting ('localhost', 20000)...
2024-11-11 17:19:20.493,system,INFO,MY BIND IP: ('localhost', 28000)
2024-11-11 17:19:20.494,system,INFO,VehicleSocket::connect_remote,Connecting ('localhost', 20000)...
2024-11-11 17:19:23.496,system,INFO,MY BIND IP: ('localhost', 28000)
2024-11-11 17:19:23.497,system,INFO,VehicleSocket::connect_remote,Connecting ('localhost', 20000)...
2024-11-11 17:19:26.500,system,INFO,MY BIND IP: ('localhost', 28000)
2024-11-11 17:19:26.503,system,INFO,VehicleSocket::connect_remote,Connecting ('localhost', 20000)...
2024-11-11 17:19:29.507,system,INFO,MY BIND IP: ('localhost', 28000)
2024-11-11 17:19:29.509,system,INFO,VehicleSocket::connect_remote,Connecting ('localhost', 20000)...
2024-11-11 17:19:32.510,system,INFO,MY BIND IP: ('localhost', 28000)
2024-11-11 17:19:32.511,system,INFO,VehicleSocket::connect_remote,Connecting ('localhost', 20000)...
2024-11-11 17:19:35.513,system,INFO,MY BIND IP: ('localhost', 28000)
2024-11-11 17:19:35.513,system,INFO,VehicleSocket::connect_remote,Connecting ('localhost', 20000)...
2024-11-11 17:19:38.514,system,INFO,MY BIND IP: ('localhost', 28000)
2024-11-11 17:19:38.515,system,INFO,VehicleSocket::connect_remote,Connecting ('localhost', 20000)...
2024-11-11 17:19:41.516,system,INFO,MY BIND IP: ('localhost', 28000)
2024-11-11 17:19:41.517,system,INFO,VehicleSocket::connect_remote,Connecting ('localhost', 20000)...
2024-11-11 17:19:44.519,system,INFO,MY BIND IP: ('localhost', 28000)
2024-11-11 17:19:44.520,system,INFO,VehicleSocket::connect_remote,Connecting ('localhost', 20000)...
2024-11-11 17:19:47.521,system,INFO,MY BIND IP: ('localhost', 28000)
2024-11-11 17:19:47.523,system,INFO,VehicleSocket::connect_remote,Connecting ('localhost', 20000)...
2024-11-11 17:19:50.527,system,INFO,MY BIND IP: ('localhost', 28000)
2024-11-11 17:19:50.531,system,INFO,VehicleSocket::connect_remote,Connecting ('localhost', 20000)...
2024-11-11 17:19:53.537,system,INFO,MY BIND IP: ('localhost', 28000)
2024-11-11 17:19:53.538,system,INFO,VehicleSocket::connect_remote,Connecting ('localhost', 20000)...
2024-11-11 17:19:56.539,system,INFO,MY BIND IP: ('localhost', 28000)
2024-11-11 17:19:56.540,system,INFO,VehicleSocket::connect_remote,Connecting ('localhost', 20000)...
2024-11-11 17:19:59.542,system,INFO,MY BIND IP: ('localhost', 28000)
2024-11-11 17:19:59.543,system,INFO,VehicleSocket::connect_remote,Connecting ('localhost', 20000)...
2024-11-11 17:20:02.544,system,INFO,MY BIND IP: ('localhost', 28000)
2024-11-11 17:20:02.545,system,INFO,VehicleSocket::connect_remote,Connecting ('localhost', 20000)...
2024-11-11 17:20:05.547,system,INFO,MY BIND IP: ('localhost', 28000)
2024-11-11 17:20:05.548,system,INFO,VehicleSocket::connect_remote,Connecting ('localhost', 20000)...
2024-11-11 17:20:08.550,system,INFO,MY BIND IP: ('localhost', 28000)
2024-11-11 17:20:08.550,system,INFO,VehicleSocket::connect_remote,Connecting ('localhost', 20000)...
2024-11-11 17:20:11.552,system,INFO,MY BIND IP: ('localhost', 28000)
2024-11-11 17:20:11.553,system,INFO,VehicleSocket::connect_remote,Connecting ('localhost', 20000)...
2024-11-11 17:20:14.554,system,INFO,MY BIND IP: ('localhost', 28000)
2024-11-11 17:20:14.555,system,INFO,VehicleSocket::connect_remote,Connecting ('localhost', 20000)...
2024-11-11 17:20:17.557,system,INFO,MY BIND IP: ('localhost', 28000)
2024-11-11 17:20:17.558,system,INFO,VehicleSocket::connect_remote,Connecting ('localhost', 20000)...
2024-11-11 17:20:20.559,system,INFO,MY BIND IP: ('localhost', 28000)
2024-11-11 17:20:20.559,system,INFO,VehicleSocket::connect_remote,Connecting ('localhost', 20000)...
2024-11-11 17:20:23.563,system,INFO,MY BIND IP: ('localhost', 28000)
2024-11-11 17:20:23.565,system,INFO,VehicleSocket::connect_remote,Connecting ('localhost', 20000)...
2024-11-11 17:20:26.569,system,INFO,MY BIND IP: ('localhost', 28000)
2024-11-11 17:20:26.571,system,INFO,VehicleSocket::connect_remote,Connecting ('localhost', 20000)...
2024-11-11 17:20:29.574,system,INFO,MY BIND IP: ('localhost', 28000)
2024-11-11 17:20:29.575,system,INFO,VehicleSocket::connect_remote,Connecting ('localhost', 20000)...
2024-11-11 17:20:32.577,system,INFO,MY BIND IP: ('localhost', 28000)
2024-11-11 17:20:32.578,system,INFO,VehicleSocket::connect_remote,Connecting ('localhost', 20000)...
2024-11-11 17:20:35.579,system,INFO,MY BIND IP: ('localhost', 28000)
2024-11-11 17:20:35.582,system,INFO,VehicleSocket::connect_remote,Connecting ('localhost', 20000)...
2024-11-11 17:20:38.585,system,INFO,MY BIND IP: ('localhost', 28000)
2024-11-11 17:20:38.586,system,INFO,VehicleSocket::connect_remote,Connecting ('localhost', 20000)...
2024-11-11 17:20:41.587,system,INFO,MY BIND IP: ('localhost', 28000)
2024-11-11 17:20:41.588,system,INFO,VehicleSocket::connect_remote,Connecting ('localhost', 20000)...
2024-11-11 17:20:44.590,system,INFO,MY BIND IP: ('localhost', 28000)
2024-11-11 17:20:44.591,system,INFO,VehicleSocket::connect_remote,Connecting ('localhost', 20000)...
2024-11-11 17:20:47.595,system,INFO,MY BIND IP: ('localhost', 28000)
2024-11-11 17:20:47.598,system,INFO,VehicleSocket::connect_remote,Connecting ('localhost', 20000)...
2024-11-11 17:20:50.602,system,INFO,MY BIND IP: ('localhost', 28000)
2024-11-11 17:20:50.605,system,INFO,VehicleSocket::connect_remote,Connecting ('localhost', 20000)...
2024-11-11 17:20:53.609,system,INFO,MY BIND IP: ('localhost', 28000)
2024-11-11 17:20:53.611,system,INFO,VehicleSocket::connect_remote,Connecting ('localhost', 20000)...
2024-11-11 17:20:56.614,system,INFO,MY BIND IP: ('localhost', 28000)
2024-11-11 17:20:56.619,system,INFO,VehicleSocket::connect_remote,Connecting ('localhost', 20000)...
2024-11-11 17:20:59.621,system,INFO,MY BIND IP: ('localhost', 28000)
2024-11-11 17:20:59.622,system,INFO,VehicleSocket::connect_remote,Connecting ('localhost', 20000)...
2024-11-11 17:21:02.625,system,INFO,MY BIND IP: ('localhost', 28000)
2024-11-11 17:21:02.628,system,INFO,VehicleSocket::connect_remote,Connecting ('localhost', 20000)...
2024-11-11 17:21:05.631,system,INFO,MY BIND IP: ('localhost', 28000)
2024-11-11 17:21:05.636,system,INFO,VehicleSocket::connect_remote,Connecting ('localhost', 20000)...
2024-11-11 17:21:08.638,system,INFO,MY BIND IP: ('localhost', 28000)
2024-11-11 17:21:08.640,system,INFO,VehicleSocket::connect_remote,Connecting ('localhost', 20000)...
2024-11-11 17:21:11.641,system,INFO,MY BIND IP: ('localhost', 28000)
2024-11-11 17:21:11.642,system,INFO,VehicleSocket::connect_remote,Connecting ('localhost', 20000)...
2024-11-11 17:21:14.644,system,INFO,MY BIND IP: ('localhost', 28000)
2024-11-11 17:21:14.646,system,INFO,VehicleSocket::connect_remote,Connecting ('localhost', 20000)...
2024-11-11 17:21:17.651,system,INFO,MY BIND IP: ('localhost', 28000)
2024-11-11 17:21:17.652,system,INFO,VehicleSocket::connect_remote,Connecting ('localhost', 20000)...
2024-11-11 17:21:20.655,system,INFO,MY BIND IP: ('localhost', 28000)
2024-11-11 17:21:20.656,system,INFO,VehicleSocket::connect_remote,Connecting ('localhost', 20000)...
2024-11-11 17:21:23.659,system,INFO,MY BIND IP: ('localhost', 28000)
2024-11-11 17:21:23.661,system,INFO,VehicleSocket::connect_remote,Connecting ('localhost', 20000)...
2024-11-11 17:21:26.664,system,INFO,MY BIND IP: ('localhost', 28000)
2024-11-11 17:21:26.665,system,INFO,VehicleSocket::connect_remote,Connecting ('localhost', 20000)...
2024-11-11 17:21:29.668,system,INFO,MY BIND IP: ('localhost', 28000)
2024-11-11 17:21:29.670,system,INFO,VehicleSocket::connect_remote,Connecting ('localhost', 20000)...
2024-11-11 17:21:32.671,system,INFO,MY BIND IP: ('localhost', 28000)
2024-11-11 17:21:32.672,system,INFO,VehicleSocket::connect_remote,Connecting ('localhost', 20000)...
2024-11-11 17:21:35.675,system,INFO,MY BIND IP: ('localhost', 28000)
2024-11-11 17:21:35.676,system,INFO,VehicleSocket::connect_remote,Connecting ('localhost', 20000)...
2024-11-11 17:21:38.678,system,INFO,MY BIND IP: ('localhost', 28000)
2024-11-11 17:21:38.679,system,INFO,VehicleSocket::connect_remote,Connecting ('localhost', 20000)...
2024-11-11 17:21:41.680,system,INFO,MY BIND IP: ('localhost', 28000)
2024-11-11 17:21:41.681,system,INFO,VehicleSocket::connect_remote,Connecting ('localhost', 20000)...
2024-11-11 17:21:44.682,system,INFO,MY BIND IP: ('localhost', 28000)
2024-11-11 17:21:44.684,system,INFO,VehicleSocket::connect_remote,Connecting ('localhost', 20000)...
2024-11-11 17:21:47.688,system,INFO,MY BIND IP: ('localhost', 28000)
2024-11-11 17:21:47.689,system,INFO,VehicleSocket::connect_remote,Connecting ('localhost', 20000)...
2024-11-11 17:21:50.690,system,INFO,MY BIND IP: ('localhost', 28000)
2024-11-11 17:21:50.691,system,INFO,VehicleSocket::connect_remote,Connecting ('localhost', 20000)...
2024-11-11 17:21:53.692,system,INFO,MY BIND IP: ('localhost', 28000)
2024-11-11 17:21:53.693,system,INFO,VehicleSocket::connect_remote,Connecting ('localhost', 20000)...
2024-11-11 17:21:56.695,system,INFO,MY BIND IP: ('localhost', 28000)
2024-11-11 17:21:56.697,system,INFO,VehicleSocket::connect_remote,Connecting ('localhost', 20000)...
2024-11-11 17:21:59.706,system,INFO,MY BIND IP: ('localhost', 28000)
2024-11-11 17:21:59.709,system,INFO,VehicleSocket::connect_remote,Connecting ('localhost', 20000)...
2024-11-11 17:22:02.713,system,INFO,MY BIND IP: ('localhost', 28000)
2024-11-11 17:22:02.714,system,INFO,VehicleSocket::connect_remote,Connecting ('localhost', 20000)...
2024-11-11 17:22:05.717,system,INFO,MY BIND IP: ('localhost', 28000)
2024-11-11 17:22:05.717,system,INFO,VehicleSocket::connect_remote,Connecting ('localhost', 20000)...
2024-11-11 17:22:08.721,system,INFO,MY BIND IP: ('localhost', 28000)
2024-11-11 17:22:08.723,system,INFO,VehicleSocket::connect_remote,Connecting ('localhost', 20000)...
2024-11-11 17:22:11.727,system,INFO,MY BIND IP: ('localhost', 28000)
2024-11-11 17:22:11.728,system,INFO,VehicleSocket::connect_remote,Connecting ('localhost', 20000)...
2024-11-11 17:22:14.730,system,INFO,MY BIND IP: ('localhost', 28000)
2024-11-11 17:22:14.731,system,INFO,VehicleSocket::connect_remote,Connecting ('localhost', 20000)...
2024-11-11 17:22:17.733,system,INFO,MY BIND IP: ('localhost', 28000)
2024-11-11 17:22:17.734,system,INFO,VehicleSocket::connect_remote,Connecting ('localhost', 20000)...
2024-11-11 17:22:20.736,system,INFO,MY BIND IP: ('localhost', 28000)
2024-11-11 17:22:20.737,system,INFO,VehicleSocket::connect_remote,Connecting ('localhost', 20000)...
2024-11-11 17:22:23.738,system,INFO,MY BIND IP: ('localhost', 28000)
2024-11-11 17:22:23.739,system,INFO,VehicleSocket::connect_remote,Connecting ('localhost', 20000)...
2024-11-11 17:22:26.762,system,INFO,MY BIND IP: ('localhost', 28000)
2024-11-11 17:22:26.762,system,INFO,VehicleSocket::connect_remote,Connecting ('localhost', 20000)...
2024-11-11 17:22:29.766,system,INFO,MY BIND IP: ('localhost', 28000)
2024-11-11 17:22:29.768,system,INFO,VehicleSocket::connect_remote,Connecting ('localhost', 20000)...
2024-11-11 17:22:32.775,system,INFO,MY BIND IP: ('localhost', 28000)
2024-11-11 17:22:32.776,system,INFO,VehicleSocket::connect_remote,Connecting ('localhost', 20000)...
2024-11-11 17:22:35.781,system,INFO,MY BIND IP: ('localhost', 28000)
2024-11-11 17:22:35.782,system,INFO,VehicleSocket::connect_remote,Connecting ('localhost', 20000)...
2024-11-11 17:22:38.783,system,INFO,MY BIND IP: ('localhost', 28000)
2024-11-11 17:22:38.784,system,INFO,VehicleSocket::connect_remote,Connecting ('localhost', 20000)...
2024-11-11 17:22:41.786,system,INFO,MY BIND IP: ('localhost', 28000)
2024-11-11 17:22:41.787,system,INFO,VehicleSocket::connect_remote,Connecting ('localhost', 20000)...
2024-11-11 17:22:44.788,system,INFO,MY BIND IP: ('localhost', 28000)
2024-11-11 17:22:44.789,system,INFO,VehicleSocket::connect_remote,Connecting ('localhost', 20000)...
2024-11-11 17:22:47.792,system,INFO,MY BIND IP: ('localhost', 28000)
2024-11-11 17:22:47.795,system,INFO,VehicleSocket::connect_remote,Connecting ('localhost', 20000)...
2024-11-11 17:22:50.797,system,INFO,MY BIND IP: ('localhost', 28000)
2024-11-11 17:22:50.798,system,INFO,VehicleSocket::connect_remote,Connecting ('localhost', 20000)...
2024-11-11 17:22:53.800,system,INFO,MY BIND IP: ('localhost', 28000)
2024-11-11 17:22:53.801,system,INFO,VehicleSocket::connect_remote,Connecting ('localhost', 20000)...
2024-11-11 17:22:56.801,system,INFO,MY BIND IP: ('localhost', 28000)
2024-11-11 17:22:56.802,system,INFO,VehicleSocket::connect_remote,Connecting ('localhost', 20000)...
2024-11-11 17:22:59.803,system,INFO,MY BIND IP: ('localhost', 28000)
2024-11-11 17:22:59.803,system,INFO,VehicleSocket::connect_remote,Connecting ('localhost', 20000)...
2024-11-11 17:23:02.805,system,INFO,MY BIND IP: ('localhost', 28000)
2024-11-11 17:23:02.806,system,INFO,VehicleSocket::connect_remote,Connecting ('localhost', 20000)...
2024-11-11 17:23:05.808,system,INFO,MY BIND IP: ('localhost', 28000)
2024-11-11 17:23:05.810,system,INFO,VehicleSocket::connect_remote,Connecting ('localhost', 20000)...
2024-11-11 17:23:08.811,system,INFO,MY BIND IP: ('localhost', 28000)
2024-11-11 17:23:08.812,system,INFO,VehicleSocket::connect_remote,Connecting ('localhost', 20000)...
2024-11-11 17:23:11.813,system,INFO,MY BIND IP: ('localhost', 28000)
2024-11-11 17:23:11.816,system,INFO,VehicleSocket::connect_remote,Connecting ('localhost', 20000)...
2024-11-11 17:23:14.819,system,INFO,MY BIND IP: ('localhost', 28000)
2024-11-11 17:23:14.820,system,INFO,VehicleSocket::connect_remote,Connecting ('localhost', 20000)...
2024-11-11 17:23:17.823,system,INFO,MY BIND IP: ('localhost', 28000)
2024-11-11 17:23:17.825,system,INFO,VehicleSocket::connect_remote,Connecting ('localhost', 20000)...
2024-11-11 17:23:20.829,system,INFO,MY BIND IP: ('localhost', 28000)
2024-11-11 17:23:20.830,system,INFO,VehicleSocket::connect_remote,Connecting ('localhost', 20000)...
2024-11-11 17:23:23.831,system,INFO,MY BIND IP: ('localhost', 28000)
2024-11-11 17:23:23.832,system,INFO,VehicleSocket::connect_remote,Connecting ('localhost', 20000)...
2024-11-11 17:23:26.844,system,INFO,MY BIND IP: ('localhost', 28000)
2024-11-11 17:23:26.845,system,INFO,VehicleSocket::connect_remote,Connecting ('localhost', 20000)...
2024-11-11 17:23:29.848,system,INFO,MY BIND IP: ('localhost', 28000)
2024-11-11 17:23:29.849,system,INFO,VehicleSocket::connect_remote,Connecting ('localhost', 20000)...
2024-11-11 17:23:32.850,system,INFO,MY BIND IP: ('localhost', 28000)
2024-11-11 17:23:32.851,system,INFO,VehicleSocket::connect_remote,Connecting ('localhost', 20000)...
2024-11-11 17:23:35.852,system,INFO,MY BIND IP: ('localhost', 28000)
2024-11-11 17:23:35.853,system,INFO,VehicleSocket::connect_remote,Connecting ('localhost', 20000)...
2024-11-11 17:23:38.855,system,INFO,MY BIND IP: ('localhost', 28000)
2024-11-11 17:23:38.857,system,INFO,VehicleSocket::connect_remote,Connecting ('localhost', 20000)...
2024-11-11 17:23:41.858,system,INFO,MY BIND IP: ('localhost', 28000)
2024-11-11 17:23:41.859,system,INFO,VehicleSocket::connect_remote,Connecting ('localhost', 20000)...
2024-11-11 17:23:44.860,system,INFO,MY BIND IP: ('localhost', 28000)
2024-11-11 17:23:44.861,system,INFO,VehicleSocket::connect_remote,Connecting ('localhost', 20000)...
2024-11-11 17:23:47.862,system,INFO,MY BIND IP: ('localhost', 28000)
2024-11-11 17:23:47.863,system,INFO,VehicleSocket::connect_remote,Connecting ('localhost', 20000)...
2024-11-11 17:23:50.865,system,INFO,MY BIND IP: ('localhost', 28000)
2024-11-11 17:23:50.866,system,INFO,VehicleSocket::connect_remote,Connecting ('localhost', 20000)...
2024-11-11 17:23:53.869,system,INFO,MY BIND IP: ('localhost', 28000)
2024-11-11 17:23:53.871,system,INFO,VehicleSocket::connect_remote,Connecting ('localhost', 20000)...
2024-11-11 17:23:56.873,system,INFO,MY BIND IP: ('localhost', 28000)
2024-11-11 17:23:56.874,system,INFO,VehicleSocket::connect_remote,Connecting ('localhost', 20000)...
2024-11-11 17:23:59.876,system,INFO,MY BIND IP: ('localhost', 28000)
2024-11-11 17:23:59.877,system,INFO,VehicleSocket::connect_remote,Connecting ('localhost', 20000)...
2024-11-11 17:24:02.878,system,INFO,MY BIND IP: ('localhost', 28000)
2024-11-11 17:24:02.879,system,INFO,VehicleSocket::connect_remote,Connecting ('localhost', 20000)...
2024-11-11 17:24:05.879,system,INFO,MY BIND IP: ('localhost', 28000)
2024-11-11 17:24:05.880,system,INFO,VehicleSocket::connect_remote,Connecting ('localhost', 20000)...
2024-11-11 17:24:08.883,system,INFO,MY BIND IP: ('localhost', 28000)
2024-11-11 17:24:08.885,system,INFO,VehicleSocket::connect_remote,Connecting ('localhost', 20000)...
2024-11-11 17:24:11.888,system,INFO,MY BIND IP: ('localhost', 28000)
2024-11-11 17:24:11.889,system,INFO,VehicleSocket::connect_remote,Connecting ('localhost', 20000)...
2024-11-11 17:24:14.890,system,INFO,MY BIND IP: ('localhost', 28000)
2024-11-11 17:24:14.891,system,INFO,VehicleSocket::connect_remote,Connecting ('localhost', 20000)...
2024-11-11 17:24:17.893,system,INFO,MY BIND IP: ('localhost', 28000)
2024-11-11 17:24:17.894,system,INFO,VehicleSocket::connect_remote,Connecting ('localhost', 20000)...
2024-11-11 17:24:20.895,system,INFO,MY BIND IP: ('localhost', 28000)
2024-11-11 17:24:20.896,system,INFO,VehicleSocket::connect_remote,Connecting ('localhost', 20000)...
2024-11-11 17:24:23.897,system,INFO,MY BIND IP: ('localhost', 28000)
2024-11-11 17:24:23.897,system,INFO,VehicleSocket::connect_remote,Connecting ('localhost', 20000)...
2024-11-11 17:24:26.899,system,INFO,MY BIND IP: ('localhost', 28000)
2024-11-11 17:24:26.900,system,INFO,VehicleSocket::connect_remote,Connecting ('localhost', 20000)...
2024-11-11 17:24:29.902,system,INFO,MY BIND IP: ('localhost', 28000)
2024-11-11 17:24:29.903,system,INFO,VehicleSocket::connect_remote,Connecting ('localhost', 20000)...
2024-11-11 17:24:32.904,system,INFO,MY BIND IP: ('localhost', 28000)
2024-11-11 17:24:32.906,system,INFO,VehicleSocket::connect_remote,Connecting ('localhost', 20000)...
2024-11-11 17:24:35.907,system,INFO,MY BIND IP: ('localhost', 28000)
2024-11-11 17:24:35.908,system,INFO,VehicleSocket::connect_remote,Connecting ('localhost', 20000)...
2024-11-11 17:24:38.911,system,INFO,MY BIND IP: ('localhost', 28000)
2024-11-11 17:24:38.913,system,INFO,VehicleSocket::connect_remote,Connecting ('localhost', 20000)...
2024-11-11 17:24:41.916,system,INFO,MY BIND IP: ('localhost', 28000)
2024-11-11 17:24:41.917,system,INFO,VehicleSocket::connect_remote,Connecting ('localhost', 20000)...
2024-11-11 17:24:44.920,system,INFO,MY BIND IP: ('localhost', 28000)
2024-11-11 17:24:44.922,system,INFO,VehicleSocket::connect_remote,Connecting ('localhost', 20000)...
2024-11-11 17:24:47.923,system,INFO,MY BIND IP: ('localhost', 28000)
2024-11-11 17:24:47.924,system,INFO,VehicleSocket::connect_remote,Connecting ('localhost', 20000)...
2024-11-11 17:24:50.926,system,INFO,MY BIND IP: ('localhost', 28000)
2024-11-11 17:24:50.927,system,INFO,VehicleSocket::connect_remote,Connecting ('localhost', 20000)...
2024-11-11 17:24:53.928,system,INFO,MY BIND IP: ('localhost', 28000)
2024-11-11 17:24:53.929,system,INFO,VehicleSocket::connect_remote,Connecting ('localhost', 20000)...
2024-11-11 17:24:56.930,system,INFO,MY BIND IP: ('localhost', 28000)
2024-11-11 17:24:56.935,system,INFO,VehicleSocket::connect_remote,Connecting ('localhost', 20000)...
2024-11-11 17:24:59.936,system,INFO,MY BIND IP: ('localhost', 28000)
2024-11-11 17:24:59.937,system,INFO,VehicleSocket::connect_remote,Connecting ('localhost', 20000)...
2024-11-11 17:25:02.940,system,INFO,MY BIND IP: ('localhost', 28000)
2024-11-11 17:25:02.941,system,INFO,VehicleSocket::connect_remote,Connecting ('localhost', 20000)...
2024-11-11 17:25:05.942,system,INFO,MY BIND IP: ('localhost', 28000)
2024-11-11 17:25:05.943,system,INFO,VehicleSocket::connect_remote,Connecting ('localhost', 20000)...
2024-11-11 17:25:08.946,system,INFO,MY BIND IP: ('localhost', 28000)
2024-11-11 17:25:08.947,system,INFO,VehicleSocket::connect_remote,Connecting ('localhost', 20000)...
2024-11-11 17:25:11.948,system,INFO,MY BIND IP: ('localhost', 28000)
2024-11-11 17:25:11.948,system,INFO,VehicleSocket::connect_remote,Connecting ('localhost', 20000)...
2024-11-11 17:25:14.951,system,INFO,MY BIND IP: ('localhost', 28000)
2024-11-11 17:25:14.952,system,INFO,VehicleSocket::connect_remote,Connecting ('localhost', 20000)...
2024-11-11 17:25:17.953,system,INFO,MY BIND IP: ('localhost', 28000)
2024-11-11 17:25:17.954,system,INFO,VehicleSocket::connect_remote,Connecting ('localhost', 20000)...
2024-11-11 17:25:20.955,system,INFO,MY BIND IP: ('localhost', 28000)
2024-11-11 17:25:20.956,system,INFO,VehicleSocket::connect_remote,Connecting ('localhost', 20000)...
2024-11-11 17:25:23.957,system,INFO,MY BIND IP: ('localhost', 28000)
2024-11-11 17:25:23.958,system,INFO,VehicleSocket::connect_remote,Connecting ('localhost', 20000)...
2024-11-11 17:25:26.960,system,INFO,MY BIND IP: ('localhost', 28000)
2024-11-11 17:25:26.961,system,INFO,VehicleSocket::connect_remote,Connecting ('localhost', 20000)...
2024-11-11 17:25:29.964,system,INFO,MY BIND IP: ('localhost', 28000)
2024-11-11 17:25:29.968,system,INFO,VehicleSocket::connect_remote,Connecting ('localhost', 20000)...
2024-11-11 17:25:32.972,system,INFO,MY BIND IP: ('localhost', 28000)
2024-11-11 17:25:32.973,system,INFO,VehicleSocket::connect_remote,Connecting ('localhost', 20000)...
2024-11-11 17:25:35.974,system,INFO,MY BIND IP: ('localhost', 28000)
2024-11-11 17:25:35.975,system,INFO,VehicleSocket::connect_remote,Connecting ('localhost', 20000)...
2024-11-11 17:25:38.987,system,INFO,MY BIND IP: ('localhost', 28000)
2024-11-11 17:25:38.988,system,INFO,VehicleSocket::connect_remote,Connecting ('localhost', 20000)...
2024-11-11 17:25:41.990,system,INFO,MY BIND IP: ('localhost', 28000)
2024-11-11 17:25:41.992,system,INFO,VehicleSocket::connect_remote,Connecting ('localhost', 20000)...
2024-11-11 17:25:44.996,system,INFO,MY BIND IP: ('localhost', 28000)
2024-11-11 17:25:44.997,system,INFO,VehicleSocket::connect_remote,Connecting ('localhost', 20000)...
2024-11-11 17:25:47.999,system,INFO,MY BIND IP: ('localhost', 28000)
2024-11-11 17:25:48.000,system,INFO,VehicleSocket::connect_remote,Connecting ('localhost', 20000)...
2024-11-11 17:25:51.002,system,INFO,MY BIND IP: ('localhost', 28000)
2024-11-11 17:25:51.003,system,INFO,VehicleSocket::connect_remote,Connecting ('localhost', 20000)...
2024-11-11 17:25:54.005,system,INFO,MY BIND IP: ('localhost', 28000)
2024-11-11 17:25:54.006,system,INFO,VehicleSocket::connect_remote,Connecting ('localhost', 20000)...
2024-11-11 17:25:57.007,system,INFO,MY BIND IP: ('localhost', 28000)
2024-11-11 17:25:57.008,system,INFO,VehicleSocket::connect_remote,Connecting ('localhost', 20000)...
2024-11-11 17:26:00.010,system,INFO,MY BIND IP: ('localhost', 28000)
2024-11-11 17:26:00.013,system,INFO,VehicleSocket::connect_remote,Connecting ('localhost', 20000)...
2024-11-11 17:26:03.015,system,INFO,MY BIND IP: ('localhost', 28000)
2024-11-11 17:26:03.016,system,INFO,VehicleSocket::connect_remote,Connecting ('localhost', 20000)...
2024-11-11 17:26:06.018,system,INFO,MY BIND IP: ('localhost', 28000)
2024-11-11 17:26:06.018,system,INFO,VehicleSocket::connect_remote,Connecting ('localhost', 20000)...
2024-11-11 17:26:09.021,system,INFO,MY BIND IP: ('localhost', 28000)
2024-11-11 17:26:09.022,system,INFO,VehicleSocket::connect_remote,Connecting ('localhost', 20000)...
2024-11-11 17:26:12.025,system,INFO,MY BIND IP: ('localhost', 28000)
2024-11-11 17:26:12.026,system,INFO,VehicleSocket::connect_remote,Connecting ('localhost', 20000)...
2024-11-11 17:26:15.029,system,INFO,MY BIND IP: ('localhost', 28000)
2024-11-11 17:26:15.030,system,INFO,VehicleSocket::connect_remote,Connecting ('localhost', 20000)...
2024-11-11 17:26:18.033,system,INFO,MY BIND IP: ('localhost', 28000)
2024-11-11 17:26:18.035,system,INFO,VehicleSocket::connect_remote,Connecting ('localhost', 20000)...
2024-11-11 17:26:21.040,system,INFO,MY BIND IP: ('localhost', 28000)
2024-11-11 17:26:21.041,system,INFO,VehicleSocket::connect_remote,Connecting ('localhost', 20000)...
2024-11-11 17:26:24.043,system,INFO,MY BIND IP: ('localhost', 28000)
2024-11-11 17:26:24.044,system,INFO,VehicleSocket::connect_remote,Connecting ('localhost', 20000)...
2024-11-11 17:26:27.046,system,INFO,MY BIND IP: ('localhost', 28000)
2024-11-11 17:26:27.051,system,INFO,VehicleSocket::connect_remote,Connecting ('localhost', 20000)...
2024-11-11 17:26:30.052,system,INFO,MY BIND IP: ('localhost', 28000)
2024-11-11 17:26:30.053,system,INFO,VehicleSocket::connect_remote,Connecting ('localhost', 20000)...
2024-11-11 17:26:33.055,system,INFO,MY BIND IP: ('localhost', 28000)
2024-11-11 17:26:33.056,system,INFO,VehicleSocket::connect_remote,Connecting ('localhost', 20000)...
2024-11-11 17:26:36.058,system,INFO,MY BIND IP: ('localhost', 28000)
2024-11-11 17:26:36.059,system,INFO,VehicleSocket::connect_remote,Connecting ('localhost', 20000)...
2024-11-11 17:26:39.060,system,INFO,MY BIND IP: ('localhost', 28000)
2024-11-11 17:26:39.061,system,INFO,VehicleSocket::connect_remote,Connecting ('localhost', 20000)...
2024-11-11 17:26:42.064,system,INFO,MY BIND IP: ('localhost', 28000)
2024-11-11 17:26:42.065,system,INFO,VehicleSocket::connect_remote,Connecting ('localhost', 20000)...
2024-11-11 17:26:45.066,system,INFO,MY BIND IP: ('localhost', 28000)
2024-11-11 17:26:45.067,system,INFO,VehicleSocket::connect_remote,Connecting ('localhost', 20000)...
2024-11-11 17:26:48.069,system,INFO,MY BIND IP: ('localhost', 28000)
2024-11-11 17:26:48.070,system,INFO,VehicleSocket::connect_remote,Connecting ('localhost', 20000)...
2024-11-11 17:26:51.072,system,INFO,MY BIND IP: ('localhost', 28000)
2024-11-11 17:26:51.073,system,INFO,VehicleSocket::connect_remote,Connecting ('localhost', 20000)...
2024-11-11 17:26:54.075,system,INFO,MY BIND IP: ('localhost', 28000)
2024-11-11 17:26:54.077,system,INFO,VehicleSocket::connect_remote,Connecting ('localhost', 20000)...
2024-11-11 17:26:57.090,system,INFO,MY BIND IP: ('localhost', 28000)
2024-11-11 17:26:57.095,system,INFO,VehicleSocket::connect_remote,Connecting ('localhost', 20000)...
2024-11-11 17:27:00.097,system,INFO,MY BIND IP: ('localhost', 28000)
2024-11-11 17:27:00.098,system,INFO,VehicleSocket::connect_remote,Connecting ('localhost', 20000)...
2024-11-11 17:27:03.100,system,INFO,MY BIND IP: ('localhost', 28000)
2024-11-11 17:27:03.103,system,INFO,VehicleSocket::connect_remote,Connecting ('localhost', 20000)...
2024-11-11 17:27:06.107,system,INFO,MY BIND IP: ('localhost', 28000)
2024-11-11 17:27:06.108,system,INFO,VehicleSocket::connect_remote,Connecting ('localhost', 20000)...
2024-11-11 17:27:09.108,system,INFO,MY BIND IP: ('localhost', 28000)
2024-11-11 17:27:09.109,system,INFO,VehicleSocket::connect_remote,Connecting ('localhost', 20000)...
2024-11-11 17:27:12.112,system,INFO,MY BIND IP: ('localhost', 28000)
2024-11-11 17:27:12.114,system,INFO,VehicleSocket::connect_remote,Connecting ('localhost', 20000)...
2024-11-11 17:27:15.117,system,INFO,MY BIND IP: ('localhost', 28000)
2024-11-11 17:27:15.118,system,INFO,VehicleSocket::connect_remote,Connecting ('localhost', 20000)...
2024-11-11 17:27:18.120,system,INFO,MY BIND IP: ('localhost', 28000)
2024-11-11 17:27:18.121,system,INFO,VehicleSocket::connect_remote,Connecting ('localhost', 20000)...
2024-11-11 17:27:21.124,system,INFO,MY BIND IP: ('localhost', 28000)
2024-11-11 17:27:21.126,system,INFO,VehicleSocket::connect_remote,Connecting ('localhost', 20000)...
2024-11-11 17:27:24.130,system,INFO,MY BIND IP: ('localhost', 28000)
2024-11-11 17:27:24.131,system,INFO,VehicleSocket::connect_remote,Connecting ('localhost', 20000)...
2024-11-11 17:27:27.144,system,INFO,MY BIND IP: ('localhost', 28000)
2024-11-11 17:27:27.145,system,INFO,VehicleSocket::connect_remote,Connecting ('localhost', 20000)...
2024-11-11 17:27:30.148,system,INFO,MY BIND IP: ('localhost', 28000)
2024-11-11 17:27:30.150,system,INFO,VehicleSocket::connect_remote,Connecting ('localhost', 20000)...
2024-11-11 17:27:33.150,system,INFO,MY BIND IP: ('localhost', 28000)
2024-11-11 17:27:33.151,system,INFO,VehicleSocket::connect_remote,Connecting ('localhost', 20000)...
2024-11-11 17:27:36.152,system,INFO,MY BIND IP: ('localhost', 28000)
2024-11-11 17:27:36.153,system,INFO,VehicleSocket::connect_remote,Connecting ('localhost', 20000)...
2024-11-11 17:27:39.166,system,INFO,MY BIND IP: ('localhost', 28000)
2024-11-11 17:27:39.167,system,INFO,VehicleSocket::connect_remote,Connecting ('localhost', 20000)...
2024-11-11 17:27:42.170,system,INFO,MY BIND IP: ('localhost', 28000)
2024-11-11 17:27:42.171,system,INFO,VehicleSocket::connect_remote,Connecting ('localhost', 20000)...
2024-11-11 17:27:45.172,system,INFO,MY BIND IP: ('localhost', 28000)
2024-11-11 17:27:45.172,system,INFO,VehicleSocket::connect_remote,Connecting ('localhost', 20000)...
2024-11-11 17:27:48.175,system,INFO,MY BIND IP: ('localhost', 28000)
2024-11-11 17:27:48.176,system,INFO,VehicleSocket::connect_remote,Connecting ('localhost', 20000)...
2024-11-11 17:27:51.177,system,INFO,MY BIND IP: ('localhost', 28000)
2024-11-11 17:27:51.178,system,INFO,VehicleSocket::connect_remote,Connecting ('localhost', 20000)...
2024-11-11 17:27:54.180,system,INFO,MY BIND IP: ('localhost', 28000)
2024-11-11 17:27:54.180,system,INFO,VehicleSocket::connect_remote,Connecting ('localhost', 20000)...
2024-11-11 17:27:57.184,system,INFO,MY BIND IP: ('localhost', 28000)
2024-11-11 17:27:57.189,system,INFO,VehicleSocket::connect_remote,Connecting ('localhost', 20000)...
2024-11-11 17:28:00.193,system,INFO,MY BIND IP: ('localhost', 28000)
2024-11-11 17:28:00.194,system,INFO,VehicleSocket::connect_remote,Connecting ('localhost', 20000)...
2024-11-11 17:28:03.195,system,INFO,MY BIND IP: ('localhost', 28000)
2024-11-11 17:28:03.196,system,INFO,VehicleSocket::connect_remote,Connecting ('localhost', 20000)...
2024-11-11 17:28:06.199,system,INFO,MY BIND IP: ('localhost', 28000)
2024-11-11 17:28:06.201,system,INFO,VehicleSocket::connect_remote,Connecting ('localhost', 20000)...
2024-11-11 17:28:09.203,system,INFO,MY BIND IP: ('localhost', 28000)
2024-11-11 17:28:09.206,system,INFO,VehicleSocket::connect_remote,Connecting ('localhost', 20000)...
2024-11-11 17:28:12.208,system,INFO,MY BIND IP: ('localhost', 28000)
2024-11-11 17:28:12.209,system,INFO,VehicleSocket::connect_remote,Connecting ('localhost', 20000)...
2024-11-11 17:28:15.211,system,INFO,MY BIND IP: ('localhost', 28000)
2024-11-11 17:28:15.212,system,INFO,VehicleSocket::connect_remote,Connecting ('localhost', 20000)...
2024-11-11 17:28:18.215,system,INFO,MY BIND IP: ('localhost', 28000)
2024-11-11 17:28:18.219,system,INFO,VehicleSocket::connect_remote,Connecting ('localhost', 20000)...
2024-11-11 17:28:21.223,system,INFO,MY BIND IP: ('localhost', 28000)
2024-11-11 17:28:21.224,system,INFO,VehicleSocket::connect_remote,Connecting ('localhost', 20000)...
2024-11-11 17:28:24.225,system,INFO,MY BIND IP: ('localhost', 28000)
2024-11-11 17:28:24.226,system,INFO,VehicleSocket::connect_remote,Connecting ('localhost', 20000)...
2024-11-11 17:28:27.228,system,INFO,MY BIND IP: ('localhost', 28000)
2024-11-11 17:28:27.229,system,INFO,VehicleSocket::connect_remote,Connecting ('localhost', 20000)...
2024-11-11 17:28:30.235,system,INFO,MY BIND IP: ('localhost', 28000)
2024-11-11 17:28:30.236,system,INFO,VehicleSocket::connect_remote,Connecting ('localhost', 20000)...
2024-11-11 17:28:33.237,system,INFO,MY BIND IP: ('localhost', 28000)
2024-11-11 17:28:33.237,system,INFO,VehicleSocket::connect_remote,Connecting ('localhost', 20000)...
2024-11-11 17:28:36.240,system,INFO,MY BIND IP: ('localhost', 28000)
2024-11-11 17:28:36.241,system,INFO,VehicleSocket::connect_remote,Connecting ('localhost', 20000)...
2024-11-11 17:28:39.244,system,INFO,MY BIND IP: ('localhost', 28000)
2024-11-11 17:28:39.246,system,INFO,VehicleSocket::connect_remote,Connecting ('localhost', 20000)...
2024-11-11 17:28:42.251,system,INFO,MY BIND IP: ('localhost', 28000)
2024-11-11 17:28:42.253,system,INFO,VehicleSocket::connect_remote,Connecting ('localhost', 20000)...
2024-11-11 17:28:45.256,system,INFO,MY BIND IP: ('localhost', 28000)
2024-11-11 17:28:45.258,system,INFO,VehicleSocket::connect_remote,Connecting ('localhost', 20000)...
2024-11-11 17:28:48.258,system,INFO,MY BIND IP: ('localhost', 28000)
2024-11-11 17:28:48.259,system,INFO,VehicleSocket::connect_remote,Connecting ('localhost', 20000)...
2024-11-11 17:28:51.261,system,INFO,MY BIND IP: ('localhost', 28000)
2024-11-11 17:28:51.261,system,INFO,VehicleSocket::connect_remote,Connecting ('localhost', 20000)...
2024-11-11 17:28:54.273,system,INFO,MY BIND IP: ('localhost', 28000)
2024-11-11 17:28:54.274,system,INFO,VehicleSocket::connect_remote,Connecting ('localhost', 20000)...
2024-11-11 17:28:57.275,system,INFO,MY BIND IP: ('localhost', 28000)
2024-11-11 17:28:57.276,system,INFO,VehicleSocket::connect_remote,Connecting ('localhost', 20000)...
2024-11-11 17:29:00.279,system,INFO,MY BIND IP: ('localhost', 28000)
2024-11-11 17:29:00.282,system,INFO,VehicleSocket::connect_remote,Connecting ('localhost', 20000)...
2024-11-11 17:29:03.286,system,INFO,MY BIND IP: ('localhost', 28000)
2024-11-11 17:29:03.287,system,INFO,VehicleSocket::connect_remote,Connecting ('localhost', 20000)...
2024-11-11 17:29:06.289,system,INFO,MY BIND IP: ('localhost', 28000)
2024-11-11 17:29:06.292,system,INFO,VehicleSocket::connect_remote,Connecting ('localhost', 20000)...
2024-11-11 17:29:09.296,system,INFO,MY BIND IP: ('localhost', 28000)
2024-11-11 17:29:09.296,system,INFO,VehicleSocket::connect_remote,Connecting ('localhost', 20000)...
2024-11-11 17:29:12.298,system,INFO,MY BIND IP: ('localhost', 28000)
2024-11-11 17:29:12.299,system,INFO,VehicleSocket::connect_remote,Connecting ('localhost', 20000)...
2024-11-11 17:29:15.300,system,INFO,MY BIND IP: ('localhost', 28000)
2024-11-11 17:29:15.301,system,INFO,VehicleSocket::connect_remote,Connecting ('localhost', 20000)...
2024-11-11 17:29:18.303,system,INFO,MY BIND IP: ('localhost', 28000)
2024-11-11 17:29:18.304,system,INFO,VehicleSocket::connect_remote,Connecting ('localhost', 20000)...
2024-11-11 17:29:21.306,system,INFO,MY BIND IP: ('localhost', 28000)
2024-11-11 17:29:21.307,system,INFO,VehicleSocket::connect_remote,Connecting ('localhost', 20000)...
2024-11-11 17:29:24.308,system,INFO,MY BIND IP: ('localhost', 28000)
2024-11-11 17:29:24.309,system,INFO,VehicleSocket::connect_remote,Connecting ('localhost', 20000)...
2024-11-11 17:29:27.310,system,INFO,MY BIND IP: ('localhost', 28000)
2024-11-11 17:29:27.312,system,INFO,VehicleSocket::connect_remote,Connecting ('localhost', 20000)...
2024-11-11 17:29:30.317,system,INFO,MY BIND IP: ('localhost', 28000)
2024-11-11 17:29:30.318,system,INFO,VehicleSocket::connect_remote,Connecting ('localhost', 20000)...
2024-11-11 17:29:33.321,system,INFO,MY BIND IP: ('localhost', 28000)
2024-11-11 17:29:33.323,system,INFO,VehicleSocket::connect_remote,Connecting ('localhost', 20000)...
2024-11-11 17:29:36.327,system,INFO,MY BIND IP: ('localhost', 28000)
2024-11-11 17:29:36.328,system,INFO,VehicleSocket::connect_remote,Connecting ('localhost', 20000)...
2024-11-11 17:29:39.331,system,INFO,MY BIND IP: ('localhost', 28000)
2024-11-11 17:29:39.332,system,INFO,VehicleSocket::connect_remote,Connecting ('localhost', 20000)...
2024-11-11 17:29:42.335,system,INFO,MY BIND IP: ('localhost', 28000)
2024-11-11 17:29:42.337,system,INFO,VehicleSocket::connect_remote,Connecting ('localhost', 20000)...
2024-11-11 17:29:45.340,system,INFO,MY BIND IP: ('localhost', 28000)
2024-11-11 17:29:45.341,system,INFO,VehicleSocket::connect_remote,Connecting ('localhost', 20000)...
2024-11-11 17:29:48.345,system,INFO,MY BIND IP: ('localhost', 28000)
2024-11-11 17:29:48.350,system,INFO,VehicleSocket::connect_remote,Connecting ('localhost', 20000)...
2024-11-11 17:29:51.353,system,INFO,MY BIND IP: ('localhost', 28000)
2024-11-11 17:29:51.354,system,INFO,VehicleSocket::connect_remote,Connecting ('localhost', 20000)...
2024-11-11 17:29:54.357,system,INFO,MY BIND IP: ('localhost', 28000)
2024-11-11 17:29:54.358,system,INFO,VehicleSocket::connect_remote,Connecting ('localhost', 20000)...
2024-11-11 17:29:57.359,system,INFO,MY BIND IP: ('localhost', 28000)
2024-11-11 17:29:57.359,system,INFO,VehicleSocket::connect_remote,Connecting ('localhost', 20000)...
2024-11-11 17:30:00.361,system,INFO,MY BIND IP: ('localhost', 28000)
2024-11-11 17:30:00.363,system,INFO,VehicleSocket::connect_remote,Connecting ('localhost', 20000)...
2024-11-11 17:30:03.365,system,INFO,MY BIND IP: ('localhost', 28000)
2024-11-11 17:30:03.367,system,INFO,VehicleSocket::connect_remote,Connecting ('localhost', 20000)...
2024-11-11 17:30:06.370,system,INFO,MY BIND IP: ('localhost', 28000)
2024-11-11 17:30:06.371,system,INFO,VehicleSocket::connect_remote,Connecting ('localhost', 20000)...
2024-11-11 17:30:09.372,system,INFO,MY BIND IP: ('localhost', 28000)
2024-11-11 17:30:09.373,system,INFO,VehicleSocket::connect_remote,Connecting ('localhost', 20000)...
2024-11-11 17:30:12.374,system,INFO,MY BIND IP: ('localhost', 28000)
2024-11-11 17:30:12.375,system,INFO,VehicleSocket::connect_remote,Connecting ('localhost', 20000)...
2024-11-11 17:30:15.376,system,INFO,MY BIND IP: ('localhost', 28000)
2024-11-11 17:30:15.377,system,INFO,VehicleSocket::connect_remote,Connecting ('localhost', 20000)...
2024-11-11 17:30:18.379,system,INFO,MY BIND IP: ('localhost', 28000)
2024-11-11 17:30:18.380,system,INFO,VehicleSocket::connect_remote,Connecting ('localhost', 20000)...
2024-11-11 17:30:21.382,system,INFO,MY BIND IP: ('localhost', 28000)
2024-11-11 17:30:21.383,system,INFO,VehicleSocket::connect_remote,Connecting ('localhost', 20000)...
2024-11-11 17:30:24.385,system,INFO,MY BIND IP: ('localhost', 28000)
2024-11-11 17:30:24.386,system,INFO,VehicleSocket::connect_remote,Connecting ('localhost', 20000)...
2024-11-11 17:30:27.388,system,INFO,MY BIND IP: ('localhost', 28000)
2024-11-11 17:30:27.389,system,INFO,VehicleSocket::connect_remote,Connecting ('localhost', 20000)...
2024-11-11 17:30:30.390,system,INFO,MY BIND IP: ('localhost', 28000)
2024-11-11 17:30:30.391,system,INFO,VehicleSocket::connect_remote,Connecting ('localhost', 20000)...
2024-11-11 17:30:33.394,system,INFO,MY BIND IP: ('localhost', 28000)
2024-11-11 17:30:33.396,system,INFO,VehicleSocket::connect_remote,Connecting ('localhost', 20000)...
2024-11-11 17:30:36.398,system,INFO,MY BIND IP: ('localhost', 28000)
2024-11-11 17:30:36.398,system,INFO,VehicleSocket::connect_remote,Connecting ('localhost', 20000)...
2024-11-11 17:30:39.401,system,INFO,MY BIND IP: ('localhost', 28000)
2024-11-11 17:30:39.402,system,INFO,VehicleSocket::connect_remote,Connecting ('localhost', 20000)...
2024-11-11 17:30:42.404,system,INFO,MY BIND IP: ('localhost', 28000)
2024-11-11 17:30:42.405,system,INFO,VehicleSocket::connect_remote,Connecting ('localhost', 20000)...
2024-11-11 17:30:45.407,system,INFO,MY BIND IP: ('localhost', 28000)
2024-11-11 17:30:45.408,system,INFO,VehicleSocket::connect_remote,Connecting ('localhost', 20000)...
2024-11-11 17:30:48.409,system,INFO,MY BIND IP: ('localhost', 28000)
2024-11-11 17:30:48.410,system,INFO,VehicleSocket::connect_remote,Connecting ('localhost', 20000)...
2024-11-11 17:30:51.414,system,INFO,MY BIND IP: ('localhost', 28000)
2024-11-11 17:30:51.418,system,INFO,VehicleSocket::connect_remote,Connecting ('localhost', 20000)...
2024-11-11 17:30:54.421,system,INFO,MY BIND IP: ('localhost', 28000)
2024-11-11 17:30:54.421,system,INFO,VehicleSocket::connect_remote,Connecting ('localhost', 20000)...
2024-11-11 17:30:57.423,system,INFO,MY BIND IP: ('localhost', 28000)
2024-11-11 17:30:57.424,system,INFO,VehicleSocket::connect_remote,Connecting ('localhost', 20000)...
2024-11-11 17:31:00.426,system,INFO,MY BIND IP: ('localhost', 28000)
2024-11-11 17:31:00.427,system,INFO,VehicleSocket::connect_remote,Connecting ('localhost', 20000)...
2024-11-11 17:31:03.428,system,INFO,MY BIND IP: ('localhost', 28000)
2024-11-11 17:31:03.429,system,INFO,VehicleSocket::connect_remote,Connecting ('localhost', 20000)...
2024-11-11 17:31:06.432,system,INFO,MY BIND IP: ('localhost', 28000)
2024-11-11 17:31:06.433,system,INFO,VehicleSocket::connect_remote,Connecting ('localhost', 20000)...
2024-11-11 17:31:09.435,system,INFO,MY BIND IP: ('localhost', 28000)
2024-11-11 17:31:09.435,system,INFO,VehicleSocket::connect_remote,Connecting ('localhost', 20000)...
2024-11-11 17:31:12.437,system,INFO,MY BIND IP: ('localhost', 28000)
2024-11-11 17:31:12.438,system,INFO,VehicleSocket::connect_remote,Connecting ('localhost', 20000)...
2024-11-11 17:31:15.439,system,INFO,MY BIND IP: ('localhost', 28000)
2024-11-11 17:31:15.440,system,INFO,VehicleSocket::connect_remote,Connecting ('localhost', 20000)...
2024-11-11 17:31:18.443,system,INFO,MY BIND IP: ('localhost', 28000)
2024-11-11 17:31:18.444,system,INFO,VehicleSocket::connect_remote,Connecting ('localhost', 20000)...
2024-11-11 17:31:21.446,system,INFO,MY BIND IP: ('localhost', 28000)
2024-11-11 17:31:21.446,system,INFO,VehicleSocket::connect_remote,Connecting ('localhost', 20000)...
2024-11-11 17:31:24.449,system,INFO,MY BIND IP: ('localhost', 28000)
2024-11-11 17:31:24.449,system,INFO,VehicleSocket::connect_remote,Connecting ('localhost', 20000)...
2024-11-11 17:31:27.454,system,INFO,MY BIND IP: ('localhost', 28000)
2024-11-11 17:31:27.457,system,INFO,VehicleSocket::connect_remote,Connecting ('localhost', 20000)...
2024-11-11 17:31:30.461,system,INFO,MY BIND IP: ('localhost', 28000)
2024-11-11 17:31:30.467,system,INFO,VehicleSocket::connect_remote,Connecting ('localhost', 20000)...
2024-11-11 17:31:33.468,system,INFO,MY BIND IP: ('localhost', 28000)
2024-11-11 17:31:33.469,system,INFO,VehicleSocket::connect_remote,Connecting ('localhost', 20000)...
2024-11-11 17:31:36.472,system,INFO,MY BIND IP: ('localhost', 28000)
2024-11-11 17:31:36.473,system,INFO,VehicleSocket::connect_remote,Connecting ('localhost', 20000)...
2024-11-11 17:31:39.474,system,INFO,MY BIND IP: ('localhost', 28000)
2024-11-11 17:31:39.475,system,INFO,VehicleSocket::connect_remote,Connecting ('localhost', 20000)...
2024-11-11 17:31:42.477,system,INFO,MY BIND IP: ('localhost', 28000)
2024-11-11 17:31:42.479,system,INFO,VehicleSocket::connect_remote,Connecting ('localhost', 20000)...
2024-11-11 17:31:45.481,system,INFO,MY BIND IP: ('localhost', 28000)
2024-11-11 17:31:45.482,system,INFO,VehicleSocket::connect_remote,Connecting ('localhost', 20000)...
2024-11-11 17:31:48.484,system,INFO,MY BIND IP: ('localhost', 28000)
2024-11-11 17:31:48.485,system,INFO,VehicleSocket::connect_remote,Connecting ('localhost', 20000)...
2024-11-11 17:31:51.486,system,INFO,MY BIND IP: ('localhost', 28000)
2024-11-11 17:31:51.489,system,INFO,VehicleSocket::connect_remote,Connecting ('localhost', 20000)...
2024-11-11 17:31:54.490,system,INFO,MY BIND IP: ('localhost', 28000)
2024-11-11 17:31:54.491,system,INFO,VehicleSocket::connect_remote,Connecting ('localhost', 20000)...
2024-11-11 17:31:57.494,system,INFO,MY BIND IP: ('localhost', 28000)
2024-11-11 17:31:57.496,system,INFO,VehicleSocket::connect_remote,Connecting ('localhost', 20000)...
2024-11-11 17:32:00.511,system,INFO,MY BIND IP: ('localhost', 28000)
2024-11-11 17:32:00.512,system,INFO,VehicleSocket::connect_remote,Connecting ('localhost', 20000)...
2024-11-11 17:32:03.513,system,INFO,MY BIND IP: ('localhost', 28000)
2024-11-11 17:32:03.514,system,INFO,VehicleSocket::connect_remote,Connecting ('localhost', 20000)...
2024-11-11 17:32:06.516,system,INFO,MY BIND IP: ('localhost', 28000)
2024-11-11 17:32:06.517,system,INFO,VehicleSocket::connect_remote,Connecting ('localhost', 20000)...
2024-11-11 17:32:09.529,system,INFO,MY BIND IP: ('localhost', 28000)
2024-11-11 17:32:09.530,system,INFO,VehicleSocket::connect_remote,Connecting ('localhost', 20000)...
2024-11-11 17:32:12.532,system,INFO,MY BIND IP: ('localhost', 28000)
2024-11-11 17:32:12.533,system,INFO,VehicleSocket::connect_remote,Connecting ('localhost', 20000)...
2024-11-11 17:32:15.536,system,INFO,MY BIND IP: ('localhost', 28000)
2024-11-11 17:32:15.537,system,INFO,VehicleSocket::connect_remote,Connecting ('localhost', 20000)...
2024-11-11 17:32:18.539,system,INFO,MY BIND IP: ('localhost', 28000)
2024-11-11 17:32:18.540,system,INFO,VehicleSocket::connect_remote,Connecting ('localhost', 20000)...
2024-11-11 17:32:21.541,system,INFO,MY BIND IP: ('localhost', 28000)
2024-11-11 17:32:21.542,system,INFO,VehicleSocket::connect_remote,Connecting ('localhost', 20000)...
2024-11-11 17:32:24.543,system,INFO,MY BIND IP: ('localhost', 28000)
2024-11-11 17:32:24.544,system,INFO,VehicleSocket::connect_remote,Connecting ('localhost', 20000)...
2024-11-11 17:32:27.546,system,INFO,MY BIND IP: ('localhost', 28000)
2024-11-11 17:32:27.547,system,INFO,VehicleSocket::connect_remote,Connecting ('localhost', 20000)...
2024-11-11 17:32:30.549,system,INFO,MY BIND IP: ('localhost', 28000)
2024-11-11 17:32:30.550,system,INFO,VehicleSocket::connect_remote,Connecting ('localhost', 20000)...
2024-11-11 17:32:33.552,system,INFO,MY BIND IP: ('localhost', 28000)
2024-11-11 17:32:33.553,system,INFO,VehicleSocket::connect_remote,Connecting ('localhost', 20000)...
2024-11-11 17:32:36.555,system,INFO,MY BIND IP: ('localhost', 28000)
2024-11-11 17:32:36.556,system,INFO,VehicleSocket::connect_remote,Connecting ('localhost', 20000)...
2024-11-11 17:32:39.558,system,INFO,MY BIND IP: ('localhost', 28000)
2024-11-11 17:32:39.559,system,INFO,VehicleSocket::connect_remote,Connecting ('localhost', 20000)...
2024-11-11 17:32:42.560,system,INFO,MY BIND IP: ('localhost', 28000)
2024-11-11 17:32:42.560,system,INFO,VehicleSocket::connect_remote,Connecting ('localhost', 20000)...
2024-11-11 17:32:45.562,system,INFO,MY BIND IP: ('localhost', 28000)
2024-11-11 17:32:45.563,system,INFO,VehicleSocket::connect_remote,Connecting ('localhost', 20000)...
2024-11-11 17:32:48.565,system,INFO,MY BIND IP: ('localhost', 28000)
2024-11-11 17:32:48.566,system,INFO,VehicleSocket::connect_remote,Connecting ('localhost', 20000)...
2024-11-11 17:32:51.568,system,INFO,MY BIND IP: ('localhost', 28000)
2024-11-11 17:32:51.569,system,INFO,VehicleSocket::connect_remote,Connecting ('localhost', 20000)...
2024-11-11 17:32:54.570,system,INFO,MY BIND IP: ('localhost', 28000)
2024-11-11 17:32:54.571,system,INFO,VehicleSocket::connect_remote,Connecting ('localhost', 20000)...
2024-11-11 17:32:57.572,system,INFO,MY BIND IP: ('localhost', 28000)
2024-11-11 17:32:57.573,system,INFO,VehicleSocket::connect_remote,Connecting ('localhost', 20000)...
2024-11-11 17:33:00.578,system,INFO,MY BIND IP: ('localhost', 28000)
2024-11-11 17:33:00.581,system,INFO,VehicleSocket::connect_remote,Connecting ('localhost', 20000)...
2024-11-11 17:33:03.584,system,INFO,MY BIND IP: ('localhost', 28000)
2024-11-11 17:33:03.585,system,INFO,VehicleSocket::connect_remote,Connecting ('localhost', 20000)...
2024-11-11 17:33:06.588,system,INFO,MY BIND IP: ('localhost', 28000)
2024-11-11 17:33:06.589,system,INFO,VehicleSocket::connect_remote,Connecting ('localhost', 20000)...
2024-11-11 17:33:09.591,system,INFO,MY BIND IP: ('localhost', 28000)
2024-11-11 17:33:09.592,system,INFO,VehicleSocket::connect_remote,Connecting ('localhost', 20000)...
2024-11-11 17:33:12.595,system,INFO,MY BIND IP: ('localhost', 28000)
2024-11-11 17:33:12.595,system,INFO,VehicleSocket::connect_remote,Connecting ('localhost', 20000)...
2024-11-11 17:33:15.597,system,INFO,MY BIND IP: ('localhost', 28000)
2024-11-11 17:33:15.598,system,INFO,VehicleSocket::connect_remote,Connecting ('localhost', 20000)...
2024-11-11 17:33:18.599,system,INFO,MY BIND IP: ('localhost', 28000)
2024-11-11 17:33:18.600,system,INFO,VehicleSocket::connect_remote,Connecting ('localhost', 20000)...
2024-11-11 17:33:21.601,system,INFO,MY BIND IP: ('localhost', 28000)
2024-11-11 17:33:21.603,system,INFO,VehicleSocket::connect_remote,Connecting ('localhost', 20000)...
2024-11-11 17:33:24.605,system,INFO,MY BIND IP: ('localhost', 28000)
2024-11-11 17:33:24.606,system,INFO,VehicleSocket::connect_remote,Connecting ('localhost', 20000)...
2024-11-11 17:33:27.608,system,INFO,MY BIND IP: ('localhost', 28000)
2024-11-11 17:33:27.609,system,INFO,VehicleSocket::connect_remote,Connecting ('localhost', 20000)...
2024-11-11 17:33:30.611,system,INFO,MY BIND IP: ('localhost', 28000)
2024-11-11 17:33:30.612,system,INFO,VehicleSocket::connect_remote,Connecting ('localhost', 20000)...
2024-11-11 17:33:33.613,system,INFO,MY BIND IP: ('localhost', 28000)
2024-11-11 17:33:33.614,system,INFO,VehicleSocket::connect_remote,Connecting ('localhost', 20000)...
2024-11-11 17:33:36.616,system,INFO,MY BIND IP: ('localhost', 28000)
2024-11-11 17:33:36.617,system,INFO,VehicleSocket::connect_remote,Connecting ('localhost', 20000)...
2024-11-11 17:33:39.620,system,INFO,MY BIND IP: ('localhost', 28000)
2024-11-11 17:33:39.621,system,INFO,VehicleSocket::connect_remote,Connecting ('localhost', 20000)...
2024-11-11 17:33:42.623,system,INFO,MY BIND IP: ('localhost', 28000)
2024-11-11 17:33:42.625,system,INFO,VehicleSocket::connect_remote,Connecting ('localhost', 20000)...
2024-11-11 17:33:45.628,system,INFO,MY BIND IP: ('localhost', 28000)
2024-11-11 17:33:45.629,system,INFO,VehicleSocket::connect_remote,Connecting ('localhost', 20000)...
2024-11-11 17:33:48.629,system,INFO,MY BIND IP: ('localhost', 28000)
2024-11-11 17:33:48.630,system,INFO,VehicleSocket::connect_remote,Connecting ('localhost', 20000)...
2024-11-11 17:33:51.633,system,INFO,MY BIND IP: ('localhost', 28000)
2024-11-11 17:33:51.633,system,INFO,VehicleSocket::connect_remote,Connecting ('localhost', 20000)...
2024-11-11 17:33:54.646,system,INFO,MY BIND IP: ('localhost', 28000)
2024-11-11 17:33:54.649,system,INFO,VehicleSocket::connect_remote,Connecting ('localhost', 20000)...
2024-11-11 17:33:57.653,system,INFO,MY BIND IP: ('localhost', 28000)
2024-11-11 17:33:57.654,system,INFO,VehicleSocket::connect_remote,Connecting ('localhost', 20000)...
2024-11-11 17:34:00.657,system,INFO,MY BIND IP: ('localhost', 28000)
2024-11-11 17:34:00.662,system,INFO,VehicleSocket::connect_remote,Connecting ('localhost', 20000)...
2024-11-11 17:34:03.666,system,INFO,MY BIND IP: ('localhost', 28000)
2024-11-11 17:34:03.668,system,INFO,VehicleSocket::connect_remote,Connecting ('localhost', 20000)...
2024-11-11 17:34:06.671,system,INFO,MY BIND IP: ('localhost', 28000)
2024-11-11 17:34:06.673,system,INFO,VehicleSocket::connect_remote,Connecting ('localhost', 20000)...
2024-11-11 17:34:09.675,system,INFO,MY BIND IP: ('localhost', 28000)
2024-11-11 17:34:09.676,system,INFO,VehicleSocket::connect_remote,Connecting ('localhost', 20000)...
2024-11-11 17:34:12.688,system,INFO,MY BIND IP: ('localhost', 28000)
2024-11-11 17:34:12.690,system,INFO,VehicleSocket::connect_remote,Connecting ('localhost', 20000)...
2024-11-11 17:34:15.691,system,INFO,MY BIND IP: ('localhost', 28000)
2024-11-11 17:34:15.692,system,INFO,VehicleSocket::connect_remote,Connecting ('localhost', 20000)...
2024-11-11 17:34:18.693,system,INFO,MY BIND IP: ('localhost', 28000)
2024-11-11 17:34:18.695,system,INFO,VehicleSocket::connect_remote,Connecting ('localhost', 20000)...
2024-11-11 17:34:21.707,system,INFO,MY BIND IP: ('localhost', 28000)
2024-11-11 17:34:21.708,system,INFO,VehicleSocket::connect_remote,Connecting ('localhost', 20000)...
2024-11-11 17:34:24.711,system,INFO,MY BIND IP: ('localhost', 28000)
2024-11-11 17:34:24.713,system,INFO,VehicleSocket::connect_remote,Connecting ('localhost', 20000)...
2024-11-11 17:34:27.719,system,INFO,MY BIND IP: ('localhost', 28000)
2024-11-11 17:34:27.720,system,INFO,VehicleSocket::connect_remote,Connecting ('localhost', 20000)...
2024-11-11 17:34:30.723,system,INFO,MY BIND IP: ('localhost', 28000)
2024-11-11 17:34:30.726,system,INFO,VehicleSocket::connect_remote,Connecting ('localhost', 20000)...
2024-11-11 17:34:33.731,system,INFO,MY BIND IP: ('localhost', 28000)
2024-11-11 17:34:33.732,system,INFO,VehicleSocket::connect_remote,Connecting ('localhost', 20000)...
2024-11-11 17:34:36.733,system,INFO,MY BIND IP: ('localhost', 28000)
2024-11-11 17:34:36.733,system,INFO,VehicleSocket::connect_remote,Connecting ('localhost', 20000)...
2024-11-11 17:34:39.735,system,INFO,MY BIND IP: ('localhost', 28000)
2024-11-11 17:34:39.737,system,INFO,VehicleSocket::connect_remote,Connecting ('localhost', 20000)...
2024-11-11 17:34:42.751,system,INFO,MY BIND IP: ('localhost', 28000)
2024-11-11 17:34:42.752,system,INFO,VehicleSocket::connect_remote,Connecting ('localhost', 20000)...
2024-11-11 17:34:45.755,system,INFO,MY BIND IP: ('localhost', 28000)
2024-11-11 17:34:45.757,system,INFO,VehicleSocket::connect_remote,Connecting ('localhost', 20000)...
2024-11-11 17:34:48.760,system,INFO,MY BIND IP: ('localhost', 28000)
2024-11-11 17:34:48.762,system,INFO,VehicleSocket::connect_remote,Connecting ('localhost', 20000)...
2024-11-11 17:34:51.763,system,INFO,MY BIND IP: ('localhost', 28000)
2024-11-11 17:34:51.765,system,INFO,VehicleSocket::connect_remote,Connecting ('localhost', 20000)...
2024-11-11 17:34:54.769,system,INFO,MY BIND IP: ('localhost', 28000)
2024-11-11 17:34:54.772,system,INFO,VehicleSocket::connect_remote,Connecting ('localhost', 20000)...
2024-11-11 17:34:57.773,system,INFO,MY BIND IP: ('localhost', 28000)
2024-11-11 17:34:57.774,system,INFO,VehicleSocket::connect_remote,Connecting ('localhost', 20000)...
2024-11-11 17:35:00.775,system,INFO,MY BIND IP: ('localhost', 28000)
2024-11-11 17:35:00.776,system,INFO,VehicleSocket::connect_remote,Connecting ('localhost', 20000)...
2024-11-11 17:35:03.778,system,INFO,MY BIND IP: ('localhost', 28000)
2024-11-11 17:35:03.779,system,INFO,VehicleSocket::connect_remote,Connecting ('localhost', 20000)...
2024-11-11 17:35:06.781,system,INFO,MY BIND IP: ('localhost', 28000)
2024-11-11 17:35:06.783,system,INFO,VehicleSocket::connect_remote,Connecting ('localhost', 20000)...
2024-11-11 17:35:09.786,system,INFO,MY BIND IP: ('localhost', 28000)
2024-11-11 17:35:09.789,system,INFO,VehicleSocket::connect_remote,Connecting ('localhost', 20000)...
2024-11-11 17:35:12.792,system,INFO,MY BIND IP: ('localhost', 28000)
2024-11-11 17:35:12.793,system,INFO,VehicleSocket::connect_remote,Connecting ('localhost', 20000)...
2024-11-11 17:35:15.795,system,INFO,MY BIND IP: ('localhost', 28000)
2024-11-11 17:35:15.796,system,INFO,VehicleSocket::connect_remote,Connecting ('localhost', 20000)...
2024-11-11 17:35:18.798,system,INFO,MY BIND IP: ('localhost', 28000)
2024-11-11 17:35:18.800,system,INFO,VehicleSocket::connect_remote,Connecting ('localhost', 20000)...
2024-11-11 17:35:21.802,system,INFO,MY BIND IP: ('localhost', 28000)
2024-11-11 17:35:21.803,system,INFO,VehicleSocket::connect_remote,Connecting ('localhost', 20000)...
2024-11-11 17:35:24.805,system,INFO,MY BIND IP: ('localhost', 28000)
2024-11-11 17:35:24.806,system,INFO,VehicleSocket::connect_remote,Connecting ('localhost', 20000)...
2024-11-11 17:35:27.808,system,INFO,MY BIND IP: ('localhost', 28000)
2024-11-11 17:35:27.809,system,INFO,VehicleSocket::connect_remote,Connecting ('localhost', 20000)...
2024-11-11 17:35:30.812,system,INFO,MY BIND IP: ('localhost', 28000)
2024-11-11 17:35:30.812,system,INFO,VehicleSocket::connect_remote,Connecting ('localhost', 20000)...
2024-11-11 17:35:33.816,system,INFO,MY BIND IP: ('localhost', 28000)
2024-11-11 17:35:33.819,system,INFO,VehicleSocket::connect_remote,Connecting ('localhost', 20000)...
2024-11-11 17:35:36.823,system,INFO,MY BIND IP: ('localhost', 28000)
2024-11-11 17:35:36.825,system,INFO,VehicleSocket::connect_remote,Connecting ('localhost', 20000)...
2024-11-11 17:35:39.828,system,INFO,MY BIND IP: ('localhost', 28000)
2024-11-11 17:35:39.829,system,INFO,VehicleSocket::connect_remote,Connecting ('localhost', 20000)...
2024-11-11 17:35:42.832,system,INFO,MY BIND IP: ('localhost', 28000)
2024-11-11 17:35:42.834,system,INFO,VehicleSocket::connect_remote,Connecting ('localhost', 20000)...
2024-11-11 17:35:45.837,system,INFO,MY BIND IP: ('localhost', 28000)
2024-11-11 17:35:45.840,system,INFO,VehicleSocket::connect_remote,Connecting ('localhost', 20000)...
2024-11-11 17:35:48.844,system,INFO,MY BIND IP: ('localhost', 28000)
2024-11-11 17:35:48.845,system,INFO,VehicleSocket::connect_remote,Connecting ('localhost', 20000)...
2024-11-11 17:35:51.847,system,INFO,MY BIND IP: ('localhost', 28000)
2024-11-11 17:35:51.848,system,INFO,VehicleSocket::connect_remote,Connecting ('localhost', 20000)...
2024-11-11 17:35:54.851,system,INFO,MY BIND IP: ('localhost', 28000)
2024-11-11 17:35:54.854,system,INFO,VehicleSocket::connect_remote,Connecting ('localhost', 20000)...
2024-11-11 17:35:57.858,system,INFO,MY BIND IP: ('localhost', 28000)
2024-11-11 17:35:57.859,system,INFO,VehicleSocket::connect_remote,Connecting ('localhost', 20000)...
2024-11-11 17:36:00.861,system,INFO,MY BIND IP: ('localhost', 28000)
2024-11-11 17:36:00.865,system,INFO,VehicleSocket::connect_remote,Connecting ('localhost', 20000)...
2024-11-11 17:36:03.868,system,INFO,MY BIND IP: ('localhost', 28000)
2024-11-11 17:36:03.869,system,INFO,VehicleSocket::connect_remote,Connecting ('localhost', 20000)...
2024-11-11 17:36:06.872,system,INFO,MY BIND IP: ('localhost', 28000)
2024-11-11 17:36:06.874,system,INFO,VehicleSocket::connect_remote,Connecting ('localhost', 20000)...
2024-11-11 17:36:09.878,system,INFO,MY BIND IP: ('localhost', 28000)
2024-11-11 17:36:09.881,system,INFO,VehicleSocket::connect_remote,Connecting ('localhost', 20000)...
2024-11-11 17:36:12.885,system,INFO,MY BIND IP: ('localhost', 28000)
2024-11-11 17:36:12.888,system,INFO,VehicleSocket::connect_remote,Connecting ('localhost', 20000)...
2024-11-11 17:36:15.892,system,INFO,MY BIND IP: ('localhost', 28000)
2024-11-11 17:36:15.893,system,INFO,VehicleSocket::connect_remote,Connecting ('localhost', 20000)...
2024-11-11 17:36:18.895,system,INFO,MY BIND IP: ('localhost', 28000)
2024-11-11 17:36:18.896,system,INFO,VehicleSocket::connect_remote,Connecting ('localhost', 20000)...
2024-11-11 17:36:21.898,system,INFO,MY BIND IP: ('localhost', 28000)
2024-11-11 17:36:21.899,system,INFO,VehicleSocket::connect_remote,Connecting ('localhost', 20000)...
2024-11-11 17:36:24.902,system,INFO,MY BIND IP: ('localhost', 28000)
2024-11-11 17:36:24.903,system,INFO,VehicleSocket::connect_remote,Connecting ('localhost', 20000)...
2024-11-11 17:36:27.906,system,INFO,MY BIND IP: ('localhost', 28000)
2024-11-11 17:36:27.909,system,INFO,VehicleSocket::connect_remote,Connecting ('localhost', 20000)...
2024-11-11 17:36:30.915,system,INFO,MY BIND IP: ('localhost', 28000)
2024-11-11 17:36:30.918,system,INFO,VehicleSocket::connect_remote,Connecting ('localhost', 20000)...
2024-11-11 17:36:33.921,system,INFO,MY BIND IP: ('localhost', 28000)
2024-11-11 17:36:33.923,system,INFO,VehicleSocket::connect_remote,Connecting ('localhost', 20000)...
2024-11-11 17:36:36.924,system,INFO,MY BIND IP: ('localhost', 28000)
2024-11-11 17:36:36.926,system,INFO,VehicleSocket::connect_remote,Connecting ('localhost', 20000)...
2024-11-11 17:36:39.929,system,INFO,MY BIND IP: ('localhost', 28000)
2024-11-11 17:36:39.930,system,INFO,VehicleSocket::connect_remote,Connecting ('localhost', 20000)...
2024-11-11 17:36:42.931,system,INFO,MY BIND IP: ('localhost', 28000)
2024-11-11 17:36:42.933,system,INFO,VehicleSocket::connect_remote,Connecting ('localhost', 20000)...
2024-11-11 17:36:45.935,system,INFO,MY BIND IP: ('localhost', 28000)
2024-11-11 17:36:45.937,system,INFO,VehicleSocket::connect_remote,Connecting ('localhost', 20000)...
2024-11-11 17:36:48.939,system,INFO,MY BIND IP: ('localhost', 28000)
2024-11-11 17:36:48.942,system,INFO,VehicleSocket::connect_remote,Connecting ('localhost', 20000)...
2024-11-11 17:36:51.944,system,INFO,MY BIND IP: ('localhost', 28000)
2024-11-11 17:36:51.946,system,INFO,VehicleSocket::connect_remote,Connecting ('localhost', 20000)...
2024-11-11 17:36:54.950,system,INFO,MY BIND IP: ('localhost', 28000)
2024-11-11 17:36:54.954,system,INFO,VehicleSocket::connect_remote,Connecting ('localhost', 20000)...
2024-11-11 17:36:57.957,system,INFO,MY BIND IP: ('localhost', 28000)
2024-11-11 17:36:57.958,system,INFO,VehicleSocket::connect_remote,Connecting ('localhost', 20000)...
2024-11-11 17:37:00.961,system,INFO,MY BIND IP: ('localhost', 28000)
2024-11-11 17:37:00.964,system,INFO,VehicleSocket::connect_remote,Connecting ('localhost', 20000)...
2024-11-11 17:37:03.969,system,INFO,MY BIND IP: ('localhost', 28000)
2024-11-11 17:37:03.972,system,INFO,VehicleSocket::connect_remote,Connecting ('localhost', 20000)...
2024-11-11 17:37:06.977,system,INFO,MY BIND IP: ('localhost', 28000)
2024-11-11 17:37:06.978,system,INFO,VehicleSocket::connect_remote,Connecting ('localhost', 20000)...
2024-11-11 17:37:09.980,system,INFO,MY BIND IP: ('localhost', 28000)
2024-11-11 17:37:09.981,system,INFO,VehicleSocket::connect_remote,Connecting ('localhost', 20000)...
2024-11-11 17:37:12.986,system,INFO,MY BIND IP: ('localhost', 28000)
2024-11-11 17:37:12.988,system,INFO,VehicleSocket::connect_remote,Connecting ('localhost', 20000)...
2024-11-11 17:37:15.992,system,INFO,MY BIND IP: ('localhost', 28000)
2024-11-11 17:37:15.993,system,INFO,VehicleSocket::connect_remote,Connecting ('localhost', 20000)...
2024-11-11 17:37:18.996,system,INFO,MY BIND IP: ('localhost', 28000)
2024-11-11 17:37:18.997,system,INFO,VehicleSocket::connect_remote,Connecting ('localhost', 20000)...
2024-11-11 17:37:22.000,system,INFO,MY BIND IP: ('localhost', 28000)
2024-11-11 17:37:22.003,system,INFO,VehicleSocket::connect_remote,Connecting ('localhost', 20000)...
2024-11-11 17:37:25.007,system,INFO,MY BIND IP: ('localhost', 28000)
2024-11-11 17:37:25.012,system,INFO,VehicleSocket::connect_remote,Connecting ('localhost', 20000)...
2024-11-11 17:37:28.015,system,INFO,MY BIND IP: ('localhost', 28000)
2024-11-11 17:37:28.016,system,INFO,VehicleSocket::connect_remote,Connecting ('localhost', 20000)...
2024-11-11 17:37:31.017,system,INFO,MY BIND IP: ('localhost', 28000)
2024-11-11 17:37:31.018,system,INFO,VehicleSocket::connect_remote,Connecting ('localhost', 20000)...
2024-11-11 17:37:34.020,system,INFO,MY BIND IP: ('localhost', 28000)
2024-11-11 17:37:34.023,system,INFO,VehicleSocket::connect_remote,Connecting ('localhost', 20000)...
2024-11-11 17:37:37.028,system,INFO,MY BIND IP: ('localhost', 28000)
2024-11-11 17:37:37.032,system,INFO,VehicleSocket::connect_remote,Connecting ('localhost', 20000)...
2024-11-11 17:37:40.036,system,INFO,MY BIND IP: ('localhost', 28000)
2024-11-11 17:37:40.037,system,INFO,VehicleSocket::connect_remote,Connecting ('localhost', 20000)...
2024-11-11 17:37:43.040,system,INFO,MY BIND IP: ('localhost', 28000)
2024-11-11 17:37:43.043,system,INFO,VehicleSocket::connect_remote,Connecting ('localhost', 20000)...
2024-11-11 17:37:46.048,system,INFO,MY BIND IP: ('localhost', 28000)
2024-11-11 17:37:46.051,system,INFO,VehicleSocket::connect_remote,Connecting ('localhost', 20000)...
2024-11-11 17:37:49.054,system,INFO,MY BIND IP: ('localhost', 28000)
2024-11-11 17:37:49.055,system,INFO,VehicleSocket::connect_remote,Connecting ('localhost', 20000)...
2024-11-11 17:37:52.057,system,INFO,MY BIND IP: ('localhost', 28000)
2024-11-11 17:37:52.058,system,INFO,VehicleSocket::connect_remote,Connecting ('localhost', 20000)...
2024-11-11 17:37:55.062,system,INFO,MY BIND IP: ('localhost', 28000)
2024-11-11 17:37:55.065,system,INFO,VehicleSocket::connect_remote,Connecting ('localhost', 20000)...
2024-11-11 17:37:58.069,system,INFO,MY BIND IP: ('localhost', 28000)
2024-11-11 17:37:58.070,system,INFO,VehicleSocket::connect_remote,Connecting ('localhost', 20000)...
2024-11-11 17:38:01.074,system,INFO,MY BIND IP: ('localhost', 28000)
2024-11-11 17:38:01.078,system,INFO,VehicleSocket::connect_remote,Connecting ('localhost', 20000)...
2024-11-11 17:38:04.082,system,INFO,MY BIND IP: ('localhost', 28000)
2024-11-11 17:38:04.083,system,INFO,VehicleSocket::connect_remote,Connecting ('localhost', 20000)...
2024-11-11 17:38:07.086,system,INFO,MY BIND IP: ('localhost', 28000)
2024-11-11 17:38:07.088,system,INFO,VehicleSocket::connect_remote,Connecting ('localhost', 20000)...
2024-11-11 17:38:10.092,system,INFO,MY BIND IP: ('localhost', 28000)
2024-11-11 17:38:10.094,system,INFO,VehicleSocket::connect_remote,Connecting ('localhost', 20000)...
2024-11-11 17:38:13.097,system,INFO,MY BIND IP: ('localhost', 28000)
2024-11-11 17:38:13.098,system,INFO,VehicleSocket::connect_remote,Connecting ('localhost', 20000)...
2024-11-11 17:38:16.099,system,INFO,MY BIND IP: ('localhost', 28000)
2024-11-11 17:38:16.100,system,INFO,VehicleSocket::connect_remote,Connecting ('localhost', 20000)...
2024-11-11 17:38:19.101,system,INFO,MY BIND IP: ('localhost', 28000)
2024-11-11 17:38:19.102,system,INFO,VehicleSocket::connect_remote,Connecting ('localhost', 20000)...
2024-11-11 17:38:22.103,system,INFO,MY BIND IP: ('localhost', 28000)
2024-11-11 17:38:22.104,system,INFO,VehicleSocket::connect_remote,Connecting ('localhost', 20000)...
2024-11-11 17:38:25.107,system,INFO,MY BIND IP: ('localhost', 28000)
2024-11-11 17:38:25.108,system,INFO,VehicleSocket::connect_remote,Connecting ('localhost', 20000)...
2024-11-11 17:38:28.111,system,INFO,MY BIND IP: ('localhost', 28000)
2024-11-11 17:38:28.113,system,INFO,VehicleSocket::connect_remote,Connecting ('localhost', 20000)...
2024-11-11 17:38:31.117,system,INFO,MY BIND IP: ('localhost', 28000)
2024-11-11 17:38:31.120,system,INFO,VehicleSocket::connect_remote,Connecting ('localhost', 20000)...
2024-11-11 17:38:34.122,system,INFO,MY BIND IP: ('localhost', 28000)
2024-11-11 17:38:34.124,system,INFO,VehicleSocket::connect_remote,Connecting ('localhost', 20000)...
2024-11-11 17:38:37.127,system,INFO,MY BIND IP: ('localhost', 28000)
2024-11-11 17:38:37.129,system,INFO,VehicleSocket::connect_remote,Connecting ('localhost', 20000)...
2024-11-11 17:38:40.132,system,INFO,MY BIND IP: ('localhost', 28000)
2024-11-11 17:38:40.133,system,INFO,VehicleSocket::connect_remote,Connecting ('localhost', 20000)...
2024-11-11 17:38:43.136,system,INFO,MY BIND IP: ('localhost', 28000)
2024-11-11 17:38:43.138,system,INFO,VehicleSocket::connect_remote,Connecting ('localhost', 20000)...
2024-11-11 17:38:46.140,system,INFO,MY BIND IP: ('localhost', 28000)
2024-11-11 17:38:46.143,system,INFO,VehicleSocket::connect_remote,Connecting ('localhost', 20000)...
2024-11-11 17:38:49.148,system,INFO,MY BIND IP: ('localhost', 28000)
2024-11-11 17:38:49.148,system,INFO,VehicleSocket::connect_remote,Connecting ('localhost', 20000)...
2024-11-11 17:38:52.150,system,INFO,MY BIND IP: ('localhost', 28000)
2024-11-11 17:38:52.152,system,INFO,VehicleSocket::connect_remote,Connecting ('localhost', 20000)...
2024-11-11 17:38:55.154,system,INFO,MY BIND IP: ('localhost', 28000)
2024-11-11 17:38:55.155,system,INFO,VehicleSocket::connect_remote,Connecting ('localhost', 20000)...
2024-11-11 17:38:58.159,system,INFO,MY BIND IP: ('localhost', 28000)
2024-11-11 17:38:58.162,system,INFO,VehicleSocket::connect_remote,Connecting ('localhost', 20000)...
2024-11-11 17:39:01.167,system,INFO,MY BIND IP: ('localhost', 28000)
2024-11-11 17:39:01.168,system,INFO,VehicleSocket::connect_remote,Connecting ('localhost', 20000)...
2024-11-11 17:39:04.169,system,INFO,MY BIND IP: ('localhost', 28000)
2024-11-11 17:39:04.170,system,INFO,VehicleSocket::connect_remote,Connecting ('localhost', 20000)...
2024-11-11 17:39:07.171,system,INFO,MY BIND IP: ('localhost', 28000)
2024-11-11 17:39:07.172,system,INFO,VehicleSocket::connect_remote,Connecting ('localhost', 20000)...
2024-11-11 17:39:10.175,system,INFO,MY BIND IP: ('localhost', 28000)
2024-11-11 17:39:10.178,system,INFO,VehicleSocket::connect_remote,Connecting ('localhost', 20000)...
2024-11-11 17:39:13.182,system,INFO,MY BIND IP: ('localhost', 28000)
2024-11-11 17:39:13.182,system,INFO,VehicleSocket::connect_remote,Connecting ('localhost', 20000)...
2024-11-11 17:39:16.184,system,INFO,MY BIND IP: ('localhost', 28000)
2024-11-11 17:39:16.185,system,INFO,VehicleSocket::connect_remote,Connecting ('localhost', 20000)...
2024-11-11 17:39:19.188,system,INFO,MY BIND IP: ('localhost', 28000)
2024-11-11 17:39:19.188,system,INFO,VehicleSocket::connect_remote,Connecting ('localhost', 20000)...
2024-11-11 17:39:22.190,system,INFO,MY BIND IP: ('localhost', 28000)
2024-11-11 17:39:22.191,system,INFO,VehicleSocket::connect_remote,Connecting ('localhost', 20000)...
2024-11-11 17:39:25.192,system,INFO,MY BIND IP: ('localhost', 28000)
2024-11-11 17:39:25.193,system,INFO,VehicleSocket::connect_remote,Connecting ('localhost', 20000)...
2024-11-11 17:39:28.194,system,INFO,MY BIND IP: ('localhost', 28000)
2024-11-11 17:39:28.195,system,INFO,VehicleSocket::connect_remote,Connecting ('localhost', 20000)...
2024-11-11 17:39:31.196,system,INFO,MY BIND IP: ('localhost', 28000)
2024-11-11 17:39:31.198,system,INFO,VehicleSocket::connect_remote,Connecting ('localhost', 20000)...
2024-11-11 17:39:34.202,system,INFO,MY BIND IP: ('localhost', 28000)
2024-11-11 17:39:34.205,system,INFO,VehicleSocket::connect_remote,Connecting ('localhost', 20000)...
2024-11-11 17:39:37.207,system,INFO,MY BIND IP: ('localhost', 28000)
2024-11-11 17:39:37.208,system,INFO,VehicleSocket::connect_remote,Connecting ('localhost', 20000)...
2024-11-11 17:39:40.212,system,INFO,MY BIND IP: ('localhost', 28000)
2024-11-11 17:39:40.215,system,INFO,VehicleSocket::connect_remote,Connecting ('localhost', 20000)...
2024-11-11 17:39:43.218,system,INFO,MY BIND IP: ('localhost', 28000)
2024-11-11 17:39:43.220,system,INFO,VehicleSocket::connect_remote,Connecting ('localhost', 20000)...
2024-11-11 17:39:46.222,system,INFO,MY BIND IP: ('localhost', 28000)
2024-11-11 17:39:46.223,system,INFO,VehicleSocket::connect_remote,Connecting ('localhost', 20000)...
2024-11-11 17:39:49.224,system,INFO,MY BIND IP: ('localhost', 28000)
2024-11-11 17:39:49.225,system,INFO,VehicleSocket::connect_remote,Connecting ('localhost', 20000)...
2024-11-11 17:39:52.227,system,INFO,MY BIND IP: ('localhost', 28000)
2024-11-11 17:39:52.228,system,INFO,VehicleSocket::connect_remote,Connecting ('localhost', 20000)...
2024-11-11 17:39:55.230,system,INFO,MY BIND IP: ('localhost', 28000)
2024-11-11 17:39:55.231,system,INFO,VehicleSocket::connect_remote,Connecting ('localhost', 20000)...
2024-11-11 17:39:55.242,system,INFO,VehicleSocket::connect_remote,Connected VehicleSocket socket.
2024-11-11 18:02:44.288,system,INFO,MY BIND IP: ('localhost', 28000)
2024-11-11 18:02:44.289,system,INFO,VehicleSocket::connect_remote,Connecting ('localhost', 20000)...
2024-11-11 18:02:47.292,system,INFO,MY BIND IP: ('localhost', 28000)
2024-11-11 18:02:47.295,system,INFO,VehicleSocket::connect_remote,Connecting ('localhost', 20000)...
2024-11-11 18:02:47.309,system,INFO,VehicleSocket::connect_remote,Connected VehicleSocket socket.
2024-11-11 18:03:18.268,system,INFO,MY BIND IP: ('localhost', 28000)
2024-11-11 18:03:18.269,system,INFO,VehicleSocket::connect_remote,Connecting ('localhost', 20000)...
2024-11-11 18:03:21.271,system,INFO,MY BIND IP: ('localhost', 28000)
2024-11-11 18:03:21.272,system,INFO,VehicleSocket::connect_remote,Connecting ('localhost', 20000)...
2024-11-11 18:03:24.274,system,INFO,MY BIND IP: ('localhost', 28000)
2024-11-11 18:03:24.275,system,INFO,VehicleSocket::connect_remote,Connecting ('localhost', 20000)...
2024-11-11 18:03:27.277,system,INFO,MY BIND IP: ('localhost', 28000)
2024-11-11 18:03:27.278,system,INFO,VehicleSocket::connect_remote,Connecting ('localhost', 20000)...
2024-11-11 18:03:30.280,system,INFO,MY BIND IP: ('localhost', 28000)
2024-11-11 18:03:30.283,system,INFO,VehicleSocket::connect_remote,Connecting ('localhost', 20000)...
2024-11-11 18:03:33.284,system,INFO,MY BIND IP: ('localhost', 28000)
2024-11-11 18:03:33.285,system,INFO,VehicleSocket::connect_remote,Connecting ('localhost', 20000)...
2024-11-11 18:03:36.286,system,INFO,MY BIND IP: ('localhost', 28000)
2024-11-11 18:03:36.289,system,INFO,VehicleSocket::connect_remote,Connecting ('localhost', 20000)...
2024-11-11 18:03:39.292,system,INFO,MY BIND IP: ('localhost', 28000)
2024-11-11 18:03:39.296,system,INFO,VehicleSocket::connect_remote,Connecting ('localhost', 20000)...
2024-11-11 18:03:42.300,system,INFO,MY BIND IP: ('localhost', 28000)
2024-11-11 18:03:42.302,system,INFO,VehicleSocket::connect_remote,Connecting ('localhost', 20000)...
2024-11-11 18:03:45.303,system,INFO,MY BIND IP: ('localhost', 28000)
2024-11-11 18:03:45.304,system,INFO,VehicleSocket::connect_remote,Connecting ('localhost', 20000)...
2024-11-11 18:03:48.305,system,INFO,MY BIND IP: ('localhost', 28000)
2024-11-11 18:03:48.306,system,INFO,VehicleSocket::connect_remote,Connecting ('localhost', 20000)...
2024-11-11 18:03:51.307,system,INFO,MY BIND IP: ('localhost', 28000)
2024-11-11 18:03:51.308,system,INFO,VehicleSocket::connect_remote,Connecting ('localhost', 20000)...
2024-11-11 18:03:54.311,system,INFO,MY BIND IP: ('localhost', 28000)
2024-11-11 18:03:54.314,system,INFO,VehicleSocket::connect_remote,Connecting ('localhost', 20000)...
2024-11-11 18:03:57.317,system,INFO,MY BIND IP: ('localhost', 28000)
2024-11-11 18:03:57.318,system,INFO,VehicleSocket::connect_remote,Connecting ('localhost', 20000)...
2024-11-11 18:04:00.318,system,INFO,MY BIND IP: ('localhost', 28000)
2024-11-11 18:04:00.319,system,INFO,VehicleSocket::connect_remote,Connecting ('localhost', 20000)...
2024-11-11 18:04:03.320,system,INFO,MY BIND IP: ('localhost', 28000)
2024-11-11 18:04:03.321,system,INFO,VehicleSocket::connect_remote,Connecting ('localhost', 20000)...
2024-11-11 18:04:06.324,system,INFO,MY BIND IP: ('localhost', 28000)
2024-11-11 18:04:06.325,system,INFO,VehicleSocket::connect_remote,Connecting ('localhost', 20000)...
2024-11-11 18:04:09.326,system,INFO,MY BIND IP: ('localhost', 28000)
2024-11-11 18:04:09.327,system,INFO,VehicleSocket::connect_remote,Connecting ('localhost', 20000)...
2024-11-11 18:04:12.330,system,INFO,MY BIND IP: ('localhost', 28000)
2024-11-11 18:04:12.331,system,INFO,VehicleSocket::connect_remote,Connecting ('localhost', 20000)...
2024-11-11 18:04:15.333,system,INFO,MY BIND IP: ('localhost', 28000)
2024-11-11 18:04:15.334,system,INFO,VehicleSocket::connect_remote,Connecting ('localhost', 20000)...
2024-11-11 18:04:18.336,system,INFO,MY BIND IP: ('localhost', 28000)
2024-11-11 18:04:18.342,system,INFO,VehicleSocket::connect_remote,Connecting ('localhost', 20000)...
2024-11-11 18:04:21.344,system,INFO,MY BIND IP: ('localhost', 28000)
2024-11-11 18:04:21.344,system,INFO,VehicleSocket::connect_remote,Connecting ('localhost', 20000)...
2024-11-11 18:04:24.346,system,INFO,MY BIND IP: ('localhost', 28000)
2024-11-11 18:04:24.348,system,INFO,VehicleSocket::connect_remote,Connecting ('localhost', 20000)...
2024-11-11 18:04:27.361,system,INFO,MY BIND IP: ('localhost', 28000)
2024-11-11 18:04:27.362,system,INFO,VehicleSocket::connect_remote,Connecting ('localhost', 20000)...
2024-11-11 18:04:30.363,system,INFO,MY BIND IP: ('localhost', 28000)
2024-11-11 18:04:30.364,system,INFO,VehicleSocket::connect_remote,Connecting ('localhost', 20000)...
2024-11-11 18:04:33.366,system,INFO,MY BIND IP: ('localhost', 28000)
2024-11-11 18:04:33.367,system,INFO,VehicleSocket::connect_remote,Connecting ('localhost', 20000)...
2024-11-11 18:04:36.369,system,INFO,MY BIND IP: ('localhost', 28000)
2024-11-11 18:04:36.370,system,INFO,VehicleSocket::connect_remote,Connecting ('localhost', 20000)...
2024-11-11 18:04:39.372,system,INFO,MY BIND IP: ('localhost', 28000)
2024-11-11 18:04:39.373,system,INFO,VehicleSocket::connect_remote,Connecting ('localhost', 20000)...
2024-11-11 18:04:42.375,system,INFO,MY BIND IP: ('localhost', 28000)
2024-11-11 18:04:42.376,system,INFO,VehicleSocket::connect_remote,Connecting ('localhost', 20000)...
2024-11-11 18:04:45.377,system,INFO,MY BIND IP: ('localhost', 28000)
2024-11-11 18:04:45.378,system,INFO,VehicleSocket::connect_remote,Connecting ('localhost', 20000)...
2024-11-11 18:04:48.391,system,INFO,MY BIND IP: ('localhost', 28000)
2024-11-11 18:04:48.393,system,INFO,VehicleSocket::connect_remote,Connecting ('localhost', 20000)...
2024-11-11 18:04:51.394,system,INFO,MY BIND IP: ('localhost', 28000)
2024-11-11 18:04:51.395,system,INFO,VehicleSocket::connect_remote,Connecting ('localhost', 20000)...
2024-11-11 18:04:54.397,system,INFO,MY BIND IP: ('localhost', 28000)
2024-11-11 18:04:54.398,system,INFO,VehicleSocket::connect_remote,Connecting ('localhost', 20000)...
2024-11-11 18:04:57.400,system,INFO,MY BIND IP: ('localhost', 28000)
2024-11-11 18:04:57.400,system,INFO,VehicleSocket::connect_remote,Connecting ('localhost', 20000)...
2024-11-11 18:05:00.403,system,INFO,MY BIND IP: ('localhost', 28000)
2024-11-11 18:05:00.403,system,INFO,VehicleSocket::connect_remote,Connecting ('localhost', 20000)...
2024-11-11 18:05:03.406,system,INFO,MY BIND IP: ('localhost', 28000)
2024-11-11 18:05:03.407,system,INFO,VehicleSocket::connect_remote,Connecting ('localhost', 20000)...
2024-11-11 18:05:06.407,system,INFO,MY BIND IP: ('localhost', 28000)
2024-11-11 18:05:06.408,system,INFO,VehicleSocket::connect_remote,Connecting ('localhost', 20000)...
2024-11-11 18:05:09.410,system,INFO,MY BIND IP: ('localhost', 28000)
2024-11-11 18:05:09.411,system,INFO,VehicleSocket::connect_remote,Connecting ('localhost', 20000)...
2024-11-11 18:05:12.412,system,INFO,MY BIND IP: ('localhost', 28000)
2024-11-11 18:05:12.413,system,INFO,VehicleSocket::connect_remote,Connecting ('localhost', 20000)...
2024-11-11 18:05:15.414,system,INFO,MY BIND IP: ('localhost', 28000)
2024-11-11 18:05:15.415,system,INFO,VehicleSocket::connect_remote,Connecting ('localhost', 20000)...
2024-11-11 18:05:18.419,system,INFO,MY BIND IP: ('localhost', 28000)
2024-11-11 18:05:18.422,system,INFO,VehicleSocket::connect_remote,Connecting ('localhost', 20000)...
2024-11-11 18:05:21.427,system,INFO,MY BIND IP: ('localhost', 28000)
2024-11-11 18:05:21.430,system,INFO,VehicleSocket::connect_remote,Connecting ('localhost', 20000)...
2024-11-11 18:05:24.435,system,INFO,MY BIND IP: ('localhost', 28000)
2024-11-11 18:05:24.437,system,INFO,VehicleSocket::connect_remote,Connecting ('localhost', 20000)...
2024-11-11 18:05:27.442,system,INFO,MY BIND IP: ('localhost', 28000)
2024-11-11 18:05:27.445,system,INFO,VehicleSocket::connect_remote,Connecting ('localhost', 20000)...
2024-11-11 18:05:30.448,system,INFO,MY BIND IP: ('localhost', 28000)
2024-11-11 18:05:30.450,system,INFO,VehicleSocket::connect_remote,Connecting ('localhost', 20000)...
2024-11-11 18:05:33.451,system,INFO,MY BIND IP: ('localhost', 28000)
2024-11-11 18:05:33.452,system,INFO,VehicleSocket::connect_remote,Connecting ('localhost', 20000)...
2024-11-11 18:05:36.454,system,INFO,MY BIND IP: ('localhost', 28000)
2024-11-11 18:05:36.455,system,INFO,VehicleSocket::connect_remote,Connecting ('localhost', 20000)...
2024-11-11 18:05:39.457,system,INFO,MY BIND IP: ('localhost', 28000)
2024-11-11 18:05:39.461,system,INFO,VehicleSocket::connect_remote,Connecting ('localhost', 20000)...
2024-11-11 18:05:42.465,system,INFO,MY BIND IP: ('localhost', 28000)
2024-11-11 18:05:42.466,system,INFO,VehicleSocket::connect_remote,Connecting ('localhost', 20000)...
2024-11-11 18:05:45.467,system,INFO,MY BIND IP: ('localhost', 28000)
2024-11-11 18:05:45.469,system,INFO,VehicleSocket::connect_remote,Connecting ('localhost', 20000)...
2024-11-11 18:05:48.472,system,INFO,MY BIND IP: ('localhost', 28000)
2024-11-11 18:05:48.475,system,INFO,VehicleSocket::connect_remote,Connecting ('localhost', 20000)...
2024-11-11 18:05:51.479,system,INFO,MY BIND IP: ('localhost', 28000)
2024-11-11 18:05:51.480,system,INFO,VehicleSocket::connect_remote,Connecting ('localhost', 20000)...
2024-11-11 18:05:54.482,system,INFO,MY BIND IP: ('localhost', 28000)
2024-11-11 18:05:54.483,system,INFO,VehicleSocket::connect_remote,Connecting ('localhost', 20000)...
2024-11-11 18:05:57.484,system,INFO,MY BIND IP: ('localhost', 28000)
2024-11-11 18:05:57.485,system,INFO,VehicleSocket::connect_remote,Connecting ('localhost', 20000)...
2024-11-11 18:06:00.487,system,INFO,MY BIND IP: ('localhost', 28000)
2024-11-11 18:06:00.490,system,INFO,VehicleSocket::connect_remote,Connecting ('localhost', 20000)...
2024-11-11 18:06:03.494,system,INFO,MY BIND IP: ('localhost', 28000)
2024-11-11 18:06:03.497,system,INFO,VehicleSocket::connect_remote,Connecting ('localhost', 20000)...
2024-11-11 18:06:06.501,system,INFO,MY BIND IP: ('localhost', 28000)
2024-11-11 18:06:06.502,system,INFO,VehicleSocket::connect_remote,Connecting ('localhost', 20000)...
2024-11-11 18:06:09.504,system,INFO,MY BIND IP: ('localhost', 28000)
2024-11-11 18:06:09.507,system,INFO,VehicleSocket::connect_remote,Connecting ('localhost', 20000)...
2024-11-11 18:06:12.511,system,INFO,MY BIND IP: ('localhost', 28000)
2024-11-11 18:06:12.512,system,INFO,VehicleSocket::connect_remote,Connecting ('localhost', 20000)...
2024-11-11 18:06:15.516,system,INFO,MY BIND IP: ('localhost', 28000)
2024-11-11 18:06:15.519,system,INFO,VehicleSocket::connect_remote,Connecting ('localhost', 20000)...
2024-11-11 18:06:18.523,system,INFO,MY BIND IP: ('localhost', 28000)
2024-11-11 18:06:18.524,system,INFO,VehicleSocket::connect_remote,Connecting ('localhost', 20000)...
2024-11-11 18:06:21.525,system,INFO,MY BIND IP: ('localhost', 28000)
2024-11-11 18:06:21.526,system,INFO,VehicleSocket::connect_remote,Connecting ('localhost', 20000)...
2024-11-11 18:06:24.539,system,INFO,MY BIND IP: ('localhost', 28000)
2024-11-11 18:06:24.540,system,INFO,VehicleSocket::connect_remote,Connecting ('localhost', 20000)...
2024-11-11 18:06:27.542,system,INFO,MY BIND IP: ('localhost', 28000)
2024-11-11 18:06:27.546,system,INFO,VehicleSocket::connect_remote,Connecting ('localhost', 20000)...
2024-11-11 18:06:30.548,system,INFO,MY BIND IP: ('localhost', 28000)
2024-11-11 18:06:30.549,system,INFO,VehicleSocket::connect_remote,Connecting ('localhost', 20000)...
2024-11-11 18:06:33.551,system,INFO,MY BIND IP: ('localhost', 28000)
2024-11-11 18:06:33.552,system,INFO,VehicleSocket::connect_remote,Connecting ('localhost', 20000)...
2024-11-11 18:06:36.555,system,INFO,MY BIND IP: ('localhost', 28000)
2024-11-11 18:06:36.558,system,INFO,VehicleSocket::connect_remote,Connecting ('localhost', 20000)...
2024-11-11 18:06:39.562,system,INFO,MY BIND IP: ('localhost', 28000)
2024-11-11 18:06:39.563,system,INFO,VehicleSocket::connect_remote,Connecting ('localhost', 20000)...
2024-11-11 18:06:42.565,system,INFO,MY BIND IP: ('localhost', 28000)
2024-11-11 18:06:42.566,system,INFO,VehicleSocket::connect_remote,Connecting ('localhost', 20000)...
2024-11-11 18:06:42.566,system,INFO,VehicleSocket::connect_remote,Connected VehicleSocket socket.
2024-11-11 18:06:58.161,system,INFO,MY BIND IP: ('localhost', 28000)
2024-11-11 18:06:58.162,system,INFO,VehicleSocket::connect_remote,Connecting ('localhost', 20000)...
2024-11-11 18:07:01.163,system,INFO,MY BIND IP: ('localhost', 28000)
2024-11-11 18:07:01.164,system,INFO,VehicleSocket::connect_remote,Connecting ('localhost', 20000)...
2024-11-11 18:07:04.167,system,INFO,MY BIND IP: ('localhost', 28000)
2024-11-11 18:07:04.169,system,INFO,VehicleSocket::connect_remote,Connecting ('localhost', 20000)...
2024-11-11 18:07:07.173,system,INFO,MY BIND IP: ('localhost', 28000)
2024-11-11 18:07:07.174,system,INFO,VehicleSocket::connect_remote,Connecting ('localhost', 20000)...
2024-11-11 18:07:10.176,system,INFO,MY BIND IP: ('localhost', 28000)
2024-11-11 18:07:10.179,system,INFO,VehicleSocket::connect_remote,Connecting ('localhost', 20000)...
2024-11-11 18:07:13.182,system,INFO,MY BIND IP: ('localhost', 28000)
2024-11-11 18:07:13.184,system,INFO,VehicleSocket::connect_remote,Connecting ('localhost', 20000)...
2024-11-11 18:07:16.188,system,INFO,MY BIND IP: ('localhost', 28000)
2024-11-11 18:07:16.193,system,INFO,VehicleSocket::connect_remote,Connecting ('localhost', 20000)...
2024-11-11 18:07:19.197,system,INFO,MY BIND IP: ('localhost', 28000)
2024-11-11 18:07:19.199,system,INFO,VehicleSocket::connect_remote,Connecting ('localhost', 20000)...
2024-11-11 18:07:22.200,system,INFO,MY BIND IP: ('localhost', 28000)
2024-11-11 18:07:22.201,system,INFO,VehicleSocket::connect_remote,Connecting ('localhost', 20000)...
2024-11-11 18:07:25.203,system,INFO,MY BIND IP: ('localhost', 28000)
2024-11-11 18:07:25.204,system,INFO,VehicleSocket::connect_remote,Connecting ('localhost', 20000)...
2024-11-11 18:07:28.206,system,INFO,MY BIND IP: ('localhost', 28000)
2024-11-11 18:07:28.207,system,INFO,VehicleSocket::connect_remote,Connecting ('localhost', 20000)...
2024-11-11 18:07:31.210,system,INFO,MY BIND IP: ('localhost', 28000)
2024-11-11 18:07:31.213,system,INFO,VehicleSocket::connect_remote,Connecting ('localhost', 20000)...
2024-11-11 18:07:34.218,system,INFO,MY BIND IP: ('localhost', 28000)
2024-11-11 18:07:34.219,system,INFO,VehicleSocket::connect_remote,Connecting ('localhost', 20000)...
2024-11-11 18:07:37.220,system,INFO,MY BIND IP: ('localhost', 28000)
2024-11-11 18:07:37.221,system,INFO,VehicleSocket::connect_remote,Connecting ('localhost', 20000)...
2024-11-11 18:07:40.224,system,INFO,MY BIND IP: ('localhost', 28000)
2024-11-11 18:07:40.225,system,INFO,VehicleSocket::connect_remote,Connecting ('localhost', 20000)...
2024-11-11 18:07:43.226,system,INFO,MY BIND IP: ('localhost', 28000)
2024-11-11 18:07:43.227,system,INFO,VehicleSocket::connect_remote,Connecting ('localhost', 20000)...
2024-11-11 18:07:46.228,system,INFO,MY BIND IP: ('localhost', 28000)
2024-11-11 18:07:46.229,system,INFO,VehicleSocket::connect_remote,Connecting ('localhost', 20000)...
2024-11-11 18:07:49.230,system,INFO,MY BIND IP: ('localhost', 28000)
2024-11-11 18:07:49.231,system,INFO,VehicleSocket::connect_remote,Connecting ('localhost', 20000)...
2024-11-11 18:07:49.242,system,INFO,VehicleSocket::connect_remote,Connected VehicleSocket socket.
2024-11-11 18:12:14.343,system,INFO,MY BIND IP: ('localhost', 28000)
2024-11-11 18:12:14.344,system,INFO,VehicleSocket::connect_remote,Connecting ('localhost', 20000)...
2024-11-11 18:12:17.346,system,INFO,MY BIND IP: ('localhost', 28000)
2024-11-11 18:12:17.347,system,INFO,VehicleSocket::connect_remote,Connecting ('localhost', 20000)...
2024-11-11 18:12:20.349,system,INFO,MY BIND IP: ('localhost', 28000)
2024-11-11 18:12:20.351,system,INFO,VehicleSocket::connect_remote,Connecting ('localhost', 20000)...
