2024-11-11 15:15:17.938,system,INFO,Start rsu module.
2024-11-11 15:15:17.938,system,INFO,Run VehicleSocket modules process
2024-11-11 15:15:17.939,system,INFO,MY BIND IP: ('192.168.11.200', 63112)
2024-11-11 15:15:17.940,system,INFO,Run ObuSocket modules process
2024-11-11 15:15:17.940,system,INFO,Run MiddleWare Process.
2024-11-11 15:15:17.941,system,INFO,MY BIND IP: ('192.168.11.200', 63111)
2024-11-11 15:15:17.942,system,INFO,MY BIND IP: ('192.168.11.200', 63114)
2024-11-11 15:15:17.942,system,INFO,MY BIND IP: ('localhost', 28000)
2024-11-11 15:15:17.943,system,INFO,VehicleSocket::connect_remote,Connecting ('localhost', 20000)...
2024-11-11 15:15:17.944,system,INFO,VehicleSocket::connect_remote,Connected VehicleSocket socket.
2024-11-11 15:15:48.472,system,ERROR,msg_type:2,'NoneType' object is not callable
2024-11-11 15:15:48.545,system,ERROR,msg_type:2,'NoneType' object is not callable
2024-11-11 15:15:48.618,system,ERROR,msg_type:2,'NoneType' object is not callable
2024-11-11 15:15:48.831,system,ERROR,msg_type:2,'NoneType' object is not callable
2024-11-11 15:15:48.871,system,ERROR,msg_type:2,'NoneType' object is not callable
2024-11-11 15:15:48.983,system,ERROR,msg_type:2,'NoneType' object is not callable
2024-11-11 15:15:49.068,system,ERROR,msg_type:2,'NoneType' object is not callable
2024-11-11 15:15:49.192,system,ERROR,msg_type:2,'NoneType' object is not callable
2024-11-11 15:15:49.270,system,ERROR,msg_type:2,'NoneType' object is not callable
2024-11-11 15:15:49.375,system,ERROR,msg_type:2,'NoneType' object is not callable
2024-11-11 15:15:49.474,system,ERROR,msg_type:2,'NoneType' object is not callable
2024-11-11 15:15:49.573,system,ERROR,msg_type:2,'NoneType' object is not callable
2024-11-11 15:15:49.654,system,ERROR,msg_type:2,'NoneType' object is not callable
2024-11-11 15:15:49.826,system,ERROR,msg_type:2,'NoneType' object is not callable
2024-11-11 15:15:50.000,system,ERROR,msg_type:2,'NoneType' object is not callable
2024-11-11 15:15:50.056,system,ERROR,msg_type:2,'NoneType' object is not callable
2024-11-11 15:15:50.174,system,ERROR,msg_type:2,'NoneType' object is not callable
2024-11-11 15:15:50.249,system,ERROR,msg_type:2,'NoneType' object is not callable
2024-11-11 15:15:50.410,system,ERROR,msg_type:2,'NoneType' object is not callable
2024-11-11 15:15:50.465,system,ERROR,msg_type:2,'NoneType' object is not callable
2024-11-11 15:15:50.604,system,ERROR,msg_type:2,'NoneType' object is not callable
2024-11-11 15:15:50.677,system,ERROR,msg_type:2,'NoneType' object is not callable
2024-11-11 15:15:50.781,system,ERROR,msg_type:2,'NoneType' object is not callable
2024-11-11 15:15:50.910,system,ERROR,msg_type:2,'NoneType' object is not callable
2024-11-11 15:15:50.991,system,ERROR,msg_type:2,'NoneType' object is not callable
2024-11-11 15:15:51.094,system,ERROR,msg_type:2,'NoneType' object is not callable
2024-11-11 15:15:51.209,system,ERROR,msg_type:2,'NoneType' object is not callable
2024-11-11 15:15:51.284,system,ERROR,msg_type:2,'NoneType' object is not callable
2024-11-11 15:15:51.362,system,ERROR,msg_type:2,'NoneType' object is not callable
2024-11-11 15:15:51.602,system,ERROR,msg_type:2,'NoneType' object is not callable
2024-11-11 15:15:51.666,system,ERROR,msg_type:2,'NoneType' object is not callable
2024-11-11 15:15:51.778,system,ERROR,msg_type:2,'NoneType' object is not callable
2024-11-11 15:15:51.870,system,ERROR,msg_type:2,'NoneType' object is not callable
2024-11-11 15:15:51.982,system,ERROR,msg_type:2,'NoneType' object is not callable
2024-11-11 15:15:52.118,system,ERROR,msg_type:2,'NoneType' object is not callable
2024-11-11 15:15:52.158,system,ERROR,msg_type:2,'NoneType' object is not callable
2024-11-11 15:15:52.250,system,ERROR,msg_type:2,'NoneType' object is not callable
2024-11-11 15:15:52.406,system,ERROR,msg_type:2,'NoneType' object is not callable
2024-11-11 15:15:52.504,system,ERROR,msg_type:2,'NoneType' object is not callable
2024-11-11 15:15:52.624,system,ERROR,msg_type:2,'NoneType' object is not callable
2024-11-11 15:15:52.728,system,ERROR,msg_type:2,'NoneType' object is not callable
2024-11-11 15:15:52.769,system,ERROR,msg_type:2,'NoneType' object is not callable
2024-11-11 15:15:52.868,system,ERROR,msg_type:2,'NoneType' object is not callable
2024-11-11 15:15:53.001,system,ERROR,msg_type:2,'NoneType' object is not callable
2024-11-11 15:15:53.067,system,ERROR,msg_type:2,'NoneType' object is not callable
2024-11-11 15:15:53.194,system,ERROR,msg_type:2,'NoneType' object is not callable
2024-11-11 15:15:53.268,system,ERROR,msg_type:2,'NoneType' object is not callable
2024-11-11 15:15:53.405,system,ERROR,msg_type:2,'NoneType' object is not callable
2024-11-11 15:15:53.578,system,ERROR,msg_type:2,'NoneType' object is not callable
2024-11-11 15:15:53.632,system,ERROR,msg_type:2,'NoneType' object is not callable
2024-11-11 15:15:53.699,system,ERROR,msg_type:2,'NoneType' object is not callable
2024-11-11 15:15:53.832,system,ERROR,msg_type:2,'NoneType' object is not callable
2024-11-11 15:15:53.937,system,ERROR,msg_type:2,'NoneType' object is not callable
2024-11-11 15:15:54.035,system,ERROR,msg_type:2,'NoneType' object is not callable
2024-11-11 15:15:54.114,system,ERROR,msg_type:2,'NoneType' object is not callable
2024-11-11 15:15:54.217,system,ERROR,msg_type:2,'NoneType' object is not callable
2024-11-11 15:15:54.357,system,ERROR,msg_type:2,'NoneType' object is not callable
2024-11-11 15:15:54.482,system,ERROR,msg_type:2,'NoneType' object is not callable
2024-11-11 15:15:54.652,system,ERROR,msg_type:2,'NoneType' object is not callable
2024-11-11 15:15:54.727,system,ERROR,msg_type:2,'NoneType' object is not callable
2024-11-11 15:15:54.782,system,ERROR,msg_type:2,'NoneType' object is not callable
2024-11-11 15:15:54.897,system,ERROR,msg_type:2,'NoneType' object is not callable
2024-11-11 15:15:55.010,system,ERROR,msg_type:2,'NoneType' object is not callable
2024-11-11 15:15:55.121,system,ERROR,msg_type:2,'NoneType' object is not callable
2024-11-11 15:15:55.226,system,ERROR,msg_type:2,'NoneType' object is not callable
2024-11-11 15:15:55.364,system,ERROR,msg_type:2,'NoneType' object is not callable
2024-11-11 15:15:55.406,system,ERROR,msg_type:2,'NoneType' object is not callable
2024-11-11 15:15:55.515,system,ERROR,msg_type:2,'NoneType' object is not callable
2024-11-11 15:15:55.593,system,ERROR,msg_type:2,'NoneType' object is not callable
2024-11-11 15:15:55.757,system,ERROR,msg_type:2,'NoneType' object is not callable
2024-11-11 15:15:55.835,system,ERROR,msg_type:2,'NoneType' object is not callable
2024-11-11 15:15:55.906,system,ERROR,msg_type:2,'NoneType' object is not callable
2024-11-11 15:15:55.994,system,ERROR,msg_type:2,'NoneType' object is not callable
2024-11-11 15:15:56.099,system,ERROR,msg_type:2,'NoneType' object is not callable
2024-11-11 15:15:56.200,system,ERROR,msg_type:2,'NoneType' object is not callable
2024-11-11 15:15:56.392,system,ERROR,msg_type:2,'NoneType' object is not callable
2024-11-11 15:15:56.450,system,ERROR,msg_type:2,'NoneType' object is not callable
2024-11-11 15:15:56.558,system,ERROR,msg_type:2,'NoneType' object is not callable
2024-11-11 15:15:56.636,system,ERROR,msg_type:2,'NoneType' object is not callable
2024-11-11 15:15:56.704,system,ERROR,msg_type:2,'NoneType' object is not callable
2024-11-11 15:15:56.820,system,ERROR,msg_type:2,'NoneType' object is not callable
2024-11-11 15:15:56.969,system,ERROR,msg_type:2,'NoneType' object is not callable
2024-11-11 15:15:57.026,system,ERROR,msg_type:2,'NoneType' object is not callable
2024-11-11 15:15:57.177,system,ERROR,msg_type:2,'NoneType' object is not callable
2024-11-11 15:15:57.248,system,ERROR,msg_type:2,'NoneType' object is not callable
2024-11-11 15:15:57.341,system,ERROR,msg_type:2,'NoneType' object is not callable
2024-11-11 15:15:57.500,system,ERROR,msg_type:2,'NoneType' object is not callable
2024-11-11 15:15:57.543,system,ERROR,msg_type:2,'NoneType' object is not callable
2024-11-11 15:15:57.662,system,ERROR,msg_type:2,'NoneType' object is not callable
2024-11-11 15:15:57.799,system,ERROR,msg_type:2,'NoneType' object is not callable
2024-11-11 15:15:57.841,system,ERROR,msg_type:2,'NoneType' object is not callable
2024-11-11 15:15:57.949,system,ERROR,msg_type:2,'NoneType' object is not callable
2024-11-11 15:15:58.083,system,ERROR,msg_type:2,'NoneType' object is not callable
2024-11-11 15:15:58.144,system,ERROR,msg_type:2,'NoneType' object is not callable
2024-11-11 15:15:58.298,system,ERROR,msg_type:2,'NoneType' object is not callable
2024-11-11 15:15:58.377,system,ERROR,msg_type:2,'NoneType' object is not callable
2024-11-11 15:15:58.497,system,ERROR,msg_type:2,'NoneType' object is not callable
2024-11-11 15:15:58.539,system,ERROR,msg_type:2,'NoneType' object is not callable
2024-11-11 15:15:58.668,system,ERROR,msg_type:2,'NoneType' object is not callable
2024-11-11 15:15:58.794,system,ERROR,msg_type:2,'NoneType' object is not callable
2024-11-11 15:15:58.877,system,ERROR,msg_type:2,'NoneType' object is not callable
2024-11-11 15:15:58.992,system,ERROR,msg_type:2,'NoneType' object is not callable
2024-11-11 15:15:59.088,system,ERROR,msg_type:2,'NoneType' object is not callable
2024-11-11 15:15:59.211,system,ERROR,msg_type:2,'NoneType' object is not callable
2024-11-11 15:15:59.252,system,ERROR,msg_type:2,'NoneType' object is not callable
2024-11-11 15:15:59.370,system,ERROR,msg_type:2,'NoneType' object is not callable
2024-11-11 15:15:59.500,system,ERROR,msg_type:2,'NoneType' object is not callable
2024-11-11 15:15:59.618,system,ERROR,msg_type:2,'NoneType' object is not callable
2024-11-11 15:15:59.769,system,ERROR,msg_type:2,'NoneType' object is not callable
2024-11-11 15:15:59.891,system,ERROR,msg_type:2,'NoneType' object is not callable
2024-11-11 15:15:59.939,system,ERROR,msg_type:2,'NoneType' object is not callable
2024-11-11 15:16:00.086,system,ERROR,msg_type:2,'NoneType' object is not callable
2024-11-11 15:16:00.205,system,ERROR,msg_type:2,'NoneType' object is not callable
2024-11-11 15:18:06.022,system,ERROR,msg_type:2,'NoneType' object is not callable
