2024-09-05 19:06:59.380,system,INFO,Start rsu module.
2024-09-05 19:06:59.380,system,INFO,Run VehicleSocket modules process
2024-09-05 19:06:59.380,system,INFO,MY BIND IP: ('192.168.11.200', 63112)
2024-09-05 19:06:59.381,system,INFO,Run ObuSocket modules process
2024-09-05 19:06:59.381,system,INFO,Run MiddleWare Process.
2024-09-05 19:06:59.382,system,INFO,MY BIND IP: ('192.168.11.200', 63112)
2024-09-05 19:06:59.383,system,INFO,MY BIND IP: ('192.168.11.200', 63114)
2024-09-05 19:06:59.383,system,INFO,MY BIND IP: ('localhost', 28000)
2024-09-05 19:06:59.384,system,INFO,VehicleSocket::connect_remote,Connecting ('localhost', 20000)...
2024-09-05 19:07:02.387,system,INFO,MY BIND IP: ('localhost', 28000)
2024-09-05 19:07:02.397,system,INFO,VehicleSocket::connect_remote,Connecting ('localhost', 20000)...
2024-09-05 19:07:05.399,system,INFO,MY BIND IP: ('localhost', 28000)
2024-09-05 19:07:05.399,system,INFO,VehicleSocket::connect_remote,Connecting ('localhost', 20000)...
2024-09-05 19:07:08.402,system,INFO,MY BIND IP: ('localhost', 28000)
2024-09-05 19:07:08.402,system,INFO,VehicleSocket::connect_remote,Connecting ('localhost', 20000)...
2024-09-05 19:07:08.413,system,INFO,VehicleSocket::connect_remote,Connected VehicleSocket socket.
2024-09-05 19:11:59.057,system,INFO,MY BIND IP: ('localhost', 28000)
2024-09-05 19:11:59.057,system,INFO,VehicleSocket::connect_remote,Connecting ('localhost', 20000)...
2024-09-05 19:12:02.069,system,INFO,MY BIND IP: ('localhost', 28000)
2024-09-05 19:12:02.069,system,INFO,VehicleSocket::connect_remote,Connecting ('localhost', 20000)...
2024-09-05 19:12:05.071,system,INFO,MY BIND IP: ('localhost', 28000)
2024-09-05 19:12:05.071,system,INFO,VehicleSocket::connect_remote,Connecting ('localhost', 20000)...
2024-09-05 19:12:08.073,system,INFO,MY BIND IP: ('localhost', 28000)
2024-09-05 19:12:08.073,system,INFO,VehicleSocket::connect_remote,Connecting ('localhost', 20000)...
2024-09-05 19:12:11.075,system,INFO,MY BIND IP: ('localhost', 28000)
2024-09-05 19:12:11.075,system,INFO,VehicleSocket::connect_remote,Connecting ('localhost', 20000)...
2024-09-05 19:12:14.077,system,INFO,MY BIND IP: ('localhost', 28000)
2024-09-05 19:12:14.077,system,INFO,VehicleSocket::connect_remote,Connecting ('localhost', 20000)...
2024-09-05 19:12:17.079,system,INFO,MY BIND IP: ('localhost', 28000)
2024-09-05 19:12:17.081,system,INFO,VehicleSocket::connect_remote,Connecting ('localhost', 20000)...
2024-09-05 19:12:20.081,system,INFO,MY BIND IP: ('localhost', 28000)
2024-09-05 19:12:20.081,system,INFO,VehicleSocket::connect_remote,Connecting ('localhost', 20000)...
2024-09-05 19:12:23.084,system,INFO,MY BIND IP: ('localhost', 28000)
2024-09-05 19:12:23.084,system,INFO,VehicleSocket::connect_remote,Connecting ('localhost', 20000)...
2024-09-05 19:12:26.086,system,INFO,MY BIND IP: ('localhost', 28000)
2024-09-05 19:12:26.086,system,INFO,VehicleSocket::connect_remote,Connecting ('localhost', 20000)...
2024-09-05 19:12:29.089,system,INFO,MY BIND IP: ('localhost', 28000)
2024-09-05 19:12:29.090,system,INFO,VehicleSocket::connect_remote,Connecting ('localhost', 20000)...
2024-09-05 19:12:32.092,system,INFO,MY BIND IP: ('localhost', 28000)
2024-09-05 19:12:32.092,system,INFO,VehicleSocket::connect_remote,Connecting ('localhost', 20000)...
2024-09-05 19:12:35.094,system,INFO,MY BIND IP: ('localhost', 28000)
2024-09-05 19:12:35.095,system,INFO,VehicleSocket::connect_remote,Connecting ('localhost', 20000)...
2024-09-05 19:12:38.097,system,INFO,MY BIND IP: ('localhost', 28000)
2024-09-05 19:12:38.097,system,INFO,VehicleSocket::connect_remote,Connecting ('localhost', 20000)...
2024-09-05 19:12:41.099,system,INFO,MY BIND IP: ('localhost', 28000)
2024-09-05 19:12:41.099,system,INFO,VehicleSocket::connect_remote,Connecting ('localhost', 20000)...
2024-09-05 19:12:44.103,system,INFO,MY BIND IP: ('localhost', 28000)
2024-09-05 19:12:44.103,system,INFO,VehicleSocket::connect_remote,Connecting ('localhost', 20000)...
2024-09-05 19:12:47.105,system,INFO,MY BIND IP: ('localhost', 28000)
2024-09-05 19:12:47.105,system,INFO,VehicleSocket::connect_remote,Connecting ('localhost', 20000)...
2024-09-05 19:12:50.107,system,INFO,MY BIND IP: ('localhost', 28000)
2024-09-05 19:12:50.107,system,INFO,VehicleSocket::connect_remote,Connecting ('localhost', 20000)...
2024-09-05 19:12:53.109,system,INFO,MY BIND IP: ('localhost', 28000)
2024-09-05 19:12:53.109,system,INFO,VehicleSocket::connect_remote,Connecting ('localhost', 20000)...
2024-09-05 19:12:56.112,system,INFO,MY BIND IP: ('localhost', 28000)
2024-09-05 19:12:56.112,system,INFO,VehicleSocket::connect_remote,Connecting ('localhost', 20000)...
2024-09-05 19:12:59.115,system,INFO,MY BIND IP: ('localhost', 28000)
2024-09-05 19:12:59.115,system,INFO,VehicleSocket::connect_remote,Connecting ('localhost', 20000)...
2024-09-05 19:13:02.128,system,INFO,MY BIND IP: ('localhost', 28000)
2024-09-05 19:13:02.128,system,INFO,VehicleSocket::connect_remote,Connecting ('localhost', 20000)...
2024-09-05 19:13:05.130,system,INFO,MY BIND IP: ('localhost', 28000)
2024-09-05 19:13:05.130,system,INFO,VehicleSocket::connect_remote,Connecting ('localhost', 20000)...
2024-09-05 19:13:08.132,system,INFO,MY BIND IP: ('localhost', 28000)
2024-09-05 19:13:08.132,system,INFO,VehicleSocket::connect_remote,Connecting ('localhost', 20000)...
2024-09-05 19:13:11.134,system,INFO,MY BIND IP: ('localhost', 28000)
2024-09-05 19:13:11.134,system,INFO,VehicleSocket::connect_remote,Connecting ('localhost', 20000)...
2024-09-05 19:13:14.137,system,INFO,MY BIND IP: ('localhost', 28000)
2024-09-05 19:13:14.137,system,INFO,VehicleSocket::connect_remote,Connecting ('localhost', 20000)...
2024-09-05 19:13:17.139,system,INFO,MY BIND IP: ('localhost', 28000)
2024-09-05 19:13:17.139,system,INFO,VehicleSocket::connect_remote,Connecting ('localhost', 20000)...
2024-09-05 19:13:20.142,system,INFO,MY BIND IP: ('localhost', 28000)
2024-09-05 19:13:20.142,system,INFO,VehicleSocket::connect_remote,Connecting ('localhost', 20000)...
2024-09-05 19:13:23.144,system,INFO,MY BIND IP: ('localhost', 28000)
2024-09-05 19:13:23.144,system,INFO,VehicleSocket::connect_remote,Connecting ('localhost', 20000)...
