2024-09-10 15:23:24.704,system,INFO,Start rsu module.
2024-09-10 15:23:24.704,system,INFO,Run VehicleSocket modules process
2024-09-10 15:23:24.706,system,INFO,MY BIND IP: ('192.168.11.200', 63112)
2024-09-10 15:23:24.706,system,INFO,Run ObuSocket modules process
2024-09-10 15:23:24.706,system,INFO,Run MiddleWare Process.
2024-09-10 15:23:24.708,system,INFO,MY BIND IP: ('192.168.11.200', 63112)
2024-09-10 15:23:24.708,system,INFO,MY BIND IP: ('192.168.11.200', 63114)
2024-09-10 15:23:24.708,system,INFO,MY BIND IP: ('localhost', 28000)
2024-09-10 15:23:24.709,system,INFO,VehicleSocket::connect_remote,Connecting ('localhost', 20000)...
2024-09-10 15:23:24.721,system,INFO,VehicleSocket::connect_remote,Connected VehicleSocket socket.
2024-09-10 15:26:07.115,system,INFO,MY BIND IP: ('localhost', 28000)
2024-09-10 15:26:07.116,system,INFO,VehicleSocket::connect_remote,Connecting ('localhost', 20000)...
2024-09-10 15:26:10.117,system,INFO,MY BIND IP: ('localhost', 28000)
2024-09-10 15:26:10.117,system,INFO,VehicleSocket::connect_remote,Connecting ('localhost', 20000)...
2024-09-10 15:26:13.120,system,INFO,MY BIND IP: ('localhost', 28000)
2024-09-10 15:26:13.121,system,INFO,VehicleSocket::connect_remote,Connecting ('localhost', 20000)...
2024-09-10 15:26:16.122,system,INFO,MY BIND IP: ('localhost', 28000)
2024-09-10 15:26:16.122,system,INFO,VehicleSocket::connect_remote,Connecting ('localhost', 20000)...
2024-09-10 15:26:19.125,system,INFO,MY BIND IP: ('localhost', 28000)
2024-09-10 15:26:19.125,system,INFO,VehicleSocket::connect_remote,Connecting ('localhost', 20000)...
2024-09-10 15:26:22.127,system,INFO,MY BIND IP: ('localhost', 28000)
2024-09-10 15:26:22.127,system,INFO,VehicleSocket::connect_remote,Connecting ('localhost', 20000)...
2024-09-10 15:26:25.129,system,INFO,MY BIND IP: ('localhost', 28000)
2024-09-10 15:26:25.129,system,INFO,VehicleSocket::connect_remote,Connecting ('localhost', 20000)...
2024-09-10 15:26:28.132,system,INFO,MY BIND IP: ('localhost', 28000)
2024-09-10 15:26:28.132,system,INFO,VehicleSocket::connect_remote,Connecting ('localhost', 20000)...
2024-09-10 15:26:31.133,system,INFO,MY BIND IP: ('localhost', 28000)
2024-09-10 15:26:31.133,system,INFO,VehicleSocket::connect_remote,Connecting ('localhost', 20000)...
2024-09-10 15:26:34.136,system,INFO,MY BIND IP: ('localhost', 28000)
2024-09-10 15:26:34.136,system,INFO,VehicleSocket::connect_remote,Connecting ('localhost', 20000)...
2024-09-10 15:26:37.138,system,INFO,MY BIND IP: ('localhost', 28000)
2024-09-10 15:26:37.138,system,INFO,VehicleSocket::connect_remote,Connecting ('localhost', 20000)...
2024-09-10 15:26:40.140,system,INFO,MY BIND IP: ('localhost', 28000)
2024-09-10 15:26:40.140,system,INFO,VehicleSocket::connect_remote,Connecting ('localhost', 20000)...
2024-09-10 15:26:43.142,system,INFO,MY BIND IP: ('localhost', 28000)
2024-09-10 15:26:43.142,system,INFO,VehicleSocket::connect_remote,Connecting ('localhost', 20000)...
2024-09-10 15:26:46.145,system,INFO,MY BIND IP: ('localhost', 28000)
2024-09-10 15:26:46.145,system,INFO,VehicleSocket::connect_remote,Connecting ('localhost', 20000)...
2024-09-10 15:26:49.147,system,INFO,MY BIND IP: ('localhost', 28000)
2024-09-10 15:26:49.147,system,INFO,VehicleSocket::connect_remote,Connecting ('localhost', 20000)...
2024-09-10 15:26:52.149,system,INFO,MY BIND IP: ('localhost', 28000)
2024-09-10 15:26:52.149,system,INFO,VehicleSocket::connect_remote,Connecting ('localhost', 20000)...
2024-09-10 15:26:55.151,system,INFO,MY BIND IP: ('localhost', 28000)
2024-09-10 15:26:55.151,system,INFO,VehicleSocket::connect_remote,Connecting ('localhost', 20000)...
2024-09-10 15:26:58.152,system,INFO,MY BIND IP: ('localhost', 28000)
2024-09-10 15:26:58.152,system,INFO,VehicleSocket::connect_remote,Connecting ('localhost', 20000)...
2024-09-10 15:27:01.154,system,INFO,MY BIND IP: ('localhost', 28000)
2024-09-10 15:27:01.155,system,INFO,VehicleSocket::connect_remote,Connecting ('localhost', 20000)...
2024-09-10 15:27:04.157,system,INFO,MY BIND IP: ('localhost', 28000)
2024-09-10 15:27:04.157,system,INFO,VehicleSocket::connect_remote,Connecting ('localhost', 20000)...
2024-09-10 15:27:07.159,system,INFO,MY BIND IP: ('localhost', 28000)
2024-09-10 15:27:07.160,system,INFO,VehicleSocket::connect_remote,Connecting ('localhost', 20000)...
2024-09-10 15:27:10.161,system,INFO,MY BIND IP: ('localhost', 28000)
2024-09-10 15:27:10.161,system,INFO,VehicleSocket::connect_remote,Connecting ('localhost', 20000)...
2024-09-10 15:27:13.163,system,INFO,MY BIND IP: ('localhost', 28000)
2024-09-10 15:27:13.163,system,INFO,VehicleSocket::connect_remote,Connecting ('localhost', 20000)...
2024-09-10 15:27:16.166,system,INFO,MY BIND IP: ('localhost', 28000)
2024-09-10 15:27:16.166,system,INFO,VehicleSocket::connect_remote,Connecting ('localhost', 20000)...
2024-09-10 15:27:19.168,system,INFO,MY BIND IP: ('localhost', 28000)
2024-09-10 15:27:19.168,system,INFO,VehicleSocket::connect_remote,Connecting ('localhost', 20000)...
2024-09-10 15:27:22.170,system,INFO,MY BIND IP: ('localhost', 28000)
2024-09-10 15:27:22.170,system,INFO,VehicleSocket::connect_remote,Connecting ('localhost', 20000)...
2024-09-10 15:27:25.173,system,INFO,MY BIND IP: ('localhost', 28000)
2024-09-10 15:27:25.173,system,INFO,VehicleSocket::connect_remote,Connecting ('localhost', 20000)...
2024-09-10 15:27:28.175,system,INFO,MY BIND IP: ('localhost', 28000)
2024-09-10 15:27:28.176,system,INFO,VehicleSocket::connect_remote,Connecting ('localhost', 20000)...
2024-09-10 15:27:31.177,system,INFO,MY BIND IP: ('localhost', 28000)
2024-09-10 15:27:31.177,system,INFO,VehicleSocket::connect_remote,Connecting ('localhost', 20000)...
2024-09-10 15:27:34.178,system,INFO,MY BIND IP: ('localhost', 28000)
2024-09-10 15:27:34.178,system,INFO,VehicleSocket::connect_remote,Connecting ('localhost', 20000)...
2024-09-10 15:27:37.180,system,INFO,MY BIND IP: ('localhost', 28000)
2024-09-10 15:27:37.180,system,INFO,VehicleSocket::connect_remote,Connecting ('localhost', 20000)...
2024-09-10 15:27:40.183,system,INFO,MY BIND IP: ('localhost', 28000)
2024-09-10 15:27:40.183,system,INFO,VehicleSocket::connect_remote,Connecting ('localhost', 20000)...
2024-09-10 15:27:43.184,system,INFO,MY BIND IP: ('localhost', 28000)
2024-09-10 15:27:43.184,system,INFO,VehicleSocket::connect_remote,Connecting ('localhost', 20000)...
2024-09-10 15:27:46.186,system,INFO,MY BIND IP: ('localhost', 28000)
2024-09-10 15:27:46.187,system,INFO,VehicleSocket::connect_remote,Connecting ('localhost', 20000)...
2024-09-10 15:27:49.188,system,INFO,MY BIND IP: ('localhost', 28000)
2024-09-10 15:27:49.189,system,INFO,VehicleSocket::connect_remote,Connecting ('localhost', 20000)...
2024-09-10 15:27:49.200,system,INFO,VehicleSocket::connect_remote,Connected VehicleSocket socket.
2024-09-10 15:28:08.476,system,INFO,MY BIND IP: ('localhost', 28000)
2024-09-10 15:28:08.476,system,INFO,VehicleSocket::connect_remote,Connecting ('localhost', 20000)...
2024-09-10 15:28:11.478,system,INFO,MY BIND IP: ('localhost', 28000)
2024-09-10 15:28:11.478,system,INFO,VehicleSocket::connect_remote,Connecting ('localhost', 20000)...
2024-09-10 15:28:14.480,system,INFO,MY BIND IP: ('localhost', 28000)
2024-09-10 15:28:14.481,system,INFO,VehicleSocket::connect_remote,Connecting ('localhost', 20000)...
2024-09-10 15:28:17.483,system,INFO,MY BIND IP: ('localhost', 28000)
2024-09-10 15:28:17.484,system,INFO,VehicleSocket::connect_remote,Connecting ('localhost', 20000)...
2024-09-10 15:28:20.485,system,INFO,MY BIND IP: ('localhost', 28000)
2024-09-10 15:28:20.485,system,INFO,VehicleSocket::connect_remote,Connecting ('localhost', 20000)...
2024-09-10 15:28:23.487,system,INFO,MY BIND IP: ('localhost', 28000)
2024-09-10 15:28:23.487,system,INFO,VehicleSocket::connect_remote,Connecting ('localhost', 20000)...
2024-09-10 15:28:26.489,system,INFO,MY BIND IP: ('localhost', 28000)
2024-09-10 15:28:26.489,system,INFO,VehicleSocket::connect_remote,Connecting ('localhost', 20000)...
2024-09-10 15:28:29.491,system,INFO,MY BIND IP: ('localhost', 28000)
2024-09-10 15:28:29.491,system,INFO,VehicleSocket::connect_remote,Connecting ('localhost', 20000)...
2024-09-10 15:28:32.493,system,INFO,MY BIND IP: ('localhost', 28000)
2024-09-10 15:28:32.493,system,INFO,VehicleSocket::connect_remote,Connecting ('localhost', 20000)...
2024-09-10 15:28:35.495,system,INFO,MY BIND IP: ('localhost', 28000)
2024-09-10 15:28:35.495,system,INFO,VehicleSocket::connect_remote,Connecting ('localhost', 20000)...
2024-09-10 15:28:38.497,system,INFO,MY BIND IP: ('localhost', 28000)
2024-09-10 15:28:38.497,system,INFO,VehicleSocket::connect_remote,Connecting ('localhost', 20000)...
2024-09-10 15:28:41.499,system,INFO,MY BIND IP: ('localhost', 28000)
2024-09-10 15:28:41.499,system,INFO,VehicleSocket::connect_remote,Connecting ('localhost', 20000)...
2024-09-10 15:28:44.502,system,INFO,MY BIND IP: ('localhost', 28000)
2024-09-10 15:28:44.502,system,INFO,VehicleSocket::connect_remote,Connecting ('localhost', 20000)...
2024-09-10 15:28:47.505,system,INFO,MY BIND IP: ('localhost', 28000)
2024-09-10 15:28:47.505,system,INFO,VehicleSocket::connect_remote,Connecting ('localhost', 20000)...
2024-09-10 15:28:50.507,system,INFO,MY BIND IP: ('localhost', 28000)
2024-09-10 15:28:50.507,system,INFO,VehicleSocket::connect_remote,Connecting ('localhost', 20000)...
2024-09-10 15:28:53.508,system,INFO,MY BIND IP: ('localhost', 28000)
2024-09-10 15:28:53.509,system,INFO,VehicleSocket::connect_remote,Connecting ('localhost', 20000)...
2024-09-10 15:28:56.511,system,INFO,MY BIND IP: ('localhost', 28000)
2024-09-10 15:28:56.511,system,INFO,VehicleSocket::connect_remote,Connecting ('localhost', 20000)...
2024-09-10 15:28:59.514,system,INFO,MY BIND IP: ('localhost', 28000)
2024-09-10 15:28:59.514,system,INFO,VehicleSocket::connect_remote,Connecting ('localhost', 20000)...
2024-09-10 15:29:02.516,system,INFO,MY BIND IP: ('localhost', 28000)
2024-09-10 15:29:02.516,system,INFO,VehicleSocket::connect_remote,Connecting ('localhost', 20000)...
2024-09-10 15:29:05.518,system,INFO,MY BIND IP: ('localhost', 28000)
2024-09-10 15:29:05.518,system,INFO,VehicleSocket::connect_remote,Connecting ('localhost', 20000)...
2024-09-10 15:29:08.520,system,INFO,MY BIND IP: ('localhost', 28000)
2024-09-10 15:29:08.520,system,INFO,VehicleSocket::connect_remote,Connecting ('localhost', 20000)...
2024-09-10 15:29:11.523,system,INFO,MY BIND IP: ('localhost', 28000)
2024-09-10 15:29:11.524,system,INFO,VehicleSocket::connect_remote,Connecting ('localhost', 20000)...
2024-09-10 15:29:14.524,system,INFO,MY BIND IP: ('localhost', 28000)
2024-09-10 15:29:14.524,system,INFO,VehicleSocket::connect_remote,Connecting ('localhost', 20000)...
2024-09-10 15:29:17.527,system,INFO,MY BIND IP: ('localhost', 28000)
2024-09-10 15:29:17.527,system,INFO,VehicleSocket::connect_remote,Connecting ('localhost', 20000)...
2024-09-10 15:29:20.529,system,INFO,MY BIND IP: ('localhost', 28000)
2024-09-10 15:29:20.529,system,INFO,VehicleSocket::connect_remote,Connecting ('localhost', 20000)...
2024-09-10 15:29:23.531,system,INFO,MY BIND IP: ('localhost', 28000)
2024-09-10 15:29:23.531,system,INFO,VehicleSocket::connect_remote,Connecting ('localhost', 20000)...
2024-09-10 15:29:26.532,system,INFO,MY BIND IP: ('localhost', 28000)
2024-09-10 15:29:26.532,system,INFO,VehicleSocket::connect_remote,Connecting ('localhost', 20000)...
2024-09-10 15:29:29.535,system,INFO,MY BIND IP: ('localhost', 28000)
2024-09-10 15:29:29.535,system,INFO,VehicleSocket::connect_remote,Connecting ('localhost', 20000)...
2024-09-10 15:29:32.537,system,INFO,MY BIND IP: ('localhost', 28000)
2024-09-10 15:29:32.537,system,INFO,VehicleSocket::connect_remote,Connecting ('localhost', 20000)...
2024-09-10 15:29:35.540,system,INFO,MY BIND IP: ('localhost', 28000)
2024-09-10 15:29:35.540,system,INFO,VehicleSocket::connect_remote,Connecting ('localhost', 20000)...
2024-09-10 15:29:38.542,system,INFO,MY BIND IP: ('localhost', 28000)
2024-09-10 15:29:38.542,system,INFO,VehicleSocket::connect_remote,Connecting ('localhost', 20000)...
2024-09-10 15:29:41.543,system,INFO,MY BIND IP: ('localhost', 28000)
2024-09-10 15:29:41.544,system,INFO,VehicleSocket::connect_remote,Connecting ('localhost', 20000)...
2024-09-10 15:29:44.545,system,INFO,MY BIND IP: ('localhost', 28000)
2024-09-10 15:29:44.545,system,INFO,VehicleSocket::connect_remote,Connecting ('localhost', 20000)...
2024-09-10 15:29:47.547,system,INFO,MY BIND IP: ('localhost', 28000)
2024-09-10 15:29:47.547,system,INFO,VehicleSocket::connect_remote,Connecting ('localhost', 20000)...
2024-09-10 15:29:50.549,system,INFO,MY BIND IP: ('localhost', 28000)
2024-09-10 15:29:50.549,system,INFO,VehicleSocket::connect_remote,Connecting ('localhost', 20000)...
2024-09-10 15:29:53.551,system,INFO,MY BIND IP: ('localhost', 28000)
2024-09-10 15:29:53.551,system,INFO,VehicleSocket::connect_remote,Connecting ('localhost', 20000)...
2024-09-10 15:29:56.553,system,INFO,MY BIND IP: ('localhost', 28000)
2024-09-10 15:29:56.554,system,INFO,VehicleSocket::connect_remote,Connecting ('localhost', 20000)...
2024-09-10 15:29:59.556,system,INFO,MY BIND IP: ('localhost', 28000)
2024-09-10 15:29:59.557,system,INFO,VehicleSocket::connect_remote,Connecting ('localhost', 20000)...
2024-09-10 15:30:02.558,system,INFO,MY BIND IP: ('localhost', 28000)
2024-09-10 15:30:02.558,system,INFO,VehicleSocket::connect_remote,Connecting ('localhost', 20000)...
2024-09-10 15:30:05.561,system,INFO,MY BIND IP: ('localhost', 28000)
2024-09-10 15:30:05.562,system,INFO,VehicleSocket::connect_remote,Connecting ('localhost', 20000)...
2024-09-10 15:30:08.563,system,INFO,MY BIND IP: ('localhost', 28000)
2024-09-10 15:30:08.563,system,INFO,VehicleSocket::connect_remote,Connecting ('localhost', 20000)...
2024-09-10 15:30:11.565,system,INFO,MY BIND IP: ('localhost', 28000)
2024-09-10 15:30:11.565,system,INFO,VehicleSocket::connect_remote,Connecting ('localhost', 20000)...
2024-09-10 15:30:14.567,system,INFO,MY BIND IP: ('localhost', 28000)
2024-09-10 15:30:14.567,system,INFO,VehicleSocket::connect_remote,Connecting ('localhost', 20000)...
2024-09-10 15:30:17.570,system,INFO,MY BIND IP: ('localhost', 28000)
2024-09-10 15:30:17.570,system,INFO,VehicleSocket::connect_remote,Connecting ('localhost', 20000)...
2024-09-10 15:30:20.573,system,INFO,MY BIND IP: ('localhost', 28000)
2024-09-10 15:30:20.573,system,INFO,VehicleSocket::connect_remote,Connecting ('localhost', 20000)...
2024-09-10 15:30:23.574,system,INFO,MY BIND IP: ('localhost', 28000)
2024-09-10 15:30:23.575,system,INFO,VehicleSocket::connect_remote,Connecting ('localhost', 20000)...
2024-09-10 15:30:26.577,system,INFO,MY BIND IP: ('localhost', 28000)
2024-09-10 15:30:26.577,system,INFO,VehicleSocket::connect_remote,Connecting ('localhost', 20000)...
2024-09-10 15:30:29.589,system,INFO,MY BIND IP: ('localhost', 28000)
2024-09-10 15:30:29.589,system,INFO,VehicleSocket::connect_remote,Connecting ('localhost', 20000)...
2024-09-10 15:30:32.592,system,INFO,MY BIND IP: ('localhost', 28000)
2024-09-10 15:30:32.593,system,INFO,VehicleSocket::connect_remote,Connecting ('localhost', 20000)...
2024-09-10 15:30:35.594,system,INFO,MY BIND IP: ('localhost', 28000)
2024-09-10 15:30:35.594,system,INFO,VehicleSocket::connect_remote,Connecting ('localhost', 20000)...
2024-09-10 15:30:38.596,system,INFO,MY BIND IP: ('localhost', 28000)
2024-09-10 15:30:38.597,system,INFO,VehicleSocket::connect_remote,Connecting ('localhost', 20000)...
2024-09-10 15:30:41.598,system,INFO,MY BIND IP: ('localhost', 28000)
2024-09-10 15:30:41.598,system,INFO,VehicleSocket::connect_remote,Connecting ('localhost', 20000)...
2024-09-10 15:30:44.600,system,INFO,MY BIND IP: ('localhost', 28000)
2024-09-10 15:30:44.601,system,INFO,VehicleSocket::connect_remote,Connecting ('localhost', 20000)...
2024-09-10 15:30:47.602,system,INFO,MY BIND IP: ('localhost', 28000)
2024-09-10 15:30:47.602,system,INFO,VehicleSocket::connect_remote,Connecting ('localhost', 20000)...
2024-09-10 15:30:50.605,system,INFO,MY BIND IP: ('localhost', 28000)
2024-09-10 15:30:50.605,system,INFO,VehicleSocket::connect_remote,Connecting ('localhost', 20000)...
2024-09-10 15:30:53.606,system,INFO,MY BIND IP: ('localhost', 28000)
2024-09-10 15:30:53.606,system,INFO,VehicleSocket::connect_remote,Connecting ('localhost', 20000)...
2024-09-10 15:30:56.609,system,INFO,MY BIND IP: ('localhost', 28000)
2024-09-10 15:30:56.610,system,INFO,VehicleSocket::connect_remote,Connecting ('localhost', 20000)...
2024-09-10 15:30:59.611,system,INFO,MY BIND IP: ('localhost', 28000)
2024-09-10 15:30:59.611,system,INFO,VehicleSocket::connect_remote,Connecting ('localhost', 20000)...
2024-09-10 15:31:02.613,system,INFO,MY BIND IP: ('localhost', 28000)
2024-09-10 15:31:02.613,system,INFO,VehicleSocket::connect_remote,Connecting ('localhost', 20000)...
2024-09-10 15:31:05.615,system,INFO,MY BIND IP: ('localhost', 28000)
2024-09-10 15:31:05.616,system,INFO,VehicleSocket::connect_remote,Connecting ('localhost', 20000)...
2024-09-10 15:31:08.617,system,INFO,MY BIND IP: ('localhost', 28000)
2024-09-10 15:31:08.618,system,INFO,VehicleSocket::connect_remote,Connecting ('localhost', 20000)...
2024-09-10 15:31:11.620,system,INFO,MY BIND IP: ('localhost', 28000)
2024-09-10 15:31:11.621,system,INFO,VehicleSocket::connect_remote,Connecting ('localhost', 20000)...
2024-09-10 15:31:14.622,system,INFO,MY BIND IP: ('localhost', 28000)
2024-09-10 15:31:14.622,system,INFO,VehicleSocket::connect_remote,Connecting ('localhost', 20000)...
2024-09-10 15:31:17.624,system,INFO,MY BIND IP: ('localhost', 28000)
2024-09-10 15:31:17.624,system,INFO,VehicleSocket::connect_remote,Connecting ('localhost', 20000)...
2024-09-10 15:31:20.626,system,INFO,MY BIND IP: ('localhost', 28000)
2024-09-10 15:31:20.626,system,INFO,VehicleSocket::connect_remote,Connecting ('localhost', 20000)...
2024-09-10 15:31:23.628,system,INFO,MY BIND IP: ('localhost', 28000)
2024-09-10 15:31:23.628,system,INFO,VehicleSocket::connect_remote,Connecting ('localhost', 20000)...
2024-09-10 15:31:26.630,system,INFO,MY BIND IP: ('localhost', 28000)
2024-09-10 15:31:26.630,system,INFO,VehicleSocket::connect_remote,Connecting ('localhost', 20000)...
2024-09-10 15:31:29.633,system,INFO,MY BIND IP: ('localhost', 28000)
2024-09-10 15:31:29.633,system,INFO,VehicleSocket::connect_remote,Connecting ('localhost', 20000)...
2024-09-10 15:31:32.635,system,INFO,MY BIND IP: ('localhost', 28000)
2024-09-10 15:31:32.635,system,INFO,VehicleSocket::connect_remote,Connecting ('localhost', 20000)...
2024-09-10 15:31:35.637,system,INFO,MY BIND IP: ('localhost', 28000)
2024-09-10 15:31:35.637,system,INFO,VehicleSocket::connect_remote,Connecting ('localhost', 20000)...
2024-09-10 15:31:38.639,system,INFO,MY BIND IP: ('localhost', 28000)
2024-09-10 15:31:38.640,system,INFO,VehicleSocket::connect_remote,Connecting ('localhost', 20000)...
2024-09-10 15:31:41.642,system,INFO,MY BIND IP: ('localhost', 28000)
2024-09-10 15:31:41.642,system,INFO,VehicleSocket::connect_remote,Connecting ('localhost', 20000)...
2024-09-10 15:31:44.644,system,INFO,MY BIND IP: ('localhost', 28000)
2024-09-10 15:31:44.645,system,INFO,VehicleSocket::connect_remote,Connecting ('localhost', 20000)...
2024-09-10 15:31:47.646,system,INFO,MY BIND IP: ('localhost', 28000)
2024-09-10 15:31:47.646,system,INFO,VehicleSocket::connect_remote,Connecting ('localhost', 20000)...
2024-09-10 15:31:50.649,system,INFO,MY BIND IP: ('localhost', 28000)
2024-09-10 15:31:50.650,system,INFO,VehicleSocket::connect_remote,Connecting ('localhost', 20000)...
2024-09-10 15:31:53.651,system,INFO,MY BIND IP: ('localhost', 28000)
2024-09-10 15:31:53.651,system,INFO,VehicleSocket::connect_remote,Connecting ('localhost', 20000)...
2024-09-10 15:31:56.653,system,INFO,MY BIND IP: ('localhost', 28000)
2024-09-10 15:31:56.654,system,INFO,VehicleSocket::connect_remote,Connecting ('localhost', 20000)...
2024-09-10 15:31:59.656,system,INFO,MY BIND IP: ('localhost', 28000)
2024-09-10 15:31:59.656,system,INFO,VehicleSocket::connect_remote,Connecting ('localhost', 20000)...
2024-09-10 15:32:02.658,system,INFO,MY BIND IP: ('localhost', 28000)
2024-09-10 15:32:02.658,system,INFO,VehicleSocket::connect_remote,Connecting ('localhost', 20000)...
2024-09-10 15:32:05.660,system,INFO,MY BIND IP: ('localhost', 28000)
2024-09-10 15:32:05.661,system,INFO,VehicleSocket::connect_remote,Connecting ('localhost', 20000)...
2024-09-10 15:32:08.662,system,INFO,MY BIND IP: ('localhost', 28000)
2024-09-10 15:32:08.662,system,INFO,VehicleSocket::connect_remote,Connecting ('localhost', 20000)...
2024-09-10 15:32:11.665,system,INFO,MY BIND IP: ('localhost', 28000)
2024-09-10 15:32:11.665,system,INFO,VehicleSocket::connect_remote,Connecting ('localhost', 20000)...
2024-09-10 15:32:14.666,system,INFO,MY BIND IP: ('localhost', 28000)
2024-09-10 15:32:14.667,system,INFO,VehicleSocket::connect_remote,Connecting ('localhost', 20000)...
2024-09-10 15:32:17.668,system,INFO,MY BIND IP: ('localhost', 28000)
2024-09-10 15:32:17.668,system,INFO,VehicleSocket::connect_remote,Connecting ('localhost', 20000)...
2024-09-10 15:32:20.670,system,INFO,MY BIND IP: ('localhost', 28000)
2024-09-10 15:32:20.670,system,INFO,VehicleSocket::connect_remote,Connecting ('localhost', 20000)...
2024-09-10 15:32:23.672,system,INFO,MY BIND IP: ('localhost', 28000)
2024-09-10 15:32:23.672,system,INFO,VehicleSocket::connect_remote,Connecting ('localhost', 20000)...
2024-09-10 15:32:26.674,system,INFO,MY BIND IP: ('localhost', 28000)
2024-09-10 15:32:26.674,system,INFO,VehicleSocket::connect_remote,Connecting ('localhost', 20000)...
2024-09-10 15:32:29.676,system,INFO,MY BIND IP: ('localhost', 28000)
2024-09-10 15:32:29.676,system,INFO,VehicleSocket::connect_remote,Connecting ('localhost', 20000)...
2024-09-10 15:32:32.678,system,INFO,MY BIND IP: ('localhost', 28000)
2024-09-10 15:32:32.678,system,INFO,VehicleSocket::connect_remote,Connecting ('localhost', 20000)...
2024-09-10 15:32:35.680,system,INFO,MY BIND IP: ('localhost', 28000)
2024-09-10 15:32:35.680,system,INFO,VehicleSocket::connect_remote,Connecting ('localhost', 20000)...
2024-09-10 15:32:38.682,system,INFO,MY BIND IP: ('localhost', 28000)
2024-09-10 15:32:38.682,system,INFO,VehicleSocket::connect_remote,Connecting ('localhost', 20000)...
2024-09-10 15:32:41.685,system,INFO,MY BIND IP: ('localhost', 28000)
2024-09-10 15:32:41.686,system,INFO,VehicleSocket::connect_remote,Connecting ('localhost', 20000)...
2024-09-10 15:32:44.687,system,INFO,MY BIND IP: ('localhost', 28000)
2024-09-10 15:32:44.687,system,INFO,VehicleSocket::connect_remote,Connecting ('localhost', 20000)...
2024-09-10 15:32:47.689,system,INFO,MY BIND IP: ('localhost', 28000)
2024-09-10 15:32:47.690,system,INFO,VehicleSocket::connect_remote,Connecting ('localhost', 20000)...
2024-09-10 15:32:50.691,system,INFO,MY BIND IP: ('localhost', 28000)
2024-09-10 15:32:50.691,system,INFO,VehicleSocket::connect_remote,Connecting ('localhost', 20000)...
2024-09-10 15:32:53.694,system,INFO,MY BIND IP: ('localhost', 28000)
2024-09-10 15:32:53.694,system,INFO,VehicleSocket::connect_remote,Connecting ('localhost', 20000)...
2024-09-10 15:32:56.696,system,INFO,MY BIND IP: ('localhost', 28000)
2024-09-10 15:32:56.696,system,INFO,VehicleSocket::connect_remote,Connecting ('localhost', 20000)...
2024-09-10 15:32:59.698,system,INFO,MY BIND IP: ('localhost', 28000)
2024-09-10 15:32:59.698,system,INFO,VehicleSocket::connect_remote,Connecting ('localhost', 20000)...
2024-09-10 15:33:02.700,system,INFO,MY BIND IP: ('localhost', 28000)
2024-09-10 15:33:02.701,system,INFO,VehicleSocket::connect_remote,Connecting ('localhost', 20000)...
2024-09-10 15:33:05.702,system,INFO,MY BIND IP: ('localhost', 28000)
2024-09-10 15:33:05.702,system,INFO,VehicleSocket::connect_remote,Connecting ('localhost', 20000)...
2024-09-10 15:33:08.705,system,INFO,MY BIND IP: ('localhost', 28000)
2024-09-10 15:33:08.705,system,INFO,VehicleSocket::connect_remote,Connecting ('localhost', 20000)...
2024-09-10 15:33:11.706,system,INFO,MY BIND IP: ('localhost', 28000)
2024-09-10 15:33:11.706,system,INFO,VehicleSocket::connect_remote,Connecting ('localhost', 20000)...
2024-09-10 15:33:14.708,system,INFO,MY BIND IP: ('localhost', 28000)
2024-09-10 15:33:14.708,system,INFO,VehicleSocket::connect_remote,Connecting ('localhost', 20000)...
2024-09-10 15:33:17.710,system,INFO,MY BIND IP: ('localhost', 28000)
2024-09-10 15:33:17.710,system,INFO,VehicleSocket::connect_remote,Connecting ('localhost', 20000)...
2024-09-10 15:33:20.712,system,INFO,MY BIND IP: ('localhost', 28000)
2024-09-10 15:33:20.712,system,INFO,VehicleSocket::connect_remote,Connecting ('localhost', 20000)...
2024-09-10 15:33:23.714,system,INFO,MY BIND IP: ('localhost', 28000)
2024-09-10 15:33:23.714,system,INFO,VehicleSocket::connect_remote,Connecting ('localhost', 20000)...
2024-09-10 15:33:26.717,system,INFO,MY BIND IP: ('localhost', 28000)
2024-09-10 15:33:26.717,system,INFO,VehicleSocket::connect_remote,Connecting ('localhost', 20000)...
2024-09-10 15:33:29.719,system,INFO,MY BIND IP: ('localhost', 28000)
2024-09-10 15:33:29.720,system,INFO,VehicleSocket::connect_remote,Connecting ('localhost', 20000)...
2024-09-10 15:33:32.720,system,INFO,MY BIND IP: ('localhost', 28000)
2024-09-10 15:33:32.720,system,INFO,VehicleSocket::connect_remote,Connecting ('localhost', 20000)...
2024-09-10 15:33:35.722,system,INFO,MY BIND IP: ('localhost', 28000)
2024-09-10 15:33:35.722,system,INFO,VehicleSocket::connect_remote,Connecting ('localhost', 20000)...
2024-09-10 15:33:38.724,system,INFO,MY BIND IP: ('localhost', 28000)
2024-09-10 15:33:38.724,system,INFO,VehicleSocket::connect_remote,Connecting ('localhost', 20000)...
2024-09-10 15:33:41.726,system,INFO,MY BIND IP: ('localhost', 28000)
2024-09-10 15:33:41.727,system,INFO,VehicleSocket::connect_remote,Connecting ('localhost', 20000)...
2024-09-10 15:33:44.728,system,INFO,MY BIND IP: ('localhost', 28000)
2024-09-10 15:33:44.728,system,INFO,VehicleSocket::connect_remote,Connecting ('localhost', 20000)...
2024-09-10 15:33:47.730,system,INFO,MY BIND IP: ('localhost', 28000)
2024-09-10 15:33:47.730,system,INFO,VehicleSocket::connect_remote,Connecting ('localhost', 20000)...
2024-09-10 15:33:50.732,system,INFO,MY BIND IP: ('localhost', 28000)
2024-09-10 15:33:50.732,system,INFO,VehicleSocket::connect_remote,Connecting ('localhost', 20000)...
2024-09-10 15:33:53.734,system,INFO,MY BIND IP: ('localhost', 28000)
2024-09-10 15:33:53.735,system,INFO,VehicleSocket::connect_remote,Connecting ('localhost', 20000)...
2024-09-10 15:33:56.736,system,INFO,MY BIND IP: ('localhost', 28000)
2024-09-10 15:33:56.736,system,INFO,VehicleSocket::connect_remote,Connecting ('localhost', 20000)...
2024-09-10 15:33:59.739,system,INFO,MY BIND IP: ('localhost', 28000)
2024-09-10 15:33:59.739,system,INFO,VehicleSocket::connect_remote,Connecting ('localhost', 20000)...
2024-09-10 15:34:02.741,system,INFO,MY BIND IP: ('localhost', 28000)
2024-09-10 15:34:02.741,system,INFO,VehicleSocket::connect_remote,Connecting ('localhost', 20000)...
2024-09-10 15:34:05.743,system,INFO,MY BIND IP: ('localhost', 28000)
2024-09-10 15:34:05.744,system,INFO,VehicleSocket::connect_remote,Connecting ('localhost', 20000)...
2024-09-10 15:34:08.746,system,INFO,MY BIND IP: ('localhost', 28000)
2024-09-10 15:34:08.747,system,INFO,VehicleSocket::connect_remote,Connecting ('localhost', 20000)...
2024-09-10 15:34:11.748,system,INFO,MY BIND IP: ('localhost', 28000)
2024-09-10 15:34:11.748,system,INFO,VehicleSocket::connect_remote,Connecting ('localhost', 20000)...
2024-09-10 15:34:14.750,system,INFO,MY BIND IP: ('localhost', 28000)
2024-09-10 15:34:14.750,system,INFO,VehicleSocket::connect_remote,Connecting ('localhost', 20000)...
2024-09-10 15:34:17.752,system,INFO,MY BIND IP: ('localhost', 28000)
2024-09-10 15:34:17.752,system,INFO,VehicleSocket::connect_remote,Connecting ('localhost', 20000)...
2024-09-10 15:34:20.755,system,INFO,MY BIND IP: ('localhost', 28000)
2024-09-10 15:34:20.755,system,INFO,VehicleSocket::connect_remote,Connecting ('localhost', 20000)...
2024-09-10 15:34:23.757,system,INFO,MY BIND IP: ('localhost', 28000)
2024-09-10 15:34:23.757,system,INFO,VehicleSocket::connect_remote,Connecting ('localhost', 20000)...
2024-09-10 15:34:26.760,system,INFO,MY BIND IP: ('localhost', 28000)
2024-09-10 15:34:26.760,system,INFO,VehicleSocket::connect_remote,Connecting ('localhost', 20000)...
2024-09-10 15:34:29.762,system,INFO,MY BIND IP: ('localhost', 28000)
2024-09-10 15:34:29.762,system,INFO,VehicleSocket::connect_remote,Connecting ('localhost', 20000)...
2024-09-10 15:34:32.765,system,INFO,MY BIND IP: ('localhost', 28000)
2024-09-10 15:34:32.765,system,INFO,VehicleSocket::connect_remote,Connecting ('localhost', 20000)...
2024-09-10 15:34:35.767,system,INFO,MY BIND IP: ('localhost', 28000)
2024-09-10 15:34:35.767,system,INFO,VehicleSocket::connect_remote,Connecting ('localhost', 20000)...
2024-09-10 15:34:38.769,system,INFO,MY BIND IP: ('localhost', 28000)
2024-09-10 15:34:38.769,system,INFO,VehicleSocket::connect_remote,Connecting ('localhost', 20000)...
2024-09-10 15:34:41.771,system,INFO,MY BIND IP: ('localhost', 28000)
2024-09-10 15:34:41.772,system,INFO,VehicleSocket::connect_remote,Connecting ('localhost', 20000)...
2024-09-10 15:34:44.774,system,INFO,MY BIND IP: ('localhost', 28000)
2024-09-10 15:34:44.774,system,INFO,VehicleSocket::connect_remote,Connecting ('localhost', 20000)...
2024-09-10 15:34:47.777,system,INFO,MY BIND IP: ('localhost', 28000)
2024-09-10 15:34:47.778,system,INFO,VehicleSocket::connect_remote,Connecting ('localhost', 20000)...
2024-09-10 15:34:50.779,system,INFO,MY BIND IP: ('localhost', 28000)
2024-09-10 15:34:50.779,system,INFO,VehicleSocket::connect_remote,Connecting ('localhost', 20000)...
2024-09-10 15:34:53.781,system,INFO,MY BIND IP: ('localhost', 28000)
2024-09-10 15:34:53.781,system,INFO,VehicleSocket::connect_remote,Connecting ('localhost', 20000)...
2024-09-10 15:34:56.783,system,INFO,MY BIND IP: ('localhost', 28000)
2024-09-10 15:34:56.783,system,INFO,VehicleSocket::connect_remote,Connecting ('localhost', 20000)...
2024-09-10 15:34:59.785,system,INFO,MY BIND IP: ('localhost', 28000)
2024-09-10 15:34:59.785,system,INFO,VehicleSocket::connect_remote,Connecting ('localhost', 20000)...
2024-09-10 15:35:02.788,system,INFO,MY BIND IP: ('localhost', 28000)
2024-09-10 15:35:02.788,system,INFO,VehicleSocket::connect_remote,Connecting ('localhost', 20000)...
2024-09-10 15:35:05.790,system,INFO,MY BIND IP: ('localhost', 28000)
2024-09-10 15:35:05.791,system,INFO,VehicleSocket::connect_remote,Connecting ('localhost', 20000)...
2024-09-10 15:35:08.792,system,INFO,MY BIND IP: ('localhost', 28000)
2024-09-10 15:35:08.792,system,INFO,VehicleSocket::connect_remote,Connecting ('localhost', 20000)...
2024-09-10 15:35:11.794,system,INFO,MY BIND IP: ('localhost', 28000)
2024-09-10 15:35:11.795,system,INFO,VehicleSocket::connect_remote,Connecting ('localhost', 20000)...
2024-09-10 15:35:14.797,system,INFO,MY BIND IP: ('localhost', 28000)
2024-09-10 15:35:14.797,system,INFO,VehicleSocket::connect_remote,Connecting ('localhost', 20000)...
2024-09-10 15:35:17.800,system,INFO,MY BIND IP: ('localhost', 28000)
2024-09-10 15:35:17.800,system,INFO,VehicleSocket::connect_remote,Connecting ('localhost', 20000)...
2024-09-10 15:35:17.812,system,INFO,VehicleSocket::connect_remote,Connected VehicleSocket socket.
2024-09-10 15:46:02.464,system,INFO,MY BIND IP: ('localhost', 28000)
2024-09-10 15:46:02.464,system,INFO,VehicleSocket::connect_remote,Connecting ('localhost', 20000)...
2024-09-10 15:46:05.467,system,INFO,MY BIND IP: ('localhost', 28000)
2024-09-10 15:46:05.468,system,INFO,VehicleSocket::connect_remote,Connecting ('localhost', 20000)...
2024-09-10 15:46:05.480,system,INFO,VehicleSocket::connect_remote,Connected VehicleSocket socket.
