2024-09-05 18:28:26.894,system,INFO,Start rsu module.
2024-09-05 18:28:26.894,system,INFO,Run VehicleSocket modules process
2024-09-05 18:28:26.894,system,INFO,MY BIND IP: ('192.168.11.200', 63112)
2024-09-05 18:28:26.895,system,INFO,Run ObuSocket modules process
2024-09-05 18:28:26.895,system,INFO,Run MiddleWare Process.
2024-09-05 18:28:26.896,system,INFO,MY BIND IP: ('192.168.11.200', 63112)
2024-09-05 18:28:26.897,system,INFO,MY BIND IP: ('192.168.11.200', 63114)
2024-09-05 18:28:26.897,system,INFO,MY BIND IP: ('localhost', 28000)
2024-09-05 18:28:26.898,system,INFO,VehicleSocket::connect_remote,Connecting ('localhost', 20000)...
2024-09-05 18:28:29.900,system,INFO,MY BIND IP: ('localhost', 28000)
2024-09-05 18:28:29.911,system,INFO,VehicleSocket::connect_remote,Connecting ('localhost', 20000)...
2024-09-05 18:28:32.911,system,INFO,MY BIND IP: ('localhost', 28000)
2024-09-05 18:28:32.912,system,INFO,VehicleSocket::connect_remote,Connecting ('localhost', 20000)...
2024-09-05 18:28:35.914,system,INFO,MY BIND IP: ('localhost', 28000)
2024-09-05 18:28:35.915,system,INFO,VehicleSocket::connect_remote,Connecting ('localhost', 20000)...
2024-09-05 18:28:38.917,system,INFO,MY BIND IP: ('localhost', 28000)
2024-09-05 18:28:38.917,system,INFO,VehicleSocket::connect_remote,Connecting ('localhost', 20000)...
2024-09-05 18:28:41.918,system,INFO,MY BIND IP: ('localhost', 28000)
2024-09-05 18:28:41.918,system,INFO,VehicleSocket::connect_remote,Connecting ('localhost', 20000)...
2024-09-05 18:28:44.921,system,INFO,MY BIND IP: ('localhost', 28000)
2024-09-05 18:28:44.921,system,INFO,VehicleSocket::connect_remote,Connecting ('localhost', 20000)...
2024-09-05 18:28:44.933,system,INFO,VehicleSocket::connect_remote,Connected VehicleSocket socket.
2024-09-05 18:34:25.289,system,INFO,MY BIND IP: ('localhost', 28000)
2024-09-05 18:34:25.289,system,INFO,VehicleSocket::connect_remote,Connecting ('localhost', 20000)...
2024-09-05 18:34:28.291,system,INFO,MY BIND IP: ('localhost', 28000)
2024-09-05 18:34:28.291,system,INFO,VehicleSocket::connect_remote,Connecting ('localhost', 20000)...
2024-09-05 18:34:31.292,system,INFO,MY BIND IP: ('localhost', 28000)
2024-09-05 18:34:31.292,system,INFO,VehicleSocket::connect_remote,Connecting ('localhost', 20000)...
2024-09-05 18:34:34.295,system,INFO,MY BIND IP: ('localhost', 28000)
2024-09-05 18:34:34.295,system,INFO,VehicleSocket::connect_remote,Connecting ('localhost', 20000)...
2024-09-05 18:34:37.297,system,INFO,MY BIND IP: ('localhost', 28000)
2024-09-05 18:34:37.297,system,INFO,VehicleSocket::connect_remote,Connecting ('localhost', 20000)...
2024-09-05 18:34:40.300,system,INFO,MY BIND IP: ('localhost', 28000)
2024-09-05 18:34:40.300,system,INFO,VehicleSocket::connect_remote,Connecting ('localhost', 20000)...
2024-09-05 18:34:43.303,system,INFO,MY BIND IP: ('localhost', 28000)
2024-09-05 18:34:43.303,system,INFO,VehicleSocket::connect_remote,Connecting ('localhost', 20000)...
2024-09-05 18:34:46.305,system,INFO,MY BIND IP: ('localhost', 28000)
2024-09-05 18:34:46.305,system,INFO,VehicleSocket::connect_remote,Connecting ('localhost', 20000)...
2024-09-05 18:34:49.307,system,INFO,MY BIND IP: ('localhost', 28000)
2024-09-05 18:34:49.307,system,INFO,VehicleSocket::connect_remote,Connecting ('localhost', 20000)...
2024-09-05 18:34:52.310,system,INFO,MY BIND IP: ('localhost', 28000)
2024-09-05 18:34:52.310,system,INFO,VehicleSocket::connect_remote,Connecting ('localhost', 20000)...
2024-09-05 18:34:55.322,system,INFO,MY BIND IP: ('localhost', 28000)
2024-09-05 18:34:55.322,system,INFO,VehicleSocket::connect_remote,Connecting ('localhost', 20000)...
2024-09-05 18:34:58.324,system,INFO,MY BIND IP: ('localhost', 28000)
2024-09-05 18:34:58.324,system,INFO,VehicleSocket::connect_remote,Connecting ('localhost', 20000)...
2024-09-05 18:35:01.326,system,INFO,MY BIND IP: ('localhost', 28000)
2024-09-05 18:35:01.326,system,INFO,VehicleSocket::connect_remote,Connecting ('localhost', 20000)...
2024-09-05 18:35:04.329,system,INFO,MY BIND IP: ('localhost', 28000)
2024-09-05 18:35:04.329,system,INFO,VehicleSocket::connect_remote,Connecting ('localhost', 20000)...
2024-09-05 18:35:07.330,system,INFO,MY BIND IP: ('localhost', 28000)
2024-09-05 18:35:07.334,system,INFO,VehicleSocket::connect_remote,Connecting ('localhost', 20000)...
2024-09-05 18:35:10.335,system,INFO,MY BIND IP: ('localhost', 28000)
2024-09-05 18:35:10.335,system,INFO,VehicleSocket::connect_remote,Connecting ('localhost', 20000)...
2024-09-05 18:35:13.337,system,INFO,MY BIND IP: ('localhost', 28000)
2024-09-05 18:35:13.337,system,INFO,VehicleSocket::connect_remote,Connecting ('localhost', 20000)...
2024-09-05 18:35:16.340,system,INFO,MY BIND IP: ('localhost', 28000)
2024-09-05 18:35:16.340,system,INFO,VehicleSocket::connect_remote,Connecting ('localhost', 20000)...
2024-09-05 18:35:19.342,system,INFO,MY BIND IP: ('localhost', 28000)
2024-09-05 18:35:19.342,system,INFO,VehicleSocket::connect_remote,Connecting ('localhost', 20000)...
2024-09-05 18:35:22.343,system,INFO,MY BIND IP: ('localhost', 28000)
2024-09-05 18:35:22.343,system,INFO,VehicleSocket::connect_remote,Connecting ('localhost', 20000)...
2024-09-05 18:35:25.345,system,INFO,MY BIND IP: ('localhost', 28000)
2024-09-05 18:35:25.345,system,INFO,VehicleSocket::connect_remote,Connecting ('localhost', 20000)...
2024-09-05 18:35:28.347,system,INFO,MY BIND IP: ('localhost', 28000)
2024-09-05 18:35:28.347,system,INFO,VehicleSocket::connect_remote,Connecting ('localhost', 20000)...
2024-09-05 18:35:31.360,system,INFO,MY BIND IP: ('localhost', 28000)
2024-09-05 18:35:31.360,system,INFO,VehicleSocket::connect_remote,Connecting ('localhost', 20000)...
2024-09-05 18:35:34.362,system,INFO,MY BIND IP: ('localhost', 28000)
2024-09-05 18:35:34.362,system,INFO,VehicleSocket::connect_remote,Connecting ('localhost', 20000)...
2024-09-05 18:35:37.363,system,INFO,MY BIND IP: ('localhost', 28000)
2024-09-05 18:35:37.363,system,INFO,VehicleSocket::connect_remote,Connecting ('localhost', 20000)...
2024-09-05 18:35:40.366,system,INFO,MY BIND IP: ('localhost', 28000)
2024-09-05 18:35:40.366,system,INFO,VehicleSocket::connect_remote,Connecting ('localhost', 20000)...
2024-09-05 18:35:43.369,system,INFO,MY BIND IP: ('localhost', 28000)
2024-09-05 18:35:43.369,system,INFO,VehicleSocket::connect_remote,Connecting ('localhost', 20000)...
2024-09-05 18:35:46.371,system,INFO,MY BIND IP: ('localhost', 28000)
2024-09-05 18:35:46.371,system,INFO,VehicleSocket::connect_remote,Connecting ('localhost', 20000)...
2024-09-05 18:35:49.374,system,INFO,MY BIND IP: ('localhost', 28000)
2024-09-05 18:35:49.374,system,INFO,VehicleSocket::connect_remote,Connecting ('localhost', 20000)...
2024-09-05 18:35:52.376,system,INFO,MY BIND IP: ('localhost', 28000)
2024-09-05 18:35:52.376,system,INFO,VehicleSocket::connect_remote,Connecting ('localhost', 20000)...
2024-09-05 18:35:55.378,system,INFO,MY BIND IP: ('localhost', 28000)
2024-09-05 18:35:55.378,system,INFO,VehicleSocket::connect_remote,Connecting ('localhost', 20000)...
2024-09-05 18:35:58.380,system,INFO,MY BIND IP: ('localhost', 28000)
2024-09-05 18:35:58.380,system,INFO,VehicleSocket::connect_remote,Connecting ('localhost', 20000)...
2024-09-05 18:36:01.382,system,INFO,MY BIND IP: ('localhost', 28000)
2024-09-05 18:36:01.382,system,INFO,VehicleSocket::connect_remote,Connecting ('localhost', 20000)...
2024-09-05 18:36:04.386,system,INFO,MY BIND IP: ('localhost', 28000)
2024-09-05 18:36:04.386,system,INFO,VehicleSocket::connect_remote,Connecting ('localhost', 20000)...
2024-09-05 18:36:07.388,system,INFO,MY BIND IP: ('localhost', 28000)
2024-09-05 18:36:07.388,system,INFO,VehicleSocket::connect_remote,Connecting ('localhost', 20000)...
2024-09-05 18:36:10.389,system,INFO,MY BIND IP: ('localhost', 28000)
2024-09-05 18:36:10.390,system,INFO,VehicleSocket::connect_remote,Connecting ('localhost', 20000)...
2024-09-05 18:36:13.392,system,INFO,MY BIND IP: ('localhost', 28000)
2024-09-05 18:36:13.392,system,INFO,VehicleSocket::connect_remote,Connecting ('localhost', 20000)...
2024-09-05 18:36:16.393,system,INFO,MY BIND IP: ('localhost', 28000)
2024-09-05 18:36:16.393,system,INFO,VehicleSocket::connect_remote,Connecting ('localhost', 20000)...
2024-09-05 18:36:19.396,system,INFO,MY BIND IP: ('localhost', 28000)
2024-09-05 18:36:19.396,system,INFO,VehicleSocket::connect_remote,Connecting ('localhost', 20000)...
2024-09-05 18:36:22.399,system,INFO,MY BIND IP: ('localhost', 28000)
2024-09-05 18:36:22.399,system,INFO,VehicleSocket::connect_remote,Connecting ('localhost', 20000)...
2024-09-05 18:36:25.402,system,INFO,MY BIND IP: ('localhost', 28000)
2024-09-05 18:36:25.403,system,INFO,VehicleSocket::connect_remote,Connecting ('localhost', 20000)...
2024-09-05 18:36:28.404,system,INFO,MY BIND IP: ('localhost', 28000)
2024-09-05 18:36:28.404,system,INFO,VehicleSocket::connect_remote,Connecting ('localhost', 20000)...
2024-09-05 18:36:31.406,system,INFO,MY BIND IP: ('localhost', 28000)
2024-09-05 18:36:31.406,system,INFO,VehicleSocket::connect_remote,Connecting ('localhost', 20000)...
2024-09-05 18:36:34.409,system,INFO,MY BIND IP: ('localhost', 28000)
2024-09-05 18:36:34.409,system,INFO,VehicleSocket::connect_remote,Connecting ('localhost', 20000)...
2024-09-05 18:36:37.411,system,INFO,MY BIND IP: ('localhost', 28000)
2024-09-05 18:36:37.411,system,INFO,VehicleSocket::connect_remote,Connecting ('localhost', 20000)...
2024-09-05 18:36:40.413,system,INFO,MY BIND IP: ('localhost', 28000)
2024-09-05 18:36:40.413,system,INFO,VehicleSocket::connect_remote,Connecting ('localhost', 20000)...
2024-09-05 18:36:43.415,system,INFO,MY BIND IP: ('localhost', 28000)
2024-09-05 18:36:43.415,system,INFO,VehicleSocket::connect_remote,Connecting ('localhost', 20000)...
2024-09-05 18:36:46.418,system,INFO,MY BIND IP: ('localhost', 28000)
2024-09-05 18:36:46.418,system,INFO,VehicleSocket::connect_remote,Connecting ('localhost', 20000)...
2024-09-05 18:36:49.421,system,INFO,MY BIND IP: ('localhost', 28000)
2024-09-05 18:36:49.421,system,INFO,VehicleSocket::connect_remote,Connecting ('localhost', 20000)...
2024-09-05 18:36:52.423,system,INFO,MY BIND IP: ('localhost', 28000)
2024-09-05 18:36:52.423,system,INFO,VehicleSocket::connect_remote,Connecting ('localhost', 20000)...
2024-09-05 18:36:55.425,system,INFO,MY BIND IP: ('localhost', 28000)
2024-09-05 18:36:55.425,system,INFO,VehicleSocket::connect_remote,Connecting ('localhost', 20000)...
2024-09-05 18:36:58.428,system,INFO,MY BIND IP: ('localhost', 28000)
2024-09-05 18:36:58.428,system,INFO,VehicleSocket::connect_remote,Connecting ('localhost', 20000)...
2024-09-05 18:37:01.431,system,INFO,MY BIND IP: ('localhost', 28000)
2024-09-05 18:37:01.431,system,INFO,VehicleSocket::connect_remote,Connecting ('localhost', 20000)...
2024-09-05 18:37:04.433,system,INFO,MY BIND IP: ('localhost', 28000)
2024-09-05 18:37:04.433,system,INFO,VehicleSocket::connect_remote,Connecting ('localhost', 20000)...
2024-09-05 18:37:07.435,system,INFO,MY BIND IP: ('localhost', 28000)
2024-09-05 18:37:07.435,system,INFO,VehicleSocket::connect_remote,Connecting ('localhost', 20000)...
2024-09-05 18:37:10.438,system,INFO,MY BIND IP: ('localhost', 28000)
2024-09-05 18:37:10.438,system,INFO,VehicleSocket::connect_remote,Connecting ('localhost', 20000)...
2024-09-05 18:37:13.440,system,INFO,MY BIND IP: ('localhost', 28000)
2024-09-05 18:37:13.440,system,INFO,VehicleSocket::connect_remote,Connecting ('localhost', 20000)...
2024-09-05 18:37:16.443,system,INFO,MY BIND IP: ('localhost', 28000)
2024-09-05 18:37:16.443,system,INFO,VehicleSocket::connect_remote,Connecting ('localhost', 20000)...
2024-09-05 18:37:19.444,system,INFO,MY BIND IP: ('localhost', 28000)
2024-09-05 18:37:19.444,system,INFO,VehicleSocket::connect_remote,Connecting ('localhost', 20000)...
2024-09-05 18:37:22.447,system,INFO,MY BIND IP: ('localhost', 28000)
2024-09-05 18:37:22.447,system,INFO,VehicleSocket::connect_remote,Connecting ('localhost', 20000)...
2024-09-05 18:37:25.449,system,INFO,MY BIND IP: ('localhost', 28000)
2024-09-05 18:37:25.449,system,INFO,VehicleSocket::connect_remote,Connecting ('localhost', 20000)...
2024-09-05 18:37:28.451,system,INFO,MY BIND IP: ('localhost', 28000)
2024-09-05 18:37:28.452,system,INFO,VehicleSocket::connect_remote,Connecting ('localhost', 20000)...
2024-09-05 18:37:31.453,system,INFO,MY BIND IP: ('localhost', 28000)
2024-09-05 18:37:31.453,system,INFO,VehicleSocket::connect_remote,Connecting ('localhost', 20000)...
2024-09-05 18:37:34.455,system,INFO,MY BIND IP: ('localhost', 28000)
2024-09-05 18:37:34.455,system,INFO,VehicleSocket::connect_remote,Connecting ('localhost', 20000)...
2024-09-05 18:37:37.457,system,INFO,MY BIND IP: ('localhost', 28000)
2024-09-05 18:37:37.457,system,INFO,VehicleSocket::connect_remote,Connecting ('localhost', 20000)...
2024-09-05 18:37:40.460,system,INFO,MY BIND IP: ('localhost', 28000)
2024-09-05 18:37:40.460,system,INFO,VehicleSocket::connect_remote,Connecting ('localhost', 20000)...
2024-09-05 18:37:43.463,system,INFO,MY BIND IP: ('localhost', 28000)
2024-09-05 18:37:43.463,system,INFO,VehicleSocket::connect_remote,Connecting ('localhost', 20000)...
2024-09-05 18:37:46.465,system,INFO,MY BIND IP: ('localhost', 28000)
2024-09-05 18:37:46.465,system,INFO,VehicleSocket::connect_remote,Connecting ('localhost', 20000)...
2024-09-05 18:37:49.467,system,INFO,MY BIND IP: ('localhost', 28000)
2024-09-05 18:37:49.467,system,INFO,VehicleSocket::connect_remote,Connecting ('localhost', 20000)...
2024-09-05 18:37:52.469,system,INFO,MY BIND IP: ('localhost', 28000)
2024-09-05 18:37:52.469,system,INFO,VehicleSocket::connect_remote,Connecting ('localhost', 20000)...
2024-09-05 18:37:55.472,system,INFO,MY BIND IP: ('localhost', 28000)
2024-09-05 18:37:55.472,system,INFO,VehicleSocket::connect_remote,Connecting ('localhost', 20000)...
2024-09-05 18:37:58.474,system,INFO,MY BIND IP: ('localhost', 28000)
2024-09-05 18:37:58.474,system,INFO,VehicleSocket::connect_remote,Connecting ('localhost', 20000)...
2024-09-05 18:38:01.476,system,INFO,MY BIND IP: ('localhost', 28000)
2024-09-05 18:38:01.477,system,INFO,VehicleSocket::connect_remote,Connecting ('localhost', 20000)...
2024-09-05 18:38:04.478,system,INFO,MY BIND IP: ('localhost', 28000)
2024-09-05 18:38:04.478,system,INFO,VehicleSocket::connect_remote,Connecting ('localhost', 20000)...
2024-09-05 18:38:07.480,system,INFO,MY BIND IP: ('localhost', 28000)
2024-09-05 18:38:07.480,system,INFO,VehicleSocket::connect_remote,Connecting ('localhost', 20000)...
2024-09-05 18:38:10.483,system,INFO,MY BIND IP: ('localhost', 28000)
2024-09-05 18:38:10.483,system,INFO,VehicleSocket::connect_remote,Connecting ('localhost', 20000)...
2024-09-05 18:38:13.485,system,INFO,MY BIND IP: ('localhost', 28000)
2024-09-05 18:38:13.486,system,INFO,VehicleSocket::connect_remote,Connecting ('localhost', 20000)...
2024-09-05 18:38:16.487,system,INFO,MY BIND IP: ('localhost', 28000)
2024-09-05 18:38:16.487,system,INFO,VehicleSocket::connect_remote,Connecting ('localhost', 20000)...
2024-09-05 18:38:19.489,system,INFO,MY BIND IP: ('localhost', 28000)
2024-09-05 18:38:19.489,system,INFO,VehicleSocket::connect_remote,Connecting ('localhost', 20000)...
2024-09-05 18:38:22.492,system,INFO,MY BIND IP: ('localhost', 28000)
2024-09-05 18:38:22.492,system,INFO,VehicleSocket::connect_remote,Connecting ('localhost', 20000)...
2024-09-05 18:38:25.494,system,INFO,MY BIND IP: ('localhost', 28000)
2024-09-05 18:38:25.494,system,INFO,VehicleSocket::connect_remote,Connecting ('localhost', 20000)...
2024-09-05 18:38:28.496,system,INFO,MY BIND IP: ('localhost', 28000)
2024-09-05 18:38:28.496,system,INFO,VehicleSocket::connect_remote,Connecting ('localhost', 20000)...
2024-09-05 18:38:31.498,system,INFO,MY BIND IP: ('localhost', 28000)
2024-09-05 18:38:31.498,system,INFO,VehicleSocket::connect_remote,Connecting ('localhost', 20000)...
2024-09-05 18:38:34.501,system,INFO,MY BIND IP: ('localhost', 28000)
2024-09-05 18:38:34.502,system,INFO,VehicleSocket::connect_remote,Connecting ('localhost', 20000)...
2024-09-05 18:38:37.503,system,INFO,MY BIND IP: ('localhost', 28000)
2024-09-05 18:38:37.503,system,INFO,VehicleSocket::connect_remote,Connecting ('localhost', 20000)...
2024-09-05 18:38:40.505,system,INFO,MY BIND IP: ('localhost', 28000)
2024-09-05 18:38:40.505,system,INFO,VehicleSocket::connect_remote,Connecting ('localhost', 20000)...
2024-09-05 18:38:43.507,system,INFO,MY BIND IP: ('localhost', 28000)
2024-09-05 18:38:43.507,system,INFO,VehicleSocket::connect_remote,Connecting ('localhost', 20000)...
2024-09-05 18:38:46.510,system,INFO,MY BIND IP: ('localhost', 28000)
2024-09-05 18:38:46.510,system,INFO,VehicleSocket::connect_remote,Connecting ('localhost', 20000)...
2024-09-05 18:38:49.512,system,INFO,MY BIND IP: ('localhost', 28000)
2024-09-05 18:38:49.512,system,INFO,VehicleSocket::connect_remote,Connecting ('localhost', 20000)...
2024-09-05 18:38:52.515,system,INFO,MY BIND IP: ('localhost', 28000)
2024-09-05 18:38:52.515,system,INFO,VehicleSocket::connect_remote,Connecting ('localhost', 20000)...
2024-09-05 18:38:55.518,system,INFO,MY BIND IP: ('localhost', 28000)
2024-09-05 18:38:55.518,system,INFO,VehicleSocket::connect_remote,Connecting ('localhost', 20000)...
2024-09-05 18:38:58.520,system,INFO,MY BIND IP: ('localhost', 28000)
2024-09-05 18:38:58.521,system,INFO,VehicleSocket::connect_remote,Connecting ('localhost', 20000)...
2024-09-05 18:39:01.522,system,INFO,MY BIND IP: ('localhost', 28000)
2024-09-05 18:39:01.523,system,INFO,VehicleSocket::connect_remote,Connecting ('localhost', 20000)...
2024-09-05 18:39:04.525,system,INFO,MY BIND IP: ('localhost', 28000)
2024-09-05 18:39:04.526,system,INFO,VehicleSocket::connect_remote,Connecting ('localhost', 20000)...
2024-09-05 18:39:07.538,system,INFO,MY BIND IP: ('localhost', 28000)
2024-09-05 18:39:07.538,system,INFO,VehicleSocket::connect_remote,Connecting ('localhost', 20000)...
2024-09-05 18:39:10.540,system,INFO,MY BIND IP: ('localhost', 28000)
2024-09-05 18:39:10.540,system,INFO,VehicleSocket::connect_remote,Connecting ('localhost', 20000)...
2024-09-05 18:39:13.542,system,INFO,MY BIND IP: ('localhost', 28000)
2024-09-05 18:39:13.542,system,INFO,VehicleSocket::connect_remote,Connecting ('localhost', 20000)...
2024-09-05 18:39:16.545,system,INFO,MY BIND IP: ('localhost', 28000)
2024-09-05 18:39:16.545,system,INFO,VehicleSocket::connect_remote,Connecting ('localhost', 20000)...
2024-09-05 18:39:19.547,system,INFO,MY BIND IP: ('localhost', 28000)
2024-09-05 18:39:19.547,system,INFO,VehicleSocket::connect_remote,Connecting ('localhost', 20000)...
2024-09-05 18:39:22.549,system,INFO,MY BIND IP: ('localhost', 28000)
2024-09-05 18:39:22.549,system,INFO,VehicleSocket::connect_remote,Connecting ('localhost', 20000)...
2024-09-05 18:39:25.552,system,INFO,MY BIND IP: ('localhost', 28000)
2024-09-05 18:39:25.552,system,INFO,VehicleSocket::connect_remote,Connecting ('localhost', 20000)...
2024-09-05 18:39:28.553,system,INFO,MY BIND IP: ('localhost', 28000)
2024-09-05 18:39:28.553,system,INFO,VehicleSocket::connect_remote,Connecting ('localhost', 20000)...
2024-09-05 18:39:31.555,system,INFO,MY BIND IP: ('localhost', 28000)
2024-09-05 18:39:31.555,system,INFO,VehicleSocket::connect_remote,Connecting ('localhost', 20000)...
2024-09-05 18:39:34.557,system,INFO,MY BIND IP: ('localhost', 28000)
2024-09-05 18:39:34.558,system,INFO,VehicleSocket::connect_remote,Connecting ('localhost', 20000)...
2024-09-05 18:39:37.560,system,INFO,MY BIND IP: ('localhost', 28000)
2024-09-05 18:39:37.561,system,INFO,VehicleSocket::connect_remote,Connecting ('localhost', 20000)...
2024-09-05 18:39:40.562,system,INFO,MY BIND IP: ('localhost', 28000)
2024-09-05 18:39:40.563,system,INFO,VehicleSocket::connect_remote,Connecting ('localhost', 20000)...
2024-09-05 18:39:43.564,system,INFO,MY BIND IP: ('localhost', 28000)
2024-09-05 18:39:43.564,system,INFO,VehicleSocket::connect_remote,Connecting ('localhost', 20000)...
2024-09-05 18:39:46.566,system,INFO,MY BIND IP: ('localhost', 28000)
2024-09-05 18:39:46.566,system,INFO,VehicleSocket::connect_remote,Connecting ('localhost', 20000)...
2024-09-05 18:39:49.568,system,INFO,MY BIND IP: ('localhost', 28000)
2024-09-05 18:39:49.568,system,INFO,VehicleSocket::connect_remote,Connecting ('localhost', 20000)...
2024-09-05 18:39:52.570,system,INFO,MY BIND IP: ('localhost', 28000)
2024-09-05 18:39:52.570,system,INFO,VehicleSocket::connect_remote,Connecting ('localhost', 20000)...
2024-09-05 18:39:55.573,system,INFO,MY BIND IP: ('localhost', 28000)
2024-09-05 18:39:55.573,system,INFO,VehicleSocket::connect_remote,Connecting ('localhost', 20000)...
2024-09-05 18:39:58.575,system,INFO,MY BIND IP: ('localhost', 28000)
2024-09-05 18:39:58.575,system,INFO,VehicleSocket::connect_remote,Connecting ('localhost', 20000)...
2024-09-05 18:40:01.578,system,INFO,MY BIND IP: ('localhost', 28000)
2024-09-05 18:40:01.579,system,INFO,VehicleSocket::connect_remote,Connecting ('localhost', 20000)...
2024-09-05 18:40:04.580,system,INFO,MY BIND IP: ('localhost', 28000)
2024-09-05 18:40:04.580,system,INFO,VehicleSocket::connect_remote,Connecting ('localhost', 20000)...
2024-09-05 18:40:07.582,system,INFO,MY BIND IP: ('localhost', 28000)
2024-09-05 18:40:07.582,system,INFO,VehicleSocket::connect_remote,Connecting ('localhost', 20000)...
2024-09-05 18:40:10.584,system,INFO,MY BIND IP: ('localhost', 28000)
2024-09-05 18:40:10.584,system,INFO,VehicleSocket::connect_remote,Connecting ('localhost', 20000)...
2024-09-05 18:40:13.597,system,INFO,MY BIND IP: ('localhost', 28000)
2024-09-05 18:40:13.598,system,INFO,VehicleSocket::connect_remote,Connecting ('localhost', 20000)...
2024-09-05 18:40:16.599,system,INFO,MY BIND IP: ('localhost', 28000)
2024-09-05 18:40:16.599,system,INFO,VehicleSocket::connect_remote,Connecting ('localhost', 20000)...
2024-09-05 18:40:19.601,system,INFO,MY BIND IP: ('localhost', 28000)
2024-09-05 18:40:19.601,system,INFO,VehicleSocket::connect_remote,Connecting ('localhost', 20000)...
2024-09-05 18:40:22.602,system,INFO,MY BIND IP: ('localhost', 28000)
2024-09-05 18:40:22.602,system,INFO,VehicleSocket::connect_remote,Connecting ('localhost', 20000)...
2024-09-05 18:40:25.605,system,INFO,MY BIND IP: ('localhost', 28000)
2024-09-05 18:40:25.606,system,INFO,VehicleSocket::connect_remote,Connecting ('localhost', 20000)...
2024-09-05 18:40:28.608,system,INFO,MY BIND IP: ('localhost', 28000)
2024-09-05 18:40:28.608,system,INFO,VehicleSocket::connect_remote,Connecting ('localhost', 20000)...
2024-09-05 18:40:31.610,system,INFO,MY BIND IP: ('localhost', 28000)
2024-09-05 18:40:31.611,system,INFO,VehicleSocket::connect_remote,Connecting ('localhost', 20000)...
2024-09-05 18:40:34.613,system,INFO,MY BIND IP: ('localhost', 28000)
2024-09-05 18:40:34.613,system,INFO,VehicleSocket::connect_remote,Connecting ('localhost', 20000)...
2024-09-05 18:40:37.615,system,INFO,MY BIND IP: ('localhost', 28000)
2024-09-05 18:40:37.615,system,INFO,VehicleSocket::connect_remote,Connecting ('localhost', 20000)...
2024-09-05 18:40:40.617,system,INFO,MY BIND IP: ('localhost', 28000)
2024-09-05 18:40:40.617,system,INFO,VehicleSocket::connect_remote,Connecting ('localhost', 20000)...
2024-09-05 18:40:43.620,system,INFO,MY BIND IP: ('localhost', 28000)
2024-09-05 18:40:43.620,system,INFO,VehicleSocket::connect_remote,Connecting ('localhost', 20000)...
2024-09-05 18:40:46.622,system,INFO,MY BIND IP: ('localhost', 28000)
2024-09-05 18:40:46.622,system,INFO,VehicleSocket::connect_remote,Connecting ('localhost', 20000)...
2024-09-05 18:40:49.624,system,INFO,MY BIND IP: ('localhost', 28000)
2024-09-05 18:40:49.624,system,INFO,VehicleSocket::connect_remote,Connecting ('localhost', 20000)...
2024-09-05 18:40:52.638,system,INFO,MY BIND IP: ('localhost', 28000)
2024-09-05 18:40:52.639,system,INFO,VehicleSocket::connect_remote,Connecting ('localhost', 20000)...
2024-09-05 18:40:55.641,system,INFO,MY BIND IP: ('localhost', 28000)
2024-09-05 18:40:55.641,system,INFO,VehicleSocket::connect_remote,Connecting ('localhost', 20000)...
2024-09-05 18:40:58.644,system,INFO,MY BIND IP: ('localhost', 28000)
2024-09-05 18:40:58.645,system,INFO,VehicleSocket::connect_remote,Connecting ('localhost', 20000)...
2024-09-05 18:41:01.645,system,INFO,MY BIND IP: ('localhost', 28000)
2024-09-05 18:41:01.646,system,INFO,VehicleSocket::connect_remote,Connecting ('localhost', 20000)...
2024-09-05 18:41:04.648,system,INFO,MY BIND IP: ('localhost', 28000)
2024-09-05 18:41:04.648,system,INFO,VehicleSocket::connect_remote,Connecting ('localhost', 20000)...
2024-09-05 18:41:07.650,system,INFO,MY BIND IP: ('localhost', 28000)
2024-09-05 18:41:07.650,system,INFO,VehicleSocket::connect_remote,Connecting ('localhost', 20000)...
2024-09-05 18:41:10.652,system,INFO,MY BIND IP: ('localhost', 28000)
2024-09-05 18:41:10.653,system,INFO,VehicleSocket::connect_remote,Connecting ('localhost', 20000)...
2024-09-05 18:41:13.654,system,INFO,MY BIND IP: ('localhost', 28000)
2024-09-05 18:41:13.654,system,INFO,VehicleSocket::connect_remote,Connecting ('localhost', 20000)...
2024-09-05 18:41:16.657,system,INFO,MY BIND IP: ('localhost', 28000)
2024-09-05 18:41:16.658,system,INFO,VehicleSocket::connect_remote,Connecting ('localhost', 20000)...
2024-09-05 18:41:19.659,system,INFO,MY BIND IP: ('localhost', 28000)
2024-09-05 18:41:19.659,system,INFO,VehicleSocket::connect_remote,Connecting ('localhost', 20000)...
2024-09-05 18:41:22.662,system,INFO,MY BIND IP: ('localhost', 28000)
2024-09-05 18:41:22.663,system,INFO,VehicleSocket::connect_remote,Connecting ('localhost', 20000)...
2024-09-05 18:41:25.664,system,INFO,MY BIND IP: ('localhost', 28000)
2024-09-05 18:41:25.664,system,INFO,VehicleSocket::connect_remote,Connecting ('localhost', 20000)...
2024-09-05 18:41:28.676,system,INFO,MY BIND IP: ('localhost', 28000)
2024-09-05 18:41:28.676,system,INFO,VehicleSocket::connect_remote,Connecting ('localhost', 20000)...
2024-09-05 18:41:31.679,system,INFO,MY BIND IP: ('localhost', 28000)
2024-09-05 18:41:31.680,system,INFO,VehicleSocket::connect_remote,Connecting ('localhost', 20000)...
2024-09-05 18:41:34.681,system,INFO,MY BIND IP: ('localhost', 28000)
2024-09-05 18:41:34.681,system,INFO,VehicleSocket::connect_remote,Connecting ('localhost', 20000)...
2024-09-05 18:41:37.683,system,INFO,MY BIND IP: ('localhost', 28000)
2024-09-05 18:41:37.684,system,INFO,VehicleSocket::connect_remote,Connecting ('localhost', 20000)...
2024-09-05 18:41:40.686,system,INFO,MY BIND IP: ('localhost', 28000)
2024-09-05 18:41:40.686,system,INFO,VehicleSocket::connect_remote,Connecting ('localhost', 20000)...
2024-09-05 18:41:43.688,system,INFO,MY BIND IP: ('localhost', 28000)
2024-09-05 18:41:43.688,system,INFO,VehicleSocket::connect_remote,Connecting ('localhost', 20000)...
2024-09-05 18:41:46.690,system,INFO,MY BIND IP: ('localhost', 28000)
2024-09-05 18:41:46.690,system,INFO,VehicleSocket::connect_remote,Connecting ('localhost', 20000)...
2024-09-05 18:41:49.692,system,INFO,MY BIND IP: ('localhost', 28000)
2024-09-05 18:41:49.692,system,INFO,VehicleSocket::connect_remote,Connecting ('localhost', 20000)...
2024-09-05 18:41:52.694,system,INFO,MY BIND IP: ('localhost', 28000)
2024-09-05 18:41:52.694,system,INFO,VehicleSocket::connect_remote,Connecting ('localhost', 20000)...
2024-09-05 18:41:55.696,system,INFO,MY BIND IP: ('localhost', 28000)
2024-09-05 18:41:55.696,system,INFO,VehicleSocket::connect_remote,Connecting ('localhost', 20000)...
2024-09-05 18:41:58.698,system,INFO,MY BIND IP: ('localhost', 28000)
2024-09-05 18:41:58.699,system,INFO,VehicleSocket::connect_remote,Connecting ('localhost', 20000)...
2024-09-05 18:42:01.699,system,INFO,MY BIND IP: ('localhost', 28000)
2024-09-05 18:42:01.700,system,INFO,VehicleSocket::connect_remote,Connecting ('localhost', 20000)...
2024-09-05 18:42:04.702,system,INFO,MY BIND IP: ('localhost', 28000)
2024-09-05 18:42:04.702,system,INFO,VehicleSocket::connect_remote,Connecting ('localhost', 20000)...
2024-09-05 18:42:07.704,system,INFO,MY BIND IP: ('localhost', 28000)
2024-09-05 18:42:07.704,system,INFO,VehicleSocket::connect_remote,Connecting ('localhost', 20000)...
2024-09-05 18:42:10.706,system,INFO,MY BIND IP: ('localhost', 28000)
2024-09-05 18:42:10.706,system,INFO,VehicleSocket::connect_remote,Connecting ('localhost', 20000)...
2024-09-05 18:42:13.708,system,INFO,MY BIND IP: ('localhost', 28000)
2024-09-05 18:42:13.708,system,INFO,VehicleSocket::connect_remote,Connecting ('localhost', 20000)...
2024-09-05 18:42:16.710,system,INFO,MY BIND IP: ('localhost', 28000)
2024-09-05 18:42:16.710,system,INFO,VehicleSocket::connect_remote,Connecting ('localhost', 20000)...
2024-09-05 18:42:19.712,system,INFO,MY BIND IP: ('localhost', 28000)
2024-09-05 18:42:19.713,system,INFO,VehicleSocket::connect_remote,Connecting ('localhost', 20000)...
2024-09-05 18:42:22.715,system,INFO,MY BIND IP: ('localhost', 28000)
2024-09-05 18:42:22.715,system,INFO,VehicleSocket::connect_remote,Connecting ('localhost', 20000)...
2024-09-05 18:42:25.717,system,INFO,MY BIND IP: ('localhost', 28000)
2024-09-05 18:42:25.718,system,INFO,VehicleSocket::connect_remote,Connecting ('localhost', 20000)...
2024-09-05 18:42:28.720,system,INFO,MY BIND IP: ('localhost', 28000)
2024-09-05 18:42:28.720,system,INFO,VehicleSocket::connect_remote,Connecting ('localhost', 20000)...
2024-09-05 18:42:31.722,system,INFO,MY BIND IP: ('localhost', 28000)
2024-09-05 18:42:31.722,system,INFO,VehicleSocket::connect_remote,Connecting ('localhost', 20000)...
2024-09-05 18:42:34.725,system,INFO,MY BIND IP: ('localhost', 28000)
2024-09-05 18:42:34.725,system,INFO,VehicleSocket::connect_remote,Connecting ('localhost', 20000)...
2024-09-05 18:42:37.727,system,INFO,MY BIND IP: ('localhost', 28000)
2024-09-05 18:42:37.727,system,INFO,VehicleSocket::connect_remote,Connecting ('localhost', 20000)...
2024-09-05 18:42:40.729,system,INFO,MY BIND IP: ('localhost', 28000)
2024-09-05 18:42:40.729,system,INFO,VehicleSocket::connect_remote,Connecting ('localhost', 20000)...
2024-09-05 18:42:43.731,system,INFO,MY BIND IP: ('localhost', 28000)
2024-09-05 18:42:43.731,system,INFO,VehicleSocket::connect_remote,Connecting ('localhost', 20000)...
2024-09-05 18:42:46.733,system,INFO,MY BIND IP: ('localhost', 28000)
2024-09-05 18:42:46.733,system,INFO,VehicleSocket::connect_remote,Connecting ('localhost', 20000)...
2024-09-05 18:42:49.736,system,INFO,MY BIND IP: ('localhost', 28000)
2024-09-05 18:42:49.736,system,INFO,VehicleSocket::connect_remote,Connecting ('localhost', 20000)...
2024-09-05 18:42:52.749,system,INFO,MY BIND IP: ('localhost', 28000)
2024-09-05 18:42:52.749,system,INFO,VehicleSocket::connect_remote,Connecting ('localhost', 20000)...
2024-09-05 18:42:55.751,system,INFO,MY BIND IP: ('localhost', 28000)
2024-09-05 18:42:55.752,system,INFO,VehicleSocket::connect_remote,Connecting ('localhost', 20000)...
2024-09-05 18:42:58.753,system,INFO,MY BIND IP: ('localhost', 28000)
2024-09-05 18:42:58.753,system,INFO,VehicleSocket::connect_remote,Connecting ('localhost', 20000)...
2024-09-05 18:43:01.755,system,INFO,MY BIND IP: ('localhost', 28000)
2024-09-05 18:43:01.755,system,INFO,VehicleSocket::connect_remote,Connecting ('localhost', 20000)...
2024-09-05 18:43:04.758,system,INFO,MY BIND IP: ('localhost', 28000)
2024-09-05 18:43:04.758,system,INFO,VehicleSocket::connect_remote,Connecting ('localhost', 20000)...
2024-09-05 18:43:07.769,system,INFO,MY BIND IP: ('localhost', 28000)
2024-09-05 18:43:07.769,system,INFO,VehicleSocket::connect_remote,Connecting ('localhost', 20000)...
2024-09-05 18:43:10.772,system,INFO,MY BIND IP: ('localhost', 28000)
2024-09-05 18:43:10.772,system,INFO,VehicleSocket::connect_remote,Connecting ('localhost', 20000)...
2024-09-05 18:43:13.774,system,INFO,MY BIND IP: ('localhost', 28000)
2024-09-05 18:43:13.775,system,INFO,VehicleSocket::connect_remote,Connecting ('localhost', 20000)...
2024-09-05 18:43:16.778,system,INFO,MY BIND IP: ('localhost', 28000)
2024-09-05 18:43:16.779,system,INFO,VehicleSocket::connect_remote,Connecting ('localhost', 20000)...
2024-09-05 18:43:19.780,system,INFO,MY BIND IP: ('localhost', 28000)
2024-09-05 18:43:19.780,system,INFO,VehicleSocket::connect_remote,Connecting ('localhost', 20000)...
2024-09-05 18:43:22.781,system,INFO,MY BIND IP: ('localhost', 28000)
2024-09-05 18:43:22.781,system,INFO,VehicleSocket::connect_remote,Connecting ('localhost', 20000)...
2024-09-05 18:43:25.784,system,INFO,MY BIND IP: ('localhost', 28000)
2024-09-05 18:43:25.784,system,INFO,VehicleSocket::connect_remote,Connecting ('localhost', 20000)...
2024-09-05 18:43:28.786,system,INFO,MY BIND IP: ('localhost', 28000)
2024-09-05 18:43:28.786,system,INFO,VehicleSocket::connect_remote,Connecting ('localhost', 20000)...
2024-09-05 18:43:31.789,system,INFO,MY BIND IP: ('localhost', 28000)
2024-09-05 18:43:31.790,system,INFO,VehicleSocket::connect_remote,Connecting ('localhost', 20000)...
2024-09-05 18:43:34.791,system,INFO,MY BIND IP: ('localhost', 28000)
2024-09-05 18:43:34.791,system,INFO,VehicleSocket::connect_remote,Connecting ('localhost', 20000)...
2024-09-05 18:43:37.794,system,INFO,MY BIND IP: ('localhost', 28000)
2024-09-05 18:43:37.795,system,INFO,VehicleSocket::connect_remote,Connecting ('localhost', 20000)...
2024-09-05 18:43:40.796,system,INFO,MY BIND IP: ('localhost', 28000)
2024-09-05 18:43:40.796,system,INFO,VehicleSocket::connect_remote,Connecting ('localhost', 20000)...
2024-09-05 18:43:43.798,system,INFO,MY BIND IP: ('localhost', 28000)
2024-09-05 18:43:43.798,system,INFO,VehicleSocket::connect_remote,Connecting ('localhost', 20000)...
2024-09-05 18:43:46.800,system,INFO,MY BIND IP: ('localhost', 28000)
2024-09-05 18:43:46.800,system,INFO,VehicleSocket::connect_remote,Connecting ('localhost', 20000)...
2024-09-05 18:43:49.803,system,INFO,MY BIND IP: ('localhost', 28000)
2024-09-05 18:43:49.803,system,INFO,VehicleSocket::connect_remote,Connecting ('localhost', 20000)...
2024-09-05 18:43:52.805,system,INFO,MY BIND IP: ('localhost', 28000)
2024-09-05 18:43:52.805,system,INFO,VehicleSocket::connect_remote,Connecting ('localhost', 20000)...
2024-09-05 18:43:55.807,system,INFO,MY BIND IP: ('localhost', 28000)
2024-09-05 18:43:55.807,system,INFO,VehicleSocket::connect_remote,Connecting ('localhost', 20000)...
2024-09-05 18:43:58.809,system,INFO,MY BIND IP: ('localhost', 28000)
2024-09-05 18:43:58.809,system,INFO,VehicleSocket::connect_remote,Connecting ('localhost', 20000)...
2024-09-05 18:44:01.812,system,INFO,MY BIND IP: ('localhost', 28000)
2024-09-05 18:44:01.812,system,INFO,VehicleSocket::connect_remote,Connecting ('localhost', 20000)...
2024-09-05 18:44:04.814,system,INFO,MY BIND IP: ('localhost', 28000)
2024-09-05 18:44:04.814,system,INFO,VehicleSocket::connect_remote,Connecting ('localhost', 20000)...
2024-09-05 18:44:07.816,system,INFO,MY BIND IP: ('localhost', 28000)
2024-09-05 18:44:07.816,system,INFO,VehicleSocket::connect_remote,Connecting ('localhost', 20000)...
2024-09-05 18:44:10.818,system,INFO,MY BIND IP: ('localhost', 28000)
2024-09-05 18:44:10.818,system,INFO,VehicleSocket::connect_remote,Connecting ('localhost', 20000)...
2024-09-05 18:44:13.821,system,INFO,MY BIND IP: ('localhost', 28000)
2024-09-05 18:44:13.821,system,INFO,VehicleSocket::connect_remote,Connecting ('localhost', 20000)...
2024-09-05 18:44:16.824,system,INFO,MY BIND IP: ('localhost', 28000)
2024-09-05 18:44:16.824,system,INFO,VehicleSocket::connect_remote,Connecting ('localhost', 20000)...
2024-09-05 18:44:19.826,system,INFO,MY BIND IP: ('localhost', 28000)
2024-09-05 18:44:19.827,system,INFO,VehicleSocket::connect_remote,Connecting ('localhost', 20000)...
2024-09-05 18:44:22.829,system,INFO,MY BIND IP: ('localhost', 28000)
2024-09-05 18:44:22.829,system,INFO,VehicleSocket::connect_remote,Connecting ('localhost', 20000)...
2024-09-05 18:44:25.831,system,INFO,MY BIND IP: ('localhost', 28000)
2024-09-05 18:44:25.831,system,INFO,VehicleSocket::connect_remote,Connecting ('localhost', 20000)...
2024-09-05 18:44:28.834,system,INFO,MY BIND IP: ('localhost', 28000)
2024-09-05 18:44:28.834,system,INFO,VehicleSocket::connect_remote,Connecting ('localhost', 20000)...
2024-09-05 18:44:31.837,system,INFO,MY BIND IP: ('localhost', 28000)
2024-09-05 18:44:31.837,system,INFO,VehicleSocket::connect_remote,Connecting ('localhost', 20000)...
2024-09-05 18:44:34.840,system,INFO,MY BIND IP: ('localhost', 28000)
2024-09-05 18:44:34.841,system,INFO,VehicleSocket::connect_remote,Connecting ('localhost', 20000)...
2024-09-05 18:44:37.846,system,INFO,MY BIND IP: ('localhost', 28000)
2024-09-05 18:44:37.846,system,INFO,VehicleSocket::connect_remote,Connecting ('localhost', 20000)...
2024-09-05 18:44:40.849,system,INFO,MY BIND IP: ('localhost', 28000)
2024-09-05 18:44:40.850,system,INFO,VehicleSocket::connect_remote,Connecting ('localhost', 20000)...
2024-09-05 18:44:43.851,system,INFO,MY BIND IP: ('localhost', 28000)
2024-09-05 18:44:43.851,system,INFO,VehicleSocket::connect_remote,Connecting ('localhost', 20000)...
2024-09-05 18:44:46.854,system,INFO,MY BIND IP: ('localhost', 28000)
2024-09-05 18:44:46.854,system,INFO,VehicleSocket::connect_remote,Connecting ('localhost', 20000)...
2024-09-05 18:44:49.856,system,INFO,MY BIND IP: ('localhost', 28000)
2024-09-05 18:44:49.856,system,INFO,VehicleSocket::connect_remote,Connecting ('localhost', 20000)...
2024-09-05 18:44:52.859,system,INFO,MY BIND IP: ('localhost', 28000)
2024-09-05 18:44:52.859,system,INFO,VehicleSocket::connect_remote,Connecting ('localhost', 20000)...
2024-09-05 18:44:55.860,system,INFO,MY BIND IP: ('localhost', 28000)
2024-09-05 18:44:55.860,system,INFO,VehicleSocket::connect_remote,Connecting ('localhost', 20000)...
2024-09-05 18:44:58.863,system,INFO,MY BIND IP: ('localhost', 28000)
2024-09-05 18:44:58.863,system,INFO,VehicleSocket::connect_remote,Connecting ('localhost', 20000)...
2024-09-05 18:45:01.865,system,INFO,MY BIND IP: ('localhost', 28000)
2024-09-05 18:45:01.865,system,INFO,VehicleSocket::connect_remote,Connecting ('localhost', 20000)...
2024-09-05 18:45:04.869,system,INFO,MY BIND IP: ('localhost', 28000)
2024-09-05 18:45:04.869,system,INFO,VehicleSocket::connect_remote,Connecting ('localhost', 20000)...
2024-09-05 18:45:07.871,system,INFO,MY BIND IP: ('localhost', 28000)
2024-09-05 18:45:07.871,system,INFO,VehicleSocket::connect_remote,Connecting ('localhost', 20000)...
2024-09-05 18:45:10.874,system,INFO,MY BIND IP: ('localhost', 28000)
2024-09-05 18:45:10.875,system,INFO,VehicleSocket::connect_remote,Connecting ('localhost', 20000)...
2024-09-05 18:45:13.877,system,INFO,MY BIND IP: ('localhost', 28000)
2024-09-05 18:45:13.877,system,INFO,VehicleSocket::connect_remote,Connecting ('localhost', 20000)...
2024-09-05 18:45:16.880,system,INFO,MY BIND IP: ('localhost', 28000)
2024-09-05 18:45:16.880,system,INFO,VehicleSocket::connect_remote,Connecting ('localhost', 20000)...
2024-09-05 18:45:19.882,system,INFO,MY BIND IP: ('localhost', 28000)
2024-09-05 18:45:19.882,system,INFO,VehicleSocket::connect_remote,Connecting ('localhost', 20000)...
2024-09-05 18:45:22.885,system,INFO,MY BIND IP: ('localhost', 28000)
2024-09-05 18:45:22.885,system,INFO,VehicleSocket::connect_remote,Connecting ('localhost', 20000)...
2024-09-05 18:45:25.887,system,INFO,MY BIND IP: ('localhost', 28000)
2024-09-05 18:45:25.887,system,INFO,VehicleSocket::connect_remote,Connecting ('localhost', 20000)...
2024-09-05 18:45:28.899,system,INFO,MY BIND IP: ('localhost', 28000)
2024-09-05 18:45:28.899,system,INFO,VehicleSocket::connect_remote,Connecting ('localhost', 20000)...
2024-09-05 18:45:31.901,system,INFO,MY BIND IP: ('localhost', 28000)
2024-09-05 18:45:31.901,system,INFO,VehicleSocket::connect_remote,Connecting ('localhost', 20000)...
2024-09-05 18:45:34.904,system,INFO,MY BIND IP: ('localhost', 28000)
2024-09-05 18:45:34.905,system,INFO,VehicleSocket::connect_remote,Connecting ('localhost', 20000)...
2024-09-05 18:45:37.906,system,INFO,MY BIND IP: ('localhost', 28000)
2024-09-05 18:45:37.906,system,INFO,VehicleSocket::connect_remote,Connecting ('localhost', 20000)...
2024-09-05 18:45:40.908,system,INFO,MY BIND IP: ('localhost', 28000)
2024-09-05 18:45:40.908,system,INFO,VehicleSocket::connect_remote,Connecting ('localhost', 20000)...
2024-09-05 18:45:43.910,system,INFO,MY BIND IP: ('localhost', 28000)
2024-09-05 18:45:43.910,system,INFO,VehicleSocket::connect_remote,Connecting ('localhost', 20000)...
2024-09-05 18:45:46.911,system,INFO,MY BIND IP: ('localhost', 28000)
2024-09-05 18:45:46.911,system,INFO,VehicleSocket::connect_remote,Connecting ('localhost', 20000)...
2024-09-05 18:45:49.914,system,INFO,MY BIND IP: ('localhost', 28000)
2024-09-05 18:45:49.915,system,INFO,VehicleSocket::connect_remote,Connecting ('localhost', 20000)...
2024-09-05 18:45:52.916,system,INFO,MY BIND IP: ('localhost', 28000)
2024-09-05 18:45:52.916,system,INFO,VehicleSocket::connect_remote,Connecting ('localhost', 20000)...
2024-09-05 18:45:55.918,system,INFO,MY BIND IP: ('localhost', 28000)
2024-09-05 18:45:55.918,system,INFO,VehicleSocket::connect_remote,Connecting ('localhost', 20000)...
2024-09-05 18:45:58.920,system,INFO,MY BIND IP: ('localhost', 28000)
2024-09-05 18:45:58.920,system,INFO,VehicleSocket::connect_remote,Connecting ('localhost', 20000)...
2024-09-05 18:46:01.922,system,INFO,MY BIND IP: ('localhost', 28000)
2024-09-05 18:46:01.922,system,INFO,VehicleSocket::connect_remote,Connecting ('localhost', 20000)...
2024-09-05 18:46:04.925,system,INFO,MY BIND IP: ('localhost', 28000)
2024-09-05 18:46:04.925,system,INFO,VehicleSocket::connect_remote,Connecting ('localhost', 20000)...
2024-09-05 18:46:07.927,system,INFO,MY BIND IP: ('localhost', 28000)
2024-09-05 18:46:07.927,system,INFO,VehicleSocket::connect_remote,Connecting ('localhost', 20000)...
2024-09-05 18:46:10.929,system,INFO,MY BIND IP: ('localhost', 28000)
2024-09-05 18:46:10.929,system,INFO,VehicleSocket::connect_remote,Connecting ('localhost', 20000)...
2024-09-05 18:46:13.931,system,INFO,MY BIND IP: ('localhost', 28000)
2024-09-05 18:46:13.932,system,INFO,VehicleSocket::connect_remote,Connecting ('localhost', 20000)...
2024-09-05 18:46:16.934,system,INFO,MY BIND IP: ('localhost', 28000)
2024-09-05 18:46:16.934,system,INFO,VehicleSocket::connect_remote,Connecting ('localhost', 20000)...
2024-09-05 18:46:19.936,system,INFO,MY BIND IP: ('localhost', 28000)
2024-09-05 18:46:19.936,system,INFO,VehicleSocket::connect_remote,Connecting ('localhost', 20000)...
2024-09-05 18:46:22.939,system,INFO,MY BIND IP: ('localhost', 28000)
2024-09-05 18:46:22.939,system,INFO,VehicleSocket::connect_remote,Connecting ('localhost', 20000)...
2024-09-05 18:46:25.951,system,INFO,MY BIND IP: ('localhost', 28000)
2024-09-05 18:46:25.951,system,INFO,VehicleSocket::connect_remote,Connecting ('localhost', 20000)...
2024-09-05 18:46:28.954,system,INFO,MY BIND IP: ('localhost', 28000)
2024-09-05 18:46:28.954,system,INFO,VehicleSocket::connect_remote,Connecting ('localhost', 20000)...
2024-09-05 18:46:31.956,system,INFO,MY BIND IP: ('localhost', 28000)
2024-09-05 18:46:31.956,system,INFO,VehicleSocket::connect_remote,Connecting ('localhost', 20000)...
2024-09-05 18:46:34.958,system,INFO,MY BIND IP: ('localhost', 28000)
2024-09-05 18:46:34.958,system,INFO,VehicleSocket::connect_remote,Connecting ('localhost', 20000)...
2024-09-05 18:46:37.961,system,INFO,MY BIND IP: ('localhost', 28000)
2024-09-05 18:46:37.961,system,INFO,VehicleSocket::connect_remote,Connecting ('localhost', 20000)...
2024-09-05 18:46:40.963,system,INFO,MY BIND IP: ('localhost', 28000)
2024-09-05 18:46:40.963,system,INFO,VehicleSocket::connect_remote,Connecting ('localhost', 20000)...
2024-09-05 18:46:43.965,system,INFO,MY BIND IP: ('localhost', 28000)
2024-09-05 18:46:43.965,system,INFO,VehicleSocket::connect_remote,Connecting ('localhost', 20000)...
2024-09-05 18:46:46.968,system,INFO,MY BIND IP: ('localhost', 28000)
2024-09-05 18:46:46.968,system,INFO,VehicleSocket::connect_remote,Connecting ('localhost', 20000)...
2024-09-05 18:46:49.970,system,INFO,MY BIND IP: ('localhost', 28000)
2024-09-05 18:46:49.971,system,INFO,VehicleSocket::connect_remote,Connecting ('localhost', 20000)...
2024-09-05 18:46:52.973,system,INFO,MY BIND IP: ('localhost', 28000)
2024-09-05 18:46:52.973,system,INFO,VehicleSocket::connect_remote,Connecting ('localhost', 20000)...
2024-09-05 18:46:55.975,system,INFO,MY BIND IP: ('localhost', 28000)
2024-09-05 18:46:55.975,system,INFO,VehicleSocket::connect_remote,Connecting ('localhost', 20000)...
2024-09-05 18:46:58.976,system,INFO,MY BIND IP: ('localhost', 28000)
2024-09-05 18:46:58.976,system,INFO,VehicleSocket::connect_remote,Connecting ('localhost', 20000)...
2024-09-05 18:47:01.979,system,INFO,MY BIND IP: ('localhost', 28000)
2024-09-05 18:47:01.979,system,INFO,VehicleSocket::connect_remote,Connecting ('localhost', 20000)...
2024-09-05 18:47:04.981,system,INFO,MY BIND IP: ('localhost', 28000)
2024-09-05 18:47:04.982,system,INFO,VehicleSocket::connect_remote,Connecting ('localhost', 20000)...
2024-09-05 18:47:07.984,system,INFO,MY BIND IP: ('localhost', 28000)
2024-09-05 18:47:07.984,system,INFO,VehicleSocket::connect_remote,Connecting ('localhost', 20000)...
2024-09-05 18:47:10.986,system,INFO,MY BIND IP: ('localhost', 28000)
2024-09-05 18:47:10.987,system,INFO,VehicleSocket::connect_remote,Connecting ('localhost', 20000)...
2024-09-05 18:47:13.989,system,INFO,MY BIND IP: ('localhost', 28000)
2024-09-05 18:47:13.989,system,INFO,VehicleSocket::connect_remote,Connecting ('localhost', 20000)...
2024-09-05 18:47:16.991,system,INFO,MY BIND IP: ('localhost', 28000)
2024-09-05 18:47:16.991,system,INFO,VehicleSocket::connect_remote,Connecting ('localhost', 20000)...
2024-09-05 18:47:19.994,system,INFO,MY BIND IP: ('localhost', 28000)
2024-09-05 18:47:19.994,system,INFO,VehicleSocket::connect_remote,Connecting ('localhost', 20000)...
2024-09-05 18:47:22.996,system,INFO,MY BIND IP: ('localhost', 28000)
2024-09-05 18:47:22.996,system,INFO,VehicleSocket::connect_remote,Connecting ('localhost', 20000)...
2024-09-05 18:47:25.998,system,INFO,MY BIND IP: ('localhost', 28000)
2024-09-05 18:47:25.998,system,INFO,VehicleSocket::connect_remote,Connecting ('localhost', 20000)...
2024-09-05 18:47:29.001,system,INFO,MY BIND IP: ('localhost', 28000)
2024-09-05 18:47:29.001,system,INFO,VehicleSocket::connect_remote,Connecting ('localhost', 20000)...
2024-09-05 18:47:32.003,system,INFO,MY BIND IP: ('localhost', 28000)
2024-09-05 18:47:32.003,system,INFO,VehicleSocket::connect_remote,Connecting ('localhost', 20000)...
2024-09-05 18:47:35.005,system,INFO,MY BIND IP: ('localhost', 28000)
2024-09-05 18:47:35.005,system,INFO,VehicleSocket::connect_remote,Connecting ('localhost', 20000)...
2024-09-05 18:47:38.007,system,INFO,MY BIND IP: ('localhost', 28000)
2024-09-05 18:47:38.007,system,INFO,VehicleSocket::connect_remote,Connecting ('localhost', 20000)...
2024-09-05 18:47:41.010,system,INFO,MY BIND IP: ('localhost', 28000)
2024-09-05 18:47:41.010,system,INFO,VehicleSocket::connect_remote,Connecting ('localhost', 20000)...
2024-09-05 18:47:44.012,system,INFO,MY BIND IP: ('localhost', 28000)
2024-09-05 18:47:44.013,system,INFO,VehicleSocket::connect_remote,Connecting ('localhost', 20000)...
2024-09-05 18:47:47.014,system,INFO,MY BIND IP: ('localhost', 28000)
2024-09-05 18:47:47.014,system,INFO,VehicleSocket::connect_remote,Connecting ('localhost', 20000)...
2024-09-05 18:47:50.016,system,INFO,MY BIND IP: ('localhost', 28000)
2024-09-05 18:47:50.016,system,INFO,VehicleSocket::connect_remote,Connecting ('localhost', 20000)...
2024-09-05 18:47:53.018,system,INFO,MY BIND IP: ('localhost', 28000)
2024-09-05 18:47:53.018,system,INFO,VehicleSocket::connect_remote,Connecting ('localhost', 20000)...
2024-09-05 18:47:56.020,system,INFO,MY BIND IP: ('localhost', 28000)
2024-09-05 18:47:56.020,system,INFO,VehicleSocket::connect_remote,Connecting ('localhost', 20000)...
2024-09-05 18:47:59.022,system,INFO,MY BIND IP: ('localhost', 28000)
2024-09-05 18:47:59.022,system,INFO,VehicleSocket::connect_remote,Connecting ('localhost', 20000)...
2024-09-05 18:48:02.025,system,INFO,MY BIND IP: ('localhost', 28000)
2024-09-05 18:48:02.025,system,INFO,VehicleSocket::connect_remote,Connecting ('localhost', 20000)...
2024-09-05 18:48:05.027,system,INFO,MY BIND IP: ('localhost', 28000)
2024-09-05 18:48:05.027,system,INFO,VehicleSocket::connect_remote,Connecting ('localhost', 20000)...
2024-09-05 18:48:08.030,system,INFO,MY BIND IP: ('localhost', 28000)
2024-09-05 18:48:08.031,system,INFO,VehicleSocket::connect_remote,Connecting ('localhost', 20000)...
2024-09-05 18:48:11.032,system,INFO,MY BIND IP: ('localhost', 28000)
2024-09-05 18:48:11.032,system,INFO,VehicleSocket::connect_remote,Connecting ('localhost', 20000)...
2024-09-05 18:48:14.034,system,INFO,MY BIND IP: ('localhost', 28000)
2024-09-05 18:48:14.035,system,INFO,VehicleSocket::connect_remote,Connecting ('localhost', 20000)...
2024-09-05 18:48:17.037,system,INFO,MY BIND IP: ('localhost', 28000)
2024-09-05 18:48:17.037,system,INFO,VehicleSocket::connect_remote,Connecting ('localhost', 20000)...
2024-09-05 18:48:20.039,system,INFO,MY BIND IP: ('localhost', 28000)
2024-09-05 18:48:20.039,system,INFO,VehicleSocket::connect_remote,Connecting ('localhost', 20000)...
2024-09-05 18:48:23.042,system,INFO,MY BIND IP: ('localhost', 28000)
2024-09-05 18:48:23.043,system,INFO,VehicleSocket::connect_remote,Connecting ('localhost', 20000)...
2024-09-05 18:48:26.044,system,INFO,MY BIND IP: ('localhost', 28000)
2024-09-05 18:48:26.044,system,INFO,VehicleSocket::connect_remote,Connecting ('localhost', 20000)...
2024-09-05 18:48:29.047,system,INFO,MY BIND IP: ('localhost', 28000)
2024-09-05 18:48:29.047,system,INFO,VehicleSocket::connect_remote,Connecting ('localhost', 20000)...
2024-09-05 18:48:32.048,system,INFO,MY BIND IP: ('localhost', 28000)
2024-09-05 18:48:32.048,system,INFO,VehicleSocket::connect_remote,Connecting ('localhost', 20000)...
2024-09-05 18:48:35.051,system,INFO,MY BIND IP: ('localhost', 28000)
2024-09-05 18:48:35.051,system,INFO,VehicleSocket::connect_remote,Connecting ('localhost', 20000)...
2024-09-05 18:48:38.053,system,INFO,MY BIND IP: ('localhost', 28000)
2024-09-05 18:48:38.053,system,INFO,VehicleSocket::connect_remote,Connecting ('localhost', 20000)...
2024-09-05 18:48:41.055,system,INFO,MY BIND IP: ('localhost', 28000)
2024-09-05 18:48:41.055,system,INFO,VehicleSocket::connect_remote,Connecting ('localhost', 20000)...
2024-09-05 18:48:44.056,system,INFO,MY BIND IP: ('localhost', 28000)
2024-09-05 18:48:44.056,system,INFO,VehicleSocket::connect_remote,Connecting ('localhost', 20000)...
2024-09-05 18:48:47.059,system,INFO,MY BIND IP: ('localhost', 28000)
2024-09-05 18:48:47.059,system,INFO,VehicleSocket::connect_remote,Connecting ('localhost', 20000)...
2024-09-05 18:48:50.062,system,INFO,MY BIND IP: ('localhost', 28000)
2024-09-05 18:48:50.063,system,INFO,VehicleSocket::connect_remote,Connecting ('localhost', 20000)...
2024-09-05 18:48:53.065,system,INFO,MY BIND IP: ('localhost', 28000)
2024-09-05 18:48:53.065,system,INFO,VehicleSocket::connect_remote,Connecting ('localhost', 20000)...
2024-09-05 18:48:56.067,system,INFO,MY BIND IP: ('localhost', 28000)
2024-09-05 18:48:56.067,system,INFO,VehicleSocket::connect_remote,Connecting ('localhost', 20000)...
2024-09-05 18:48:59.070,system,INFO,MY BIND IP: ('localhost', 28000)
2024-09-05 18:48:59.070,system,INFO,VehicleSocket::connect_remote,Connecting ('localhost', 20000)...
2024-09-05 18:49:02.073,system,INFO,MY BIND IP: ('localhost', 28000)
2024-09-05 18:49:02.073,system,INFO,VehicleSocket::connect_remote,Connecting ('localhost', 20000)...
2024-09-05 18:49:05.075,system,INFO,MY BIND IP: ('localhost', 28000)
2024-09-05 18:49:05.076,system,INFO,VehicleSocket::connect_remote,Connecting ('localhost', 20000)...
2024-09-05 18:49:08.077,system,INFO,MY BIND IP: ('localhost', 28000)
2024-09-05 18:49:08.077,system,INFO,VehicleSocket::connect_remote,Connecting ('localhost', 20000)...
2024-09-05 18:49:11.079,system,INFO,MY BIND IP: ('localhost', 28000)
2024-09-05 18:49:11.079,system,INFO,VehicleSocket::connect_remote,Connecting ('localhost', 20000)...
2024-09-05 18:49:14.082,system,INFO,MY BIND IP: ('localhost', 28000)
2024-09-05 18:49:14.082,system,INFO,VehicleSocket::connect_remote,Connecting ('localhost', 20000)...
2024-09-05 18:49:17.084,system,INFO,MY BIND IP: ('localhost', 28000)
2024-09-05 18:49:17.084,system,INFO,VehicleSocket::connect_remote,Connecting ('localhost', 20000)...
2024-09-05 18:49:20.085,system,INFO,MY BIND IP: ('localhost', 28000)
2024-09-05 18:49:20.085,system,INFO,VehicleSocket::connect_remote,Connecting ('localhost', 20000)...
2024-09-05 18:49:23.087,system,INFO,MY BIND IP: ('localhost', 28000)
2024-09-05 18:49:23.088,system,INFO,VehicleSocket::connect_remote,Connecting ('localhost', 20000)...
2024-09-05 18:49:26.090,system,INFO,MY BIND IP: ('localhost', 28000)
2024-09-05 18:49:26.091,system,INFO,VehicleSocket::connect_remote,Connecting ('localhost', 20000)...
2024-09-05 18:49:29.094,system,INFO,MY BIND IP: ('localhost', 28000)
2024-09-05 18:49:29.094,system,INFO,VehicleSocket::connect_remote,Connecting ('localhost', 20000)...
2024-09-05 18:49:32.096,system,INFO,MY BIND IP: ('localhost', 28000)
2024-09-05 18:49:32.096,system,INFO,VehicleSocket::connect_remote,Connecting ('localhost', 20000)...
2024-09-05 18:49:35.099,system,INFO,MY BIND IP: ('localhost', 28000)
2024-09-05 18:49:35.099,system,INFO,VehicleSocket::connect_remote,Connecting ('localhost', 20000)...
2024-09-05 18:49:38.101,system,INFO,MY BIND IP: ('localhost', 28000)
2024-09-05 18:49:38.101,system,INFO,VehicleSocket::connect_remote,Connecting ('localhost', 20000)...
2024-09-05 18:49:41.103,system,INFO,MY BIND IP: ('localhost', 28000)
2024-09-05 18:49:41.103,system,INFO,VehicleSocket::connect_remote,Connecting ('localhost', 20000)...
2024-09-05 18:49:44.105,system,INFO,MY BIND IP: ('localhost', 28000)
2024-09-05 18:49:44.105,system,INFO,VehicleSocket::connect_remote,Connecting ('localhost', 20000)...
2024-09-05 18:49:47.108,system,INFO,MY BIND IP: ('localhost', 28000)
2024-09-05 18:49:47.108,system,INFO,VehicleSocket::connect_remote,Connecting ('localhost', 20000)...
2024-09-05 18:49:50.110,system,INFO,MY BIND IP: ('localhost', 28000)
2024-09-05 18:49:50.110,system,INFO,VehicleSocket::connect_remote,Connecting ('localhost', 20000)...
2024-09-05 18:49:53.112,system,INFO,MY BIND IP: ('localhost', 28000)
2024-09-05 18:49:53.113,system,INFO,VehicleSocket::connect_remote,Connecting ('localhost', 20000)...
2024-09-05 18:49:56.115,system,INFO,MY BIND IP: ('localhost', 28000)
2024-09-05 18:49:56.115,system,INFO,VehicleSocket::connect_remote,Connecting ('localhost', 20000)...
2024-09-05 18:49:59.117,system,INFO,MY BIND IP: ('localhost', 28000)
2024-09-05 18:49:59.117,system,INFO,VehicleSocket::connect_remote,Connecting ('localhost', 20000)...
2024-09-05 18:50:02.119,system,INFO,MY BIND IP: ('localhost', 28000)
2024-09-05 18:50:02.120,system,INFO,VehicleSocket::connect_remote,Connecting ('localhost', 20000)...
2024-09-05 18:50:05.122,system,INFO,MY BIND IP: ('localhost', 28000)
2024-09-05 18:50:05.122,system,INFO,VehicleSocket::connect_remote,Connecting ('localhost', 20000)...
2024-09-05 18:50:08.124,system,INFO,MY BIND IP: ('localhost', 28000)
2024-09-05 18:50:08.124,system,INFO,VehicleSocket::connect_remote,Connecting ('localhost', 20000)...
2024-09-05 18:50:11.126,system,INFO,MY BIND IP: ('localhost', 28000)
2024-09-05 18:50:11.127,system,INFO,VehicleSocket::connect_remote,Connecting ('localhost', 20000)...
2024-09-05 18:50:14.129,system,INFO,MY BIND IP: ('localhost', 28000)
2024-09-05 18:50:14.130,system,INFO,VehicleSocket::connect_remote,Connecting ('localhost', 20000)...
2024-09-05 18:50:17.132,system,INFO,MY BIND IP: ('localhost', 28000)
2024-09-05 18:50:17.132,system,INFO,VehicleSocket::connect_remote,Connecting ('localhost', 20000)...
2024-09-05 18:50:20.134,system,INFO,MY BIND IP: ('localhost', 28000)
2024-09-05 18:50:20.135,system,INFO,VehicleSocket::connect_remote,Connecting ('localhost', 20000)...
2024-09-05 18:50:23.137,system,INFO,MY BIND IP: ('localhost', 28000)
2024-09-05 18:50:23.138,system,INFO,VehicleSocket::connect_remote,Connecting ('localhost', 20000)...
2024-09-05 18:50:26.140,system,INFO,MY BIND IP: ('localhost', 28000)
2024-09-05 18:50:26.140,system,INFO,VehicleSocket::connect_remote,Connecting ('localhost', 20000)...
2024-09-05 18:50:29.142,system,INFO,MY BIND IP: ('localhost', 28000)
2024-09-05 18:50:29.146,system,INFO,VehicleSocket::connect_remote,Connecting ('localhost', 20000)...
2024-09-05 18:50:32.148,system,INFO,MY BIND IP: ('localhost', 28000)
2024-09-05 18:50:32.148,system,INFO,VehicleSocket::connect_remote,Connecting ('localhost', 20000)...
2024-09-05 18:50:35.150,system,INFO,MY BIND IP: ('localhost', 28000)
2024-09-05 18:50:35.150,system,INFO,VehicleSocket::connect_remote,Connecting ('localhost', 20000)...
2024-09-05 18:50:38.153,system,INFO,MY BIND IP: ('localhost', 28000)
2024-09-05 18:50:38.153,system,INFO,VehicleSocket::connect_remote,Connecting ('localhost', 20000)...
2024-09-05 18:50:41.155,system,INFO,MY BIND IP: ('localhost', 28000)
2024-09-05 18:50:41.155,system,INFO,VehicleSocket::connect_remote,Connecting ('localhost', 20000)...
2024-09-05 18:50:44.157,system,INFO,MY BIND IP: ('localhost', 28000)
2024-09-05 18:50:44.157,system,INFO,VehicleSocket::connect_remote,Connecting ('localhost', 20000)...
2024-09-05 18:50:47.160,system,INFO,MY BIND IP: ('localhost', 28000)
2024-09-05 18:50:47.160,system,INFO,VehicleSocket::connect_remote,Connecting ('localhost', 20000)...
2024-09-05 18:50:50.163,system,INFO,MY BIND IP: ('localhost', 28000)
2024-09-05 18:50:50.163,system,INFO,VehicleSocket::connect_remote,Connecting ('localhost', 20000)...
2024-09-05 18:50:53.165,system,INFO,MY BIND IP: ('localhost', 28000)
2024-09-05 18:50:53.165,system,INFO,VehicleSocket::connect_remote,Connecting ('localhost', 20000)...
2024-09-05 18:50:56.167,system,INFO,MY BIND IP: ('localhost', 28000)
2024-09-05 18:50:56.168,system,INFO,VehicleSocket::connect_remote,Connecting ('localhost', 20000)...
2024-09-05 18:50:59.174,system,INFO,MY BIND IP: ('localhost', 28000)
2024-09-05 18:50:59.174,system,INFO,VehicleSocket::connect_remote,Connecting ('localhost', 20000)...
2024-09-05 18:51:02.177,system,INFO,MY BIND IP: ('localhost', 28000)
2024-09-05 18:51:02.177,system,INFO,VehicleSocket::connect_remote,Connecting ('localhost', 20000)...
2024-09-05 18:51:05.179,system,INFO,MY BIND IP: ('localhost', 28000)
2024-09-05 18:51:05.179,system,INFO,VehicleSocket::connect_remote,Connecting ('localhost', 20000)...
2024-09-05 18:51:08.182,system,INFO,MY BIND IP: ('localhost', 28000)
2024-09-05 18:51:08.182,system,INFO,VehicleSocket::connect_remote,Connecting ('localhost', 20000)...
2024-09-05 18:51:11.184,system,INFO,MY BIND IP: ('localhost', 28000)
2024-09-05 18:51:11.184,system,INFO,VehicleSocket::connect_remote,Connecting ('localhost', 20000)...
2024-09-05 18:51:14.187,system,INFO,MY BIND IP: ('localhost', 28000)
2024-09-05 18:51:14.187,system,INFO,VehicleSocket::connect_remote,Connecting ('localhost', 20000)...
2024-09-05 18:51:17.190,system,INFO,MY BIND IP: ('localhost', 28000)
2024-09-05 18:51:17.190,system,INFO,VehicleSocket::connect_remote,Connecting ('localhost', 20000)...
2024-09-05 18:51:20.193,system,INFO,MY BIND IP: ('localhost', 28000)
2024-09-05 18:51:20.193,system,INFO,VehicleSocket::connect_remote,Connecting ('localhost', 20000)...
2024-09-05 18:51:23.194,system,INFO,MY BIND IP: ('localhost', 28000)
2024-09-05 18:51:23.195,system,INFO,VehicleSocket::connect_remote,Connecting ('localhost', 20000)...
2024-09-05 18:51:26.196,system,INFO,MY BIND IP: ('localhost', 28000)
2024-09-05 18:51:26.197,system,INFO,VehicleSocket::connect_remote,Connecting ('localhost', 20000)...
2024-09-05 18:51:29.199,system,INFO,MY BIND IP: ('localhost', 28000)
2024-09-05 18:51:29.200,system,INFO,VehicleSocket::connect_remote,Connecting ('localhost', 20000)...
2024-09-05 18:51:32.202,system,INFO,MY BIND IP: ('localhost', 28000)
2024-09-05 18:51:32.202,system,INFO,VehicleSocket::connect_remote,Connecting ('localhost', 20000)...
2024-09-05 18:51:35.204,system,INFO,MY BIND IP: ('localhost', 28000)
2024-09-05 18:51:35.205,system,INFO,VehicleSocket::connect_remote,Connecting ('localhost', 20000)...
2024-09-05 18:51:38.207,system,INFO,MY BIND IP: ('localhost', 28000)
2024-09-05 18:51:38.207,system,INFO,VehicleSocket::connect_remote,Connecting ('localhost', 20000)...
2024-09-05 18:51:41.210,system,INFO,MY BIND IP: ('localhost', 28000)
2024-09-05 18:51:41.210,system,INFO,VehicleSocket::connect_remote,Connecting ('localhost', 20000)...
2024-09-05 18:51:44.213,system,INFO,MY BIND IP: ('localhost', 28000)
2024-09-05 18:51:44.213,system,INFO,VehicleSocket::connect_remote,Connecting ('localhost', 20000)...
2024-09-05 18:51:47.216,system,INFO,MY BIND IP: ('localhost', 28000)
2024-09-05 18:51:47.217,system,INFO,VehicleSocket::connect_remote,Connecting ('localhost', 20000)...
2024-09-05 18:51:50.219,system,INFO,MY BIND IP: ('localhost', 28000)
2024-09-05 18:51:50.219,system,INFO,VehicleSocket::connect_remote,Connecting ('localhost', 20000)...
2024-09-05 18:51:53.222,system,INFO,MY BIND IP: ('localhost', 28000)
2024-09-05 18:51:53.223,system,INFO,VehicleSocket::connect_remote,Connecting ('localhost', 20000)...
2024-09-05 18:51:56.224,system,INFO,MY BIND IP: ('localhost', 28000)
2024-09-05 18:51:56.224,system,INFO,VehicleSocket::connect_remote,Connecting ('localhost', 20000)...
2024-09-05 18:51:59.227,system,INFO,MY BIND IP: ('localhost', 28000)
2024-09-05 18:51:59.227,system,INFO,VehicleSocket::connect_remote,Connecting ('localhost', 20000)...
2024-09-05 18:52:02.240,system,INFO,MY BIND IP: ('localhost', 28000)
2024-09-05 18:52:02.240,system,INFO,VehicleSocket::connect_remote,Connecting ('localhost', 20000)...
2024-09-05 18:52:05.242,system,INFO,MY BIND IP: ('localhost', 28000)
2024-09-05 18:52:05.242,system,INFO,VehicleSocket::connect_remote,Connecting ('localhost', 20000)...
2024-09-05 18:52:08.245,system,INFO,MY BIND IP: ('localhost', 28000)
2024-09-05 18:52:08.245,system,INFO,VehicleSocket::connect_remote,Connecting ('localhost', 20000)...
2024-09-05 18:52:11.247,system,INFO,MY BIND IP: ('localhost', 28000)
2024-09-05 18:52:11.247,system,INFO,VehicleSocket::connect_remote,Connecting ('localhost', 20000)...
2024-09-05 18:52:14.249,system,INFO,MY BIND IP: ('localhost', 28000)
2024-09-05 18:52:14.249,system,INFO,VehicleSocket::connect_remote,Connecting ('localhost', 20000)...
2024-09-05 18:52:17.252,system,INFO,MY BIND IP: ('localhost', 28000)
2024-09-05 18:52:17.252,system,INFO,VehicleSocket::connect_remote,Connecting ('localhost', 20000)...
2024-09-05 18:52:20.254,system,INFO,MY BIND IP: ('localhost', 28000)
2024-09-05 18:52:20.254,system,INFO,VehicleSocket::connect_remote,Connecting ('localhost', 20000)...
2024-09-05 18:52:23.266,system,INFO,MY BIND IP: ('localhost', 28000)
2024-09-05 18:52:23.266,system,INFO,VehicleSocket::connect_remote,Connecting ('localhost', 20000)...
2024-09-05 18:52:26.269,system,INFO,MY BIND IP: ('localhost', 28000)
2024-09-05 18:52:26.269,system,INFO,VehicleSocket::connect_remote,Connecting ('localhost', 20000)...
2024-09-05 18:52:29.272,system,INFO,MY BIND IP: ('localhost', 28000)
2024-09-05 18:52:29.272,system,INFO,VehicleSocket::connect_remote,Connecting ('localhost', 20000)...
2024-09-05 18:52:32.275,system,INFO,MY BIND IP: ('localhost', 28000)
2024-09-05 18:52:32.275,system,INFO,VehicleSocket::connect_remote,Connecting ('localhost', 20000)...
2024-09-05 18:52:35.278,system,INFO,MY BIND IP: ('localhost', 28000)
2024-09-05 18:52:35.279,system,INFO,VehicleSocket::connect_remote,Connecting ('localhost', 20000)...
2024-09-05 18:52:38.281,system,INFO,MY BIND IP: ('localhost', 28000)
2024-09-05 18:52:38.282,system,INFO,VehicleSocket::connect_remote,Connecting ('localhost', 20000)...
2024-09-05 18:52:41.283,system,INFO,MY BIND IP: ('localhost', 28000)
2024-09-05 18:52:41.283,system,INFO,VehicleSocket::connect_remote,Connecting ('localhost', 20000)...
2024-09-05 18:52:44.285,system,INFO,MY BIND IP: ('localhost', 28000)
2024-09-05 18:52:44.285,system,INFO,VehicleSocket::connect_remote,Connecting ('localhost', 20000)...
2024-09-05 18:52:47.287,system,INFO,MY BIND IP: ('localhost', 28000)
2024-09-05 18:52:47.287,system,INFO,VehicleSocket::connect_remote,Connecting ('localhost', 20000)...
2024-09-05 18:52:50.289,system,INFO,MY BIND IP: ('localhost', 28000)
2024-09-05 18:52:50.289,system,INFO,VehicleSocket::connect_remote,Connecting ('localhost', 20000)...
2024-09-05 18:52:53.291,system,INFO,MY BIND IP: ('localhost', 28000)
2024-09-05 18:52:53.291,system,INFO,VehicleSocket::connect_remote,Connecting ('localhost', 20000)...
2024-09-05 18:52:56.294,system,INFO,MY BIND IP: ('localhost', 28000)
2024-09-05 18:52:56.294,system,INFO,VehicleSocket::connect_remote,Connecting ('localhost', 20000)...
2024-09-05 18:52:59.296,system,INFO,MY BIND IP: ('localhost', 28000)
2024-09-05 18:52:59.296,system,INFO,VehicleSocket::connect_remote,Connecting ('localhost', 20000)...
2024-09-05 18:53:02.298,system,INFO,MY BIND IP: ('localhost', 28000)
2024-09-05 18:53:02.298,system,INFO,VehicleSocket::connect_remote,Connecting ('localhost', 20000)...
2024-09-05 18:53:05.301,system,INFO,MY BIND IP: ('localhost', 28000)
2024-09-05 18:53:05.301,system,INFO,VehicleSocket::connect_remote,Connecting ('localhost', 20000)...
2024-09-05 18:53:08.303,system,INFO,MY BIND IP: ('localhost', 28000)
2024-09-05 18:53:08.303,system,INFO,VehicleSocket::connect_remote,Connecting ('localhost', 20000)...
2024-09-05 18:53:11.306,system,INFO,MY BIND IP: ('localhost', 28000)
2024-09-05 18:53:11.306,system,INFO,VehicleSocket::connect_remote,Connecting ('localhost', 20000)...
2024-09-05 18:53:14.308,system,INFO,MY BIND IP: ('localhost', 28000)
2024-09-05 18:53:14.309,system,INFO,VehicleSocket::connect_remote,Connecting ('localhost', 20000)...
2024-09-05 18:53:17.311,system,INFO,MY BIND IP: ('localhost', 28000)
2024-09-05 18:53:17.311,system,INFO,VehicleSocket::connect_remote,Connecting ('localhost', 20000)...
2024-09-05 18:53:20.314,system,INFO,MY BIND IP: ('localhost', 28000)
2024-09-05 18:53:20.314,system,INFO,VehicleSocket::connect_remote,Connecting ('localhost', 20000)...
2024-09-05 18:53:23.316,system,INFO,MY BIND IP: ('localhost', 28000)
2024-09-05 18:53:23.316,system,INFO,VehicleSocket::connect_remote,Connecting ('localhost', 20000)...
2024-09-05 18:53:26.318,system,INFO,MY BIND IP: ('localhost', 28000)
2024-09-05 18:53:26.318,system,INFO,VehicleSocket::connect_remote,Connecting ('localhost', 20000)...
2024-09-05 18:53:29.330,system,INFO,MY BIND IP: ('localhost', 28000)
2024-09-05 18:53:29.331,system,INFO,VehicleSocket::connect_remote,Connecting ('localhost', 20000)...
2024-09-05 18:53:32.333,system,INFO,MY BIND IP: ('localhost', 28000)
2024-09-05 18:53:32.333,system,INFO,VehicleSocket::connect_remote,Connecting ('localhost', 20000)...
2024-09-05 18:53:35.335,system,INFO,MY BIND IP: ('localhost', 28000)
2024-09-05 18:53:35.335,system,INFO,VehicleSocket::connect_remote,Connecting ('localhost', 20000)...
2024-09-05 18:53:38.337,system,INFO,MY BIND IP: ('localhost', 28000)
2024-09-05 18:53:38.337,system,INFO,VehicleSocket::connect_remote,Connecting ('localhost', 20000)...
2024-09-05 18:53:41.340,system,INFO,MY BIND IP: ('localhost', 28000)
2024-09-05 18:53:41.341,system,INFO,VehicleSocket::connect_remote,Connecting ('localhost', 20000)...
2024-09-05 18:53:44.342,system,INFO,MY BIND IP: ('localhost', 28000)
2024-09-05 18:53:44.343,system,INFO,VehicleSocket::connect_remote,Connecting ('localhost', 20000)...
2024-09-05 18:53:47.343,system,INFO,MY BIND IP: ('localhost', 28000)
2024-09-05 18:53:47.343,system,INFO,VehicleSocket::connect_remote,Connecting ('localhost', 20000)...
