2024-10-14 10:35:41.379,system,INFO,Start rsu module.
2024-10-14 10:35:41.380,system,INFO,Run VehicleSocket modules process
2024-10-14 10:35:41.380,system,INFO,MY BIND IP: ('192.168.11.200', 63112)
2024-10-14 10:35:41.381,system,INFO,Run ObuSocket modules process
2024-10-14 10:35:41.381,system,INFO,Run MiddleWare Process.
2024-10-14 10:35:41.382,system,INFO,MY BIND IP: ('192.168.11.200', 63112)
2024-10-14 10:35:41.382,system,INFO,MY BIND IP: ('192.168.11.200', 63114)
2024-10-14 10:35:41.383,system,INFO,MY BIND IP: ('localhost', 28000)
2024-10-14 10:35:41.384,system,INFO,VehicleSocket::connect_remote,Connecting ('localhost', 20000)...
2024-10-14 10:35:41.384,system,INFO,VehicleSocket::connect_remote,Connected VehicleSocket socket.
2024-10-14 10:59:00.494,system,INFO,MY BIND IP: ('localhost', 28000)
2024-10-14 10:59:00.494,system,INFO,VehicleSocket::connect_remote,Connecting ('localhost', 20000)...
2024-10-14 10:59:03.497,system,INFO,MY BIND IP: ('localhost', 28000)
2024-10-14 10:59:03.498,system,INFO,VehicleSocket::connect_remote,Connecting ('localhost', 20000)...
2024-10-14 10:59:06.499,system,INFO,MY BIND IP: ('localhost', 28000)
2024-10-14 10:59:06.499,system,INFO,VehicleSocket::connect_remote,Connecting ('localhost', 20000)...
2024-10-14 10:59:09.501,system,INFO,MY BIND IP: ('localhost', 28000)
2024-10-14 10:59:09.501,system,INFO,VehicleSocket::connect_remote,Connecting ('localhost', 20000)...
2024-10-14 10:59:12.503,system,INFO,MY BIND IP: ('localhost', 28000)
2024-10-14 10:59:12.503,system,INFO,VehicleSocket::connect_remote,Connecting ('localhost', 20000)...
2024-10-14 10:59:12.514,system,INFO,VehicleSocket::connect_remote,Connected VehicleSocket socket.
