2024-09-10 16:40:04.752,system,INFO,Start rsu module.
2024-09-10 16:40:04.752,system,INFO,Run VehicleSocket modules process
2024-09-10 16:40:07.047,system,INFO,MY BIND IP: ('192.168.11.200', 63112)
2024-09-10 16:40:07.049,system,INFO,Run ObuSocket modules process
2024-09-10 16:40:07.049,system,INFO,Run MiddleWare Process.
2024-09-10 16:40:07.050,system,INFO,MY BIND IP: ('192.168.11.200', 63112)
2024-09-10 16:40:07.050,system,INFO,MY BIND IP: ('192.168.11.200', 63114)
2024-09-10 16:40:07.051,system,INFO,MY BIND IP: ('localhost', 28000)
2024-09-10 16:40:07.051,system,INFO,VehicleSocket::connect_remote,Connecting ('localhost', 20000)...
2024-09-10 16:40:07.052,system,INFO,VehicleSocket::connect_remote,Connected VehicleSocket socket.
2024-09-10 16:40:23.358,system,INFO,MY BIND IP: ('localhost', 28000)
2024-09-10 16:40:23.358,system,INFO,VehicleSocket::connect_remote,Connecting ('localhost', 20000)...
2024-09-10 16:40:26.360,system,INFO,MY BIND IP: ('localhost', 28000)
2024-09-10 16:40:26.361,system,INFO,VehicleSocket::connect_remote,Connecting ('localhost', 20000)...
2024-09-10 16:40:29.362,system,INFO,MY BIND IP: ('localhost', 28000)
2024-09-10 16:40:29.362,system,INFO,VehicleSocket::connect_remote,Connecting ('localhost', 20000)...
2024-09-10 16:40:32.364,system,INFO,MY BIND IP: ('localhost', 28000)
2024-09-10 16:40:32.364,system,INFO,VehicleSocket::connect_remote,Connecting ('localhost', 20000)...
2024-09-10 16:40:35.366,system,INFO,MY BIND IP: ('localhost', 28000)
2024-09-10 16:40:35.366,system,INFO,VehicleSocket::connect_remote,Connecting ('localhost', 20000)...
2024-09-10 16:40:38.369,system,INFO,MY BIND IP: ('localhost', 28000)
2024-09-10 16:40:38.370,system,INFO,VehicleSocket::connect_remote,Connecting ('localhost', 20000)...
2024-09-10 16:40:41.371,system,INFO,MY BIND IP: ('localhost', 28000)
2024-09-10 16:40:41.372,system,INFO,VehicleSocket::connect_remote,Connecting ('localhost', 20000)...
2024-09-10 16:40:44.374,system,INFO,MY BIND IP: ('localhost', 28000)
2024-09-10 16:40:44.375,system,INFO,VehicleSocket::connect_remote,Connecting ('localhost', 20000)...
2024-09-10 16:40:47.376,system,INFO,MY BIND IP: ('localhost', 28000)
2024-09-10 16:40:47.376,system,INFO,VehicleSocket::connect_remote,Connecting ('localhost', 20000)...
2024-09-10 16:40:50.380,system,INFO,MY BIND IP: ('localhost', 28000)
2024-09-10 16:40:50.380,system,INFO,VehicleSocket::connect_remote,Connecting ('localhost', 20000)...
2024-09-10 16:40:53.382,system,INFO,MY BIND IP: ('localhost', 28000)
2024-09-10 16:40:53.383,system,INFO,VehicleSocket::connect_remote,Connecting ('localhost', 20000)...
2024-09-10 16:40:56.385,system,INFO,MY BIND IP: ('localhost', 28000)
2024-09-10 16:40:56.385,system,INFO,VehicleSocket::connect_remote,Connecting ('localhost', 20000)...
2024-09-10 16:40:59.387,system,INFO,MY BIND IP: ('localhost', 28000)
2024-09-10 16:40:59.387,system,INFO,VehicleSocket::connect_remote,Connecting ('localhost', 20000)...
2024-09-10 16:41:02.390,system,INFO,MY BIND IP: ('localhost', 28000)
2024-09-10 16:41:02.393,system,INFO,VehicleSocket::connect_remote,Connecting ('localhost', 20000)...
2024-09-10 16:41:05.395,system,INFO,MY BIND IP: ('localhost', 28000)
2024-09-10 16:41:05.396,system,INFO,VehicleSocket::connect_remote,Connecting ('localhost', 20000)...
2024-09-10 16:41:08.397,system,INFO,MY BIND IP: ('localhost', 28000)
2024-09-10 16:41:08.397,system,INFO,VehicleSocket::connect_remote,Connecting ('localhost', 20000)...
2024-09-10 16:41:11.399,system,INFO,MY BIND IP: ('localhost', 28000)
2024-09-10 16:41:11.399,system,INFO,VehicleSocket::connect_remote,Connecting ('localhost', 20000)...
2024-09-10 16:41:14.401,system,INFO,MY BIND IP: ('localhost', 28000)
2024-09-10 16:41:14.401,system,INFO,VehicleSocket::connect_remote,Connecting ('localhost', 20000)...
2024-09-10 16:41:17.404,system,INFO,MY BIND IP: ('localhost', 28000)
2024-09-10 16:41:17.404,system,INFO,VehicleSocket::connect_remote,Connecting ('localhost', 20000)...
2024-09-10 16:41:20.406,system,INFO,MY BIND IP: ('localhost', 28000)
2024-09-10 16:41:20.409,system,INFO,VehicleSocket::connect_remote,Connecting ('localhost', 20000)...
2024-09-10 16:41:23.410,system,INFO,MY BIND IP: ('localhost', 28000)
2024-09-10 16:41:23.410,system,INFO,VehicleSocket::connect_remote,Connecting ('localhost', 20000)...
2024-09-10 16:41:26.412,system,INFO,MY BIND IP: ('localhost', 28000)
2024-09-10 16:41:26.413,system,INFO,VehicleSocket::connect_remote,Connecting ('localhost', 20000)...
2024-09-10 16:41:29.416,system,INFO,MY BIND IP: ('localhost', 28000)
2024-09-10 16:41:29.416,system,INFO,VehicleSocket::connect_remote,Connecting ('localhost', 20000)...
2024-09-10 16:41:32.419,system,INFO,MY BIND IP: ('localhost', 28000)
2024-09-10 16:41:32.420,system,INFO,VehicleSocket::connect_remote,Connecting ('localhost', 20000)...
2024-09-10 16:41:35.421,system,INFO,MY BIND IP: ('localhost', 28000)
2024-09-10 16:41:35.422,system,INFO,VehicleSocket::connect_remote,Connecting ('localhost', 20000)...
2024-09-10 16:41:38.423,system,INFO,MY BIND IP: ('localhost', 28000)
2024-09-10 16:41:38.423,system,INFO,VehicleSocket::connect_remote,Connecting ('localhost', 20000)...
2024-09-10 16:41:41.425,system,INFO,MY BIND IP: ('localhost', 28000)
2024-09-10 16:41:41.425,system,INFO,VehicleSocket::connect_remote,Connecting ('localhost', 20000)...
2024-09-10 16:41:44.427,system,INFO,MY BIND IP: ('localhost', 28000)
2024-09-10 16:41:44.428,system,INFO,VehicleSocket::connect_remote,Connecting ('localhost', 20000)...
2024-09-10 16:41:44.439,system,INFO,VehicleSocket::connect_remote,Connected VehicleSocket socket.
2024-09-10 16:41:48.619,system,INFO,MY BIND IP: ('localhost', 28000)
2024-09-10 16:41:48.619,system,INFO,VehicleSocket::connect_remote,Connecting ('localhost', 20000)...
2024-09-10 16:41:51.621,system,INFO,MY BIND IP: ('localhost', 28000)
2024-09-10 16:41:51.622,system,INFO,VehicleSocket::connect_remote,Connecting ('localhost', 20000)...
2024-09-10 16:41:54.623,system,INFO,MY BIND IP: ('localhost', 28000)
2024-09-10 16:41:54.624,system,INFO,VehicleSocket::connect_remote,Connecting ('localhost', 20000)...
2024-09-10 16:41:57.625,system,INFO,MY BIND IP: ('localhost', 28000)
2024-09-10 16:41:57.626,system,INFO,VehicleSocket::connect_remote,Connecting ('localhost', 20000)...
2024-09-10 16:42:00.627,system,INFO,MY BIND IP: ('localhost', 28000)
2024-09-10 16:42:00.627,system,INFO,VehicleSocket::connect_remote,Connecting ('localhost', 20000)...
2024-09-10 16:42:03.630,system,INFO,MY BIND IP: ('localhost', 28000)
2024-09-10 16:42:03.630,system,INFO,VehicleSocket::connect_remote,Connecting ('localhost', 20000)...
2024-09-10 16:42:06.632,system,INFO,MY BIND IP: ('localhost', 28000)
2024-09-10 16:42:06.633,system,INFO,VehicleSocket::connect_remote,Connecting ('localhost', 20000)...
2024-09-10 16:42:09.634,system,INFO,MY BIND IP: ('localhost', 28000)
2024-09-10 16:42:09.634,system,INFO,VehicleSocket::connect_remote,Connecting ('localhost', 20000)...
2024-09-10 16:42:12.637,system,INFO,MY BIND IP: ('localhost', 28000)
2024-09-10 16:42:12.638,system,INFO,VehicleSocket::connect_remote,Connecting ('localhost', 20000)...
2024-09-10 16:42:15.639,system,INFO,MY BIND IP: ('localhost', 28000)
2024-09-10 16:42:15.639,system,INFO,VehicleSocket::connect_remote,Connecting ('localhost', 20000)...
2024-09-10 16:42:18.642,system,INFO,MY BIND IP: ('localhost', 28000)
2024-09-10 16:42:18.642,system,INFO,VehicleSocket::connect_remote,Connecting ('localhost', 20000)...
2024-09-10 16:42:21.644,system,INFO,MY BIND IP: ('localhost', 28000)
2024-09-10 16:42:21.645,system,INFO,VehicleSocket::connect_remote,Connecting ('localhost', 20000)...
2024-09-10 16:42:24.646,system,INFO,MY BIND IP: ('localhost', 28000)
2024-09-10 16:42:24.646,system,INFO,VehicleSocket::connect_remote,Connecting ('localhost', 20000)...
2024-09-10 16:42:27.649,system,INFO,MY BIND IP: ('localhost', 28000)
2024-09-10 16:42:27.650,system,INFO,VehicleSocket::connect_remote,Connecting ('localhost', 20000)...
2024-09-10 16:42:30.652,system,INFO,MY BIND IP: ('localhost', 28000)
2024-09-10 16:42:30.653,system,INFO,VehicleSocket::connect_remote,Connecting ('localhost', 20000)...
2024-09-10 16:42:33.654,system,INFO,MY BIND IP: ('localhost', 28000)
2024-09-10 16:42:33.654,system,INFO,VehicleSocket::connect_remote,Connecting ('localhost', 20000)...
2024-09-10 16:42:36.656,system,INFO,MY BIND IP: ('localhost', 28000)
2024-09-10 16:42:36.657,system,INFO,VehicleSocket::connect_remote,Connecting ('localhost', 20000)...
2024-09-10 16:42:39.658,system,INFO,MY BIND IP: ('localhost', 28000)
2024-09-10 16:42:39.658,system,INFO,VehicleSocket::connect_remote,Connecting ('localhost', 20000)...
2024-09-10 16:42:42.660,system,INFO,MY BIND IP: ('localhost', 28000)
2024-09-10 16:42:42.661,system,INFO,VehicleSocket::connect_remote,Connecting ('localhost', 20000)...
2024-09-10 16:42:45.662,system,INFO,MY BIND IP: ('localhost', 28000)
2024-09-10 16:42:45.663,system,INFO,VehicleSocket::connect_remote,Connecting ('localhost', 20000)...
2024-09-10 16:42:45.674,system,INFO,VehicleSocket::connect_remote,Connected VehicleSocket socket.
2024-09-10 16:42:48.456,system,INFO,MY BIND IP: ('localhost', 28000)
2024-09-10 16:42:48.456,system,INFO,VehicleSocket::connect_remote,Connecting ('localhost', 20000)...
2024-09-10 16:42:51.458,system,INFO,MY BIND IP: ('localhost', 28000)
2024-09-10 16:42:51.458,system,INFO,VehicleSocket::connect_remote,Connecting ('localhost', 20000)...
2024-09-10 16:42:54.461,system,INFO,MY BIND IP: ('localhost', 28000)
2024-09-10 16:42:54.462,system,INFO,VehicleSocket::connect_remote,Connecting ('localhost', 20000)...
2024-09-10 16:42:57.464,system,INFO,MY BIND IP: ('localhost', 28000)
2024-09-10 16:42:57.465,system,INFO,VehicleSocket::connect_remote,Connecting ('localhost', 20000)...
2024-09-10 16:43:00.468,system,INFO,MY BIND IP: ('localhost', 28000)
2024-09-10 16:43:00.469,system,INFO,VehicleSocket::connect_remote,Connecting ('localhost', 20000)...
2024-09-10 16:43:03.470,system,INFO,MY BIND IP: ('localhost', 28000)
2024-09-10 16:43:03.470,system,INFO,VehicleSocket::connect_remote,Connecting ('localhost', 20000)...
2024-09-10 16:43:06.472,system,INFO,MY BIND IP: ('localhost', 28000)
2024-09-10 16:43:06.472,system,INFO,VehicleSocket::connect_remote,Connecting ('localhost', 20000)...
2024-09-10 16:43:09.475,system,INFO,MY BIND IP: ('localhost', 28000)
2024-09-10 16:43:09.476,system,INFO,VehicleSocket::connect_remote,Connecting ('localhost', 20000)...
2024-09-10 16:43:12.476,system,INFO,MY BIND IP: ('localhost', 28000)
2024-09-10 16:43:12.477,system,INFO,VehicleSocket::connect_remote,Connecting ('localhost', 20000)...
2024-09-10 16:43:15.480,system,INFO,MY BIND IP: ('localhost', 28000)
2024-09-10 16:43:15.483,system,INFO,VehicleSocket::connect_remote,Connecting ('localhost', 20000)...
2024-09-10 16:43:18.484,system,INFO,MY BIND IP: ('localhost', 28000)
2024-09-10 16:43:18.484,system,INFO,VehicleSocket::connect_remote,Connecting ('localhost', 20000)...
2024-09-10 16:43:21.486,system,INFO,MY BIND IP: ('localhost', 28000)
2024-09-10 16:43:21.487,system,INFO,VehicleSocket::connect_remote,Connecting ('localhost', 20000)...
2024-09-10 16:43:24.489,system,INFO,MY BIND IP: ('localhost', 28000)
2024-09-10 16:43:24.490,system,INFO,VehicleSocket::connect_remote,Connecting ('localhost', 20000)...
2024-09-10 16:43:27.490,system,INFO,MY BIND IP: ('localhost', 28000)
2024-09-10 16:43:27.491,system,INFO,VehicleSocket::connect_remote,Connecting ('localhost', 20000)...
2024-09-10 16:43:27.501,system,INFO,VehicleSocket::connect_remote,Connected VehicleSocket socket.
2024-09-10 16:43:44.459,system,INFO,MY BIND IP: ('localhost', 28000)
2024-09-10 16:43:44.459,system,INFO,VehicleSocket::connect_remote,Connecting ('localhost', 20000)...
2024-09-10 16:43:47.461,system,INFO,MY BIND IP: ('localhost', 28000)
2024-09-10 16:43:47.462,system,INFO,VehicleSocket::connect_remote,Connecting ('localhost', 20000)...
