2024-09-10 16:23:21.723,system,INFO,Start rsu module.
2024-09-10 16:23:21.723,system,INFO,Run VehicleSocket modules process
2024-09-10 16:23:21.724,system,INFO,MY BIND IP: ('192.168.11.200', 63112)
2024-09-10 16:23:21.725,system,INFO,Run ObuSocket modules process
2024-09-10 16:23:21.725,system,INFO,Run MiddleWare Process.
2024-09-10 16:23:21.726,system,INFO,MY BIND IP: ('192.168.11.200', 63112)
2024-09-10 16:23:21.726,system,INFO,MY BIND IP: ('192.168.11.200', 63114)
2024-09-10 16:23:21.726,system,INFO,MY BIND IP: ('localhost', 28000)
2024-09-10 16:23:21.727,system,INFO,VehicleSocket::connect_remote,Connecting ('localhost', 20000)...
2024-09-10 16:23:24.728,system,INFO,MY BIND IP: ('localhost', 28000)
2024-09-10 16:23:24.739,system,INFO,VehicleSocket::connect_remote,Connecting ('localhost', 20000)...
2024-09-10 16:23:27.744,system,INFO,MY BIND IP: ('localhost', 28000)
2024-09-10 16:23:27.744,system,INFO,VehicleSocket::connect_remote,Connecting ('localhost', 20000)...
2024-09-10 16:23:30.746,system,INFO,MY BIND IP: ('localhost', 28000)
2024-09-10 16:23:30.746,system,INFO,VehicleSocket::connect_remote,Connecting ('localhost', 20000)...
2024-09-10 16:23:33.748,system,INFO,MY BIND IP: ('localhost', 28000)
2024-09-10 16:23:33.749,system,INFO,VehicleSocket::connect_remote,Connecting ('localhost', 20000)...
2024-09-10 16:23:36.750,system,INFO,MY BIND IP: ('localhost', 28000)
2024-09-10 16:23:36.751,system,INFO,VehicleSocket::connect_remote,Connecting ('localhost', 20000)...
2024-09-10 16:23:39.755,system,INFO,MY BIND IP: ('localhost', 28000)
2024-09-10 16:23:39.756,system,INFO,VehicleSocket::connect_remote,Connecting ('localhost', 20000)...
2024-09-10 16:23:42.759,system,INFO,MY BIND IP: ('localhost', 28000)
2024-09-10 16:23:42.759,system,INFO,VehicleSocket::connect_remote,Connecting ('localhost', 20000)...
2024-09-10 16:23:45.773,system,INFO,MY BIND IP: ('localhost', 28000)
2024-09-10 16:23:45.773,system,INFO,VehicleSocket::connect_remote,Connecting ('localhost', 20000)...
2024-09-10 16:23:48.776,system,INFO,MY BIND IP: ('localhost', 28000)
2024-09-10 16:23:48.777,system,INFO,VehicleSocket::connect_remote,Connecting ('localhost', 20000)...
2024-09-10 16:23:51.782,system,INFO,MY BIND IP: ('localhost', 28000)
2024-09-10 16:23:51.783,system,INFO,VehicleSocket::connect_remote,Connecting ('localhost', 20000)...
2024-09-10 16:23:54.787,system,INFO,MY BIND IP: ('localhost', 28000)
2024-09-10 16:23:54.788,system,INFO,VehicleSocket::connect_remote,Connecting ('localhost', 20000)...
2024-09-10 16:23:57.790,system,INFO,MY BIND IP: ('localhost', 28000)
2024-09-10 16:23:57.792,system,INFO,VehicleSocket::connect_remote,Connecting ('localhost', 20000)...
2024-09-10 16:24:00.797,system,INFO,MY BIND IP: ('localhost', 28000)
2024-09-10 16:24:00.798,system,INFO,VehicleSocket::connect_remote,Connecting ('localhost', 20000)...
2024-09-10 16:24:03.800,system,INFO,MY BIND IP: ('localhost', 28000)
2024-09-10 16:24:03.801,system,INFO,VehicleSocket::connect_remote,Connecting ('localhost', 20000)...
2024-09-10 16:24:06.805,system,INFO,MY BIND IP: ('localhost', 28000)
2024-09-10 16:24:06.806,system,INFO,VehicleSocket::connect_remote,Connecting ('localhost', 20000)...
2024-09-10 16:24:09.809,system,INFO,MY BIND IP: ('localhost', 28000)
2024-09-10 16:24:09.810,system,INFO,VehicleSocket::connect_remote,Connecting ('localhost', 20000)...
2024-09-10 16:24:12.814,system,INFO,MY BIND IP: ('localhost', 28000)
2024-09-10 16:24:12.814,system,INFO,VehicleSocket::connect_remote,Connecting ('localhost', 20000)...
2024-09-10 16:24:15.818,system,INFO,MY BIND IP: ('localhost', 28000)
2024-09-10 16:24:15.819,system,INFO,VehicleSocket::connect_remote,Connecting ('localhost', 20000)...
2024-09-10 16:24:18.825,system,INFO,MY BIND IP: ('localhost', 28000)
2024-09-10 16:24:18.826,system,INFO,VehicleSocket::connect_remote,Connecting ('localhost', 20000)...
2024-09-10 16:24:21.831,system,INFO,MY BIND IP: ('localhost', 28000)
2024-09-10 16:24:21.832,system,INFO,VehicleSocket::connect_remote,Connecting ('localhost', 20000)...
2024-09-10 16:24:24.835,system,INFO,MY BIND IP: ('localhost', 28000)
2024-09-10 16:24:24.836,system,INFO,VehicleSocket::connect_remote,Connecting ('localhost', 20000)...
2024-09-10 16:24:27.837,system,INFO,MY BIND IP: ('localhost', 28000)
2024-09-10 16:24:27.837,system,INFO,VehicleSocket::connect_remote,Connecting ('localhost', 20000)...
2024-09-10 16:24:30.840,system,INFO,MY BIND IP: ('localhost', 28000)
2024-09-10 16:24:30.840,system,INFO,VehicleSocket::connect_remote,Connecting ('localhost', 20000)...
2024-09-10 16:24:30.851,system,INFO,VehicleSocket::connect_remote,Connected VehicleSocket socket.
2024-09-10 16:27:32.848,system,INFO,MY BIND IP: ('localhost', 28000)
2024-09-10 16:27:32.848,system,INFO,VehicleSocket::connect_remote,Connecting ('localhost', 20000)...
2024-09-10 16:27:35.851,system,INFO,MY BIND IP: ('localhost', 28000)
2024-09-10 16:27:35.852,system,INFO,VehicleSocket::connect_remote,Connecting ('localhost', 20000)...
2024-09-10 16:27:35.862,system,INFO,VehicleSocket::connect_remote,Connected VehicleSocket socket.
2024-09-10 16:29:40.633,system,INFO,MY BIND IP: ('localhost', 28000)
2024-09-10 16:29:40.633,system,INFO,VehicleSocket::connect_remote,Connecting ('localhost', 20000)...
2024-09-10 16:29:43.635,system,INFO,MY BIND IP: ('localhost', 28000)
2024-09-10 16:29:43.635,system,INFO,VehicleSocket::connect_remote,Connecting ('localhost', 20000)...
2024-09-10 16:29:43.636,system,INFO,VehicleSocket::connect_remote,Connected VehicleSocket socket.
2024-09-10 16:37:40.800,system,INFO,MY BIND IP: ('localhost', 28000)
2024-09-10 16:37:40.801,system,INFO,VehicleSocket::connect_remote,Connecting ('localhost', 20000)...
2024-09-10 16:37:43.802,system,INFO,MY BIND IP: ('localhost', 28000)
2024-09-10 16:37:43.802,system,INFO,VehicleSocket::connect_remote,Connecting ('localhost', 20000)...
2024-09-10 16:37:46.803,system,INFO,MY BIND IP: ('localhost', 28000)
2024-09-10 16:37:46.804,system,INFO,VehicleSocket::connect_remote,Connecting ('localhost', 20000)...
2024-09-10 16:37:49.805,system,INFO,MY BIND IP: ('localhost', 28000)
2024-09-10 16:37:49.806,system,INFO,VehicleSocket::connect_remote,Connecting ('localhost', 20000)...
2024-09-10 16:37:52.808,system,INFO,MY BIND IP: ('localhost', 28000)
2024-09-10 16:37:52.809,system,INFO,VehicleSocket::connect_remote,Connecting ('localhost', 20000)...
2024-09-10 16:37:55.811,system,INFO,MY BIND IP: ('localhost', 28000)
2024-09-10 16:37:55.811,system,INFO,VehicleSocket::connect_remote,Connecting ('localhost', 20000)...
2024-09-10 16:37:58.813,system,INFO,MY BIND IP: ('localhost', 28000)
2024-09-10 16:37:58.813,system,INFO,VehicleSocket::connect_remote,Connecting ('localhost', 20000)...
2024-09-10 16:38:01.815,system,INFO,MY BIND IP: ('localhost', 28000)
2024-09-10 16:38:01.815,system,INFO,VehicleSocket::connect_remote,Connecting ('localhost', 20000)...
2024-09-10 16:38:04.816,system,INFO,MY BIND IP: ('localhost', 28000)
2024-09-10 16:38:04.816,system,INFO,VehicleSocket::connect_remote,Connecting ('localhost', 20000)...
2024-09-10 16:38:07.818,system,INFO,MY BIND IP: ('localhost', 28000)
2024-09-10 16:38:07.818,system,INFO,VehicleSocket::connect_remote,Connecting ('localhost', 20000)...
2024-09-10 16:38:10.820,system,INFO,MY BIND IP: ('localhost', 28000)
2024-09-10 16:38:10.820,system,INFO,VehicleSocket::connect_remote,Connecting ('localhost', 20000)...
2024-09-10 16:38:13.822,system,INFO,MY BIND IP: ('localhost', 28000)
2024-09-10 16:38:13.824,system,INFO,VehicleSocket::connect_remote,Connecting ('localhost', 20000)...
