2024-09-06 11:32:02.695,system,INFO,Start rsu module.
2024-09-06 11:32:02.695,system,INFO,Run VehicleSocket modules process
2024-09-06 11:32:02.695,system,INFO,MY BIND IP: ('192.168.11.200', 63112)
2024-09-06 11:32:02.696,system,INFO,Run ObuSocket modules process
2024-09-06 11:32:02.696,system,INFO,Run MiddleWare Process.
2024-09-06 11:32:02.697,system,INFO,MY BIND IP: ('192.168.11.200', 63112)
2024-09-06 11:32:02.697,system,INFO,MY BIND IP: ('192.168.11.200', 63114)
2024-09-06 11:32:02.698,system,INFO,MY BIND IP: ('localhost', 28000)
2024-09-06 11:32:02.699,system,INFO,VehicleSocket::connect_remote,Connecting ('localhost', 20000)...
2024-09-06 11:32:02.710,system,INFO,VehicleSocket::connect_remote,Connected VehicleSocket socket.
2024-09-06 11:46:05.339,system,INFO,MY BIND IP: ('localhost', 28000)
2024-09-06 11:46:05.339,system,INFO,VehicleSocket::connect_remote,Connecting ('localhost', 20000)...
2024-09-06 11:46:08.341,system,INFO,MY BIND IP: ('localhost', 28000)
2024-09-06 11:46:08.341,system,INFO,VehicleSocket::connect_remote,Connecting ('localhost', 20000)...
2024-09-06 11:46:11.343,system,INFO,MY BIND IP: ('localhost', 28000)
2024-09-06 11:46:11.343,system,INFO,VehicleSocket::connect_remote,Connecting ('localhost', 20000)...
2024-09-06 11:46:14.346,system,INFO,MY BIND IP: ('localhost', 28000)
2024-09-06 11:46:14.346,system,INFO,VehicleSocket::connect_remote,Connecting ('localhost', 20000)...
2024-09-06 11:46:17.348,system,INFO,MY BIND IP: ('localhost', 28000)
2024-09-06 11:46:17.349,system,INFO,VehicleSocket::connect_remote,Connecting ('localhost', 20000)...
2024-09-06 11:46:20.350,system,INFO,MY BIND IP: ('localhost', 28000)
2024-09-06 11:46:20.351,system,INFO,VehicleSocket::connect_remote,Connecting ('localhost', 20000)...
2024-09-06 11:46:23.353,system,INFO,MY BIND IP: ('localhost', 28000)
2024-09-06 11:46:23.354,system,INFO,VehicleSocket::connect_remote,Connecting ('localhost', 20000)...
2024-09-06 11:46:26.356,system,INFO,MY BIND IP: ('localhost', 28000)
2024-09-06 11:46:26.357,system,INFO,VehicleSocket::connect_remote,Connecting ('localhost', 20000)...
2024-09-06 11:46:29.359,system,INFO,MY BIND IP: ('localhost', 28000)
2024-09-06 11:46:29.359,system,INFO,VehicleSocket::connect_remote,Connecting ('localhost', 20000)...
2024-09-06 11:46:32.361,system,INFO,MY BIND IP: ('localhost', 28000)
2024-09-06 11:46:32.361,system,INFO,VehicleSocket::connect_remote,Connecting ('localhost', 20000)...
2024-09-06 11:46:35.363,system,INFO,MY BIND IP: ('localhost', 28000)
2024-09-06 11:46:35.364,system,INFO,VehicleSocket::connect_remote,Connecting ('localhost', 20000)...
2024-09-06 11:46:38.364,system,INFO,MY BIND IP: ('localhost', 28000)
2024-09-06 11:46:38.364,system,INFO,VehicleSocket::connect_remote,Connecting ('localhost', 20000)...
2024-09-06 11:46:41.366,system,INFO,MY BIND IP: ('localhost', 28000)
2024-09-06 11:46:41.366,system,INFO,VehicleSocket::connect_remote,Connecting ('localhost', 20000)...
2024-09-06 11:46:44.368,system,INFO,MY BIND IP: ('localhost', 28000)
2024-09-06 11:46:44.369,system,INFO,VehicleSocket::connect_remote,Connecting ('localhost', 20000)...
2024-09-06 11:46:47.371,system,INFO,MY BIND IP: ('localhost', 28000)
2024-09-06 11:46:47.371,system,INFO,VehicleSocket::connect_remote,Connecting ('localhost', 20000)...
2024-09-06 11:46:50.373,system,INFO,MY BIND IP: ('localhost', 28000)
2024-09-06 11:46:50.374,system,INFO,VehicleSocket::connect_remote,Connecting ('localhost', 20000)...
2024-09-06 11:46:53.376,system,INFO,MY BIND IP: ('localhost', 28000)
2024-09-06 11:46:53.377,system,INFO,VehicleSocket::connect_remote,Connecting ('localhost', 20000)...
2024-09-06 11:46:56.378,system,INFO,MY BIND IP: ('localhost', 28000)
2024-09-06 11:46:56.378,system,INFO,VehicleSocket::connect_remote,Connecting ('localhost', 20000)...
2024-09-06 11:46:59.381,system,INFO,MY BIND IP: ('localhost', 28000)
2024-09-06 11:46:59.382,system,INFO,VehicleSocket::connect_remote,Connecting ('localhost', 20000)...
2024-09-06 11:47:02.383,system,INFO,MY BIND IP: ('localhost', 28000)
2024-09-06 11:47:02.384,system,INFO,VehicleSocket::connect_remote,Connecting ('localhost', 20000)...
2024-09-06 11:47:05.385,system,INFO,MY BIND IP: ('localhost', 28000)
2024-09-06 11:47:05.386,system,INFO,VehicleSocket::connect_remote,Connecting ('localhost', 20000)...
2024-09-06 11:47:08.389,system,INFO,MY BIND IP: ('localhost', 28000)
2024-09-06 11:47:08.389,system,INFO,VehicleSocket::connect_remote,Connecting ('localhost', 20000)...
2024-09-06 11:47:11.391,system,INFO,MY BIND IP: ('localhost', 28000)
2024-09-06 11:47:11.391,system,INFO,VehicleSocket::connect_remote,Connecting ('localhost', 20000)...
2024-09-06 11:47:14.394,system,INFO,MY BIND IP: ('localhost', 28000)
2024-09-06 11:47:14.395,system,INFO,VehicleSocket::connect_remote,Connecting ('localhost', 20000)...
2024-09-06 11:47:17.396,system,INFO,MY BIND IP: ('localhost', 28000)
2024-09-06 11:47:17.396,system,INFO,VehicleSocket::connect_remote,Connecting ('localhost', 20000)...
2024-09-06 11:47:20.399,system,INFO,MY BIND IP: ('localhost', 28000)
2024-09-06 11:47:20.400,system,INFO,VehicleSocket::connect_remote,Connecting ('localhost', 20000)...
2024-09-06 11:47:23.401,system,INFO,MY BIND IP: ('localhost', 28000)
2024-09-06 11:47:23.402,system,INFO,VehicleSocket::connect_remote,Connecting ('localhost', 20000)...
2024-09-06 11:47:26.403,system,INFO,MY BIND IP: ('localhost', 28000)
2024-09-06 11:47:26.404,system,INFO,VehicleSocket::connect_remote,Connecting ('localhost', 20000)...
2024-09-06 11:47:29.406,system,INFO,MY BIND IP: ('localhost', 28000)
2024-09-06 11:47:29.407,system,INFO,VehicleSocket::connect_remote,Connecting ('localhost', 20000)...
2024-09-06 11:47:32.409,system,INFO,MY BIND IP: ('localhost', 28000)
2024-09-06 11:47:32.409,system,INFO,VehicleSocket::connect_remote,Connecting ('localhost', 20000)...
2024-09-06 11:47:35.411,system,INFO,MY BIND IP: ('localhost', 28000)
2024-09-06 11:47:35.411,system,INFO,VehicleSocket::connect_remote,Connecting ('localhost', 20000)...
2024-09-06 11:47:38.413,system,INFO,MY BIND IP: ('localhost', 28000)
2024-09-06 11:47:38.413,system,INFO,VehicleSocket::connect_remote,Connecting ('localhost', 20000)...
2024-09-06 11:47:41.416,system,INFO,MY BIND IP: ('localhost', 28000)
2024-09-06 11:47:41.416,system,INFO,VehicleSocket::connect_remote,Connecting ('localhost', 20000)...
2024-09-06 11:47:44.418,system,INFO,MY BIND IP: ('localhost', 28000)
2024-09-06 11:47:44.418,system,INFO,VehicleSocket::connect_remote,Connecting ('localhost', 20000)...
2024-09-06 11:47:47.421,system,INFO,MY BIND IP: ('localhost', 28000)
2024-09-06 11:47:47.422,system,INFO,VehicleSocket::connect_remote,Connecting ('localhost', 20000)...
2024-09-06 11:47:50.423,system,INFO,MY BIND IP: ('localhost', 28000)
2024-09-06 11:47:50.424,system,INFO,VehicleSocket::connect_remote,Connecting ('localhost', 20000)...
2024-09-06 11:47:53.427,system,INFO,MY BIND IP: ('localhost', 28000)
2024-09-06 11:47:53.428,system,INFO,VehicleSocket::connect_remote,Connecting ('localhost', 20000)...
2024-09-06 11:47:56.429,system,INFO,MY BIND IP: ('localhost', 28000)
2024-09-06 11:47:56.429,system,INFO,VehicleSocket::connect_remote,Connecting ('localhost', 20000)...
2024-09-06 11:47:59.432,system,INFO,MY BIND IP: ('localhost', 28000)
2024-09-06 11:47:59.433,system,INFO,VehicleSocket::connect_remote,Connecting ('localhost', 20000)...
2024-09-06 11:48:02.434,system,INFO,MY BIND IP: ('localhost', 28000)
2024-09-06 11:48:02.434,system,INFO,VehicleSocket::connect_remote,Connecting ('localhost', 20000)...
2024-09-06 11:48:05.436,system,INFO,MY BIND IP: ('localhost', 28000)
2024-09-06 11:48:05.437,system,INFO,VehicleSocket::connect_remote,Connecting ('localhost', 20000)...
2024-09-06 11:48:08.438,system,INFO,MY BIND IP: ('localhost', 28000)
2024-09-06 11:48:08.438,system,INFO,VehicleSocket::connect_remote,Connecting ('localhost', 20000)...
2024-09-06 11:48:11.440,system,INFO,MY BIND IP: ('localhost', 28000)
2024-09-06 11:48:11.440,system,INFO,VehicleSocket::connect_remote,Connecting ('localhost', 20000)...
2024-09-06 11:48:14.443,system,INFO,MY BIND IP: ('localhost', 28000)
2024-09-06 11:48:14.443,system,INFO,VehicleSocket::connect_remote,Connecting ('localhost', 20000)...
2024-09-06 11:48:17.446,system,INFO,MY BIND IP: ('localhost', 28000)
2024-09-06 11:48:17.446,system,INFO,VehicleSocket::connect_remote,Connecting ('localhost', 20000)...
2024-09-06 11:48:20.447,system,INFO,MY BIND IP: ('localhost', 28000)
2024-09-06 11:48:20.448,system,INFO,VehicleSocket::connect_remote,Connecting ('localhost', 20000)...
2024-09-06 11:48:23.449,system,INFO,MY BIND IP: ('localhost', 28000)
2024-09-06 11:48:23.449,system,INFO,VehicleSocket::connect_remote,Connecting ('localhost', 20000)...
2024-09-06 11:48:26.450,system,INFO,MY BIND IP: ('localhost', 28000)
2024-09-06 11:48:26.451,system,INFO,VehicleSocket::connect_remote,Connecting ('localhost', 20000)...
2024-09-06 11:48:29.452,system,INFO,MY BIND IP: ('localhost', 28000)
2024-09-06 11:48:29.453,system,INFO,VehicleSocket::connect_remote,Connecting ('localhost', 20000)...
2024-09-06 11:48:29.464,system,INFO,VehicleSocket::connect_remote,Connected VehicleSocket socket.
2024-09-06 11:51:09.935,system,INFO,MY BIND IP: ('localhost', 28000)
2024-09-06 11:51:09.935,system,INFO,VehicleSocket::connect_remote,Connecting ('localhost', 20000)...
2024-09-06 11:51:12.937,system,INFO,MY BIND IP: ('localhost', 28000)
2024-09-06 11:51:12.938,system,INFO,VehicleSocket::connect_remote,Connecting ('localhost', 20000)...
2024-09-06 11:51:15.939,system,INFO,MY BIND IP: ('localhost', 28000)
2024-09-06 11:51:15.940,system,INFO,VehicleSocket::connect_remote,Connecting ('localhost', 20000)...
2024-09-06 11:51:15.951,system,INFO,VehicleSocket::connect_remote,Connected VehicleSocket socket.
